[7.625s] Invoking command in '/home/chondosha/ros2_ws/src/cs1651_drone': DEBUGINFOD_URLS=https://debuginfod.ubuntu.com PYTHONPATH=/home/chondosha/ros2_ws/build/cs1651_drone/prefix_override:/usr/lib/python3/dist-packages/colcon_core/task/python/colcon_distutils_commands:/home/chondosha/ros2_ws/install/cs1651_drone/lib/python3.12/site-packages:${PYTHONPATH} /usr/bin/python3 -W ignore:setup.py install is deprecated setup.py egg_info --egg-base ../../build/cs1651_drone build --build-base /home/chondosha/ros2_ws/build/cs1651_drone/build install --record /home/chondosha/ros2_ws/build/cs1651_drone/install.log --single-version-externally-managed install_data
[9.491s] running egg_info
[9.647s] writing ../../build/cs1651_drone/cs1651_drone.egg-info/PKG-INFO
[9.650s] writing dependency_links to ../../build/cs1651_drone/cs1651_drone.egg-info/dependency_links.txt
[9.653s] writing entry points to ../../build/cs1651_drone/cs1651_drone.egg-info/entry_points.txt
[9.654s] writing requirements to ../../build/cs1651_drone/cs1651_drone.egg-info/requires.txt
[9.654s] writing top-level names to ../../build/cs1651_drone/cs1651_drone.egg-info/top_level.txt
[9.970s] reading manifest file '../../build/cs1651_drone/cs1651_drone.egg-info/SOURCES.txt'
[9.972s] adding license file 'LICENSE'
[9.975s] writing manifest file '../../build/cs1651_drone/cs1651_drone.egg-info/SOURCES.txt'
[9.976s] running build
[9.977s] running build_py
[9.978s] copying cs1651_drone/drone_node.py -> /home/chondosha/ros2_ws/build/cs1651_drone/build/lib/cs1651_drone
[9.980s] running install
[10.013s] running install_lib
[10.165s] copying /home/chondosha/ros2_ws/build/cs1651_drone/build/lib/cs1651_drone/drone_node.py -> /home/chondosha/ros2_ws/install/cs1651_drone/lib/python3.12/site-packages/cs1651_drone
[10.170s] byte-compiling /home/chondosha/ros2_ws/install/cs1651_drone/lib/python3.12/site-packages/cs1651_drone/drone_node.py to drone_node.cpython-312.pyc
[10.187s] running install_data
[10.188s] running install_egg_info
[10.347s] removing '/home/chondosha/ros2_ws/install/cs1651_drone/lib/python3.12/site-packages/cs1651_drone-0.0.0-py3.12.egg-info' (and everything under it)
[10.350s] Copying ../../build/cs1651_drone/cs1651_drone.egg-info to /home/chondosha/ros2_ws/install/cs1651_drone/lib/python3.12/site-packages/cs1651_drone-0.0.0-py3.12.egg-info
[10.358s] running install_scripts
[11.422s] Installing blob_node script to /home/chondosha/ros2_ws/install/cs1651_drone/lib/cs1651_drone
[11.423s] Installing camera_node script to /home/chondosha/ros2_ws/install/cs1651_drone/lib/cs1651_drone
[11.424s] Installing control_node script to /home/chondosha/ros2_ws/install/cs1651_drone/lib/cs1651_drone
[11.426s] Installing drone_listener script to /home/chondosha/ros2_ws/install/cs1651_drone/lib/cs1651_drone
[11.427s] Installing drone_node script to /home/chondosha/ros2_ws/install/cs1651_drone/lib/cs1651_drone
[11.429s] Installing drone_takeoff_test script to /home/chondosha/ros2_ws/install/cs1651_drone/lib/cs1651_drone
[11.431s] writing list of installed files to '/home/chondosha/ros2_ws/build/cs1651_drone/install.log'
[11.720s] Invoked command in '/home/chondosha/ros2_ws/src/cs1651_drone' returned '0': DEBUGINFOD_URLS=https://debuginfod.ubuntu.com PYTHONPATH=/home/chondosha/ros2_ws/build/cs1651_drone/prefix_override:/usr/lib/python3/dist-packages/colcon_core/task/python/colcon_distutils_commands:/home/chondosha/ros2_ws/install/cs1651_drone/lib/python3.12/site-packages:${PYTHONPATH} /usr/bin/python3 -W ignore:setup.py install is deprecated setup.py egg_info --egg-base ../../build/cs1651_drone build --build-base /home/chondosha/ros2_ws/build/cs1651_drone/build install --record /home/chondosha/ros2_ws/build/cs1651_drone/install.log --single-version-externally-managed install_data
