[6.739s] Invoking command in '/home/chondosha/ros2_ws/src/my_package': DEBUGINFOD_URLS=https://debuginfod.ubuntu.com PYTHONPATH=/home/chondosha/ros2_ws/build/my_package/prefix_override:/usr/lib/python3/dist-packages/colcon_core/task/python/colcon_distutils_commands:/home/chondosha/ros2_ws/install/my_package/lib/python3.12/site-packages:${PYTHONPATH} /usr/bin/python3 -W ignore:setup.py install is deprecated setup.py egg_info --egg-base ../../build/my_package build --build-base /home/chondosha/ros2_ws/build/my_package/build install --record /home/chondosha/ros2_ws/build/my_package/install.log --single-version-externally-managed install_data
[8.557s] running egg_info
[8.685s] writing ../../build/my_package/my_package.egg-info/PKG-INFO
[8.686s] writing dependency_links to ../../build/my_package/my_package.egg-info/dependency_links.txt
[8.687s] writing entry points to ../../build/my_package/my_package.egg-info/entry_points.txt
[8.688s] writing requirements to ../../build/my_package/my_package.egg-info/requires.txt
[8.689s] writing top-level names to ../../build/my_package/my_package.egg-info/top_level.txt
[8.983s] reading manifest file '../../build/my_package/my_package.egg-info/SOURCES.txt'
[8.985s] adding license file 'LICENSE'
[8.988s] writing manifest file '../../build/my_package/my_package.egg-info/SOURCES.txt'
[8.989s] running build
[8.989s] running build_py
[8.991s] running install
[9.019s] running install_lib
[9.176s] running install_data
[9.177s] running install_egg_info
[9.318s] removing '/home/chondosha/ros2_ws/install/my_package/lib/python3.12/site-packages/my_package-0.0.0-py3.12.egg-info' (and everything under it)
[9.318s] Copying ../../build/my_package/my_package.egg-info to /home/chondosha/ros2_ws/install/my_package/lib/python3.12/site-packages/my_package-0.0.0-py3.12.egg-info
[9.325s] running install_scripts
[10.386s] Installing drone_publisher script to /home/chondosha/ros2_ws/install/my_package/lib/my_package
[10.389s] Installing mavsdk_node script to /home/chondosha/ros2_ws/install/my_package/lib/my_package
[10.390s] Installing my_node script to /home/chondosha/ros2_ws/install/my_package/lib/my_package
[10.394s] writing list of installed files to '/home/chondosha/ros2_ws/build/my_package/install.log'
[10.650s] Invoked command in '/home/chondosha/ros2_ws/src/my_package' returned '0': DEBUGINFOD_URLS=https://debuginfod.ubuntu.com PYTHONPATH=/home/chondosha/ros2_ws/build/my_package/prefix_override:/usr/lib/python3/dist-packages/colcon_core/task/python/colcon_distutils_commands:/home/chondosha/ros2_ws/install/my_package/lib/python3.12/site-packages:${PYTHONPATH} /usr/bin/python3 -W ignore:setup.py install is deprecated setup.py egg_info --egg-base ../../build/my_package build --build-base /home/chondosha/ros2_ws/build/my_package/build install --record /home/chondosha/ros2_ws/build/my_package/install.log --single-version-externally-managed install_data
