[2.097s] Invoking command in '/home/chondosha/ros2_ws/build/turtlesim': CMAKE_PREFIX_PATH=${CMAKE_PREFIX_PATH}:/opt/ros/jazzy:/home/chondosha/ros2_ws/install/my_package DEBUGINFOD_URLS=https://debuginfod.ubuntu.com /usr/bin/cmake --build /home/chondosha/ros2_ws/build/turtlesim -- -j4 -l4
[2.594s] [  0%] Built target turtlesim__rosidl_generator_type_description
[2.753s] [  0%] Built target ament_cmake_python_copy_turtlesim
[2.873s] [ 23%] Built target turtlesim__rosidl_generator_c
[2.931s] [ 24%] Built target turtlesim__cpp
[3.304s] [ 33%] Built target turtlesim__rosidl_typesupport_introspection_c
[3.317s] [ 41%] Built target turtlesim__rosidl_typesupport_fastrtps_c
[3.422s] [ 50%] Built target turtlesim__rosidl_typesupport_c
[3.766s] [ 58%] Built target turtlesim__rosidl_typesupport_introspection_cpp
[3.817s] [ 67%] Built target turtlesim__rosidl_typesupport_cpp
[3.880s] [ 76%] Built target turtlesim__rosidl_typesupport_fastrtps_cpp
[4.271s] [ 78%] Built target turtle_teleop_key
[4.314s] [ 79%] Built target draw_square
[4.381s] [ 84%] Built target turtlesim_node
[4.662s] [ 84%] Built target turtlesim
[4.687s] [ 86%] Built target mimic
[4.940s] [ 86%] Built target turtlesim__py
[5.173s] [ 94%] Built target turtlesim__rosidl_generator_py
[5.562s] [ 96%] Built target turtlesim_s__rosidl_typesupport_c
[5.590s] [ 98%] Built target turtlesim_s__rosidl_typesupport_fastrtps_c
[5.604s] [100%] Built target turtlesim_s__rosidl_typesupport_introspection_c
[5.814s] running egg_info
[6.029s] writing turtlesim.egg-info/PKG-INFO
[6.030s] writing dependency_links to turtlesim.egg-info/dependency_links.txt
[6.034s] writing top-level names to turtlesim.egg-info/top_level.txt
[6.710s] reading manifest file 'turtlesim.egg-info/SOURCES.txt'
[6.714s] writing manifest file 'turtlesim.egg-info/SOURCES.txt'
[6.994s] [100%] Built target ament_cmake_python_build_turtlesim_egg
[7.141s] Invoked command in '/home/chondosha/ros2_ws/build/turtlesim' returned '0': CMAKE_PREFIX_PATH=${CMAKE_PREFIX_PATH}:/opt/ros/jazzy:/home/chondosha/ros2_ws/install/my_package DEBUGINFOD_URLS=https://debuginfod.ubuntu.com /usr/bin/cmake --build /home/chondosha/ros2_ws/build/turtlesim -- -j4 -l4
[10.041s] Invoking command in '/home/chondosha/ros2_ws/build/turtlesim': CMAKE_PREFIX_PATH=${CMAKE_PREFIX_PATH}:/opt/ros/jazzy:/home/chondosha/ros2_ws/install/my_package DEBUGINFOD_URLS=https://debuginfod.ubuntu.com /usr/bin/cmake --install /home/chondosha/ros2_ws/build/turtlesim
[10.158s] -- Install configuration: ""
[10.160s] -- Up-to-date: /home/chondosha/ros2_ws/install/turtlesim/share/ament_index/resource_index/rosidl_interfaces/turtlesim
[10.162s] -- Up-to-date: /home/chondosha/ros2_ws/install/turtlesim/share/turtlesim/action/RotateAbsolute.json
[10.164s] -- Up-to-date: /home/chondosha/ros2_ws/install/turtlesim/share/turtlesim/msg/Color.json
[10.166s] -- Up-to-date: /home/chondosha/ros2_ws/install/turtlesim/share/turtlesim/msg/Pose.json
[10.171s] -- Up-to-date: /home/chondosha/ros2_ws/install/turtlesim/share/turtlesim/srv/Kill.json
[10.181s] -- Up-to-date: /home/chondosha/ros2_ws/install/turtlesim/share/turtlesim/srv/SetPen.json
[10.190s] -- Up-to-date: /home/chondosha/ros2_ws/install/turtlesim/share/turtlesim/srv/Spawn.json
[10.195s] -- Up-to-date: /home/chondosha/ros2_ws/install/turtlesim/share/turtlesim/srv/TeleportAbsolute.json
[10.196s] -- Up-to-date: /home/chondosha/ros2_ws/install/turtlesim/share/turtlesim/srv/TeleportRelative.json
[10.197s] -- Up-to-date: /home/chondosha/ros2_ws/install/turtlesim/include/turtlesim/turtlesim
[10.198s] -- Up-to-date: /home/chondosha/ros2_ws/install/turtlesim/include/turtlesim/turtlesim/msg
[10.198s] -- Up-to-date: /home/chondosha/ros2_ws/install/turtlesim/include/turtlesim/turtlesim/msg/detail
[10.200s] -- Up-to-date: /home/chondosha/ros2_ws/install/turtlesim/include/turtlesim/turtlesim/msg/detail/color__description.c
[10.201s] -- Installing: /home/chondosha/ros2_ws/install/turtlesim/include/turtlesim/turtlesim/msg/detail/color__type_support.c
[10.203s] -- Installing: /home/chondosha/ros2_ws/install/turtlesim/include/turtlesim/turtlesim/msg/detail/pose__type_support.c
[10.205s] -- Up-to-date: /home/chondosha/ros2_ws/install/turtlesim/include/turtlesim/turtlesim/msg/detail/color__struct.h
[10.207s] -- Up-to-date: /home/chondosha/ros2_ws/install/turtlesim/include/turtlesim/turtlesim/msg/detail/color__type_support.h
[10.208s] -- Up-to-date: /home/chondosha/ros2_ws/install/turtlesim/include/turtlesim/turtlesim/msg/detail/color__functions.h
[10.209s] -- Up-to-date: /home/chondosha/ros2_ws/install/turtlesim/include/turtlesim/turtlesim/msg/detail/pose__functions.h
[10.210s] -- Up-to-date: /home/chondosha/ros2_ws/install/turtlesim/include/turtlesim/turtlesim/msg/detail/pose__struct.h
[10.211s] -- Up-to-date: /home/chondosha/ros2_ws/install/turtlesim/include/turtlesim/turtlesim/msg/detail/pose__functions.c
[10.212s] -- Up-to-date: /home/chondosha/ros2_ws/install/turtlesim/include/turtlesim/turtlesim/msg/detail/pose__description.c
[10.213s] -- Up-to-date: /home/chondosha/ros2_ws/install/turtlesim/include/turtlesim/turtlesim/msg/detail/pose__type_support.h
[10.213s] -- Up-to-date: /home/chondosha/ros2_ws/install/turtlesim/include/turtlesim/turtlesim/msg/detail/color__functions.c
[10.215s] -- Up-to-date: /home/chondosha/ros2_ws/install/turtlesim/include/turtlesim/turtlesim/msg/color.h
[10.215s] -- Up-to-date: /home/chondosha/ros2_ws/install/turtlesim/include/turtlesim/turtlesim/msg/rosidl_generator_c__visibility_control.h
[10.216s] -- Up-to-date: /home/chondosha/ros2_ws/install/turtlesim/include/turtlesim/turtlesim/msg/pose.h
[10.217s] -- Up-to-date: /home/chondosha/ros2_ws/install/turtlesim/include/turtlesim/turtlesim/srv
[10.218s] -- Up-to-date: /home/chondosha/ros2_ws/install/turtlesim/include/turtlesim/turtlesim/srv/teleport_relative.h
[10.220s] -- Up-to-date: /home/chondosha/ros2_ws/install/turtlesim/include/turtlesim/turtlesim/srv/set_pen.h
[10.220s] -- Up-to-date: /home/chondosha/ros2_ws/install/turtlesim/include/turtlesim/turtlesim/srv/detail
[10.221s] -- Up-to-date: /home/chondosha/ros2_ws/install/turtlesim/include/turtlesim/turtlesim/srv/detail/spawn__struct.h
[10.222s] -- Up-to-date: /home/chondosha/ros2_ws/install/turtlesim/include/turtlesim/turtlesim/srv/detail/spawn__functions.h
[10.223s] -- Up-to-date: /home/chondosha/ros2_ws/install/turtlesim/include/turtlesim/turtlesim/srv/detail/teleport_relative__functions.c
[10.225s] -- Up-to-date: /home/chondosha/ros2_ws/install/turtlesim/include/turtlesim/turtlesim/srv/detail/teleport_relative__description.c
[10.226s] -- Up-to-date: /home/chondosha/ros2_ws/install/turtlesim/include/turtlesim/turtlesim/srv/detail/teleport_relative__type_support.h
[10.227s] -- Up-to-date: /home/chondosha/ros2_ws/install/turtlesim/include/turtlesim/turtlesim/srv/detail/kill__description.c
[10.228s] -- Up-to-date: /home/chondosha/ros2_ws/install/turtlesim/include/turtlesim/turtlesim/srv/detail/kill__functions.h
[10.228s] -- Up-to-date: /home/chondosha/ros2_ws/install/turtlesim/include/turtlesim/turtlesim/srv/detail/kill__functions.c
[10.229s] -- Up-to-date: /home/chondosha/ros2_ws/install/turtlesim/include/turtlesim/turtlesim/srv/detail/teleport_absolute__type_support.h
[10.230s] -- Installing: /home/chondosha/ros2_ws/install/turtlesim/include/turtlesim/turtlesim/srv/detail/teleport_absolute__type_support.c
[10.231s] -- Installing: /home/chondosha/ros2_ws/install/turtlesim/include/turtlesim/turtlesim/srv/detail/spawn__type_support.c
[10.235s] -- Up-to-date: /home/chondosha/ros2_ws/install/turtlesim/include/turtlesim/turtlesim/srv/detail/set_pen__type_support.h
[10.238s] -- Installing: /home/chondosha/ros2_ws/install/turtlesim/include/turtlesim/turtlesim/srv/detail/teleport_relative__type_support.c
[10.238s] -- Up-to-date: /home/chondosha/ros2_ws/install/turtlesim/include/turtlesim/turtlesim/srv/detail/teleport_relative__functions.h
[10.239s] -- Installing: /home/chondosha/ros2_ws/install/turtlesim/include/turtlesim/turtlesim/srv/detail/kill__type_support.c
[10.243s] -- Up-to-date: /home/chondosha/ros2_ws/install/turtlesim/include/turtlesim/turtlesim/srv/detail/spawn__functions.c
[10.243s] -- Up-to-date: /home/chondosha/ros2_ws/install/turtlesim/include/turtlesim/turtlesim/srv/detail/teleport_relative__struct.h
[10.244s] -- Up-to-date: /home/chondosha/ros2_ws/install/turtlesim/include/turtlesim/turtlesim/srv/detail/kill__struct.h
[10.245s] -- Up-to-date: /home/chondosha/ros2_ws/install/turtlesim/include/turtlesim/turtlesim/srv/detail/teleport_absolute__functions.c
[10.250s] -- Up-to-date: /home/chondosha/ros2_ws/install/turtlesim/include/turtlesim/turtlesim/srv/detail/set_pen__struct.h
[10.251s] -- Installing: /home/chondosha/ros2_ws/install/turtlesim/include/turtlesim/turtlesim/srv/detail/set_pen__type_support.c
[10.255s] -- Up-to-date: /home/chondosha/ros2_ws/install/turtlesim/include/turtlesim/turtlesim/srv/detail/teleport_absolute__struct.h
[10.256s] -- Up-to-date: /home/chondosha/ros2_ws/install/turtlesim/include/turtlesim/turtlesim/srv/detail/spawn__description.c
[10.260s] -- Up-to-date: /home/chondosha/ros2_ws/install/turtlesim/include/turtlesim/turtlesim/srv/detail/kill__type_support.h
[10.261s] -- Up-to-date: /home/chondosha/ros2_ws/install/turtlesim/include/turtlesim/turtlesim/srv/detail/set_pen__description.c
[10.262s] -- Up-to-date: /home/chondosha/ros2_ws/install/turtlesim/include/turtlesim/turtlesim/srv/detail/teleport_absolute__description.c
[10.262s] -- Up-to-date: /home/chondosha/ros2_ws/install/turtlesim/include/turtlesim/turtlesim/srv/detail/spawn__type_support.h
[10.263s] -- Up-to-date: /home/chondosha/ros2_ws/install/turtlesim/include/turtlesim/turtlesim/srv/detail/teleport_absolute__functions.h
[10.263s] -- Up-to-date: /home/chondosha/ros2_ws/install/turtlesim/include/turtlesim/turtlesim/srv/detail/set_pen__functions.c
[10.264s] -- Up-to-date: /home/chondosha/ros2_ws/install/turtlesim/include/turtlesim/turtlesim/srv/detail/set_pen__functions.h
[10.269s] -- Up-to-date: /home/chondosha/ros2_ws/install/turtlesim/include/turtlesim/turtlesim/srv/kill.h
[10.273s] -- Up-to-date: /home/chondosha/ros2_ws/install/turtlesim/include/turtlesim/turtlesim/srv/spawn.h
[10.274s] -- Up-to-date: /home/chondosha/ros2_ws/install/turtlesim/include/turtlesim/turtlesim/srv/teleport_absolute.h
[10.276s] -- Up-to-date: /home/chondosha/ros2_ws/install/turtlesim/include/turtlesim/turtlesim/action
[10.283s] -- Up-to-date: /home/chondosha/ros2_ws/install/turtlesim/include/turtlesim/turtlesim/action/detail
[10.284s] -- Up-to-date: /home/chondosha/ros2_ws/install/turtlesim/include/turtlesim/turtlesim/action/detail/rotate_absolute__description.c
[10.287s] -- Up-to-date: /home/chondosha/ros2_ws/install/turtlesim/include/turtlesim/turtlesim/action/detail/rotate_absolute__functions.h
[10.294s] -- Up-to-date: /home/chondosha/ros2_ws/install/turtlesim/include/turtlesim/turtlesim/action/detail/rotate_absolute__type_support.h
[10.298s] -- Installing: /home/chondosha/ros2_ws/install/turtlesim/include/turtlesim/turtlesim/action/detail/rotate_absolute__type_support.c
[10.301s] -- Up-to-date: /home/chondosha/ros2_ws/install/turtlesim/include/turtlesim/turtlesim/action/detail/rotate_absolute__struct.h
[10.303s] -- Up-to-date: /home/chondosha/ros2_ws/install/turtlesim/include/turtlesim/turtlesim/action/detail/rotate_absolute__functions.c
[10.304s] -- Up-to-date: /home/chondosha/ros2_ws/install/turtlesim/include/turtlesim/turtlesim/action/rotate_absolute.h
[10.304s] -- Up-to-date: /home/chondosha/ros2_ws/install/turtlesim/share/turtlesim/environment/library_path.sh
[10.307s] -- Up-to-date: /home/chondosha/ros2_ws/install/turtlesim/share/turtlesim/environment/library_path.dsv
[10.309s] -- Up-to-date: /home/chondosha/ros2_ws/install/turtlesim/lib/libturtlesim__rosidl_generator_c.so
[10.310s] -- Up-to-date: /home/chondosha/ros2_ws/install/turtlesim/include/turtlesim/turtlesim
[10.311s] -- Up-to-date: /home/chondosha/ros2_ws/install/turtlesim/include/turtlesim/turtlesim/msg
[10.315s] -- Up-to-date: /home/chondosha/ros2_ws/install/turtlesim/include/turtlesim/turtlesim/msg/rosidl_typesupport_fastrtps_c__visibility_control.h
[10.319s] -- Up-to-date: /home/chondosha/ros2_ws/install/turtlesim/include/turtlesim/turtlesim/msg/detail
[10.320s] -- Up-to-date: /home/chondosha/ros2_ws/install/turtlesim/include/turtlesim/turtlesim/msg/detail/pose__rosidl_typesupport_fastrtps_c.h
[10.322s] -- Up-to-date: /home/chondosha/ros2_ws/install/turtlesim/include/turtlesim/turtlesim/msg/detail/color__rosidl_typesupport_fastrtps_c.h
[10.323s] -- Up-to-date: /home/chondosha/ros2_ws/install/turtlesim/include/turtlesim/turtlesim/srv
[10.324s] -- Up-to-date: /home/chondosha/ros2_ws/install/turtlesim/include/turtlesim/turtlesim/srv/detail
[10.324s] -- Up-to-date: /home/chondosha/ros2_ws/install/turtlesim/include/turtlesim/turtlesim/srv/detail/set_pen__rosidl_typesupport_fastrtps_c.h
[10.325s] -- Up-to-date: /home/chondosha/ros2_ws/install/turtlesim/include/turtlesim/turtlesim/srv/detail/teleport_relative__rosidl_typesupport_fastrtps_c.h
[10.325s] -- Up-to-date: /home/chondosha/ros2_ws/install/turtlesim/include/turtlesim/turtlesim/srv/detail/kill__rosidl_typesupport_fastrtps_c.h
[10.327s] -- Up-to-date: /home/chondosha/ros2_ws/install/turtlesim/include/turtlesim/turtlesim/srv/detail/spawn__rosidl_typesupport_fastrtps_c.h
[10.327s] -- Up-to-date: /home/chondosha/ros2_ws/install/turtlesim/include/turtlesim/turtlesim/srv/detail/teleport_absolute__rosidl_typesupport_fastrtps_c.h
[10.328s] -- Up-to-date: /home/chondosha/ros2_ws/install/turtlesim/include/turtlesim/turtlesim/action
[10.330s] -- Up-to-date: /home/chondosha/ros2_ws/install/turtlesim/include/turtlesim/turtlesim/action/detail
[10.331s] -- Up-to-date: /home/chondosha/ros2_ws/install/turtlesim/include/turtlesim/turtlesim/action/detail/rotate_absolute__rosidl_typesupport_fastrtps_c.h
[10.331s] -- Up-to-date: /home/chondosha/ros2_ws/install/turtlesim/lib/libturtlesim__rosidl_typesupport_fastrtps_c.so
[10.332s] -- Up-to-date: /home/chondosha/ros2_ws/install/turtlesim/include/turtlesim/turtlesim
[10.336s] -- Up-to-date: /home/chondosha/ros2_ws/install/turtlesim/include/turtlesim/turtlesim/msg
[10.337s] -- Up-to-date: /home/chondosha/ros2_ws/install/turtlesim/include/turtlesim/turtlesim/msg/rosidl_generator_cpp__visibility_control.hpp
[10.337s] -- Up-to-date: /home/chondosha/ros2_ws/install/turtlesim/include/turtlesim/turtlesim/msg/detail
[10.338s] -- Up-to-date: /home/chondosha/ros2_ws/install/turtlesim/include/turtlesim/turtlesim/msg/detail/pose__struct.hpp
[10.341s] -- Up-to-date: /home/chondosha/ros2_ws/install/turtlesim/include/turtlesim/turtlesim/msg/detail/color__traits.hpp
[10.343s] -- Up-to-date: /home/chondosha/ros2_ws/install/turtlesim/include/turtlesim/turtlesim/msg/detail/pose__builder.hpp
[10.346s] -- Up-to-date: /home/chondosha/ros2_ws/install/turtlesim/include/turtlesim/turtlesim/msg/detail/pose__type_support.hpp
[10.348s] -- Up-to-date: /home/chondosha/ros2_ws/install/turtlesim/include/turtlesim/turtlesim/msg/detail/color__struct.hpp
[10.349s] -- Up-to-date: /home/chondosha/ros2_ws/install/turtlesim/include/turtlesim/turtlesim/msg/detail/pose__traits.hpp
[10.349s] -- Up-to-date: /home/chondosha/ros2_ws/install/turtlesim/include/turtlesim/turtlesim/msg/detail/color__builder.hpp
[10.352s] -- Up-to-date: /home/chondosha/ros2_ws/install/turtlesim/include/turtlesim/turtlesim/msg/detail/color__type_support.hpp
[10.353s] -- Up-to-date: /home/chondosha/ros2_ws/install/turtlesim/include/turtlesim/turtlesim/msg/color.hpp
[10.354s] -- Up-to-date: /home/chondosha/ros2_ws/install/turtlesim/include/turtlesim/turtlesim/msg/pose.hpp
[10.354s] -- Up-to-date: /home/chondosha/ros2_ws/install/turtlesim/include/turtlesim/turtlesim/srv
[10.355s] -- Up-to-date: /home/chondosha/ros2_ws/install/turtlesim/include/turtlesim/turtlesim/srv/teleport_relative.hpp
[10.359s] -- Up-to-date: /home/chondosha/ros2_ws/install/turtlesim/include/turtlesim/turtlesim/srv/spawn.hpp
[10.364s] -- Up-to-date: /home/chondosha/ros2_ws/install/turtlesim/include/turtlesim/turtlesim/srv/detail
[10.365s] -- Up-to-date: /home/chondosha/ros2_ws/install/turtlesim/include/turtlesim/turtlesim/srv/detail/set_pen__type_support.hpp
[10.366s] -- Up-to-date: /home/chondosha/ros2_ws/install/turtlesim/include/turtlesim/turtlesim/srv/detail/kill__struct.hpp
[10.367s] -- Up-to-date: /home/chondosha/ros2_ws/install/turtlesim/include/turtlesim/turtlesim/srv/detail/spawn__type_support.hpp
[10.367s] -- Up-to-date: /home/chondosha/ros2_ws/install/turtlesim/include/turtlesim/turtlesim/srv/detail/spawn__builder.hpp
[10.371s] -- Up-to-date: /home/chondosha/ros2_ws/install/turtlesim/include/turtlesim/turtlesim/srv/detail/spawn__struct.hpp
[10.372s] -- Up-to-date: /home/chondosha/ros2_ws/install/turtlesim/include/turtlesim/turtlesim/srv/detail/set_pen__traits.hpp
[10.373s] -- Up-to-date: /home/chondosha/ros2_ws/install/turtlesim/include/turtlesim/turtlesim/srv/detail/teleport_absolute__type_support.hpp
[10.374s] -- Up-to-date: /home/chondosha/ros2_ws/install/turtlesim/include/turtlesim/turtlesim/srv/detail/kill__builder.hpp
[10.376s] -- Up-to-date: /home/chondosha/ros2_ws/install/turtlesim/include/turtlesim/turtlesim/srv/detail/set_pen__builder.hpp
[10.379s] -- Up-to-date: /home/chondosha/ros2_ws/install/turtlesim/include/turtlesim/turtlesim/srv/detail/teleport_absolute__struct.hpp
[10.383s] -- Up-to-date: /home/chondosha/ros2_ws/install/turtlesim/include/turtlesim/turtlesim/srv/detail/kill__type_support.hpp
[10.386s] -- Up-to-date: /home/chondosha/ros2_ws/install/turtlesim/include/turtlesim/turtlesim/srv/detail/set_pen__struct.hpp
[10.387s] -- Up-to-date: /home/chondosha/ros2_ws/install/turtlesim/include/turtlesim/turtlesim/srv/detail/teleport_relative__struct.hpp
[10.389s] -- Up-to-date: /home/chondosha/ros2_ws/install/turtlesim/include/turtlesim/turtlesim/srv/detail/teleport_relative__type_support.hpp
[10.394s] -- Up-to-date: /home/chondosha/ros2_ws/install/turtlesim/include/turtlesim/turtlesim/srv/detail/teleport_relative__builder.hpp
[10.395s] -- Up-to-date: /home/chondosha/ros2_ws/install/turtlesim/include/turtlesim/turtlesim/srv/detail/spawn__traits.hpp
[10.397s] -- Up-to-date: /home/chondosha/ros2_ws/install/turtlesim/include/turtlesim/turtlesim/srv/detail/teleport_relative__traits.hpp
[10.400s] -- Up-to-date: /home/chondosha/ros2_ws/install/turtlesim/include/turtlesim/turtlesim/srv/detail/teleport_absolute__traits.hpp
[10.402s] -- Up-to-date: /home/chondosha/ros2_ws/install/turtlesim/include/turtlesim/turtlesim/srv/detail/teleport_absolute__builder.hpp
[10.404s] -- Up-to-date: /home/chondosha/ros2_ws/install/turtlesim/include/turtlesim/turtlesim/srv/detail/kill__traits.hpp
[10.405s] -- Up-to-date: /home/chondosha/ros2_ws/install/turtlesim/include/turtlesim/turtlesim/srv/kill.hpp
[10.407s] -- Up-to-date: /home/chondosha/ros2_ws/install/turtlesim/include/turtlesim/turtlesim/srv/teleport_absolute.hpp
[10.409s] -- Up-to-date: /home/chondosha/ros2_ws/install/turtlesim/include/turtlesim/turtlesim/srv/set_pen.hpp
[10.410s] -- Up-to-date: /home/chondosha/ros2_ws/install/turtlesim/include/turtlesim/turtlesim/action
[10.411s] -- Up-to-date: /home/chondosha/ros2_ws/install/turtlesim/include/turtlesim/turtlesim/action/detail
[10.413s] -- Up-to-date: /home/chondosha/ros2_ws/install/turtlesim/include/turtlesim/turtlesim/action/detail/rotate_absolute__type_support.hpp
[10.414s] -- Up-to-date: /home/chondosha/ros2_ws/install/turtlesim/include/turtlesim/turtlesim/action/detail/rotate_absolute__traits.hpp
[10.415s] -- Up-to-date: /home/chondosha/ros2_ws/install/turtlesim/include/turtlesim/turtlesim/action/detail/rotate_absolute__struct.hpp
[10.416s] -- Up-to-date: /home/chondosha/ros2_ws/install/turtlesim/include/turtlesim/turtlesim/action/detail/rotate_absolute__builder.hpp
[10.417s] -- Up-to-date: /home/chondosha/ros2_ws/install/turtlesim/include/turtlesim/turtlesim/action/rotate_absolute.hpp
[10.418s] -- Up-to-date: /home/chondosha/ros2_ws/install/turtlesim/include/turtlesim/turtlesim
[10.419s] -- Up-to-date: /home/chondosha/ros2_ws/install/turtlesim/include/turtlesim/turtlesim/msg
[10.419s] -- Up-to-date: /home/chondosha/ros2_ws/install/turtlesim/include/turtlesim/turtlesim/msg/rosidl_typesupport_fastrtps_cpp__visibility_control.h
[10.420s] -- Up-to-date: /home/chondosha/ros2_ws/install/turtlesim/include/turtlesim/turtlesim/msg/detail
[10.421s] -- Up-to-date: /home/chondosha/ros2_ws/install/turtlesim/include/turtlesim/turtlesim/msg/detail/pose__rosidl_typesupport_fastrtps_cpp.hpp
[10.421s] -- Up-to-date: /home/chondosha/ros2_ws/install/turtlesim/include/turtlesim/turtlesim/msg/detail/color__rosidl_typesupport_fastrtps_cpp.hpp
[10.422s] -- Up-to-date: /home/chondosha/ros2_ws/install/turtlesim/include/turtlesim/turtlesim/msg/detail/dds_fastrtps
[10.423s] -- Up-to-date: /home/chondosha/ros2_ws/install/turtlesim/include/turtlesim/turtlesim/srv
[10.424s] -- Up-to-date: /home/chondosha/ros2_ws/install/turtlesim/include/turtlesim/turtlesim/srv/detail
[10.424s] -- Up-to-date: /home/chondosha/ros2_ws/install/turtlesim/include/turtlesim/turtlesim/srv/detail/set_pen__rosidl_typesupport_fastrtps_cpp.hpp
[10.425s] -- Up-to-date: /home/chondosha/ros2_ws/install/turtlesim/include/turtlesim/turtlesim/srv/detail/spawn__rosidl_typesupport_fastrtps_cpp.hpp
[10.426s] -- Up-to-date: /home/chondosha/ros2_ws/install/turtlesim/include/turtlesim/turtlesim/srv/detail/kill__rosidl_typesupport_fastrtps_cpp.hpp
[10.427s] -- Up-to-date: /home/chondosha/ros2_ws/install/turtlesim/include/turtlesim/turtlesim/srv/detail/teleport_absolute__rosidl_typesupport_fastrtps_cpp.hpp
[10.427s] -- Up-to-date: /home/chondosha/ros2_ws/install/turtlesim/include/turtlesim/turtlesim/srv/detail/dds_fastrtps
[10.428s] -- Up-to-date: /home/chondosha/ros2_ws/install/turtlesim/include/turtlesim/turtlesim/srv/detail/teleport_relative__rosidl_typesupport_fastrtps_cpp.hpp
[10.429s] -- Up-to-date: /home/chondosha/ros2_ws/install/turtlesim/include/turtlesim/turtlesim/action
[10.429s] -- Up-to-date: /home/chondosha/ros2_ws/install/turtlesim/include/turtlesim/turtlesim/action/detail
[10.430s] -- Up-to-date: /home/chondosha/ros2_ws/install/turtlesim/include/turtlesim/turtlesim/action/detail/dds_fastrtps
[10.431s] -- Up-to-date: /home/chondosha/ros2_ws/install/turtlesim/include/turtlesim/turtlesim/action/detail/rotate_absolute__rosidl_typesupport_fastrtps_cpp.hpp
[10.432s] -- Up-to-date: /home/chondosha/ros2_ws/install/turtlesim/lib/libturtlesim__rosidl_typesupport_fastrtps_cpp.so
[10.432s] -- Up-to-date: /home/chondosha/ros2_ws/install/turtlesim/include/turtlesim/turtlesim
[10.434s] -- Up-to-date: /home/chondosha/ros2_ws/install/turtlesim/include/turtlesim/turtlesim/msg
[10.436s] -- Up-to-date: /home/chondosha/ros2_ws/install/turtlesim/include/turtlesim/turtlesim/msg/rosidl_typesupport_introspection_c__visibility_control.h
[10.442s] -- Up-to-date: /home/chondosha/ros2_ws/install/turtlesim/include/turtlesim/turtlesim/msg/detail
[10.449s] -- Installing: /home/chondosha/ros2_ws/install/turtlesim/include/turtlesim/turtlesim/msg/detail/color__type_support.c
[10.455s] -- Installing: /home/chondosha/ros2_ws/install/turtlesim/include/turtlesim/turtlesim/msg/detail/pose__type_support.c
[10.460s] -- Up-to-date: /home/chondosha/ros2_ws/install/turtlesim/include/turtlesim/turtlesim/msg/detail/pose__rosidl_typesupport_introspection_c.h
[10.462s] -- Up-to-date: /home/chondosha/ros2_ws/install/turtlesim/include/turtlesim/turtlesim/msg/detail/color__rosidl_typesupport_introspection_c.h
[10.466s] -- Up-to-date: /home/chondosha/ros2_ws/install/turtlesim/include/turtlesim/turtlesim/srv
[10.467s] -- Up-to-date: /home/chondosha/ros2_ws/install/turtlesim/include/turtlesim/turtlesim/srv/detail
[10.472s] -- Up-to-date: /home/chondosha/ros2_ws/install/turtlesim/include/turtlesim/turtlesim/srv/detail/spawn__rosidl_typesupport_introspection_c.h
[10.473s] -- Up-to-date: /home/chondosha/ros2_ws/install/turtlesim/include/turtlesim/turtlesim/srv/detail/set_pen__rosidl_typesupport_introspection_c.h
[10.474s] -- Installing: /home/chondosha/ros2_ws/install/turtlesim/include/turtlesim/turtlesim/srv/detail/teleport_absolute__type_support.c
[10.478s] -- Installing: /home/chondosha/ros2_ws/install/turtlesim/include/turtlesim/turtlesim/srv/detail/spawn__type_support.c
[10.479s] -- Installing: /home/chondosha/ros2_ws/install/turtlesim/include/turtlesim/turtlesim/srv/detail/teleport_relative__type_support.c
[10.479s] -- Installing: /home/chondosha/ros2_ws/install/turtlesim/include/turtlesim/turtlesim/srv/detail/kill__type_support.c
[10.480s] -- Up-to-date: /home/chondosha/ros2_ws/install/turtlesim/include/turtlesim/turtlesim/srv/detail/kill__rosidl_typesupport_introspection_c.h
[10.484s] -- Up-to-date: /home/chondosha/ros2_ws/install/turtlesim/include/turtlesim/turtlesim/srv/detail/teleport_relative__rosidl_typesupport_introspection_c.h
[10.485s] -- Installing: /home/chondosha/ros2_ws/install/turtlesim/include/turtlesim/turtlesim/srv/detail/set_pen__type_support.c
[10.486s] -- Up-to-date: /home/chondosha/ros2_ws/install/turtlesim/include/turtlesim/turtlesim/srv/detail/teleport_absolute__rosidl_typesupport_introspection_c.h
[10.490s] -- Up-to-date: /home/chondosha/ros2_ws/install/turtlesim/include/turtlesim/turtlesim/action
[10.496s] -- Up-to-date: /home/chondosha/ros2_ws/install/turtlesim/include/turtlesim/turtlesim/action/detail
[10.503s] -- Installing: /home/chondosha/ros2_ws/install/turtlesim/include/turtlesim/turtlesim/action/detail/rotate_absolute__type_support.c
[10.509s] -- Up-to-date: /home/chondosha/ros2_ws/install/turtlesim/include/turtlesim/turtlesim/action/detail/rotate_absolute__rosidl_typesupport_introspection_c.h
[10.514s] -- Up-to-date: /home/chondosha/ros2_ws/install/turtlesim/lib/libturtlesim__rosidl_typesupport_introspection_c.so
[10.515s] -- Up-to-date: /home/chondosha/ros2_ws/install/turtlesim/lib/libturtlesim__rosidl_typesupport_c.so
[10.520s] -- Up-to-date: /home/chondosha/ros2_ws/install/turtlesim/include/turtlesim/turtlesim
[10.521s] -- Up-to-date: /home/chondosha/ros2_ws/install/turtlesim/include/turtlesim/turtlesim/msg
[10.523s] -- Up-to-date: /home/chondosha/ros2_ws/install/turtlesim/include/turtlesim/turtlesim/msg/detail
[10.524s] -- Up-to-date: /home/chondosha/ros2_ws/install/turtlesim/include/turtlesim/turtlesim/msg/detail/pose__rosidl_typesupport_introspection_cpp.hpp
[10.525s] -- Up-to-date: /home/chondosha/ros2_ws/install/turtlesim/include/turtlesim/turtlesim/msg/detail/pose__type_support.cpp
[10.526s] -- Up-to-date: /home/chondosha/ros2_ws/install/turtlesim/include/turtlesim/turtlesim/msg/detail/color__type_support.cpp
[10.527s] -- Up-to-date: /home/chondosha/ros2_ws/install/turtlesim/include/turtlesim/turtlesim/msg/detail/color__rosidl_typesupport_introspection_cpp.hpp
[10.529s] -- Up-to-date: /home/chondosha/ros2_ws/install/turtlesim/include/turtlesim/turtlesim/srv
[10.529s] -- Up-to-date: /home/chondosha/ros2_ws/install/turtlesim/include/turtlesim/turtlesim/srv/detail
[10.530s] -- Up-to-date: /home/chondosha/ros2_ws/install/turtlesim/include/turtlesim/turtlesim/srv/detail/kill__type_support.cpp
[10.531s] -- Up-to-date: /home/chondosha/ros2_ws/install/turtlesim/include/turtlesim/turtlesim/srv/detail/spawn__rosidl_typesupport_introspection_cpp.hpp
[10.532s] -- Up-to-date: /home/chondosha/ros2_ws/install/turtlesim/include/turtlesim/turtlesim/srv/detail/teleport_relative__rosidl_typesupport_introspection_cpp.hpp
[10.533s] -- Up-to-date: /home/chondosha/ros2_ws/install/turtlesim/include/turtlesim/turtlesim/srv/detail/teleport_absolute__rosidl_typesupport_introspection_cpp.hpp
[10.534s] -- Up-to-date: /home/chondosha/ros2_ws/install/turtlesim/include/turtlesim/turtlesim/srv/detail/teleport_absolute__type_support.cpp
[10.535s] -- Up-to-date: /home/chondosha/ros2_ws/install/turtlesim/include/turtlesim/turtlesim/srv/detail/spawn__type_support.cpp
[10.536s] -- Up-to-date: /home/chondosha/ros2_ws/install/turtlesim/include/turtlesim/turtlesim/srv/detail/teleport_relative__type_support.cpp
[10.536s] -- Up-to-date: /home/chondosha/ros2_ws/install/turtlesim/include/turtlesim/turtlesim/srv/detail/set_pen__rosidl_typesupport_introspection_cpp.hpp
[10.537s] -- Up-to-date: /home/chondosha/ros2_ws/install/turtlesim/include/turtlesim/turtlesim/srv/detail/set_pen__type_support.cpp
[10.538s] -- Up-to-date: /home/chondosha/ros2_ws/install/turtlesim/include/turtlesim/turtlesim/srv/detail/kill__rosidl_typesupport_introspection_cpp.hpp
[10.538s] -- Up-to-date: /home/chondosha/ros2_ws/install/turtlesim/include/turtlesim/turtlesim/action
[10.539s] -- Up-to-date: /home/chondosha/ros2_ws/install/turtlesim/include/turtlesim/turtlesim/action/detail
[10.539s] -- Up-to-date: /home/chondosha/ros2_ws/install/turtlesim/include/turtlesim/turtlesim/action/detail/rotate_absolute__rosidl_typesupport_introspection_cpp.hpp
[10.540s] -- Up-to-date: /home/chondosha/ros2_ws/install/turtlesim/include/turtlesim/turtlesim/action/detail/rotate_absolute__type_support.cpp
[10.541s] -- Up-to-date: /home/chondosha/ros2_ws/install/turtlesim/lib/libturtlesim__rosidl_typesupport_introspection_cpp.so
[10.542s] -- Up-to-date: /home/chondosha/ros2_ws/install/turtlesim/lib/libturtlesim__rosidl_typesupport_cpp.so
[10.542s] -- Up-to-date: /home/chondosha/ros2_ws/install/turtlesim/share/turtlesim/environment/pythonpath.sh
[10.546s] -- Up-to-date: /home/chondosha/ros2_ws/install/turtlesim/share/turtlesim/environment/pythonpath.dsv
[10.547s] -- Up-to-date: /home/chondosha/ros2_ws/install/turtlesim/lib/python3.12/site-packages/turtlesim-1.8.3-py3.12.egg-info
[10.548s] -- Installing: /home/chondosha/ros2_ws/install/turtlesim/lib/python3.12/site-packages/turtlesim-1.8.3-py3.12.egg-info/SOURCES.txt
[10.548s] -- Installing: /home/chondosha/ros2_ws/install/turtlesim/lib/python3.12/site-packages/turtlesim-1.8.3-py3.12.egg-info/top_level.txt
[10.549s] -- Installing: /home/chondosha/ros2_ws/install/turtlesim/lib/python3.12/site-packages/turtlesim-1.8.3-py3.12.egg-info/PKG-INFO
[10.552s] -- Installing: /home/chondosha/ros2_ws/install/turtlesim/lib/python3.12/site-packages/turtlesim-1.8.3-py3.12.egg-info/dependency_links.txt
[10.554s] -- Up-to-date: /home/chondosha/ros2_ws/install/turtlesim/lib/python3.12/site-packages/turtlesim
[10.555s] -- Up-to-date: /home/chondosha/ros2_ws/install/turtlesim/lib/python3.12/site-packages/turtlesim/__init__.py
[10.559s] -- Up-to-date: /home/chondosha/ros2_ws/install/turtlesim/lib/python3.12/site-packages/turtlesim/msg
[10.559s] -- Up-to-date: /home/chondosha/ros2_ws/install/turtlesim/lib/python3.12/site-packages/turtlesim/msg/__init__.py
[10.560s] -- Up-to-date: /home/chondosha/ros2_ws/install/turtlesim/lib/python3.12/site-packages/turtlesim/msg/_color_s.c
[10.560s] -- Up-to-date: /home/chondosha/ros2_ws/install/turtlesim/lib/python3.12/site-packages/turtlesim/msg/_pose.py
[10.564s] -- Up-to-date: /home/chondosha/ros2_ws/install/turtlesim/lib/python3.12/site-packages/turtlesim/msg/_color.py
[10.565s] -- Up-to-date: /home/chondosha/ros2_ws/install/turtlesim/lib/python3.12/site-packages/turtlesim/msg/_pose_s.c
[10.566s] -- Up-to-date: /home/chondosha/ros2_ws/install/turtlesim/lib/python3.12/site-packages/turtlesim/turtlesim_s__rosidl_typesupport_c.so
[10.570s] -- Up-to-date: /home/chondosha/ros2_ws/install/turtlesim/lib/python3.12/site-packages/turtlesim/_turtlesim_s.ep.rosidl_typesupport_fastrtps_c.c
[10.570s] -- Up-to-date: /home/chondosha/ros2_ws/install/turtlesim/lib/python3.12/site-packages/turtlesim/_turtlesim_s.ep.rosidl_typesupport_introspection_c.c
[10.571s] -- Up-to-date: /home/chondosha/ros2_ws/install/turtlesim/lib/python3.12/site-packages/turtlesim/srv
[10.572s] -- Up-to-date: /home/chondosha/ros2_ws/install/turtlesim/lib/python3.12/site-packages/turtlesim/srv/_spawn.py
[10.573s] -- Up-to-date: /home/chondosha/ros2_ws/install/turtlesim/lib/python3.12/site-packages/turtlesim/srv/__init__.py
[10.577s] -- Up-to-date: /home/chondosha/ros2_ws/install/turtlesim/lib/python3.12/site-packages/turtlesim/srv/_teleport_relative.py
[10.577s] -- Up-to-date: /home/chondosha/ros2_ws/install/turtlesim/lib/python3.12/site-packages/turtlesim/srv/_kill.py
[10.578s] -- Up-to-date: /home/chondosha/ros2_ws/install/turtlesim/lib/python3.12/site-packages/turtlesim/srv/_teleport_absolute.py
[10.579s] -- Up-to-date: /home/chondosha/ros2_ws/install/turtlesim/lib/python3.12/site-packages/turtlesim/srv/_kill_s.c
[10.583s] -- Up-to-date: /home/chondosha/ros2_ws/install/turtlesim/lib/python3.12/site-packages/turtlesim/srv/_teleport_absolute_s.c
[10.583s] -- Up-to-date: /home/chondosha/ros2_ws/install/turtlesim/lib/python3.12/site-packages/turtlesim/srv/_spawn_s.c
[10.584s] -- Up-to-date: /home/chondosha/ros2_ws/install/turtlesim/lib/python3.12/site-packages/turtlesim/srv/_set_pen_s.c
[10.585s] -- Up-to-date: /home/chondosha/ros2_ws/install/turtlesim/lib/python3.12/site-packages/turtlesim/srv/_set_pen.py
[10.587s] -- Up-to-date: /home/chondosha/ros2_ws/install/turtlesim/lib/python3.12/site-packages/turtlesim/srv/_teleport_relative_s.c
[10.588s] -- Up-to-date: /home/chondosha/ros2_ws/install/turtlesim/lib/python3.12/site-packages/turtlesim/turtlesim_s__rosidl_typesupport_fastrtps_c.so
[10.589s] -- Up-to-date: /home/chondosha/ros2_ws/install/turtlesim/lib/python3.12/site-packages/turtlesim/_turtlesim_s.ep.rosidl_typesupport_c.c
[10.589s] -- Up-to-date: /home/chondosha/ros2_ws/install/turtlesim/lib/python3.12/site-packages/turtlesim/turtlesim_s__rosidl_typesupport_introspection_c.so
[10.590s] -- Up-to-date: /home/chondosha/ros2_ws/install/turtlesim/lib/python3.12/site-packages/turtlesim/action
[10.593s] -- Up-to-date: /home/chondosha/ros2_ws/install/turtlesim/lib/python3.12/site-packages/turtlesim/action/_rotate_absolute_s.c
[10.597s] -- Up-to-date: /home/chondosha/ros2_ws/install/turtlesim/lib/python3.12/site-packages/turtlesim/action/__init__.py
[10.603s] -- Up-to-date: /home/chondosha/ros2_ws/install/turtlesim/lib/python3.12/site-packages/turtlesim/action/_rotate_absolute.py
[10.717s] Listing '/home/chondosha/ros2_ws/install/turtlesim/lib/python3.12/site-packages/turtlesim'...
[10.721s] Listing '/home/chondosha/ros2_ws/install/turtlesim/lib/python3.12/site-packages/turtlesim/action'...
[10.729s] Listing '/home/chondosha/ros2_ws/install/turtlesim/lib/python3.12/site-packages/turtlesim/msg'...
[10.731s] Listing '/home/chondosha/ros2_ws/install/turtlesim/lib/python3.12/site-packages/turtlesim/srv'...
[10.769s] -- Up-to-date: /home/chondosha/ros2_ws/install/turtlesim/lib/python3.12/site-packages/turtlesim/turtlesim_s__rosidl_typesupport_fastrtps_c.so
[10.777s] -- Up-to-date: /home/chondosha/ros2_ws/install/turtlesim/lib/python3.12/site-packages/turtlesim/turtlesim_s__rosidl_typesupport_introspection_c.so
[10.786s] -- Up-to-date: /home/chondosha/ros2_ws/install/turtlesim/lib/python3.12/site-packages/turtlesim/turtlesim_s__rosidl_typesupport_c.so
[10.794s] -- Up-to-date: /home/chondosha/ros2_ws/install/turtlesim/lib/libturtlesim__rosidl_generator_py.so
[10.800s] -- Up-to-date: /home/chondosha/ros2_ws/install/turtlesim/share/turtlesim/action/RotateAbsolute.idl
[10.803s] -- Up-to-date: /home/chondosha/ros2_ws/install/turtlesim/share/turtlesim/msg/Color.idl
[10.804s] -- Up-to-date: /home/chondosha/ros2_ws/install/turtlesim/share/turtlesim/msg/Pose.idl
[10.806s] -- Up-to-date: /home/chondosha/ros2_ws/install/turtlesim/share/turtlesim/srv/Kill.idl
[10.807s] -- Up-to-date: /home/chondosha/ros2_ws/install/turtlesim/share/turtlesim/srv/SetPen.idl
[10.808s] -- Up-to-date: /home/chondosha/ros2_ws/install/turtlesim/share/turtlesim/srv/Spawn.idl
[10.809s] -- Up-to-date: /home/chondosha/ros2_ws/install/turtlesim/share/turtlesim/srv/TeleportAbsolute.idl
[10.810s] -- Up-to-date: /home/chondosha/ros2_ws/install/turtlesim/share/turtlesim/srv/TeleportRelative.idl
[10.811s] -- Up-to-date: /home/chondosha/ros2_ws/install/turtlesim/share/turtlesim/action/RotateAbsolute.action
[10.812s] -- Up-to-date: /home/chondosha/ros2_ws/install/turtlesim/share/turtlesim/msg/Color.msg
[10.813s] -- Up-to-date: /home/chondosha/ros2_ws/install/turtlesim/share/turtlesim/msg/Pose.msg
[10.816s] -- Up-to-date: /home/chondosha/ros2_ws/install/turtlesim/share/turtlesim/srv/Kill.srv
[10.818s] -- Up-to-date: /home/chondosha/ros2_ws/install/turtlesim/share/turtlesim/srv/SetPen.srv
[10.819s] -- Up-to-date: /home/chondosha/ros2_ws/install/turtlesim/share/turtlesim/srv/Spawn.srv
[10.819s] -- Up-to-date: /home/chondosha/ros2_ws/install/turtlesim/share/turtlesim/srv/TeleportAbsolute.srv
[10.820s] -- Up-to-date: /home/chondosha/ros2_ws/install/turtlesim/share/turtlesim/srv/TeleportRelative.srv
[10.823s] -- Up-to-date: /home/chondosha/ros2_ws/install/turtlesim/lib/turtlesim/turtlesim_node
[10.826s] -- Up-to-date: /home/chondosha/ros2_ws/install/turtlesim/lib/turtlesim/turtle_teleop_key
[10.828s] -- Up-to-date: /home/chondosha/ros2_ws/install/turtlesim/lib/turtlesim/draw_square
[10.831s] -- Up-to-date: /home/chondosha/ros2_ws/install/turtlesim/lib/turtlesim/mimic
[10.833s] -- Up-to-date: /home/chondosha/ros2_ws/install/turtlesim/share/turtlesim/images
[10.835s] -- Up-to-date: /home/chondosha/ros2_ws/install/turtlesim/share/turtlesim/images/dashing.png
[10.838s] -- Up-to-date: /home/chondosha/ros2_ws/install/turtlesim/share/turtlesim/images/humble.png
[10.841s] -- Up-to-date: /home/chondosha/ros2_ws/install/turtlesim/share/turtlesim/images/ardent.png
[10.842s] -- Up-to-date: /home/chondosha/ros2_ws/install/turtlesim/share/turtlesim/images/jazzy.png
[10.843s] -- Up-to-date: /home/chondosha/ros2_ws/install/turtlesim/share/turtlesim/images/foxy.png
[10.844s] -- Up-to-date: /home/chondosha/ros2_ws/install/turtlesim/share/turtlesim/images/rolling.png
[10.845s] -- Up-to-date: /home/chondosha/ros2_ws/install/turtlesim/share/turtlesim/images/eloquent.png
[10.845s] -- Up-to-date: /home/chondosha/ros2_ws/install/turtlesim/share/turtlesim/images/crystal.png
[10.846s] -- Up-to-date: /home/chondosha/ros2_ws/install/turtlesim/share/turtlesim/images/galactic.png
[10.847s] -- Up-to-date: /home/chondosha/ros2_ws/install/turtlesim/share/turtlesim/images/bouncy.png
[10.847s] -- Up-to-date: /home/chondosha/ros2_ws/install/turtlesim/share/turtlesim/images/iron.png
[10.848s] -- Up-to-date: /home/chondosha/ros2_ws/install/turtlesim/share/turtlesim/launch
[10.848s] -- Up-to-date: /home/chondosha/ros2_ws/install/turtlesim/share/turtlesim/launch/multisim.launch.py
[10.849s] -- Up-to-date: /home/chondosha/ros2_ws/install/turtlesim/share/ament_index/resource_index/package_run_dependencies/turtlesim
[10.850s] -- Up-to-date: /home/chondosha/ros2_ws/install/turtlesim/share/ament_index/resource_index/parent_prefix_path/turtlesim
[10.851s] -- Up-to-date: /home/chondosha/ros2_ws/install/turtlesim/share/turtlesim/environment/ament_prefix_path.sh
[10.852s] -- Up-to-date: /home/chondosha/ros2_ws/install/turtlesim/share/turtlesim/environment/ament_prefix_path.dsv
[10.853s] -- Up-to-date: /home/chondosha/ros2_ws/install/turtlesim/share/turtlesim/environment/path.sh
[10.853s] -- Up-to-date: /home/chondosha/ros2_ws/install/turtlesim/share/turtlesim/environment/path.dsv
[10.854s] -- Up-to-date: /home/chondosha/ros2_ws/install/turtlesim/share/turtlesim/local_setup.bash
[10.855s] -- Up-to-date: /home/chondosha/ros2_ws/install/turtlesim/share/turtlesim/local_setup.sh
[10.856s] -- Up-to-date: /home/chondosha/ros2_ws/install/turtlesim/share/turtlesim/local_setup.zsh
[10.857s] -- Up-to-date: /home/chondosha/ros2_ws/install/turtlesim/share/turtlesim/local_setup.dsv
[10.858s] -- Installing: /home/chondosha/ros2_ws/install/turtlesim/share/turtlesim/package.dsv
[10.859s] -- Up-to-date: /home/chondosha/ros2_ws/install/turtlesim/share/ament_index/resource_index/packages/turtlesim
[10.859s] -- Up-to-date: /home/chondosha/ros2_ws/install/turtlesim/share/turtlesim/cmake/export_turtlesim__rosidl_generator_cExport.cmake
[10.860s] -- Up-to-date: /home/chondosha/ros2_ws/install/turtlesim/share/turtlesim/cmake/export_turtlesim__rosidl_generator_cExport-noconfig.cmake
[10.861s] -- Up-to-date: /home/chondosha/ros2_ws/install/turtlesim/share/turtlesim/cmake/export_turtlesim__rosidl_typesupport_fastrtps_cExport.cmake
[10.862s] -- Up-to-date: /home/chondosha/ros2_ws/install/turtlesim/share/turtlesim/cmake/export_turtlesim__rosidl_typesupport_fastrtps_cExport-noconfig.cmake
[10.866s] -- Up-to-date: /home/chondosha/ros2_ws/install/turtlesim/share/turtlesim/cmake/export_turtlesim__rosidl_generator_cppExport.cmake
[10.866s] -- Up-to-date: /home/chondosha/ros2_ws/install/turtlesim/share/turtlesim/cmake/export_turtlesim__rosidl_typesupport_fastrtps_cppExport.cmake
[10.867s] -- Up-to-date: /home/chondosha/ros2_ws/install/turtlesim/share/turtlesim/cmake/export_turtlesim__rosidl_typesupport_fastrtps_cppExport-noconfig.cmake
[10.868s] -- Up-to-date: /home/chondosha/ros2_ws/install/turtlesim/share/turtlesim/cmake/turtlesim__rosidl_typesupport_introspection_cExport.cmake
[10.872s] -- Up-to-date: /home/chondosha/ros2_ws/install/turtlesim/share/turtlesim/cmake/turtlesim__rosidl_typesupport_introspection_cExport-noconfig.cmake
[10.872s] -- Up-to-date: /home/chondosha/ros2_ws/install/turtlesim/share/turtlesim/cmake/turtlesim__rosidl_typesupport_cExport.cmake
[10.873s] -- Up-to-date: /home/chondosha/ros2_ws/install/turtlesim/share/turtlesim/cmake/turtlesim__rosidl_typesupport_cExport-noconfig.cmake
[10.880s] -- Up-to-date: /home/chondosha/ros2_ws/install/turtlesim/share/turtlesim/cmake/turtlesim__rosidl_typesupport_introspection_cppExport.cmake
[10.886s] -- Up-to-date: /home/chondosha/ros2_ws/install/turtlesim/share/turtlesim/cmake/turtlesim__rosidl_typesupport_introspection_cppExport-noconfig.cmake
[10.891s] -- Up-to-date: /home/chondosha/ros2_ws/install/turtlesim/share/turtlesim/cmake/turtlesim__rosidl_typesupport_cppExport.cmake
[10.893s] -- Up-to-date: /home/chondosha/ros2_ws/install/turtlesim/share/turtlesim/cmake/turtlesim__rosidl_typesupport_cppExport-noconfig.cmake
[10.895s] -- Up-to-date: /home/chondosha/ros2_ws/install/turtlesim/share/turtlesim/cmake/export_turtlesim__rosidl_generator_pyExport.cmake
[10.902s] -- Up-to-date: /home/chondosha/ros2_ws/install/turtlesim/share/turtlesim/cmake/export_turtlesim__rosidl_generator_pyExport-noconfig.cmake
[10.903s] -- Up-to-date: /home/chondosha/ros2_ws/install/turtlesim/share/turtlesim/cmake/rosidl_cmake-extras.cmake
[10.908s] -- Up-to-date: /home/chondosha/ros2_ws/install/turtlesim/share/turtlesim/cmake/ament_cmake_export_dependencies-extras.cmake
[10.909s] -- Up-to-date: /home/chondosha/ros2_ws/install/turtlesim/share/turtlesim/cmake/ament_cmake_export_include_directories-extras.cmake
[10.910s] -- Up-to-date: /home/chondosha/ros2_ws/install/turtlesim/share/turtlesim/cmake/ament_cmake_export_libraries-extras.cmake
[10.912s] -- Up-to-date: /home/chondosha/ros2_ws/install/turtlesim/share/turtlesim/cmake/ament_cmake_export_targets-extras.cmake
[10.914s] -- Up-to-date: /home/chondosha/ros2_ws/install/turtlesim/share/turtlesim/cmake/rosidl_cmake_export_typesupport_targets-extras.cmake
[10.917s] -- Up-to-date: /home/chondosha/ros2_ws/install/turtlesim/share/turtlesim/cmake/rosidl_cmake_export_typesupport_libraries-extras.cmake
[10.918s] -- Up-to-date: /home/chondosha/ros2_ws/install/turtlesim/share/turtlesim/cmake/turtlesimConfig.cmake
[10.920s] -- Up-to-date: /home/chondosha/ros2_ws/install/turtlesim/share/turtlesim/cmake/turtlesimConfig-version.cmake
[10.921s] -- Up-to-date: /home/chondosha/ros2_ws/install/turtlesim/share/turtlesim/package.xml
[10.922s] Invoked command in '/home/chondosha/ros2_ws/build/turtlesim' returned '0': CMAKE_PREFIX_PATH=${CMAKE_PREFIX_PATH}:/opt/ros/jazzy:/home/chondosha/ros2_ws/install/my_package DEBUGINFOD_URLS=https://debuginfod.ubuntu.com /usr/bin/cmake --install /home/chondosha/ros2_ws/build/turtlesim
