[10.014s] Invoking command in '/home/chondosha/ros2_ws/src/my_package': DEBUGINFOD_URLS=https://debuginfod.ubuntu.com PYTHONPATH=/home/chondosha/ros2_ws/build/my_package/prefix_override:/usr/lib/python3/dist-packages/colcon_core/task/python/colcon_distutils_commands:/home/chondosha/ros2_ws/install/my_package/lib/python3.12/site-packages:${PYTHONPATH} /usr/bin/python3 -W ignore:setup.py install is deprecated setup.py egg_info --egg-base ../../build/my_package build --build-base /home/chondosha/ros2_ws/build/my_package/build install --record /home/chondosha/ros2_ws/build/my_package/install.log --single-version-externally-managed install_data
[13.279s] running egg_info
[13.576s] writing ../../build/my_package/my_package.egg-info/PKG-INFO
[13.589s] writing dependency_links to ../../build/my_package/my_package.egg-info/dependency_links.txt
[13.609s] writing entry points to ../../build/my_package/my_package.egg-info/entry_points.txt
[13.610s] writing requirements to ../../build/my_package/my_package.egg-info/requires.txt
[13.610s] writing top-level names to ../../build/my_package/my_package.egg-info/top_level.txt
[14.127s] reading manifest file '../../build/my_package/my_package.egg-info/SOURCES.txt'
[14.129s] adding license file 'LICENSE'
[14.134s] writing manifest file '../../build/my_package/my_package.egg-info/SOURCES.txt'
[14.186s] running build
[14.188s] running build_py
[14.194s] copying my_package/drone_test.py -> /home/chondosha/ros2_ws/build/my_package/build/lib/my_package
[14.195s] running install
[14.241s] running install_lib
[14.451s] copying /home/chondosha/ros2_ws/build/my_package/build/lib/my_package/drone_test.py -> /home/chondosha/ros2_ws/install/my_package/lib/python3.12/site-packages/my_package
[14.456s] byte-compiling /home/chondosha/ros2_ws/install/my_package/lib/python3.12/site-packages/my_package/drone_test.py to drone_test.cpython-312.pyc
[14.460s] running install_data
[14.461s] running install_egg_info
[14.677s] removing '/home/chondosha/ros2_ws/install/my_package/lib/python3.12/site-packages/my_package-0.0.0-py3.12.egg-info' (and everything under it)
[14.681s] Copying ../../build/my_package/my_package.egg-info to /home/chondosha/ros2_ws/install/my_package/lib/python3.12/site-packages/my_package-0.0.0-py3.12.egg-info
[14.703s] running install_scripts
[16.034s] Installing drone_publisher script to /home/chondosha/ros2_ws/install/my_package/lib/my_package
[16.035s] Installing mavsdk_node script to /home/chondosha/ros2_ws/install/my_package/lib/my_package
[16.055s] Installing my_node script to /home/chondosha/ros2_ws/install/my_package/lib/my_package
[16.060s] writing list of installed files to '/home/chondosha/ros2_ws/build/my_package/install.log'
[16.315s] Invoked command in '/home/chondosha/ros2_ws/src/my_package' returned '0': DEBUGINFOD_URLS=https://debuginfod.ubuntu.com PYTHONPATH=/home/chondosha/ros2_ws/build/my_package/prefix_override:/usr/lib/python3/dist-packages/colcon_core/task/python/colcon_distutils_commands:/home/chondosha/ros2_ws/install/my_package/lib/python3.12/site-packages:${PYTHONPATH} /usr/bin/python3 -W ignore:setup.py install is deprecated setup.py egg_info --egg-base ../../build/my_package build --build-base /home/chondosha/ros2_ws/build/my_package/build install --record /home/chondosha/ros2_ws/build/my_package/install.log --single-version-externally-managed install_data
