[6.594s] Invoking command in '/home/chondosha/ros2_ws/src/my_package': DEBUGINFOD_URLS=https://debuginfod.ubuntu.com PYTHONPATH=/home/chondosha/ros2_ws/build/my_package/prefix_override:/usr/lib/python3/dist-packages/colcon_core/task/python/colcon_distutils_commands:/home/chondosha/ros2_ws/install/my_package/lib/python3.12/site-packages:${PYTHONPATH} /usr/bin/python3 -W ignore:setup.py install is deprecated setup.py egg_info --egg-base ../../build/my_package build --build-base /home/chondosha/ros2_ws/build/my_package/build install --record /home/chondosha/ros2_ws/build/my_package/install.log --single-version-externally-managed install_data
[8.321s] running egg_info
[8.466s] writing ../../build/my_package/my_package.egg-info/PKG-INFO
[8.468s] writing dependency_links to ../../build/my_package/my_package.egg-info/dependency_links.txt
[8.469s] writing entry points to ../../build/my_package/my_package.egg-info/entry_points.txt
[8.470s] writing requirements to ../../build/my_package/my_package.egg-info/requires.txt
[8.472s] writing top-level names to ../../build/my_package/my_package.egg-info/top_level.txt
[8.746s] reading manifest file '../../build/my_package/my_package.egg-info/SOURCES.txt'
[8.750s] adding license file 'LICENSE'
[8.759s] writing manifest file '../../build/my_package/my_package.egg-info/SOURCES.txt'
[8.760s] running build
[8.761s] running build_py
[8.761s] running install
[8.785s] running install_lib
[8.923s] running install_data
[8.924s] running install_egg_info
[9.078s] removing '/home/chondosha/ros2_ws/install/my_package/lib/python3.12/site-packages/my_package-0.0.0-py3.12.egg-info' (and everything under it)
[9.080s] Copying ../../build/my_package/my_package.egg-info to /home/chondosha/ros2_ws/install/my_package/lib/python3.12/site-packages/my_package-0.0.0-py3.12.egg-info
[9.086s] running install_scripts
[10.014s] Installing drone_publisher script to /home/chondosha/ros2_ws/install/my_package/lib/my_package
[10.014s] Installing mavsdk_node script to /home/chondosha/ros2_ws/install/my_package/lib/my_package
[10.017s] Installing my_node script to /home/chondosha/ros2_ws/install/my_package/lib/my_package
[10.018s] writing list of installed files to '/home/chondosha/ros2_ws/build/my_package/install.log'
[10.329s] Invoked command in '/home/chondosha/ros2_ws/src/my_package' returned '0': DEBUGINFOD_URLS=https://debuginfod.ubuntu.com PYTHONPATH=/home/chondosha/ros2_ws/build/my_package/prefix_override:/usr/lib/python3/dist-packages/colcon_core/task/python/colcon_distutils_commands:/home/chondosha/ros2_ws/install/my_package/lib/python3.12/site-packages:${PYTHONPATH} /usr/bin/python3 -W ignore:setup.py install is deprecated setup.py egg_info --egg-base ../../build/my_package build --build-base /home/chondosha/ros2_ws/build/my_package/build install --record /home/chondosha/ros2_ws/build/my_package/install.log --single-version-externally-managed install_data
