[9.613s] Invoking command in '/home/chondosha/ros2_ws/src/cs1651_drone': DEBUGINFOD_URLS=https://debuginfod.ubuntu.com PYTHONPATH=/home/chondosha/ros2_ws/build/cs1651_drone/prefix_override:/usr/lib/python3/dist-packages/colcon_core/task/python/colcon_distutils_commands:/home/chondosha/ros2_ws/install/cs1651_drone/lib/python3.12/site-packages:${PYTHONPATH} /usr/bin/python3 -W ignore:setup.py install is deprecated setup.py egg_info --egg-base ../../build/cs1651_drone build --build-base /home/chondosha/ros2_ws/build/cs1651_drone/build install --record /home/chondosha/ros2_ws/build/cs1651_drone/install.log --single-version-externally-managed install_data
[12.392s] running egg_info
[12.598s] writing ../../build/cs1651_drone/cs1651_drone.egg-info/PKG-INFO
[12.599s] writing dependency_links to ../../build/cs1651_drone/cs1651_drone.egg-info/dependency_links.txt
[12.601s] writing entry points to ../../build/cs1651_drone/cs1651_drone.egg-info/entry_points.txt
[12.603s] writing requirements to ../../build/cs1651_drone/cs1651_drone.egg-info/requires.txt
[12.604s] writing top-level names to ../../build/cs1651_drone/cs1651_drone.egg-info/top_level.txt
[13.072s] reading manifest file '../../build/cs1651_drone/cs1651_drone.egg-info/SOURCES.txt'
[13.079s] adding license file 'LICENSE'
[13.080s] writing manifest file '../../build/cs1651_drone/cs1651_drone.egg-info/SOURCES.txt'
[13.080s] running build
[13.081s] running build_py
[13.082s] copying cs1651_drone/drone_takeoff_test.py -> /home/chondosha/ros2_ws/build/cs1651_drone/build/lib/cs1651_drone
[13.085s] running install
[13.125s] running install_lib
[13.381s] copying /home/chondosha/ros2_ws/build/cs1651_drone/build/lib/cs1651_drone/drone_takeoff_test.py -> /home/chondosha/ros2_ws/install/cs1651_drone/lib/python3.12/site-packages/cs1651_drone
[13.386s] byte-compiling /home/chondosha/ros2_ws/install/cs1651_drone/lib/python3.12/site-packages/cs1651_drone/drone_takeoff_test.py to drone_takeoff_test.cpython-312.pyc
[13.397s] running install_data
[13.399s] running install_egg_info
[13.693s] removing '/home/chondosha/ros2_ws/install/cs1651_drone/lib/python3.12/site-packages/cs1651_drone-0.0.0-py3.12.egg-info' (and everything under it)
[13.696s] Copying ../../build/cs1651_drone/cs1651_drone.egg-info to /home/chondosha/ros2_ws/install/cs1651_drone/lib/python3.12/site-packages/cs1651_drone-0.0.0-py3.12.egg-info
[13.704s] running install_scripts
[15.228s] Installing camera_node script to /home/chondosha/ros2_ws/install/cs1651_drone/lib/cs1651_drone
[15.230s] Installing drone_listener script to /home/chondosha/ros2_ws/install/cs1651_drone/lib/cs1651_drone
[15.233s] Installing drone_node script to /home/chondosha/ros2_ws/install/cs1651_drone/lib/cs1651_drone
[15.234s] Installing drone_takeoff_test script to /home/chondosha/ros2_ws/install/cs1651_drone/lib/cs1651_drone
[15.235s] writing list of installed files to '/home/chondosha/ros2_ws/build/cs1651_drone/install.log'
[15.542s] Invoked command in '/home/chondosha/ros2_ws/src/cs1651_drone' returned '0': DEBUGINFOD_URLS=https://debuginfod.ubuntu.com PYTHONPATH=/home/chondosha/ros2_ws/build/cs1651_drone/prefix_override:/usr/lib/python3/dist-packages/colcon_core/task/python/colcon_distutils_commands:/home/chondosha/ros2_ws/install/cs1651_drone/lib/python3.12/site-packages:${PYTHONPATH} /usr/bin/python3 -W ignore:setup.py install is deprecated setup.py egg_info --egg-base ../../build/cs1651_drone build --build-base /home/chondosha/ros2_ws/build/cs1651_drone/build install --record /home/chondosha/ros2_ws/build/cs1651_drone/install.log --single-version-externally-managed install_data
