[6.671s] Invoking command in '/home/chondosha/ros2_ws/src/my_package': DEBUGINFOD_URLS=https://debuginfod.ubuntu.com PYTHONPATH=/home/chondosha/ros2_ws/build/my_package/prefix_override:/usr/lib/python3/dist-packages/colcon_core/task/python/colcon_distutils_commands:/home/chondosha/ros2_ws/install/my_package/lib/python3.12/site-packages:${PYTHONPATH} /usr/bin/python3 -W ignore:setup.py install is deprecated setup.py egg_info --egg-base ../../build/my_package build --build-base /home/chondosha/ros2_ws/build/my_package/build install --record /home/chondosha/ros2_ws/build/my_package/install.log --single-version-externally-managed install_data
[8.408s] running egg_info
[8.557s] writing ../../build/my_package/my_package.egg-info/PKG-INFO
[8.558s] writing dependency_links to ../../build/my_package/my_package.egg-info/dependency_links.txt
[8.560s] writing entry points to ../../build/my_package/my_package.egg-info/entry_points.txt
[8.562s] writing requirements to ../../build/my_package/my_package.egg-info/requires.txt
[8.563s] writing top-level names to ../../build/my_package/my_package.egg-info/top_level.txt
[8.823s] reading manifest file '../../build/my_package/my_package.egg-info/SOURCES.txt'
[8.824s] adding license file 'LICENSE'
[8.827s] writing manifest file '../../build/my_package/my_package.egg-info/SOURCES.txt'
[8.828s] running build
[8.828s] running build_py
[8.832s] running install
[8.873s] running install_lib
[9.006s] running install_data
[9.007s] running install_egg_info
[9.162s] removing '/home/chondosha/ros2_ws/install/my_package/lib/python3.12/site-packages/my_package-0.0.0-py3.12.egg-info' (and everything under it)
[9.164s] Copying ../../build/my_package/my_package.egg-info to /home/chondosha/ros2_ws/install/my_package/lib/python3.12/site-packages/my_package-0.0.0-py3.12.egg-info
[9.170s] running install_scripts
[10.107s] Installing drone_publisher script to /home/chondosha/ros2_ws/install/my_package/lib/my_package
[10.109s] Installing mavsdk_node script to /home/chondosha/ros2_ws/install/my_package/lib/my_package
[10.110s] Installing my_node script to /home/chondosha/ros2_ws/install/my_package/lib/my_package
[10.113s] writing list of installed files to '/home/chondosha/ros2_ws/build/my_package/install.log'
[10.469s] Invoked command in '/home/chondosha/ros2_ws/src/my_package' returned '0': DEBUGINFOD_URLS=https://debuginfod.ubuntu.com PYTHONPATH=/home/chondosha/ros2_ws/build/my_package/prefix_override:/usr/lib/python3/dist-packages/colcon_core/task/python/colcon_distutils_commands:/home/chondosha/ros2_ws/install/my_package/lib/python3.12/site-packages:${PYTHONPATH} /usr/bin/python3 -W ignore:setup.py install is deprecated setup.py egg_info --egg-base ../../build/my_package build --build-base /home/chondosha/ros2_ws/build/my_package/build install --record /home/chondosha/ros2_ws/build/my_package/install.log --single-version-externally-managed install_data
