[11.450s] Invoking command in '/home/chondosha/ros2_ws/src/my_package': DEBUGINFOD_URLS=https://debuginfod.ubuntu.com PYTHONPATH=/home/chondosha/ros2_ws/build/my_package/prefix_override:/usr/lib/python3/dist-packages/colcon_core/task/python/colcon_distutils_commands:/home/chondosha/ros2_ws/install/my_package/lib/python3.12/site-packages:${PYTHONPATH} /usr/bin/python3 -W ignore:setup.py install is deprecated setup.py egg_info --egg-base ../../build/my_package build --build-base /home/chondosha/ros2_ws/build/my_package/build install --record /home/chondosha/ros2_ws/build/my_package/install.log --single-version-externally-managed install_data
[14.344s] running egg_info
[14.694s] writing ../../build/my_package/my_package.egg-info/PKG-INFO
[14.698s] writing dependency_links to ../../build/my_package/my_package.egg-info/dependency_links.txt
[14.699s] writing entry points to ../../build/my_package/my_package.egg-info/entry_points.txt
[14.702s] writing requirements to ../../build/my_package/my_package.egg-info/requires.txt
[14.703s] writing top-level names to ../../build/my_package/my_package.egg-info/top_level.txt
[15.261s] reading manifest file '../../build/my_package/my_package.egg-info/SOURCES.txt'
[15.263s] adding license file 'LICENSE'
[15.267s] writing manifest file '../../build/my_package/my_package.egg-info/SOURCES.txt'
[15.268s] running build
[15.269s] running build_py
[15.274s] running install
[15.308s] running install_lib
[15.491s] running install_data
[15.495s] running install_egg_info
[15.667s] removing '/home/chondosha/ros2_ws/install/my_package/lib/python3.12/site-packages/my_package-0.0.0-py3.12.egg-info' (and everything under it)
[15.669s] Copying ../../build/my_package/my_package.egg-info to /home/chondosha/ros2_ws/install/my_package/lib/python3.12/site-packages/my_package-0.0.0-py3.12.egg-info
[15.680s] running install_scripts
[16.883s] Installing drone_publisher script to /home/chondosha/ros2_ws/install/my_package/lib/my_package
[16.886s] Installing mavsdk_node script to /home/chondosha/ros2_ws/install/my_package/lib/my_package
[16.887s] Installing my_node script to /home/chondosha/ros2_ws/install/my_package/lib/my_package
[16.890s] writing list of installed files to '/home/chondosha/ros2_ws/build/my_package/install.log'
[17.077s] Invoked command in '/home/chondosha/ros2_ws/src/my_package' returned '0': DEBUGINFOD_URLS=https://debuginfod.ubuntu.com PYTHONPATH=/home/chondosha/ros2_ws/build/my_package/prefix_override:/usr/lib/python3/dist-packages/colcon_core/task/python/colcon_distutils_commands:/home/chondosha/ros2_ws/install/my_package/lib/python3.12/site-packages:${PYTHONPATH} /usr/bin/python3 -W ignore:setup.py install is deprecated setup.py egg_info --egg-base ../../build/my_package build --build-base /home/chondosha/ros2_ws/build/my_package/build install --record /home/chondosha/ros2_ws/build/my_package/install.log --single-version-externally-managed install_data
