[11.063s] Invoking command in '/home/chondosha/ros2_ws/src/my_package': DEBUGINFOD_URLS=https://debuginfod.ubuntu.com PYTHONPATH=/home/chondosha/ros2_ws/build/my_package/prefix_override:/usr/lib/python3/dist-packages/colcon_core/task/python/colcon_distutils_commands:/home/chondosha/ros2_ws/install/my_package/lib/python3.12/site-packages:${PYTHONPATH} /usr/bin/python3 -W ignore:setup.py install is deprecated setup.py egg_info --egg-base ../../build/my_package build --build-base /home/chondosha/ros2_ws/build/my_package/build install --record /home/chondosha/ros2_ws/build/my_package/install.log --single-version-externally-managed install_data
[13.846s] running egg_info
[14.054s] writing ../../build/my_package/my_package.egg-info/PKG-INFO
[14.070s] writing dependency_links to ../../build/my_package/my_package.egg-info/dependency_links.txt
[14.081s] writing entry points to ../../build/my_package/my_package.egg-info/entry_points.txt
[14.084s] writing requirements to ../../build/my_package/my_package.egg-info/requires.txt
[14.088s] writing top-level names to ../../build/my_package/my_package.egg-info/top_level.txt
[14.558s] reading manifest file '../../build/my_package/my_package.egg-info/SOURCES.txt'
[14.566s] adding license file 'LICENSE'
[14.571s] writing manifest file '../../build/my_package/my_package.egg-info/SOURCES.txt'
[14.580s] running build
[14.582s] running build_py
[14.592s] running install
[14.626s] running install_lib
[14.843s] running install_data
[14.849s] running install_egg_info
[15.092s] removing '/home/chondosha/ros2_ws/install/my_package/lib/python3.12/site-packages/my_package-0.0.0-py3.12.egg-info' (and everything under it)
[15.096s] Copying ../../build/my_package/my_package.egg-info to /home/chondosha/ros2_ws/install/my_package/lib/python3.12/site-packages/my_package-0.0.0-py3.12.egg-info
[15.107s] running install_scripts
[16.498s] Installing drone_publisher script to /home/chondosha/ros2_ws/install/my_package/lib/my_package
[16.505s] Installing mavsdk_node script to /home/chondosha/ros2_ws/install/my_package/lib/my_package
[16.515s] Installing my_node script to /home/chondosha/ros2_ws/install/my_package/lib/my_package
[16.541s] writing list of installed files to '/home/chondosha/ros2_ws/build/my_package/install.log'
[16.987s] Invoked command in '/home/chondosha/ros2_ws/src/my_package' returned '0': DEBUGINFOD_URLS=https://debuginfod.ubuntu.com PYTHONPATH=/home/chondosha/ros2_ws/build/my_package/prefix_override:/usr/lib/python3/dist-packages/colcon_core/task/python/colcon_distutils_commands:/home/chondosha/ros2_ws/install/my_package/lib/python3.12/site-packages:${PYTHONPATH} /usr/bin/python3 -W ignore:setup.py install is deprecated setup.py egg_info --egg-base ../../build/my_package build --build-base /home/chondosha/ros2_ws/build/my_package/build install --record /home/chondosha/ros2_ws/build/my_package/install.log --single-version-externally-managed install_data
