[6.991s] Invoking command in '/home/chondosha/ros2_ws/src/my_package': DEBUGINFOD_URLS=https://debuginfod.ubuntu.com PYTHONPATH=/home/chondosha/ros2_ws/build/my_package/prefix_override:/usr/lib/python3/dist-packages/colcon_core/task/python/colcon_distutils_commands:/home/chondosha/ros2_ws/install/my_package/lib/python3.12/site-packages:${PYTHONPATH} /usr/bin/python3 -W ignore:setup.py install is deprecated setup.py egg_info --egg-base ../../build/my_package build --build-base /home/chondosha/ros2_ws/build/my_package/build install --record /home/chondosha/ros2_ws/build/my_package/install.log --single-version-externally-managed install_data
[9.055s] running egg_info
[9.205s] writing ../../build/my_package/my_package.egg-info/PKG-INFO
[9.207s] writing dependency_links to ../../build/my_package/my_package.egg-info/dependency_links.txt
[9.208s] writing entry points to ../../build/my_package/my_package.egg-info/entry_points.txt
[9.210s] writing requirements to ../../build/my_package/my_package.egg-info/requires.txt
[9.211s] writing top-level names to ../../build/my_package/my_package.egg-info/top_level.txt
[9.551s] reading manifest file '../../build/my_package/my_package.egg-info/SOURCES.txt'
[9.552s] adding license file 'LICENSE'
[9.555s] writing manifest file '../../build/my_package/my_package.egg-info/SOURCES.txt'
[9.556s] running build
[9.557s] running build_py
[9.559s] running install
[9.590s] running install_lib
[9.751s] running install_data
[9.752s] running install_egg_info
[9.919s] removing '/home/chondosha/ros2_ws/install/my_package/lib/python3.12/site-packages/my_package-0.0.0-py3.12.egg-info' (and everything under it)
[9.924s] Copying ../../build/my_package/my_package.egg-info to /home/chondosha/ros2_ws/install/my_package/lib/python3.12/site-packages/my_package-0.0.0-py3.12.egg-info
[9.933s] running install_scripts
[11.002s] Installing drone_publisher script to /home/chondosha/ros2_ws/install/my_package/lib/my_package
[11.007s] Installing mavsdk_node script to /home/chondosha/ros2_ws/install/my_package/lib/my_package
[11.012s] Installing my_node script to /home/chondosha/ros2_ws/install/my_package/lib/my_package
[11.016s] writing list of installed files to '/home/chondosha/ros2_ws/build/my_package/install.log'
[11.193s] Invoked command in '/home/chondosha/ros2_ws/src/my_package' returned '0': DEBUGINFOD_URLS=https://debuginfod.ubuntu.com PYTHONPATH=/home/chondosha/ros2_ws/build/my_package/prefix_override:/usr/lib/python3/dist-packages/colcon_core/task/python/colcon_distutils_commands:/home/chondosha/ros2_ws/install/my_package/lib/python3.12/site-packages:${PYTHONPATH} /usr/bin/python3 -W ignore:setup.py install is deprecated setup.py egg_info --egg-base ../../build/my_package build --build-base /home/chondosha/ros2_ws/build/my_package/build install --record /home/chondosha/ros2_ws/build/my_package/install.log --single-version-externally-managed install_data
