[7.168s] Invoking command in '/home/chondosha/ros2_ws/src/my_package': DEBUGINFOD_URLS=https://debuginfod.ubuntu.com PYTHONPATH=/home/chondosha/ros2_ws/build/my_package/prefix_override:/usr/lib/python3/dist-packages/colcon_core/task/python/colcon_distutils_commands:/home/chondosha/ros2_ws/install/my_package/lib/python3.12/site-packages:${PYTHONPATH} /usr/bin/python3 -W ignore:setup.py install is deprecated setup.py egg_info --egg-base ../../build/my_package build --build-base /home/chondosha/ros2_ws/build/my_package/build install --record /home/chondosha/ros2_ws/build/my_package/install.log --single-version-externally-managed install_data
[9.154s] running egg_info
[9.310s] writing ../../build/my_package/my_package.egg-info/PKG-INFO
[9.311s] writing dependency_links to ../../build/my_package/my_package.egg-info/dependency_links.txt
[9.313s] writing entry points to ../../build/my_package/my_package.egg-info/entry_points.txt
[9.314s] writing requirements to ../../build/my_package/my_package.egg-info/requires.txt
[9.316s] writing top-level names to ../../build/my_package/my_package.egg-info/top_level.txt
[9.625s] reading manifest file '../../build/my_package/my_package.egg-info/SOURCES.txt'
[9.627s] adding license file 'LICENSE'
[9.630s] writing manifest file '../../build/my_package/my_package.egg-info/SOURCES.txt'
[9.631s] running build
[9.632s] running build_py
[9.633s] running install
[9.663s] running install_lib
[9.824s] running install_data
[9.825s] running install_egg_info
[9.990s] removing '/home/chondosha/ros2_ws/install/my_package/lib/python3.12/site-packages/my_package-0.0.0-py3.12.egg-info' (and everything under it)
[9.992s] Copying ../../build/my_package/my_package.egg-info to /home/chondosha/ros2_ws/install/my_package/lib/python3.12/site-packages/my_package-0.0.0-py3.12.egg-info
[10.000s] running install_scripts
[11.109s] Installing drone_publisher script to /home/chondosha/ros2_ws/install/my_package/lib/my_package
[11.110s] Installing mavsdk_node script to /home/chondosha/ros2_ws/install/my_package/lib/my_package
[11.112s] Installing my_node script to /home/chondosha/ros2_ws/install/my_package/lib/my_package
[11.113s] writing list of installed files to '/home/chondosha/ros2_ws/build/my_package/install.log'
[11.289s] Invoked command in '/home/chondosha/ros2_ws/src/my_package' returned '0': DEBUGINFOD_URLS=https://debuginfod.ubuntu.com PYTHONPATH=/home/chondosha/ros2_ws/build/my_package/prefix_override:/usr/lib/python3/dist-packages/colcon_core/task/python/colcon_distutils_commands:/home/chondosha/ros2_ws/install/my_package/lib/python3.12/site-packages:${PYTHONPATH} /usr/bin/python3 -W ignore:setup.py install is deprecated setup.py egg_info --egg-base ../../build/my_package build --build-base /home/chondosha/ros2_ws/build/my_package/build install --record /home/chondosha/ros2_ws/build/my_package/install.log --single-version-externally-managed install_data
