[5.178s] Invoking command in '/home/chondosha/ros2_ws/src/my_package': DEBUGINFOD_URLS=https://debuginfod.ubuntu.com PYTHONPATH=/home/chondosha/ros2_ws/build/my_package/prefix_override:/usr/lib/python3/dist-packages/colcon_core/task/python/colcon_distutils_commands:/home/chondosha/ros2_ws/install/my_package/lib/python3.12/site-packages:${PYTHONPATH} /usr/bin/python3 -W ignore:setup.py install is deprecated setup.py egg_info --egg-base ../../build/my_package build --build-base /home/chondosha/ros2_ws/build/my_package/build install --record /home/chondosha/ros2_ws/build/my_package/install.log --single-version-externally-managed install_data
[6.563s] running egg_info
[6.669s] writing ../../build/my_package/my_package.egg-info/PKG-INFO
[6.670s] writing dependency_links to ../../build/my_package/my_package.egg-info/dependency_links.txt
[6.671s] writing entry points to ../../build/my_package/my_package.egg-info/entry_points.txt
[6.672s] writing requirements to ../../build/my_package/my_package.egg-info/requires.txt
[6.673s] writing top-level names to ../../build/my_package/my_package.egg-info/top_level.txt
[6.892s] reading manifest file '../../build/my_package/my_package.egg-info/SOURCES.txt'
[6.894s] adding license file 'LICENSE'
[6.896s] writing manifest file '../../build/my_package/my_package.egg-info/SOURCES.txt'
[6.897s] running build
[6.897s] running build_py
[6.900s] running install
[6.926s] running install_lib
[7.037s] running install_data
[7.038s] running install_egg_info
[7.150s] removing '/home/chondosha/ros2_ws/install/my_package/lib/python3.12/site-packages/my_package-0.0.0-py3.12.egg-info' (and everything under it)
[7.152s] Copying ../../build/my_package/my_package.egg-info to /home/chondosha/ros2_ws/install/my_package/lib/python3.12/site-packages/my_package-0.0.0-py3.12.egg-info
[7.158s] running install_scripts
[7.924s] Installing drone_publisher script to /home/chondosha/ros2_ws/install/my_package/lib/my_package
[7.926s] Installing mavsdk_node script to /home/chondosha/ros2_ws/install/my_package/lib/my_package
[7.928s] Installing my_node script to /home/chondosha/ros2_ws/install/my_package/lib/my_package
[7.931s] writing list of installed files to '/home/chondosha/ros2_ws/build/my_package/install.log'
[8.174s] Invoked command in '/home/chondosha/ros2_ws/src/my_package' returned '0': DEBUGINFOD_URLS=https://debuginfod.ubuntu.com PYTHONPATH=/home/chondosha/ros2_ws/build/my_package/prefix_override:/usr/lib/python3/dist-packages/colcon_core/task/python/colcon_distutils_commands:/home/chondosha/ros2_ws/install/my_package/lib/python3.12/site-packages:${PYTHONPATH} /usr/bin/python3 -W ignore:setup.py install is deprecated setup.py egg_info --egg-base ../../build/my_package build --build-base /home/chondosha/ros2_ws/build/my_package/build install --record /home/chondosha/ros2_ws/build/my_package/install.log --single-version-externally-managed install_data
