[10.253s] Invoking command in '/home/chondosha/ros2_ws/src/cs1651_drone': DEBUGINFOD_URLS=https://debuginfod.ubuntu.com PYTHONPATH=/home/chondosha/ros2_ws/build/cs1651_drone/prefix_override:/usr/lib/python3/dist-packages/colcon_core/task/python/colcon_distutils_commands:/home/chondosha/ros2_ws/install/cs1651_drone/lib/python3.12/site-packages:${PYTHONPATH} /usr/bin/python3 -W ignore:setup.py install is deprecated setup.py egg_info --egg-base ../../build/cs1651_drone build --build-base /home/chondosha/ros2_ws/build/cs1651_drone/build install --record /home/chondosha/ros2_ws/build/cs1651_drone/install.log --single-version-externally-managed install_data
[13.220s] running egg_info
[13.485s] writing ../../build/cs1651_drone/cs1651_drone.egg-info/PKG-INFO
[13.490s] writing dependency_links to ../../build/cs1651_drone/cs1651_drone.egg-info/dependency_links.txt
[13.491s] writing entry points to ../../build/cs1651_drone/cs1651_drone.egg-info/entry_points.txt
[13.491s] writing requirements to ../../build/cs1651_drone/cs1651_drone.egg-info/requires.txt
[13.492s] writing top-level names to ../../build/cs1651_drone/cs1651_drone.egg-info/top_level.txt
[13.994s] reading manifest file '../../build/cs1651_drone/cs1651_drone.egg-info/SOURCES.txt'
[13.997s] adding license file 'LICENSE'
[14.000s] writing manifest file '../../build/cs1651_drone/cs1651_drone.egg-info/SOURCES.txt'
[14.001s] running build
[14.001s] running build_py
[14.004s] copying cs1651_drone/drone_takeoff_test.py -> /home/chondosha/ros2_ws/build/cs1651_drone/build/lib/cs1651_drone
[14.006s] running install
[14.045s] running install_lib
[14.322s] copying /home/chondosha/ros2_ws/build/cs1651_drone/build/lib/cs1651_drone/drone_takeoff_test.py -> /home/chondosha/ros2_ws/install/cs1651_drone/lib/python3.12/site-packages/cs1651_drone
[14.326s] byte-compiling /home/chondosha/ros2_ws/install/cs1651_drone/lib/python3.12/site-packages/cs1651_drone/drone_takeoff_test.py to drone_takeoff_test.cpython-312.pyc
[14.360s] running install_data
[14.366s] running install_egg_info
[14.611s] removing '/home/chondosha/ros2_ws/install/cs1651_drone/lib/python3.12/site-packages/cs1651_drone-0.0.0-py3.12.egg-info' (and everything under it)
[14.614s] Copying ../../build/cs1651_drone/cs1651_drone.egg-info to /home/chondosha/ros2_ws/install/cs1651_drone/lib/python3.12/site-packages/cs1651_drone-0.0.0-py3.12.egg-info
[14.622s] running install_scripts
[16.413s] Installing camera_node script to /home/chondosha/ros2_ws/install/cs1651_drone/lib/cs1651_drone
[16.415s] Installing drone_listener script to /home/chondosha/ros2_ws/install/cs1651_drone/lib/cs1651_drone
[16.416s] Installing drone_node script to /home/chondosha/ros2_ws/install/cs1651_drone/lib/cs1651_drone
[16.420s] Installing drone_takeoff_test script to /home/chondosha/ros2_ws/install/cs1651_drone/lib/cs1651_drone
[16.425s] writing list of installed files to '/home/chondosha/ros2_ws/build/cs1651_drone/install.log'
[16.677s] Invoked command in '/home/chondosha/ros2_ws/src/cs1651_drone' returned '0': DEBUGINFOD_URLS=https://debuginfod.ubuntu.com PYTHONPATH=/home/chondosha/ros2_ws/build/cs1651_drone/prefix_override:/usr/lib/python3/dist-packages/colcon_core/task/python/colcon_distutils_commands:/home/chondosha/ros2_ws/install/cs1651_drone/lib/python3.12/site-packages:${PYTHONPATH} /usr/bin/python3 -W ignore:setup.py install is deprecated setup.py egg_info --egg-base ../../build/cs1651_drone build --build-base /home/chondosha/ros2_ws/build/cs1651_drone/build install --record /home/chondosha/ros2_ws/build/cs1651_drone/install.log --single-version-externally-managed install_data
