[10.171s] Invoking command in '/home/chondosha/ros2_ws/src/my_package': DEBUGINFOD_URLS=https://debuginfod.ubuntu.com PYTHONPATH=/home/chondosha/ros2_ws/build/my_package/prefix_override:/usr/lib/python3/dist-packages/colcon_core/task/python/colcon_distutils_commands:/home/chondosha/ros2_ws/install/my_package/lib/python3.12/site-packages:${PYTHONPATH} /usr/bin/python3 -W ignore:setup.py install is deprecated setup.py egg_info --egg-base ../../build/my_package build --build-base /home/chondosha/ros2_ws/build/my_package/build install --record /home/chondosha/ros2_ws/build/my_package/install.log --single-version-externally-managed install_data
[13.162s] running egg_info
[13.412s] writing ../../build/my_package/my_package.egg-info/PKG-INFO
[13.413s] writing dependency_links to ../../build/my_package/my_package.egg-info/dependency_links.txt
[13.416s] writing entry points to ../../build/my_package/my_package.egg-info/entry_points.txt
[13.417s] writing requirements to ../../build/my_package/my_package.egg-info/requires.txt
[13.418s] writing top-level names to ../../build/my_package/my_package.egg-info/top_level.txt
[13.936s] reading manifest file '../../build/my_package/my_package.egg-info/SOURCES.txt'
[13.939s] adding license file 'LICENSE'
[13.946s] writing manifest file '../../build/my_package/my_package.egg-info/SOURCES.txt'
[13.948s] running build
[13.949s] running build_py
[13.950s] copying my_package/drone_test.py -> /home/chondosha/ros2_ws/build/my_package/build/lib/my_package
[13.951s] running install
[13.986s] running install_lib
[14.255s] copying /home/chondosha/ros2_ws/build/my_package/build/lib/my_package/drone_test.py -> /home/chondosha/ros2_ws/install/my_package/lib/python3.12/site-packages/my_package
[14.261s] byte-compiling /home/chondosha/ros2_ws/install/my_package/lib/python3.12/site-packages/my_package/drone_test.py to drone_test.cpython-312.pyc
[14.263s] running install_data
[14.265s] running install_egg_info
[14.516s] removing '/home/chondosha/ros2_ws/install/my_package/lib/python3.12/site-packages/my_package-0.0.0-py3.12.egg-info' (and everything under it)
[14.519s] Copying ../../build/my_package/my_package.egg-info to /home/chondosha/ros2_ws/install/my_package/lib/python3.12/site-packages/my_package-0.0.0-py3.12.egg-info
[14.528s] running install_scripts
[15.835s] Installing drone_publisher script to /home/chondosha/ros2_ws/install/my_package/lib/my_package
[15.837s] Installing mavsdk_node script to /home/chondosha/ros2_ws/install/my_package/lib/my_package
[15.855s] Installing my_node script to /home/chondosha/ros2_ws/install/my_package/lib/my_package
[15.861s] writing list of installed files to '/home/chondosha/ros2_ws/build/my_package/install.log'
[16.132s] Invoked command in '/home/chondosha/ros2_ws/src/my_package' returned '0': DEBUGINFOD_URLS=https://debuginfod.ubuntu.com PYTHONPATH=/home/chondosha/ros2_ws/build/my_package/prefix_override:/usr/lib/python3/dist-packages/colcon_core/task/python/colcon_distutils_commands:/home/chondosha/ros2_ws/install/my_package/lib/python3.12/site-packages:${PYTHONPATH} /usr/bin/python3 -W ignore:setup.py install is deprecated setup.py egg_info --egg-base ../../build/my_package build --build-base /home/chondosha/ros2_ws/build/my_package/build install --record /home/chondosha/ros2_ws/build/my_package/install.log --single-version-externally-managed install_data
