[10.398s] Invoking command in '/home/chondosha/ros2_ws/src/my_package': DEBUGINFOD_URLS=https://debuginfod.ubuntu.com PYTHONPATH=/home/chondosha/ros2_ws/build/my_package/prefix_override:/usr/lib/python3/dist-packages/colcon_core/task/python/colcon_distutils_commands:/home/chondosha/ros2_ws/install/my_package/lib/python3.12/site-packages:${PYTHONPATH} /usr/bin/python3 -W ignore:setup.py install is deprecated setup.py egg_info --egg-base ../../build/my_package build --build-base /home/chondosha/ros2_ws/build/my_package/build install --record /home/chondosha/ros2_ws/build/my_package/install.log --single-version-externally-managed install_data
[12.952s] running egg_info
[13.163s] writing ../../build/my_package/my_package.egg-info/PKG-INFO
[13.169s] writing dependency_links to ../../build/my_package/my_package.egg-info/dependency_links.txt
[13.170s] writing entry points to ../../build/my_package/my_package.egg-info/entry_points.txt
[13.171s] writing requirements to ../../build/my_package/my_package.egg-info/requires.txt
[13.171s] writing top-level names to ../../build/my_package/my_package.egg-info/top_level.txt
[13.622s] reading manifest file '../../build/my_package/my_package.egg-info/SOURCES.txt'
[13.624s] adding license file 'LICENSE'
[13.627s] writing manifest file '../../build/my_package/my_package.egg-info/SOURCES.txt'
[13.629s] running build
[13.630s] running build_py
[13.632s] running install
[13.667s] running install_lib
[13.902s] running install_data
[13.909s] running install_egg_info
[14.140s] removing '/home/chondosha/ros2_ws/install/my_package/lib/python3.12/site-packages/my_package-0.0.0-py3.12.egg-info' (and everything under it)
[14.144s] Copying ../../build/my_package/my_package.egg-info to /home/chondosha/ros2_ws/install/my_package/lib/python3.12/site-packages/my_package-0.0.0-py3.12.egg-info
[14.151s] running install_scripts
[15.762s] Installing drone_publisher script to /home/chondosha/ros2_ws/install/my_package/lib/my_package
[15.763s] Installing mavsdk_node script to /home/chondosha/ros2_ws/install/my_package/lib/my_package
[15.764s] Installing my_node script to /home/chondosha/ros2_ws/install/my_package/lib/my_package
[15.766s] writing list of installed files to '/home/chondosha/ros2_ws/build/my_package/install.log'
[16.043s] Invoked command in '/home/chondosha/ros2_ws/src/my_package' returned '0': DEBUGINFOD_URLS=https://debuginfod.ubuntu.com PYTHONPATH=/home/chondosha/ros2_ws/build/my_package/prefix_override:/usr/lib/python3/dist-packages/colcon_core/task/python/colcon_distutils_commands:/home/chondosha/ros2_ws/install/my_package/lib/python3.12/site-packages:${PYTHONPATH} /usr/bin/python3 -W ignore:setup.py install is deprecated setup.py egg_info --egg-base ../../build/my_package build --build-base /home/chondosha/ros2_ws/build/my_package/build install --record /home/chondosha/ros2_ws/build/my_package/install.log --single-version-externally-managed install_data
