[11.405s] Invoking command in '/home/chondosha/ros2_ws/src/my_package': DEBUGINFOD_URLS=https://debuginfod.ubuntu.com PYTHONPATH=/home/chondosha/ros2_ws/build/my_package/prefix_override:/usr/lib/python3/dist-packages/colcon_core/task/python/colcon_distutils_commands:/home/chondosha/ros2_ws/install/my_package/lib/python3.12/site-packages:${PYTHONPATH} /usr/bin/python3 -W ignore:setup.py install is deprecated setup.py egg_info --egg-base ../../build/my_package build --build-base /home/chondosha/ros2_ws/build/my_package/build install --record /home/chondosha/ros2_ws/build/my_package/install.log --single-version-externally-managed install_data
[15.097s] running egg_info
[15.525s] writing ../../build/my_package/my_package.egg-info/PKG-INFO
[15.527s] writing dependency_links to ../../build/my_package/my_package.egg-info/dependency_links.txt
[15.530s] writing entry points to ../../build/my_package/my_package.egg-info/entry_points.txt
[15.533s] writing requirements to ../../build/my_package/my_package.egg-info/requires.txt
[15.534s] writing top-level names to ../../build/my_package/my_package.egg-info/top_level.txt
[16.201s] reading manifest file '../../build/my_package/my_package.egg-info/SOURCES.txt'
[16.201s] adding license file 'LICENSE'
[16.203s] writing manifest file '../../build/my_package/my_package.egg-info/SOURCES.txt'
[16.206s] running build
[16.207s] running build_py
[16.208s] running install
[16.273s] running install_lib
[16.687s] running install_data
[16.694s] running install_egg_info
[17.029s] removing '/home/chondosha/ros2_ws/install/my_package/lib/python3.12/site-packages/my_package-0.0.0-py3.12.egg-info' (and everything under it)
[17.031s] Copying ../../build/my_package/my_package.egg-info to /home/chondosha/ros2_ws/install/my_package/lib/python3.12/site-packages/my_package-0.0.0-py3.12.egg-info
[17.067s] running install_scripts
[19.401s] Installing drone_publisher script to /home/chondosha/ros2_ws/install/my_package/lib/my_package
[19.413s] Installing mavsdk_node script to /home/chondosha/ros2_ws/install/my_package/lib/my_package
[19.425s] Installing my_node script to /home/chondosha/ros2_ws/install/my_package/lib/my_package
[19.431s] writing list of installed files to '/home/chondosha/ros2_ws/build/my_package/install.log'
[19.803s] Invoked command in '/home/chondosha/ros2_ws/src/my_package' returned '0': DEBUGINFOD_URLS=https://debuginfod.ubuntu.com PYTHONPATH=/home/chondosha/ros2_ws/build/my_package/prefix_override:/usr/lib/python3/dist-packages/colcon_core/task/python/colcon_distutils_commands:/home/chondosha/ros2_ws/install/my_package/lib/python3.12/site-packages:${PYTHONPATH} /usr/bin/python3 -W ignore:setup.py install is deprecated setup.py egg_info --egg-base ../../build/my_package build --build-base /home/chondosha/ros2_ws/build/my_package/build install --record /home/chondosha/ros2_ws/build/my_package/install.log --single-version-externally-managed install_data
