[10.844s] Invoking command in '/home/chondosha/ros2_ws/src/cs1651_drone': DEBUGINFOD_URLS=https://debuginfod.ubuntu.com PYTHONPATH=/home/chondosha/ros2_ws/build/cs1651_drone/prefix_override:/usr/lib/python3/dist-packages/colcon_core/task/python/colcon_distutils_commands:/home/chondosha/ros2_ws/install/cs1651_drone/lib/python3.12/site-packages:${PYTHONPATH} /usr/bin/python3 -W ignore:setup.py install is deprecated setup.py egg_info --egg-base ../../build/cs1651_drone build --build-base /home/chondosha/ros2_ws/build/cs1651_drone/build install --record /home/chondosha/ros2_ws/build/cs1651_drone/install.log --single-version-externally-managed install_data
[13.793s] running egg_info
[14.060s] writing ../../build/cs1651_drone/cs1651_drone.egg-info/PKG-INFO
[14.061s] writing dependency_links to ../../build/cs1651_drone/cs1651_drone.egg-info/dependency_links.txt
[14.063s] writing entry points to ../../build/cs1651_drone/cs1651_drone.egg-info/entry_points.txt
[14.065s] writing requirements to ../../build/cs1651_drone/cs1651_drone.egg-info/requires.txt
[14.067s] writing top-level names to ../../build/cs1651_drone/cs1651_drone.egg-info/top_level.txt
[14.506s] reading manifest file '../../build/cs1651_drone/cs1651_drone.egg-info/SOURCES.txt'
[14.507s] adding license file 'LICENSE'
[14.511s] writing manifest file '../../build/cs1651_drone/cs1651_drone.egg-info/SOURCES.txt'
[14.513s] running build
[14.513s] running build_py
[14.516s] copying cs1651_drone/control_node.py -> /home/chondosha/ros2_ws/build/cs1651_drone/build/lib/cs1651_drone
[14.517s] running install
[14.565s] running install_lib
[14.787s] copying /home/chondosha/ros2_ws/build/cs1651_drone/build/lib/cs1651_drone/control_node.py -> /home/chondosha/ros2_ws/install/cs1651_drone/lib/python3.12/site-packages/cs1651_drone
[14.801s] byte-compiling /home/chondosha/ros2_ws/install/cs1651_drone/lib/python3.12/site-packages/cs1651_drone/control_node.py to control_node.cpython-312.pyc
[14.818s] running install_data
[14.822s] running install_egg_info
[15.092s] removing '/home/chondosha/ros2_ws/install/cs1651_drone/lib/python3.12/site-packages/cs1651_drone-0.0.0-py3.12.egg-info' (and everything under it)
[15.095s] Copying ../../build/cs1651_drone/cs1651_drone.egg-info to /home/chondosha/ros2_ws/install/cs1651_drone/lib/python3.12/site-packages/cs1651_drone-0.0.0-py3.12.egg-info
[15.107s] running install_scripts
[16.740s] Installing blob_node script to /home/chondosha/ros2_ws/install/cs1651_drone/lib/cs1651_drone
[16.741s] Installing camera_node script to /home/chondosha/ros2_ws/install/cs1651_drone/lib/cs1651_drone
[16.743s] Installing control_node script to /home/chondosha/ros2_ws/install/cs1651_drone/lib/cs1651_drone
[16.744s] Installing drone_listener script to /home/chondosha/ros2_ws/install/cs1651_drone/lib/cs1651_drone
[16.744s] Installing drone_node script to /home/chondosha/ros2_ws/install/cs1651_drone/lib/cs1651_drone
[16.745s] Installing drone_takeoff_test script to /home/chondosha/ros2_ws/install/cs1651_drone/lib/cs1651_drone
[16.749s] writing list of installed files to '/home/chondosha/ros2_ws/build/cs1651_drone/install.log'
[17.006s] Invoked command in '/home/chondosha/ros2_ws/src/cs1651_drone' returned '0': DEBUGINFOD_URLS=https://debuginfod.ubuntu.com PYTHONPATH=/home/chondosha/ros2_ws/build/cs1651_drone/prefix_override:/usr/lib/python3/dist-packages/colcon_core/task/python/colcon_distutils_commands:/home/chondosha/ros2_ws/install/cs1651_drone/lib/python3.12/site-packages:${PYTHONPATH} /usr/bin/python3 -W ignore:setup.py install is deprecated setup.py egg_info --egg-base ../../build/cs1651_drone build --build-base /home/chondosha/ros2_ws/build/cs1651_drone/build install --record /home/chondosha/ros2_ws/build/cs1651_drone/install.log --single-version-externally-managed install_data
