[10.220s] Invoking command in '/home/chondosha/ros2_ws/src/my_package': DEBUGINFOD_URLS=https://debuginfod.ubuntu.com PYTHONPATH=/home/chondosha/ros2_ws/build/my_package/prefix_override:/usr/lib/python3/dist-packages/colcon_core/task/python/colcon_distutils_commands:/home/chondosha/ros2_ws/install/my_package/lib/python3.12/site-packages:${PYTHONPATH} /usr/bin/python3 -W ignore:setup.py install is deprecated setup.py egg_info --egg-base ../../build/my_package build --build-base /home/chondosha/ros2_ws/build/my_package/build install --record /home/chondosha/ros2_ws/build/my_package/install.log --single-version-externally-managed install_data
[12.889s] running egg_info
[13.106s] writing ../../build/my_package/my_package.egg-info/PKG-INFO
[13.108s] writing dependency_links to ../../build/my_package/my_package.egg-info/dependency_links.txt
[13.110s] writing entry points to ../../build/my_package/my_package.egg-info/entry_points.txt
[13.111s] writing requirements to ../../build/my_package/my_package.egg-info/requires.txt
[13.112s] writing top-level names to ../../build/my_package/my_package.egg-info/top_level.txt
[13.583s] reading manifest file '../../build/my_package/my_package.egg-info/SOURCES.txt'
[13.586s] adding license file 'LICENSE'
[13.589s] writing manifest file '../../build/my_package/my_package.egg-info/SOURCES.txt'
[13.591s] running build
[13.591s] running build_py
[13.594s] running install
[13.633s] running install_lib
[13.894s] running install_data
[13.895s] running install_egg_info
[14.126s] removing '/home/chondosha/ros2_ws/install/my_package/lib/python3.12/site-packages/my_package-0.0.0-py3.12.egg-info' (and everything under it)
[14.132s] Copying ../../build/my_package/my_package.egg-info to /home/chondosha/ros2_ws/install/my_package/lib/python3.12/site-packages/my_package-0.0.0-py3.12.egg-info
[14.142s] running install_scripts
[15.847s] Installing drone_publisher script to /home/chondosha/ros2_ws/install/my_package/lib/my_package
[15.851s] Installing mavsdk_node script to /home/chondosha/ros2_ws/install/my_package/lib/my_package
[15.856s] Installing my_node script to /home/chondosha/ros2_ws/install/my_package/lib/my_package
[15.865s] writing list of installed files to '/home/chondosha/ros2_ws/build/my_package/install.log'
[16.178s] Invoked command in '/home/chondosha/ros2_ws/src/my_package' returned '0': DEBUGINFOD_URLS=https://debuginfod.ubuntu.com PYTHONPATH=/home/chondosha/ros2_ws/build/my_package/prefix_override:/usr/lib/python3/dist-packages/colcon_core/task/python/colcon_distutils_commands:/home/chondosha/ros2_ws/install/my_package/lib/python3.12/site-packages:${PYTHONPATH} /usr/bin/python3 -W ignore:setup.py install is deprecated setup.py egg_info --egg-base ../../build/my_package build --build-base /home/chondosha/ros2_ws/build/my_package/build install --record /home/chondosha/ros2_ws/build/my_package/install.log --single-version-externally-managed install_data
