/home/chondosha/ros2_ws/install/cs1651_drone/lib/python3.12/site-packages/cs1651_drone/__init__.py
/home/chondosha/ros2_ws/install/cs1651_drone/lib/python3.12/site-packages/cs1651_drone/drone_node.py
/home/chondosha/ros2_ws/install/cs1651_drone/lib/python3.12/site-packages/cs1651_drone/drone_takeoff_test.py
/home/chondosha/ros2_ws/install/cs1651_drone/lib/python3.12/site-packages/cs1651_drone/camera_node.py
/home/chondosha/ros2_ws/install/cs1651_drone/lib/python3.12/site-packages/cs1651_drone/drone_listener.py
/home/chondosha/ros2_ws/install/cs1651_drone/lib/python3.12/site-packages/cs1651_drone/control_node.py
/home/chondosha/ros2_ws/install/cs1651_drone/lib/python3.12/site-packages/cs1651_drone/__pycache__/__init__.cpython-312.pyc
/home/chondosha/ros2_ws/install/cs1651_drone/lib/python3.12/site-packages/cs1651_drone/__pycache__/drone_node.cpython-312.pyc
/home/chondosha/ros2_ws/install/cs1651_drone/lib/python3.12/site-packages/cs1651_drone/__pycache__/drone_takeoff_test.cpython-312.pyc
/home/chondosha/ros2_ws/install/cs1651_drone/lib/python3.12/site-packages/cs1651_drone/__pycache__/camera_node.cpython-312.pyc
/home/chondosha/ros2_ws/install/cs1651_drone/lib/python3.12/site-packages/cs1651_drone/__pycache__/drone_listener.cpython-312.pyc
/home/chondosha/ros2_ws/install/cs1651_drone/lib/python3.12/site-packages/cs1651_drone/__pycache__/control_node.cpython-312.pyc
/home/chondosha/ros2_ws/install/cs1651_drone/share/ament_index/resource_index/packages/cs1651_drone
/home/chondosha/ros2_ws/install/cs1651_drone/share/cs1651_drone/package.xml
/home/chondosha/ros2_ws/install/cs1651_drone/lib/python3.12/site-packages/cs1651_drone-0.0.0-py3.12.egg-info/SOURCES.txt
/home/chondosha/ros2_ws/install/cs1651_drone/lib/python3.12/site-packages/cs1651_drone-0.0.0-py3.12.egg-info/top_level.txt
/home/chondosha/ros2_ws/install/cs1651_drone/lib/python3.12/site-packages/cs1651_drone-0.0.0-py3.12.egg-info/PKG-INFO
/home/chondosha/ros2_ws/install/cs1651_drone/lib/python3.12/site-packages/cs1651_drone-0.0.0-py3.12.egg-info/zip-safe
/home/chondosha/ros2_ws/install/cs1651_drone/lib/python3.12/site-packages/cs1651_drone-0.0.0-py3.12.egg-info/requires.txt
/home/chondosha/ros2_ws/install/cs1651_drone/lib/python3.12/site-packages/cs1651_drone-0.0.0-py3.12.egg-info/dependency_links.txt
/home/chondosha/ros2_ws/install/cs1651_drone/lib/python3.12/site-packages/cs1651_drone-0.0.0-py3.12.egg-info/entry_points.txt
/home/chondosha/ros2_ws/install/cs1651_drone/lib/cs1651_drone/camera_node
/home/chondosha/ros2_ws/install/cs1651_drone/lib/cs1651_drone/drone_listener
/home/chondosha/ros2_ws/install/cs1651_drone/lib/cs1651_drone/drone_node
/home/chondosha/ros2_ws/install/cs1651_drone/lib/cs1651_drone/drone_takeoff_test
