[9.574s] Invoking command in '/home/chondosha/ros2_ws/src/my_package': DEBUGINFOD_URLS=https://debuginfod.ubuntu.com PYTHONPATH=/home/chondosha/ros2_ws/build/my_package/prefix_override:/usr/lib/python3/dist-packages/colcon_core/task/python/colcon_distutils_commands:/home/chondosha/ros2_ws/install/my_package/lib/python3.12/site-packages:${PYTHONPATH} /usr/bin/python3 -W ignore:setup.py install is deprecated setup.py egg_info --egg-base ../../build/my_package build --build-base /home/chondosha/ros2_ws/build/my_package/build install --record /home/chondosha/ros2_ws/build/my_package/install.log --single-version-externally-managed install_data
[11.420s] running egg_info
[11.567s] writing ../../build/my_package/my_package.egg-info/PKG-INFO
[11.568s] writing dependency_links to ../../build/my_package/my_package.egg-info/dependency_links.txt
[11.569s] writing entry points to ../../build/my_package/my_package.egg-info/entry_points.txt
[11.572s] writing requirements to ../../build/my_package/my_package.egg-info/requires.txt
[11.572s] writing top-level names to ../../build/my_package/my_package.egg-info/top_level.txt
[11.876s] reading manifest file '../../build/my_package/my_package.egg-info/SOURCES.txt'
[11.878s] adding license file 'LICENSE'
[11.881s] writing manifest file '../../build/my_package/my_package.egg-info/SOURCES.txt'
[11.882s] running build
[11.883s] running build_py
[11.885s] running install
[11.920s] running install_lib
[12.074s] running install_data
[12.076s] running install_egg_info
[12.266s] removing '/home/chondosha/ros2_ws/install/my_package/lib/python3.12/site-packages/my_package-0.0.0-py3.12.egg-info' (and everything under it)
[12.268s] Copying ../../build/my_package/my_package.egg-info to /home/chondosha/ros2_ws/install/my_package/lib/python3.12/site-packages/my_package-0.0.0-py3.12.egg-info
[12.277s] running install_scripts
[13.542s] Installing drone_publisher script to /home/chondosha/ros2_ws/install/my_package/lib/my_package
[13.544s] Installing mavsdk_node script to /home/chondosha/ros2_ws/install/my_package/lib/my_package
[13.546s] Installing my_node script to /home/chondosha/ros2_ws/install/my_package/lib/my_package
[13.554s] writing list of installed files to '/home/chondosha/ros2_ws/build/my_package/install.log'
[13.812s] Invoked command in '/home/chondosha/ros2_ws/src/my_package' returned '0': DEBUGINFOD_URLS=https://debuginfod.ubuntu.com PYTHONPATH=/home/chondosha/ros2_ws/build/my_package/prefix_override:/usr/lib/python3/dist-packages/colcon_core/task/python/colcon_distutils_commands:/home/chondosha/ros2_ws/install/my_package/lib/python3.12/site-packages:${PYTHONPATH} /usr/bin/python3 -W ignore:setup.py install is deprecated setup.py egg_info --egg-base ../../build/my_package build --build-base /home/chondosha/ros2_ws/build/my_package/build install --record /home/chondosha/ros2_ws/build/my_package/install.log --single-version-externally-managed install_data
