[10.624s] Invoking command in '/home/chondosha/ros2_ws/src/my_package': DEBUGINFOD_URLS=https://debuginfod.ubuntu.com PYTHONPATH=/home/chondosha/ros2_ws/build/my_package/prefix_override:/usr/lib/python3/dist-packages/colcon_core/task/python/colcon_distutils_commands:/home/chondosha/ros2_ws/install/my_package/lib/python3.12/site-packages:${PYTHONPATH} /usr/bin/python3 -W ignore:setup.py install is deprecated setup.py egg_info --egg-base ../../build/my_package build --build-base /home/chondosha/ros2_ws/build/my_package/build install --record /home/chondosha/ros2_ws/build/my_package/install.log --single-version-externally-managed install_data
[14.142s] running egg_info
[14.146s] creating ../../build/my_package/my_package.egg-info
[14.378s] writing ../../build/my_package/my_package.egg-info/PKG-INFO
[14.379s] writing dependency_links to ../../build/my_package/my_package.egg-info/dependency_links.txt
[14.383s] writing entry points to ../../build/my_package/my_package.egg-info/entry_points.txt
[14.388s] writing requirements to ../../build/my_package/my_package.egg-info/requires.txt
[14.397s] writing top-level names to ../../build/my_package/my_package.egg-info/top_level.txt
[14.404s] writing manifest file '../../build/my_package/my_package.egg-info/SOURCES.txt'
[14.870s] reading manifest file '../../build/my_package/my_package.egg-info/SOURCES.txt'
[14.873s] adding license file 'LICENSE'
[14.877s] writing manifest file '../../build/my_package/my_package.egg-info/SOURCES.txt'
[14.880s] running build
[14.882s] running build_py
[14.885s] creating /home/chondosha/ros2_ws/build/my_package/build
[14.893s] creating /home/chondosha/ros2_ws/build/my_package/build/lib
[14.899s] creating /home/chondosha/ros2_ws/build/my_package/build/lib/my_package
[14.904s] copying my_package/__init__.py -> /home/chondosha/ros2_ws/build/my_package/build/lib/my_package
[14.904s] copying my_package/publisher_test.py -> /home/chondosha/ros2_ws/build/my_package/build/lib/my_package
[14.910s] copying my_package/mavsdk_test.py -> /home/chondosha/ros2_ws/build/my_package/build/lib/my_package
[14.920s] copying my_package/my_node.py -> /home/chondosha/ros2_ws/build/my_package/build/lib/my_package
[14.925s] copying my_package/drone_test.py -> /home/chondosha/ros2_ws/build/my_package/build/lib/my_package
[14.930s] running install
[14.974s] running install_lib
[15.287s] creating /home/chondosha/ros2_ws/install/my_package/lib/python3.12/site-packages/my_package
[15.291s] copying /home/chondosha/ros2_ws/build/my_package/build/lib/my_package/__init__.py -> /home/chondosha/ros2_ws/install/my_package/lib/python3.12/site-packages/my_package
[15.292s] copying /home/chondosha/ros2_ws/build/my_package/build/lib/my_package/publisher_test.py -> /home/chondosha/ros2_ws/install/my_package/lib/python3.12/site-packages/my_package
[15.293s] copying /home/chondosha/ros2_ws/build/my_package/build/lib/my_package/mavsdk_test.py -> /home/chondosha/ros2_ws/install/my_package/lib/python3.12/site-packages/my_package
[15.296s] copying /home/chondosha/ros2_ws/build/my_package/build/lib/my_package/my_node.py -> /home/chondosha/ros2_ws/install/my_package/lib/python3.12/site-packages/my_package
[15.297s] copying /home/chondosha/ros2_ws/build/my_package/build/lib/my_package/drone_test.py -> /home/chondosha/ros2_ws/install/my_package/lib/python3.12/site-packages/my_package
[15.305s] byte-compiling /home/chondosha/ros2_ws/install/my_package/lib/python3.12/site-packages/my_package/__init__.py to __init__.cpython-312.pyc
[15.306s] byte-compiling /home/chondosha/ros2_ws/install/my_package/lib/python3.12/site-packages/my_package/publisher_test.py to publisher_test.cpython-312.pyc
[15.308s] byte-compiling /home/chondosha/ros2_ws/install/my_package/lib/python3.12/site-packages/my_package/mavsdk_test.py to mavsdk_test.cpython-312.pyc
[15.316s] byte-compiling /home/chondosha/ros2_ws/install/my_package/lib/python3.12/site-packages/my_package/my_node.py to my_node.cpython-312.pyc
[15.328s] byte-compiling /home/chondosha/ros2_ws/install/my_package/lib/python3.12/site-packages/my_package/drone_test.py to drone_test.cpython-312.pyc
[15.329s] running install_data
[15.333s] creating /home/chondosha/ros2_ws/install/my_package/share/ament_index
[15.334s] creating /home/chondosha/ros2_ws/install/my_package/share/ament_index/resource_index
[15.335s] creating /home/chondosha/ros2_ws/install/my_package/share/ament_index/resource_index/packages
[15.341s] copying resource/my_package -> /home/chondosha/ros2_ws/install/my_package/share/ament_index/resource_index/packages
[15.341s] copying package.xml -> /home/chondosha/ros2_ws/install/my_package/share/my_package
[15.346s] copying launch/mavros.launch.py -> /home/chondosha/ros2_ws/install/my_package/share/my_package
[15.347s] creating /home/chondosha/ros2_ws/install/my_package/share/my_package/config
[15.348s] copying config/px4_config.yaml -> /home/chondosha/ros2_ws/install/my_package/share/my_package/config
[15.354s] running install_egg_info
[15.599s] Copying ../../build/my_package/my_package.egg-info to /home/chondosha/ros2_ws/install/my_package/lib/python3.12/site-packages/my_package-0.0.0-py3.12.egg-info
[15.633s] running install_scripts
[17.391s] Installing drone_publisher script to /home/chondosha/ros2_ws/install/my_package/lib/my_package
[17.393s] Installing mavsdk_node script to /home/chondosha/ros2_ws/install/my_package/lib/my_package
[17.397s] Installing my_node script to /home/chondosha/ros2_ws/install/my_package/lib/my_package
[17.399s] writing list of installed files to '/home/chondosha/ros2_ws/build/my_package/install.log'
[17.739s] Invoked command in '/home/chondosha/ros2_ws/src/my_package' returned '0': DEBUGINFOD_URLS=https://debuginfod.ubuntu.com PYTHONPATH=/home/chondosha/ros2_ws/build/my_package/prefix_override:/usr/lib/python3/dist-packages/colcon_core/task/python/colcon_distutils_commands:/home/chondosha/ros2_ws/install/my_package/lib/python3.12/site-packages:${PYTHONPATH} /usr/bin/python3 -W ignore:setup.py install is deprecated setup.py egg_info --egg-base ../../build/my_package build --build-base /home/chondosha/ros2_ws/build/my_package/build install --record /home/chondosha/ros2_ws/build/my_package/install.log --single-version-externally-managed install_data
