[0.698s] DEBUG:colcon:Command line arguments: ['/usr/bin/colcon', 'build']
[0.699s] DEBUG:colcon:Parsed command line arguments: Namespace(log_base=None, log_level=None, verb_name='build', build_base='build', install_base='install', merge_install=False, symlink_install=False, test_result_base=None, continue_on_error=False, executor='parallel', parallel_workers=4, event_handlers=None, ignore_user_meta=False, metas=['./colcon.meta'], base_paths=['.'], packages_ignore=None, packages_ignore_regex=None, paths=None, packages_up_to=None, packages_up_to_regex=None, packages_above=None, packages_above_and_dependencies=None, packages_above_depth=None, packages_select_by_dep=None, packages_skip_by_dep=None, packages_skip_up_to=None, packages_select_build_failed=False, packages_skip_build_finished=False, packages_select_test_failures=False, packages_skip_test_passed=False, packages_select=None, packages_skip=None, packages_select_regex=None, packages_skip_regex=None, packages_start=None, packages_end=None, allow_overriding=[], cmake_args=None, cmake_target=None, cmake_target_skip_unavailable=False, cmake_clean_cache=False, cmake_clean_first=False, cmake_force_configure=False, ament_cmake_args=None, catkin_cmake_args=None, catkin_skip_building_tests=False, mixin_files=None, mixin=None, verb_parser=<colcon_mixin.mixin.mixin_argument.MixinArgumentDecorator object at 0xffff99d2eba0>, verb_extension=<colcon_core.verb.build.BuildVerb object at 0xffff99ea9a90>, main=<bound method BuildVerb.main of <colcon_core.verb.build.BuildVerb object at 0xffff99ea9a90>>, mixin_verb=('build',))
[0.931s] Level 1:colcon.colcon_core.package_discovery:discover_packages(colcon_meta) check parameters
[0.931s] Level 1:colcon.colcon_core.package_discovery:discover_packages(recursive) check parameters
[0.932s] Level 1:colcon.colcon_core.package_discovery:discover_packages(ignore) check parameters
[0.932s] Level 1:colcon.colcon_core.package_discovery:discover_packages(path) check parameters
[0.932s] Level 1:colcon.colcon_core.package_discovery:discover_packages(colcon_meta) discover
[0.932s] Level 1:colcon.colcon_core.package_discovery:discover_packages(recursive) discover
[0.932s] INFO:colcon.colcon_core.package_discovery:Crawling recursively for packages in '/home/chondosha/ros2_ws'
[0.933s] Level 1:colcon.colcon_core.package_identification:_identify(.) by extensions ['ignore', 'ignore_ament_install']
[0.934s] Level 1:colcon.colcon_core.package_identification:_identify(.) by extension 'ignore'
[0.934s] Level 1:colcon.colcon_core.package_identification:_identify(.) by extension 'ignore_ament_install'
[0.935s] Level 1:colcon.colcon_core.package_identification:_identify(.) by extensions ['colcon_pkg']
[0.935s] Level 1:colcon.colcon_core.package_identification:_identify(.) by extension 'colcon_pkg'
[0.935s] Level 1:colcon.colcon_core.package_identification:_identify(.) by extensions ['colcon_meta']
[0.935s] Level 1:colcon.colcon_core.package_identification:_identify(.) by extension 'colcon_meta'
[0.935s] Level 1:colcon.colcon_core.package_identification:_identify(.) by extensions ['ros']
[0.936s] Level 1:colcon.colcon_core.package_identification:_identify(.) by extension 'ros'
[1.076s] Level 1:colcon.colcon_core.package_identification:_identify(.) by extensions ['cmake', 'python']
[1.076s] Level 1:colcon.colcon_core.package_identification:_identify(.) by extension 'cmake'
[1.077s] Level 1:colcon.colcon_core.package_identification:_identify(.) by extension 'python'
[1.077s] Level 1:colcon.colcon_core.package_identification:_identify(.) by extensions ['python_setup_py']
[1.077s] Level 1:colcon.colcon_core.package_identification:_identify(.) by extension 'python_setup_py'
[1.078s] Level 1:colcon.colcon_core.package_identification:_identify(build) by extensions ['ignore', 'ignore_ament_install']
[1.079s] Level 1:colcon.colcon_core.package_identification:_identify(build) by extension 'ignore'
[1.079s] Level 1:colcon.colcon_core.package_identification:_identify(build) ignored
[1.080s] Level 1:colcon.colcon_core.package_identification:_identify(install) by extensions ['ignore', 'ignore_ament_install']
[1.080s] Level 1:colcon.colcon_core.package_identification:_identify(install) by extension 'ignore'
[1.081s] Level 1:colcon.colcon_core.package_identification:_identify(install) ignored
[1.083s] Level 1:colcon.colcon_core.package_identification:_identify(log) by extensions ['ignore', 'ignore_ament_install']
[1.084s] Level 1:colcon.colcon_core.package_identification:_identify(log) by extension 'ignore'
[1.084s] Level 1:colcon.colcon_core.package_identification:_identify(log) ignored
[1.085s] Level 1:colcon.colcon_core.package_identification:_identify(src) by extensions ['ignore', 'ignore_ament_install']
[1.085s] Level 1:colcon.colcon_core.package_identification:_identify(src) by extension 'ignore'
[1.086s] Level 1:colcon.colcon_core.package_identification:_identify(src) by extension 'ignore_ament_install'
[1.086s] Level 1:colcon.colcon_core.package_identification:_identify(src) by extensions ['colcon_pkg']
[1.086s] Level 1:colcon.colcon_core.package_identification:_identify(src) by extension 'colcon_pkg'
[1.086s] Level 1:colcon.colcon_core.package_identification:_identify(src) by extensions ['colcon_meta']
[1.087s] Level 1:colcon.colcon_core.package_identification:_identify(src) by extension 'colcon_meta'
[1.087s] Level 1:colcon.colcon_core.package_identification:_identify(src) by extensions ['ros']
[1.087s] Level 1:colcon.colcon_core.package_identification:_identify(src) by extension 'ros'
[1.088s] Level 1:colcon.colcon_core.package_identification:_identify(src) by extensions ['cmake', 'python']
[1.088s] Level 1:colcon.colcon_core.package_identification:_identify(src) by extension 'cmake'
[1.088s] Level 1:colcon.colcon_core.package_identification:_identify(src) by extension 'python'
[1.089s] Level 1:colcon.colcon_core.package_identification:_identify(src) by extensions ['python_setup_py']
[1.089s] Level 1:colcon.colcon_core.package_identification:_identify(src) by extension 'python_setup_py'
[1.089s] Level 1:colcon.colcon_core.package_identification:_identify(src/cs1651_drone) by extensions ['ignore', 'ignore_ament_install']
[1.090s] Level 1:colcon.colcon_core.package_identification:_identify(src/cs1651_drone) by extension 'ignore'
[1.091s] Level 1:colcon.colcon_core.package_identification:_identify(src/cs1651_drone) by extension 'ignore_ament_install'
[1.091s] Level 1:colcon.colcon_core.package_identification:_identify(src/cs1651_drone) by extensions ['colcon_pkg']
[1.091s] Level 1:colcon.colcon_core.package_identification:_identify(src/cs1651_drone) by extension 'colcon_pkg'
[1.091s] Level 1:colcon.colcon_core.package_identification:_identify(src/cs1651_drone) by extensions ['colcon_meta']
[1.091s] Level 1:colcon.colcon_core.package_identification:_identify(src/cs1651_drone) by extension 'colcon_meta'
[1.092s] Level 1:colcon.colcon_core.package_identification:_identify(src/cs1651_drone) by extensions ['ros']
[1.092s] Level 1:colcon.colcon_core.package_identification:_identify(src/cs1651_drone) by extension 'ros'
[1.103s] DEBUG:colcon.colcon_core.package_identification:Package 'src/cs1651_drone' with type 'ros.ament_python' and name 'cs1651_drone'
[1.104s] Level 1:colcon.colcon_core.package_identification:_identify(src/my_package) by extensions ['ignore', 'ignore_ament_install']
[1.105s] Level 1:colcon.colcon_core.package_identification:_identify(src/my_package) by extension 'ignore'
[1.105s] Level 1:colcon.colcon_core.package_identification:_identify(src/my_package) by extension 'ignore_ament_install'
[1.106s] Level 1:colcon.colcon_core.package_identification:_identify(src/my_package) by extensions ['colcon_pkg']
[1.106s] Level 1:colcon.colcon_core.package_identification:_identify(src/my_package) by extension 'colcon_pkg'
[1.106s] Level 1:colcon.colcon_core.package_identification:_identify(src/my_package) by extensions ['colcon_meta']
[1.107s] Level 1:colcon.colcon_core.package_identification:_identify(src/my_package) by extension 'colcon_meta'
[1.107s] Level 1:colcon.colcon_core.package_identification:_identify(src/my_package) by extensions ['ros']
[1.107s] Level 1:colcon.colcon_core.package_identification:_identify(src/my_package) by extension 'ros'
[1.109s] DEBUG:colcon.colcon_core.package_identification:Package 'src/my_package' with type 'ros.ament_python' and name 'my_package'
[1.110s] Level 1:colcon.colcon_core.package_identification:_identify(venv) by extensions ['ignore', 'ignore_ament_install']
[1.110s] Level 1:colcon.colcon_core.package_identification:_identify(venv) by extension 'ignore'
[1.111s] Level 1:colcon.colcon_core.package_identification:_identify(venv) ignored
[1.111s] Level 1:colcon.colcon_core.package_discovery:discover_packages(recursive) using defaults
[1.111s] Level 1:colcon.colcon_core.package_discovery:discover_packages(ignore) discover
[1.111s] Level 1:colcon.colcon_core.package_discovery:discover_packages(ignore) using defaults
[1.111s] Level 1:colcon.colcon_core.package_discovery:discover_packages(path) discover
[1.111s] Level 1:colcon.colcon_core.package_discovery:discover_packages(path) using defaults
[1.207s] Level 1:colcon.colcon_core.package_discovery:discover_packages(prefix_path) check parameters
[1.207s] Level 1:colcon.colcon_core.package_discovery:discover_packages(prefix_path) discover
[1.219s] DEBUG:colcon.colcon_installed_package_information.package_discovery:Found 3 installed packages in /home/chondosha/ros2_ws/install
[1.231s] DEBUG:colcon.colcon_installed_package_information.package_discovery:Found 298 installed packages in /opt/ros/jazzy
[1.236s] Level 1:colcon.colcon_core.package_discovery:discover_packages(prefix_path) using defaults
[1.545s] Level 5:colcon.colcon_core.verb:set package 'cs1651_drone' build argument 'cmake_args' from command line to 'None'
[1.546s] Level 5:colcon.colcon_core.verb:set package 'cs1651_drone' build argument 'cmake_target' from command line to 'None'
[1.546s] Level 5:colcon.colcon_core.verb:set package 'cs1651_drone' build argument 'cmake_target_skip_unavailable' from command line to 'False'
[1.546s] Level 5:colcon.colcon_core.verb:set package 'cs1651_drone' build argument 'cmake_clean_cache' from command line to 'False'
[1.546s] Level 5:colcon.colcon_core.verb:set package 'cs1651_drone' build argument 'cmake_clean_first' from command line to 'False'
[1.546s] Level 5:colcon.colcon_core.verb:set package 'cs1651_drone' build argument 'cmake_force_configure' from command line to 'False'
[1.546s] Level 5:colcon.colcon_core.verb:set package 'cs1651_drone' build argument 'ament_cmake_args' from command line to 'None'
[1.547s] Level 5:colcon.colcon_core.verb:set package 'cs1651_drone' build argument 'catkin_cmake_args' from command line to 'None'
[1.547s] Level 5:colcon.colcon_core.verb:set package 'cs1651_drone' build argument 'catkin_skip_building_tests' from command line to 'False'
[1.547s] DEBUG:colcon.colcon_core.verb:Building package 'cs1651_drone' with the following arguments: {'ament_cmake_args': None, 'build_base': '/home/chondosha/ros2_ws/build/cs1651_drone', 'catkin_cmake_args': None, 'catkin_skip_building_tests': False, 'cmake_args': None, 'cmake_clean_cache': False, 'cmake_clean_first': False, 'cmake_force_configure': False, 'cmake_target': None, 'cmake_target_skip_unavailable': False, 'install_base': '/home/chondosha/ros2_ws/install/cs1651_drone', 'merge_install': False, 'path': '/home/chondosha/ros2_ws/src/cs1651_drone', 'symlink_install': False, 'test_result_base': None}
[1.549s] Level 5:colcon.colcon_core.verb:set package 'my_package' build argument 'cmake_args' from command line to 'None'
[1.549s] Level 5:colcon.colcon_core.verb:set package 'my_package' build argument 'cmake_target' from command line to 'None'
[1.549s] Level 5:colcon.colcon_core.verb:set package 'my_package' build argument 'cmake_target_skip_unavailable' from command line to 'False'
[1.549s] Level 5:colcon.colcon_core.verb:set package 'my_package' build argument 'cmake_clean_cache' from command line to 'False'
[1.549s] Level 5:colcon.colcon_core.verb:set package 'my_package' build argument 'cmake_clean_first' from command line to 'False'
[1.549s] Level 5:colcon.colcon_core.verb:set package 'my_package' build argument 'cmake_force_configure' from command line to 'False'
[1.550s] Level 5:colcon.colcon_core.verb:set package 'my_package' build argument 'ament_cmake_args' from command line to 'None'
[1.550s] Level 5:colcon.colcon_core.verb:set package 'my_package' build argument 'catkin_cmake_args' from command line to 'None'
[1.550s] Level 5:colcon.colcon_core.verb:set package 'my_package' build argument 'catkin_skip_building_tests' from command line to 'False'
[1.550s] DEBUG:colcon.colcon_core.verb:Building package 'my_package' with the following arguments: {'ament_cmake_args': None, 'build_base': '/home/chondosha/ros2_ws/build/my_package', 'catkin_cmake_args': None, 'catkin_skip_building_tests': False, 'cmake_args': None, 'cmake_clean_cache': False, 'cmake_clean_first': False, 'cmake_force_configure': False, 'cmake_target': None, 'cmake_target_skip_unavailable': False, 'install_base': '/home/chondosha/ros2_ws/install/my_package', 'merge_install': False, 'path': '/home/chondosha/ros2_ws/src/my_package', 'symlink_install': False, 'test_result_base': None}
[1.551s] INFO:colcon.colcon_core.executor:Executing jobs using 'parallel' executor
[1.555s] DEBUG:colcon.colcon_parallel_executor.executor.parallel:run_until_complete
[1.556s] INFO:colcon.colcon_ros.task.ament_python.build:Building ROS package in '/home/chondosha/ros2_ws/src/cs1651_drone' with build type 'ament_python'
[1.557s] Level 1:colcon.colcon_core.shell:create_environment_hook('cs1651_drone', 'ament_prefix_path')
[1.568s] INFO:colcon.colcon_core.plugin_system:Skipping extension 'colcon_core.shell.bat': Not used on non-Windows systems
[1.570s] INFO:colcon.colcon_core.shell:Creating environment hook '/home/chondosha/ros2_ws/install/cs1651_drone/share/cs1651_drone/hook/ament_prefix_path.ps1'
[1.573s] INFO:colcon.colcon_core.shell:Creating environment descriptor '/home/chondosha/ros2_ws/install/cs1651_drone/share/cs1651_drone/hook/ament_prefix_path.dsv'
[1.576s] INFO:colcon.colcon_core.shell:Creating environment hook '/home/chondosha/ros2_ws/install/cs1651_drone/share/cs1651_drone/hook/ament_prefix_path.sh'
[1.580s] INFO:colcon.colcon_core.shell:Skip shell extension 'powershell' for command environment: Not usable outside of PowerShell
[1.580s] DEBUG:colcon.colcon_core.shell:Skip shell extension 'dsv' for command environment
[1.603s] INFO:colcon.colcon_ros.task.ament_python.build:Building ROS package in '/home/chondosha/ros2_ws/src/my_package' with build type 'ament_python'
[1.604s] Level 1:colcon.colcon_core.shell:create_environment_hook('my_package', 'ament_prefix_path')
[1.605s] INFO:colcon.colcon_core.shell:Creating environment hook '/home/chondosha/ros2_ws/install/my_package/share/my_package/hook/ament_prefix_path.ps1'
[1.609s] INFO:colcon.colcon_core.shell:Creating environment descriptor '/home/chondosha/ros2_ws/install/my_package/share/my_package/hook/ament_prefix_path.dsv'
[1.612s] INFO:colcon.colcon_core.shell:Creating environment hook '/home/chondosha/ros2_ws/install/my_package/share/my_package/hook/ament_prefix_path.sh'
[1.615s] INFO:colcon.colcon_core.shell:Skip shell extension 'powershell' for command environment: Not usable outside of PowerShell
[1.615s] DEBUG:colcon.colcon_core.shell:Skip shell extension 'dsv' for command environment
[3.049s] INFO:colcon.colcon_core.task.python.build:Building Python package in '/home/chondosha/ros2_ws/src/cs1651_drone'
[3.050s] INFO:colcon.colcon_core.shell:Skip shell extension 'powershell' for command environment: Not usable outside of PowerShell
[3.050s] DEBUG:colcon.colcon_core.shell:Skip shell extension 'dsv' for command environment
[4.354s] INFO:colcon.colcon_core.task.python.build:Building Python package in '/home/chondosha/ros2_ws/src/my_package'
[4.355s] INFO:colcon.colcon_core.shell:Skip shell extension 'powershell' for command environment: Not usable outside of PowerShell
[4.356s] DEBUG:colcon.colcon_core.shell:Skip shell extension 'dsv' for command environment
[8.552s] DEBUG:colcon.colcon_core.event_handler.log_command:Invoking command in '/home/chondosha/ros2_ws/src/cs1651_drone': DEBUGINFOD_URLS=https://debuginfod.ubuntu.com PYTHONPATH=/home/chondosha/ros2_ws/build/cs1651_drone/prefix_override:/usr/lib/python3/dist-packages/colcon_core/task/python/colcon_distutils_commands:/home/chondosha/ros2_ws/install/cs1651_drone/lib/python3.12/site-packages:${PYTHONPATH} /usr/bin/python3 -W ignore:setup.py install is deprecated setup.py egg_info --egg-base ../../build/cs1651_drone build --build-base /home/chondosha/ros2_ws/build/cs1651_drone/build install --record /home/chondosha/ros2_ws/build/cs1651_drone/install.log --single-version-externally-managed install_data
[8.579s] DEBUG:colcon.colcon_core.event_handler.log_command:Invoking command in '/home/chondosha/ros2_ws/src/my_package': DEBUGINFOD_URLS=https://debuginfod.ubuntu.com PYTHONPATH=/home/chondosha/ros2_ws/build/my_package/prefix_override:/usr/lib/python3/dist-packages/colcon_core/task/python/colcon_distutils_commands:/home/chondosha/ros2_ws/install/my_package/lib/python3.12/site-packages:${PYTHONPATH} /usr/bin/python3 -W ignore:setup.py install is deprecated setup.py egg_info --egg-base ../../build/my_package build --build-base /home/chondosha/ros2_ws/build/my_package/build install --record /home/chondosha/ros2_ws/build/my_package/install.log --single-version-externally-managed install_data
[12.537s] DEBUG:colcon.colcon_core.event_handler.log_command:Invoked command in '/home/chondosha/ros2_ws/src/cs1651_drone' returned '0': DEBUGINFOD_URLS=https://debuginfod.ubuntu.com PYTHONPATH=/home/chondosha/ros2_ws/build/cs1651_drone/prefix_override:/usr/lib/python3/dist-packages/colcon_core/task/python/colcon_distutils_commands:/home/chondosha/ros2_ws/install/cs1651_drone/lib/python3.12/site-packages:${PYTHONPATH} /usr/bin/python3 -W ignore:setup.py install is deprecated setup.py egg_info --egg-base ../../build/cs1651_drone build --build-base /home/chondosha/ros2_ws/build/cs1651_drone/build install --record /home/chondosha/ros2_ws/build/cs1651_drone/install.log --single-version-externally-managed install_data
[12.551s] Level 1:colcon.colcon_core.environment:checking '/home/chondosha/ros2_ws/install/cs1651_drone' for CMake module files
[12.554s] Level 1:colcon.colcon_core.environment:checking '/home/chondosha/ros2_ws/install/cs1651_drone' for CMake config files
[12.559s] Level 1:colcon.colcon_core.environment:checking '/home/chondosha/ros2_ws/install/cs1651_drone/lib'
[12.560s] Level 1:colcon.colcon_core.environment:checking '/home/chondosha/ros2_ws/install/cs1651_drone/bin'
[12.561s] Level 1:colcon.colcon_core.environment:checking '/home/chondosha/ros2_ws/install/cs1651_drone/lib/pkgconfig/cs1651_drone.pc'
[12.562s] Level 1:colcon.colcon_core.environment:checking '/home/chondosha/ros2_ws/install/cs1651_drone/lib/python3.12/site-packages'
[12.562s] Level 1:colcon.colcon_core.shell:create_environment_hook('cs1651_drone', 'pythonpath')
[12.563s] INFO:colcon.colcon_core.shell:Creating environment hook '/home/chondosha/ros2_ws/install/cs1651_drone/share/cs1651_drone/hook/pythonpath.ps1'
[12.566s] INFO:colcon.colcon_core.shell:Creating environment descriptor '/home/chondosha/ros2_ws/install/cs1651_drone/share/cs1651_drone/hook/pythonpath.dsv'
[12.568s] INFO:colcon.colcon_core.shell:Creating environment hook '/home/chondosha/ros2_ws/install/cs1651_drone/share/cs1651_drone/hook/pythonpath.sh'
[12.571s] Level 1:colcon.colcon_core.environment:checking '/home/chondosha/ros2_ws/install/cs1651_drone/bin'
[12.572s] Level 1:colcon.colcon_core.environment:create_environment_scripts_only(cs1651_drone)
[12.573s] INFO:colcon.colcon_core.shell:Creating package script '/home/chondosha/ros2_ws/install/cs1651_drone/share/cs1651_drone/package.ps1'
[12.577s] INFO:colcon.colcon_core.shell:Creating package descriptor '/home/chondosha/ros2_ws/install/cs1651_drone/share/cs1651_drone/package.dsv'
[12.580s] INFO:colcon.colcon_core.shell:Creating package script '/home/chondosha/ros2_ws/install/cs1651_drone/share/cs1651_drone/package.sh'
[12.583s] INFO:colcon.colcon_core.shell:Creating package script '/home/chondosha/ros2_ws/install/cs1651_drone/share/cs1651_drone/package.bash'
[12.587s] INFO:colcon.colcon_core.shell:Creating package script '/home/chondosha/ros2_ws/install/cs1651_drone/share/cs1651_drone/package.zsh'
[12.590s] Level 1:colcon.colcon_core.environment:create_file_with_runtime_dependencies(/home/chondosha/ros2_ws/install/cs1651_drone/share/colcon-core/packages/cs1651_drone)
[12.874s] Level 1:colcon.colcon_core.environment:checking '/home/chondosha/ros2_ws/install/my_package' for CMake module files
[12.876s] DEBUG:colcon.colcon_core.event_handler.log_command:Invoked command in '/home/chondosha/ros2_ws/src/my_package' returned '0': DEBUGINFOD_URLS=https://debuginfod.ubuntu.com PYTHONPATH=/home/chondosha/ros2_ws/build/my_package/prefix_override:/usr/lib/python3/dist-packages/colcon_core/task/python/colcon_distutils_commands:/home/chondosha/ros2_ws/install/my_package/lib/python3.12/site-packages:${PYTHONPATH} /usr/bin/python3 -W ignore:setup.py install is deprecated setup.py egg_info --egg-base ../../build/my_package build --build-base /home/chondosha/ros2_ws/build/my_package/build install --record /home/chondosha/ros2_ws/build/my_package/install.log --single-version-externally-managed install_data
[12.878s] Level 1:colcon.colcon_core.environment:checking '/home/chondosha/ros2_ws/install/my_package' for CMake config files
[12.881s] Level 1:colcon.colcon_core.environment:checking '/home/chondosha/ros2_ws/install/my_package/lib'
[12.882s] Level 1:colcon.colcon_core.environment:checking '/home/chondosha/ros2_ws/install/my_package/bin'
[12.882s] Level 1:colcon.colcon_core.environment:checking '/home/chondosha/ros2_ws/install/my_package/lib/pkgconfig/my_package.pc'
[12.884s] Level 1:colcon.colcon_core.environment:checking '/home/chondosha/ros2_ws/install/my_package/lib/python3.12/site-packages'
[12.884s] Level 1:colcon.colcon_core.shell:create_environment_hook('my_package', 'pythonpath')
[12.885s] INFO:colcon.colcon_core.shell:Creating environment hook '/home/chondosha/ros2_ws/install/my_package/share/my_package/hook/pythonpath.ps1'
[12.888s] INFO:colcon.colcon_core.shell:Creating environment descriptor '/home/chondosha/ros2_ws/install/my_package/share/my_package/hook/pythonpath.dsv'
[12.890s] INFO:colcon.colcon_core.shell:Creating environment hook '/home/chondosha/ros2_ws/install/my_package/share/my_package/hook/pythonpath.sh'
[12.894s] Level 1:colcon.colcon_core.environment:checking '/home/chondosha/ros2_ws/install/my_package/bin'
[12.894s] Level 1:colcon.colcon_core.environment:create_environment_scripts_only(my_package)
[12.896s] INFO:colcon.colcon_core.shell:Creating package script '/home/chondosha/ros2_ws/install/my_package/share/my_package/package.ps1'
[12.899s] INFO:colcon.colcon_core.shell:Creating package descriptor '/home/chondosha/ros2_ws/install/my_package/share/my_package/package.dsv'
[12.902s] INFO:colcon.colcon_core.shell:Creating package script '/home/chondosha/ros2_ws/install/my_package/share/my_package/package.sh'
[12.904s] INFO:colcon.colcon_core.shell:Creating package script '/home/chondosha/ros2_ws/install/my_package/share/my_package/package.bash'
[12.907s] INFO:colcon.colcon_core.shell:Creating package script '/home/chondosha/ros2_ws/install/my_package/share/my_package/package.zsh'
[12.909s] Level 1:colcon.colcon_core.environment:create_file_with_runtime_dependencies(/home/chondosha/ros2_ws/install/my_package/share/colcon-core/packages/my_package)
[12.911s] DEBUG:colcon.colcon_parallel_executor.executor.parallel:closing loop
[12.913s] DEBUG:colcon.colcon_parallel_executor.executor.parallel:loop closed
[12.914s] DEBUG:colcon.colcon_parallel_executor.executor.parallel:run_until_complete finished with '0'
[12.914s] DEBUG:colcon.colcon_core.event_reactor:joining thread
[12.945s] INFO:colcon.colcon_core.plugin_system:Skipping extension 'colcon_notification.desktop_notification.terminal_notifier': Not used on non-Darwin systems
[12.946s] INFO:colcon.colcon_core.plugin_system:Skipping extension 'colcon_notification.desktop_notification.win32': Not used on non-Windows systems
[12.946s] INFO:colcon.colcon_notification.desktop_notification:Sending desktop notification using 'notify2'
[13.004s] DEBUG:colcon.colcon_core.event_reactor:joined thread
[13.005s] INFO:colcon.colcon_core.shell:Creating prefix script '/home/chondosha/ros2_ws/install/local_setup.ps1'
[13.010s] INFO:colcon.colcon_core.shell:Creating prefix util module '/home/chondosha/ros2_ws/install/_local_setup_util_ps1.py'
[13.015s] INFO:colcon.colcon_core.shell:Creating prefix chain script '/home/chondosha/ros2_ws/install/setup.ps1'
[13.020s] INFO:colcon.colcon_core.shell:Creating prefix script '/home/chondosha/ros2_ws/install/local_setup.sh'
[13.023s] INFO:colcon.colcon_core.shell:Creating prefix util module '/home/chondosha/ros2_ws/install/_local_setup_util_sh.py'
[13.027s] INFO:colcon.colcon_core.shell:Creating prefix chain script '/home/chondosha/ros2_ws/install/setup.sh'
[13.032s] INFO:colcon.colcon_core.shell:Creating prefix script '/home/chondosha/ros2_ws/install/local_setup.bash'
[13.034s] INFO:colcon.colcon_core.shell:Creating prefix chain script '/home/chondosha/ros2_ws/install/setup.bash'
[13.039s] INFO:colcon.colcon_core.shell:Creating prefix script '/home/chondosha/ros2_ws/install/local_setup.zsh'
[13.042s] INFO:colcon.colcon_core.shell:Creating prefix chain script '/home/chondosha/ros2_ws/install/setup.zsh'
