[1.310s] Invoking command in '/home/chondosha/ros2_ws/build/turtlesim': CMAKE_PREFIX_PATH=${CMAKE_PREFIX_PATH}:/home/chondosha/ros2_ws/install/my_package:/opt/ros/jazzy DEBUGINFOD_URLS=https://debuginfod.ubuntu.com /usr/bin/cmake /home/chondosha/ros2_ws/src/ros_tutorials/turtlesim -DCMAKE_INSTALL_PREFIX=/home/chondosha/ros2_ws/install/turtlesim
[2.678s] -- The C compiler identification is GNU 13.2.0
[3.755s] -- The CXX compiler identification is GNU 13.2.0
[3.875s] -- Detecting C compiler ABI info
[4.548s] -- Detecting C compiler ABI info - done
[4.593s] -- Check for working C compiler: /usr/bin/cc - skipped
[4.597s] -- Detecting C compile features
[4.602s] -- Detecting C compile features - done
[4.657s] -- Detecting CXX compiler ABI info
[5.384s] -- Detecting CXX compiler ABI info - done
[5.460s] -- Check for working CXX compiler: /usr/bin/c++ - skipped
[5.461s] -- Detecting CXX compile features
[5.464s] -- Detecting CXX compile features - done
[5.510s] -- Found ament_cmake: 2.5.2 (/opt/ros/jazzy/share/ament_cmake/cmake)
[6.567s] -- Found Python3: /usr/bin/python3 (found version "3.12.3") found components: Interpreter 
[7.495s] -- Found ament_index_cpp: 1.8.1 (/opt/ros/jazzy/share/ament_index_cpp/cmake)
[7.532s] -- Found geometry_msgs: 5.3.5 (/opt/ros/jazzy/share/geometry_msgs/cmake)
[8.012s] -- Found rosidl_generator_c: 4.6.4 (/opt/ros/jazzy/share/rosidl_generator_c/cmake)
[8.156s] -- Found rosidl_generator_cpp: 4.6.4 (/opt/ros/jazzy/share/rosidl_generator_cpp/cmake)
[8.326s] -- Using all available rosidl_typesupport_c: rosidl_typesupport_fastrtps_c;rosidl_typesupport_introspection_c
[8.495s] -- Using all available rosidl_typesupport_cpp: rosidl_typesupport_fastrtps_cpp;rosidl_typesupport_introspection_cpp
[9.010s] -- Found rcl_interfaces: 2.0.2 (/opt/ros/jazzy/share/rcl_interfaces/cmake)
[9.311s] -- Found rclcpp: 28.1.5 (/opt/ros/jazzy/share/rclcpp/cmake)
[9.627s] -- Found rmw_implementation_cmake: 7.3.1 (/opt/ros/jazzy/share/rmw_implementation_cmake/cmake)
[9.664s] -- Found rmw_fastrtps_cpp: 8.4.1 (/opt/ros/jazzy/share/rmw_fastrtps_cpp/cmake)
[10.329s] -- Found OpenSSL: /usr/lib/aarch64-linux-gnu/libcrypto.so (found version "3.0.13")  
[10.451s] -- Found FastRTPS: /opt/ros/jazzy/include (Required is at least version "2.13") 
[10.560s] -- Using RMW implementation 'rmw_fastrtps_cpp' as default
[11.016s] -- Found rclcpp_action: 28.1.5 (/opt/ros/jazzy/share/rclcpp_action/cmake)
[11.350s] -- Found rosidl_default_generators: 1.6.0 (/opt/ros/jazzy/share/rosidl_default_generators/cmake)
[11.498s] -- Found rosidl_adapter: 4.6.4 (/opt/ros/jazzy/share/rosidl_adapter/cmake)
[11.545s] -- Found std_srvs: 5.3.5 (/opt/ros/jazzy/share/std_srvs/cmake)
[15.359s] -- Found ament_cmake_ros: 0.12.0 (/opt/ros/jazzy/share/ament_cmake_ros/cmake)
[19.819s] -- Using all available rosidl_typesupport_c: rosidl_typesupport_fastrtps_c;rosidl_typesupport_introspection_c
[21.553s] -- Using all available rosidl_typesupport_cpp: rosidl_typesupport_fastrtps_cpp;rosidl_typesupport_introspection_cpp
[21.583s] -- Found python_cmake_module: 0.11.1 (/opt/ros/jazzy/share/python_cmake_module/cmake)
[22.440s] -- Found PythonExtra: /usr/bin/python3  
[25.497s] -- Found Python3: /usr/bin/python3 (found version "3.12.3") found components: Interpreter Development NumPy Development.Module Development.Embed 
[25.746s] -- Found ament_lint_auto: 0.17.1 (/opt/ros/jazzy/share/ament_lint_auto/cmake)
[26.066s] -- Added test 'copyright' to check source files copyright and LICENSE
[26.095s] -- Added test 'cppcheck' to perform static code analysis on C / C++ code
[26.102s] -- Configured cppcheck include dirs: /home/chondosha/ros2_ws/src/ros_tutorials/turtlesim/include
[26.103s] -- Configured cppcheck exclude dirs and/or files: 
[26.127s] -- Added test 'cpplint' to check C / C++ code against the Google style
[26.128s] -- Configured cpplint exclude dirs and/or files: 
[26.140s] -- Added test 'flake8' to check Python code syntax and style conventions
[26.141s] -- Configured 'flake8' exclude dirs and/or files: 
[26.155s] -- Added test 'lint_cmake' to check CMake code style
[26.161s] -- Added test 'pep257' to check Python code against some of the docstring style conventions in PEP 257
[26.186s] -- Added test 'uncrustify' to check C / C++ code style
[26.186s] -- Configured uncrustify additional arguments: 
[26.192s] -- Added test 'xmllint' to check XML markup files
[26.211s] -- Configuring done (24.9s)
[26.673s] -- Generating done (0.4s)
[26.691s] -- Build files have been written to: /home/chondosha/ros2_ws/build/turtlesim
[26.782s] Invoked command in '/home/chondosha/ros2_ws/build/turtlesim' returned '0': CMAKE_PREFIX_PATH=${CMAKE_PREFIX_PATH}:/home/chondosha/ros2_ws/install/my_package:/opt/ros/jazzy DEBUGINFOD_URLS=https://debuginfod.ubuntu.com /usr/bin/cmake /home/chondosha/ros2_ws/src/ros_tutorials/turtlesim -DCMAKE_INSTALL_PREFIX=/home/chondosha/ros2_ws/install/turtlesim
[26.790s] Invoking command in '/home/chondosha/ros2_ws/build/turtlesim': CMAKE_PREFIX_PATH=${CMAKE_PREFIX_PATH}:/home/chondosha/ros2_ws/install/my_package:/opt/ros/jazzy DEBUGINFOD_URLS=https://debuginfod.ubuntu.com /usr/bin/cmake --build /home/chondosha/ros2_ws/build/turtlesim -- -j4 -l4
[27.143s] [  0%] [34m[1mGenerating type hashes for ROS interfaces[0m
[27.197s] [  0%] Built target ament_cmake_python_copy_turtlesim
[28.639s] running egg_info
[28.643s] creating turtlesim.egg-info
[28.886s] writing turtlesim.egg-info/PKG-INFO
[28.891s] writing dependency_links to turtlesim.egg-info/dependency_links.txt
[28.895s] writing top-level names to turtlesim.egg-info/top_level.txt
[28.899s] writing manifest file 'turtlesim.egg-info/SOURCES.txt'
[29.101s] [  0%] Built target turtlesim__rosidl_generator_type_description
[29.187s] [  1%] [34m[1mGenerating C code for ROS interfaces[0m
[29.269s] [  2%] [34m[1mGenerating C++ code for ROS interfaces[0m
[29.528s] reading manifest file 'turtlesim.egg-info/SOURCES.txt'
[29.531s] writing manifest file 'turtlesim.egg-info/SOURCES.txt'
[29.826s] [  2%] Built target ament_cmake_python_build_turtlesim_egg
[34.917s] [  2%] Built target turtlesim__cpp
[35.890s] [  3%] [32mBuilding C object CMakeFiles/turtlesim__rosidl_generator_c.dir/rosidl_generator_c/turtlesim/action/detail/rotate_absolute__description.c.o[0m
[35.896s] [  4%] [32mBuilding C object CMakeFiles/turtlesim__rosidl_generator_c.dir/rosidl_generator_c/turtlesim/action/detail/rotate_absolute__functions.c.o[0m
[35.897s] [  5%] [32mBuilding C object CMakeFiles/turtlesim__rosidl_generator_c.dir/rosidl_generator_c/turtlesim/action/detail/rotate_absolute__type_support.c.o[0m
[35.902s] [  6%] [32mBuilding C object CMakeFiles/turtlesim__rosidl_generator_c.dir/rosidl_generator_c/turtlesim/msg/detail/color__description.c.o[0m
[36.344s] [  7%] [32mBuilding C object CMakeFiles/turtlesim__rosidl_generator_c.dir/rosidl_generator_c/turtlesim/msg/detail/color__functions.c.o[0m
[36.364s] [  7%] [32mBuilding C object CMakeFiles/turtlesim__rosidl_generator_c.dir/rosidl_generator_c/turtlesim/msg/detail/color__type_support.c.o[0m
[36.736s] [  8%] [32mBuilding C object CMakeFiles/turtlesim__rosidl_generator_c.dir/rosidl_generator_c/turtlesim/msg/detail/pose__functions.c.o[0m
[36.756s] [  9%] [32mBuilding C object CMakeFiles/turtlesim__rosidl_generator_c.dir/rosidl_generator_c/turtlesim/msg/detail/pose__description.c.o[0m
[36.850s] [ 10%] [32mBuilding C object CMakeFiles/turtlesim__rosidl_generator_c.dir/rosidl_generator_c/turtlesim/msg/detail/pose__type_support.c.o[0m
[37.167s] [ 11%] [32mBuilding C object CMakeFiles/turtlesim__rosidl_generator_c.dir/rosidl_generator_c/turtlesim/srv/detail/kill__description.c.o[0m
[37.184s] [ 12%] [32mBuilding C object CMakeFiles/turtlesim__rosidl_generator_c.dir/rosidl_generator_c/turtlesim/srv/detail/kill__functions.c.o[0m
[37.287s] [ 13%] [32mBuilding C object CMakeFiles/turtlesim__rosidl_generator_c.dir/rosidl_generator_c/turtlesim/srv/detail/kill__type_support.c.o[0m
[37.464s] [ 13%] [32mBuilding C object CMakeFiles/turtlesim__rosidl_generator_c.dir/rosidl_generator_c/turtlesim/srv/detail/set_pen__description.c.o[0m
[37.659s] [ 14%] [32mBuilding C object CMakeFiles/turtlesim__rosidl_generator_c.dir/rosidl_generator_c/turtlesim/srv/detail/set_pen__functions.c.o[0m
[37.748s] [ 15%] [32mBuilding C object CMakeFiles/turtlesim__rosidl_generator_c.dir/rosidl_generator_c/turtlesim/srv/detail/set_pen__type_support.c.o[0m
[37.837s] [ 16%] [32mBuilding C object CMakeFiles/turtlesim__rosidl_generator_c.dir/rosidl_generator_c/turtlesim/srv/detail/spawn__description.c.o[0m
[38.329s] [ 17%] [32mBuilding C object CMakeFiles/turtlesim__rosidl_generator_c.dir/rosidl_generator_c/turtlesim/srv/detail/spawn__functions.c.o[0m
[38.345s] [ 18%] [32mBuilding C object CMakeFiles/turtlesim__rosidl_generator_c.dir/rosidl_generator_c/turtlesim/srv/detail/spawn__type_support.c.o[0m
[38.361s] [ 19%] [32mBuilding C object CMakeFiles/turtlesim__rosidl_generator_c.dir/rosidl_generator_c/turtlesim/srv/detail/teleport_absolute__description.c.o[0m
[39.187s] [ 20%] [32mBuilding C object CMakeFiles/turtlesim__rosidl_generator_c.dir/rosidl_generator_c/turtlesim/srv/detail/teleport_absolute__functions.c.o[0m
[39.454s] [ 20%] [32mBuilding C object CMakeFiles/turtlesim__rosidl_generator_c.dir/rosidl_generator_c/turtlesim/srv/detail/teleport_absolute__type_support.c.o[0m
[39.579s] [ 21%] [32mBuilding C object CMakeFiles/turtlesim__rosidl_generator_c.dir/rosidl_generator_c/turtlesim/srv/detail/teleport_relative__description.c.o[0m
[39.704s] [ 22%] [32mBuilding C object CMakeFiles/turtlesim__rosidl_generator_c.dir/rosidl_generator_c/turtlesim/srv/detail/teleport_relative__functions.c.o[0m
[39.887s] [ 23%] [32mBuilding C object CMakeFiles/turtlesim__rosidl_generator_c.dir/rosidl_generator_c/turtlesim/srv/detail/teleport_relative__type_support.c.o[0m
[40.269s] [ 24%] [32m[1mLinking C shared library libturtlesim__rosidl_generator_c.so[0m
[40.949s] [ 24%] Built target turtlesim__rosidl_generator_c
[41.024s] [ 25%] [34m[1mGenerating C++ type support dispatch for ROS interfaces[0m
[41.025s] [ 26%] [34m[1mGenerating C++ type support for eProsima Fast-RTPS[0m
[41.033s] [ 27%] [34m[1mGenerating C introspection for ROS interfaces[0m
[41.069s] [ 28%] [34m[1mGenerating C type support for eProsima Fast-RTPS[0m
[45.253s] [ 29%] [32mBuilding CXX object CMakeFiles/turtlesim__rosidl_typesupport_cpp.dir/rosidl_typesupport_cpp/turtlesim/action/rotate_absolute__type_support.cpp.o[0m
[46.698s] [ 30%] [32mBuilding C object CMakeFiles/turtlesim__rosidl_typesupport_introspection_c.dir/rosidl_typesupport_introspection_c/turtlesim/action/detail/rotate_absolute__type_support.c.o[0m
[47.759s] [ 31%] [32mBuilding C object CMakeFiles/turtlesim__rosidl_typesupport_introspection_c.dir/rosidl_typesupport_introspection_c/turtlesim/msg/detail/color__type_support.c.o[0m
[48.257s] [ 31%] [32mBuilding C object CMakeFiles/turtlesim__rosidl_typesupport_introspection_c.dir/rosidl_typesupport_introspection_c/turtlesim/msg/detail/pose__type_support.c.o[0m
[48.695s] [ 32%] [32mBuilding C object CMakeFiles/turtlesim__rosidl_typesupport_introspection_c.dir/rosidl_typesupport_introspection_c/turtlesim/srv/detail/kill__type_support.c.o[0m
[49.126s] [ 33%] [32mBuilding CXX object CMakeFiles/turtlesim__rosidl_typesupport_fastrtps_cpp.dir/rosidl_typesupport_fastrtps_cpp/turtlesim/action/detail/dds_fastrtps/rotate_absolute__type_support.cpp.o[0m
[49.202s] [ 34%] [32mBuilding C object CMakeFiles/turtlesim__rosidl_typesupport_introspection_c.dir/rosidl_typesupport_introspection_c/turtlesim/srv/detail/set_pen__type_support.c.o[0m
[49.741s] [ 35%] [32mBuilding C object CMakeFiles/turtlesim__rosidl_typesupport_introspection_c.dir/rosidl_typesupport_introspection_c/turtlesim/srv/detail/spawn__type_support.c.o[0m
[49.949s] [ 35%] [32mBuilding CXX object CMakeFiles/turtlesim__rosidl_typesupport_fastrtps_c.dir/rosidl_typesupport_fastrtps_c/turtlesim/action/detail/rotate_absolute__type_support_c.cpp.o[0m
[50.365s] [ 36%] [32mBuilding C object CMakeFiles/turtlesim__rosidl_typesupport_introspection_c.dir/rosidl_typesupport_introspection_c/turtlesim/srv/detail/teleport_absolute__type_support.c.o[0m
[50.972s] [ 37%] [32mBuilding C object CMakeFiles/turtlesim__rosidl_typesupport_introspection_c.dir/rosidl_typesupport_introspection_c/turtlesim/srv/detail/teleport_relative__type_support.c.o[0m
[51.592s] [ 38%] [32m[1mLinking C shared library libturtlesim__rosidl_typesupport_introspection_c.so[0m
[52.351s] [ 38%] Built target turtlesim__rosidl_typesupport_introspection_c
[52.461s] [ 39%] [32mBuilding CXX object CMakeFiles/turtlesim__rosidl_typesupport_fastrtps_cpp.dir/rosidl_typesupport_fastrtps_cpp/turtlesim/msg/detail/dds_fastrtps/color__type_support.cpp.o[0m
[55.917s] [ 40%] [32mBuilding CXX object CMakeFiles/turtlesim__rosidl_typesupport_cpp.dir/rosidl_typesupport_cpp/turtlesim/msg/color__type_support.cpp.o[0m
[58.581s] [ 41%] [32mBuilding CXX object CMakeFiles/turtlesim__rosidl_typesupport_fastrtps_c.dir/rosidl_typesupport_fastrtps_c/turtlesim/msg/detail/color__type_support_c.cpp.o[0m
[59.531s] [ 42%] [32mBuilding CXX object CMakeFiles/turtlesim__rosidl_typesupport_cpp.dir/rosidl_typesupport_cpp/turtlesim/msg/pose__type_support.cpp.o[0m
[60.384s] [ 42%] [32mBuilding CXX object CMakeFiles/turtlesim__rosidl_typesupport_cpp.dir/rosidl_typesupport_cpp/turtlesim/srv/kill__type_support.cpp.o[0m
[63.711s] [ 43%] [32mBuilding CXX object CMakeFiles/turtlesim__rosidl_typesupport_fastrtps_cpp.dir/rosidl_typesupport_fastrtps_cpp/turtlesim/msg/detail/dds_fastrtps/pose__type_support.cpp.o[0m
[64.434s] [ 44%] [34m[1mGenerating C type support dispatch for ROS interfaces[0m
[65.205s] [ 45%] [32mBuilding CXX object CMakeFiles/turtlesim__rosidl_typesupport_fastrtps_c.dir/rosidl_typesupport_fastrtps_c/turtlesim/msg/detail/pose__type_support_c.cpp.o[0m
[66.387s] [ 46%] [32mBuilding CXX object CMakeFiles/turtlesim__rosidl_typesupport_cpp.dir/rosidl_typesupport_cpp/turtlesim/srv/set_pen__type_support.cpp.o[0m
[69.768s] [ 47%] [32mBuilding CXX object CMakeFiles/turtlesim__rosidl_typesupport_c.dir/rosidl_typesupport_c/turtlesim/action/rotate_absolute__type_support.cpp.o[0m
[70.532s] [ 48%] [32mBuilding CXX object CMakeFiles/turtlesim__rosidl_typesupport_fastrtps_cpp.dir/rosidl_typesupport_fastrtps_cpp/turtlesim/srv/detail/dds_fastrtps/kill__type_support.cpp.o[0m
[70.615s] [ 49%] [32mBuilding CXX object CMakeFiles/turtlesim__rosidl_typesupport_c.dir/rosidl_typesupport_c/turtlesim/msg/color__type_support.cpp.o[0m
[71.059s] [ 50%] [32mBuilding CXX object CMakeFiles/turtlesim__rosidl_typesupport_fastrtps_c.dir/rosidl_typesupport_fastrtps_c/turtlesim/srv/detail/kill__type_support_c.cpp.o[0m
[71.064s] [ 51%] [32mBuilding CXX object CMakeFiles/turtlesim__rosidl_typesupport_c.dir/rosidl_typesupport_c/turtlesim/msg/pose__type_support.cpp.o[0m
[71.591s] [ 52%] [32mBuilding CXX object CMakeFiles/turtlesim__rosidl_typesupport_c.dir/rosidl_typesupport_c/turtlesim/srv/kill__type_support.cpp.o[0m
[71.985s] [ 53%] [32mBuilding CXX object CMakeFiles/turtlesim__rosidl_typesupport_cpp.dir/rosidl_typesupport_cpp/turtlesim/srv/spawn__type_support.cpp.o[0m
[72.201s] [ 54%] [32mBuilding CXX object CMakeFiles/turtlesim__rosidl_typesupport_c.dir/rosidl_typesupport_c/turtlesim/srv/set_pen__type_support.cpp.o[0m
[72.682s] [ 54%] [32mBuilding CXX object CMakeFiles/turtlesim__rosidl_typesupport_c.dir/rosidl_typesupport_c/turtlesim/srv/spawn__type_support.cpp.o[0m
[73.280s] [ 55%] [32mBuilding CXX object CMakeFiles/turtlesim__rosidl_typesupport_c.dir/rosidl_typesupport_c/turtlesim/srv/teleport_absolute__type_support.cpp.o[0m
[73.763s] [ 56%] [32mBuilding CXX object CMakeFiles/turtlesim__rosidl_typesupport_c.dir/rosidl_typesupport_c/turtlesim/srv/teleport_relative__type_support.cpp.o[0m
[74.360s] [ 57%] [32m[1mLinking CXX shared library libturtlesim__rosidl_typesupport_c.so[0m
[74.867s] [ 57%] Built target turtlesim__rosidl_typesupport_c
[74.987s] [ 58%] [32mBuilding CXX object CMakeFiles/turtlesim__rosidl_typesupport_fastrtps_c.dir/rosidl_typesupport_fastrtps_c/turtlesim/srv/detail/set_pen__type_support_c.cpp.o[0m
[77.394s] [ 59%] [32mBuilding CXX object CMakeFiles/turtlesim__rosidl_typesupport_cpp.dir/rosidl_typesupport_cpp/turtlesim/srv/teleport_absolute__type_support.cpp.o[0m
[77.451s] [ 60%] [32mBuilding CXX object CMakeFiles/turtlesim__rosidl_typesupport_fastrtps_c.dir/rosidl_typesupport_fastrtps_c/turtlesim/srv/detail/spawn__type_support_c.cpp.o[0m
[78.657s] [ 60%] [32mBuilding CXX object CMakeFiles/turtlesim__rosidl_typesupport_fastrtps_cpp.dir/rosidl_typesupport_fastrtps_cpp/turtlesim/srv/detail/dds_fastrtps/set_pen__type_support.cpp.o[0m
[81.257s] [ 61%] [32mBuilding CXX object CMakeFiles/turtlesim__rosidl_typesupport_fastrtps_c.dir/rosidl_typesupport_fastrtps_c/turtlesim/srv/detail/teleport_absolute__type_support_c.cpp.o[0m
[82.531s] [ 62%] [32mBuilding CXX object CMakeFiles/turtlesim__rosidl_typesupport_cpp.dir/rosidl_typesupport_cpp/turtlesim/srv/teleport_relative__type_support.cpp.o[0m
[84.080s] [ 62%] [32mBuilding CXX object CMakeFiles/turtlesim__rosidl_typesupport_fastrtps_c.dir/rosidl_typesupport_fastrtps_c/turtlesim/srv/detail/teleport_relative__type_support_c.cpp.o[0m
[86.131s] [ 63%] [32mBuilding CXX object CMakeFiles/turtlesim__rosidl_typesupport_fastrtps_cpp.dir/rosidl_typesupport_fastrtps_cpp/turtlesim/srv/detail/dds_fastrtps/spawn__type_support.cpp.o[0m
[87.281s] [ 64%] [32m[1mLinking CXX shared library libturtlesim__rosidl_typesupport_cpp.so[0m
[87.634s] [ 64%] [34m[1mGenerating C++ introspection for ROS interfaces[0m
[88.140s] [ 64%] Built target turtlesim__rosidl_typesupport_cpp
[88.269s] [ 65%] [34m[1mGenerating include/turtlesim/moc_turtle_frame.cpp[0m
[89.264s] [ 66%] [32mBuilding CXX object CMakeFiles/turtlesim_node.dir/src/turtlesim.cpp.o[0m
[90.413s] [ 67%] [32m[1mLinking CXX shared library libturtlesim__rosidl_typesupport_fastrtps_c.so[0m
[91.135s] [ 67%] Built target turtlesim__rosidl_typesupport_fastrtps_c
[91.202s] [ 68%] [32mBuilding CXX object CMakeFiles/turtlesim__rosidl_typesupport_fastrtps_cpp.dir/rosidl_typesupport_fastrtps_cpp/turtlesim/srv/detail/dds_fastrtps/teleport_absolute__type_support.cpp.o[0m
[93.075s] [ 69%] [32mBuilding CXX object CMakeFiles/turtlesim_node.dir/src/turtle.cpp.o[0m
[94.178s] [ 70%] [32mBuilding CXX object CMakeFiles/turtlesim__rosidl_typesupport_introspection_cpp.dir/rosidl_typesupport_introspection_cpp/turtlesim/action/detail/rotate_absolute__type_support.cpp.o[0m
[97.870s] [ 71%] [32mBuilding CXX object CMakeFiles/turtlesim__rosidl_typesupport_fastrtps_cpp.dir/rosidl_typesupport_fastrtps_cpp/turtlesim/srv/detail/dds_fastrtps/teleport_relative__type_support.cpp.o[0m
[103.169s] [ 72%] [32mBuilding CXX object CMakeFiles/turtlesim__rosidl_typesupport_introspection_cpp.dir/rosidl_typesupport_introspection_cpp/turtlesim/msg/detail/color__type_support.cpp.o[0m
[106.026s] [ 73%] [32m[1mLinking CXX shared library libturtlesim__rosidl_typesupport_fastrtps_cpp.so[0m
[107.000s] [ 73%] Built target turtlesim__rosidl_typesupport_fastrtps_cpp
[107.497s] [ 74%] [32mBuilding CXX object CMakeFiles/turtlesim__rosidl_typesupport_introspection_cpp.dir/rosidl_typesupport_introspection_cpp/turtlesim/msg/detail/pose__type_support.cpp.o[0m
[110.557s] [ 75%] [32mBuilding CXX object CMakeFiles/turtlesim__rosidl_typesupport_introspection_cpp.dir/rosidl_typesupport_introspection_cpp/turtlesim/srv/detail/kill__type_support.cpp.o[0m
[114.822s] [ 76%] [32mBuilding CXX object CMakeFiles/turtlesim__rosidl_typesupport_introspection_cpp.dir/rosidl_typesupport_introspection_cpp/turtlesim/srv/detail/set_pen__type_support.cpp.o[0m
[118.758s] [ 77%] [32mBuilding CXX object CMakeFiles/turtlesim__rosidl_typesupport_introspection_cpp.dir/rosidl_typesupport_introspection_cpp/turtlesim/srv/detail/spawn__type_support.cpp.o[0m
[121.216s] [ 78%] [32mBuilding CXX object CMakeFiles/turtle_teleop_key.dir/tutorials/teleop_turtle_key.cpp.o[0m
[123.102s] [ 78%] [32mBuilding CXX object CMakeFiles/turtlesim__rosidl_typesupport_introspection_cpp.dir/rosidl_typesupport_introspection_cpp/turtlesim/srv/detail/teleport_absolute__type_support.cpp.o[0m
[128.358s] [ 79%] [32mBuilding CXX object CMakeFiles/turtlesim__rosidl_typesupport_introspection_cpp.dir/rosidl_typesupport_introspection_cpp/turtlesim/srv/detail/teleport_relative__type_support.cpp.o[0m
[133.773s] [ 80%] [32m[1mLinking CXX shared library libturtlesim__rosidl_typesupport_introspection_cpp.so[0m
[134.849s] [ 80%] Built target turtlesim__rosidl_typesupport_introspection_cpp
[145.501s] [ 81%] [32mBuilding CXX object CMakeFiles/turtlesim_node.dir/src/turtle_frame.cpp.o[0m
[145.604s] [ 81%] [32mBuilding CXX object CMakeFiles/draw_square.dir/tutorials/draw_square.cpp.o[0m
[183.008s] [ 82%] [32m[1mLinking CXX executable turtle_teleop_key[0m
[186.567s] [ 82%] Built target turtle_teleop_key
[232.411s] [ 83%] [32m[1mLinking CXX executable draw_square[0m
[235.311s] [ 83%] Built target draw_square
[235.498s] [ 84%] [32mBuilding CXX object CMakeFiles/mimic.dir/tutorials/mimic.cpp.o[0m
[235.533s] [ 84%] Built target turtlesim
[235.755s] [ 84%] [34m[1mGenerating Python code for ROS interfaces[0m
[248.545s] [ 84%] Built target turtlesim__py
[248.736s] [ 85%] [32mBuilding C object CMakeFiles/turtlesim__rosidl_generator_py.dir/rosidl_generator_py/turtlesim/action/_rotate_absolute_s.c.o[0m
[250.765s] [ 86%] [32mBuilding C object CMakeFiles/turtlesim__rosidl_generator_py.dir/rosidl_generator_py/turtlesim/msg/_color_s.c.o[0m
[251.952s] [ 86%] [32mBuilding C object CMakeFiles/turtlesim__rosidl_generator_py.dir/rosidl_generator_py/turtlesim/msg/_pose_s.c.o[0m
[251.954s] [ 86%] [32mBuilding CXX object CMakeFiles/turtlesim_node.dir/include/turtlesim/moc_turtle_frame.cpp.o[0m
[252.156s] [ 87%] [32mBuilding C object CMakeFiles/turtlesim__rosidl_generator_py.dir/rosidl_generator_py/turtlesim/srv/_kill_s.c.o[0m
[253.174s] [ 88%] [32mBuilding C object CMakeFiles/turtlesim__rosidl_generator_py.dir/rosidl_generator_py/turtlesim/srv/_set_pen_s.c.o[0m
[253.683s] [ 89%] [32mBuilding C object CMakeFiles/turtlesim__rosidl_generator_py.dir/rosidl_generator_py/turtlesim/srv/_spawn_s.c.o[0m
[254.523s] [ 90%] [32mBuilding C object CMakeFiles/turtlesim__rosidl_generator_py.dir/rosidl_generator_py/turtlesim/srv/_teleport_absolute_s.c.o[0m
[255.235s] [ 91%] [32mBuilding C object CMakeFiles/turtlesim__rosidl_generator_py.dir/rosidl_generator_py/turtlesim/srv/_teleport_relative_s.c.o[0m
[256.722s] [ 92%] [32m[1mLinking C shared library libturtlesim__rosidl_generator_py.so[0m
[257.190s] [ 92%] Built target turtlesim__rosidl_generator_py
[257.414s] [ 93%] [32mBuilding C object CMakeFiles/turtlesim_s__rosidl_typesupport_fastrtps_c.dir/rosidl_generator_py/turtlesim/_turtlesim_s.ep.rosidl_typesupport_fastrtps_c.c.o[0m
[258.658s] [ 94%] [32mBuilding C object CMakeFiles/turtlesim_s__rosidl_typesupport_introspection_c.dir/rosidl_generator_py/turtlesim/_turtlesim_s.ep.rosidl_typesupport_introspection_c.c.o[0m
[259.461s] [ 95%] [32m[1mLinking C shared module rosidl_generator_py/turtlesim/turtlesim_s__rosidl_typesupport_fastrtps_c.so[0m
[259.917s] [ 95%] Built target turtlesim_s__rosidl_typesupport_fastrtps_c
[260.165s] [ 96%] [32mBuilding C object CMakeFiles/turtlesim_s__rosidl_typesupport_c.dir/rosidl_generator_py/turtlesim/_turtlesim_s.ep.rosidl_typesupport_c.c.o[0m
[261.191s] [ 97%] [32m[1mLinking C shared module rosidl_generator_py/turtlesim/turtlesim_s__rosidl_typesupport_introspection_c.so[0m
[261.604s] [ 97%] Built target turtlesim_s__rosidl_typesupport_introspection_c
[262.218s] [ 98%] [32m[1mLinking C shared module rosidl_generator_py/turtlesim/turtlesim_s__rosidl_typesupport_c.so[0m
[262.526s] [ 98%] Built target turtlesim_s__rosidl_typesupport_c
[289.525s] [ 99%] [32m[1mLinking CXX executable turtlesim_node[0m
[302.831s] [ 99%] Built target turtlesim_node
[305.989s] [100%] [32m[1mLinking CXX executable mimic[0m
[308.208s] [100%] Built target mimic
[308.300s] Invoked command in '/home/chondosha/ros2_ws/build/turtlesim' returned '0': CMAKE_PREFIX_PATH=${CMAKE_PREFIX_PATH}:/home/chondosha/ros2_ws/install/my_package:/opt/ros/jazzy DEBUGINFOD_URLS=https://debuginfod.ubuntu.com /usr/bin/cmake --build /home/chondosha/ros2_ws/build/turtlesim -- -j4 -l4
[310.447s] Invoking command in '/home/chondosha/ros2_ws/build/turtlesim': CMAKE_PREFIX_PATH=${CMAKE_PREFIX_PATH}:/home/chondosha/ros2_ws/install/my_package:/opt/ros/jazzy DEBUGINFOD_URLS=https://debuginfod.ubuntu.com /usr/bin/cmake --install /home/chondosha/ros2_ws/build/turtlesim
[310.508s] -- Install configuration: ""
[310.511s] -- Installing: /home/chondosha/ros2_ws/install/turtlesim/share/ament_index/resource_index/rosidl_interfaces/turtlesim
[310.515s] -- Installing: /home/chondosha/ros2_ws/install/turtlesim/share/turtlesim/action/RotateAbsolute.json
[310.518s] -- Installing: /home/chondosha/ros2_ws/install/turtlesim/share/turtlesim/msg/Color.json
[310.520s] -- Installing: /home/chondosha/ros2_ws/install/turtlesim/share/turtlesim/msg/Pose.json
[310.522s] -- Installing: /home/chondosha/ros2_ws/install/turtlesim/share/turtlesim/srv/Kill.json
[310.524s] -- Installing: /home/chondosha/ros2_ws/install/turtlesim/share/turtlesim/srv/SetPen.json
[310.526s] -- Installing: /home/chondosha/ros2_ws/install/turtlesim/share/turtlesim/srv/Spawn.json
[310.529s] -- Installing: /home/chondosha/ros2_ws/install/turtlesim/share/turtlesim/srv/TeleportAbsolute.json
[310.531s] -- Installing: /home/chondosha/ros2_ws/install/turtlesim/share/turtlesim/srv/TeleportRelative.json
[310.533s] -- Installing: /home/chondosha/ros2_ws/install/turtlesim/include/turtlesim/turtlesim
[310.534s] -- Installing: /home/chondosha/ros2_ws/install/turtlesim/include/turtlesim/turtlesim/msg
[310.535s] -- Installing: /home/chondosha/ros2_ws/install/turtlesim/include/turtlesim/turtlesim/msg/detail
[310.536s] -- Installing: /home/chondosha/ros2_ws/install/turtlesim/include/turtlesim/turtlesim/msg/detail/color__description.c
[310.538s] -- Installing: /home/chondosha/ros2_ws/install/turtlesim/include/turtlesim/turtlesim/msg/detail/color__type_support.c
[310.540s] -- Installing: /home/chondosha/ros2_ws/install/turtlesim/include/turtlesim/turtlesim/msg/detail/pose__type_support.c
[310.542s] -- Installing: /home/chondosha/ros2_ws/install/turtlesim/include/turtlesim/turtlesim/msg/detail/color__struct.h
[310.543s] -- Installing: /home/chondosha/ros2_ws/install/turtlesim/include/turtlesim/turtlesim/msg/detail/color__type_support.h
[310.544s] -- Installing: /home/chondosha/ros2_ws/install/turtlesim/include/turtlesim/turtlesim/msg/detail/color__functions.h
[310.545s] -- Installing: /home/chondosha/ros2_ws/install/turtlesim/include/turtlesim/turtlesim/msg/detail/pose__functions.h
[310.547s] -- Installing: /home/chondosha/ros2_ws/install/turtlesim/include/turtlesim/turtlesim/msg/detail/pose__struct.h
[310.548s] -- Installing: /home/chondosha/ros2_ws/install/turtlesim/include/turtlesim/turtlesim/msg/detail/pose__functions.c
[310.550s] -- Installing: /home/chondosha/ros2_ws/install/turtlesim/include/turtlesim/turtlesim/msg/detail/pose__description.c
[310.552s] -- Installing: /home/chondosha/ros2_ws/install/turtlesim/include/turtlesim/turtlesim/msg/detail/pose__type_support.h
[310.553s] -- Installing: /home/chondosha/ros2_ws/install/turtlesim/include/turtlesim/turtlesim/msg/detail/color__functions.c
[310.561s] -- Installing: /home/chondosha/ros2_ws/install/turtlesim/include/turtlesim/turtlesim/msg/color.h
[310.564s] -- Installing: /home/chondosha/ros2_ws/install/turtlesim/include/turtlesim/turtlesim/msg/rosidl_generator_c__visibility_control.h
[310.566s] -- Installing: /home/chondosha/ros2_ws/install/turtlesim/include/turtlesim/turtlesim/msg/pose.h
[310.569s] -- Installing: /home/chondosha/ros2_ws/install/turtlesim/include/turtlesim/turtlesim/srv
[310.572s] -- Installing: /home/chondosha/ros2_ws/install/turtlesim/include/turtlesim/turtlesim/srv/teleport_relative.h
[310.575s] -- Installing: /home/chondosha/ros2_ws/install/turtlesim/include/turtlesim/turtlesim/srv/set_pen.h
[310.576s] -- Installing: /home/chondosha/ros2_ws/install/turtlesim/include/turtlesim/turtlesim/srv/detail
[310.578s] -- Installing: /home/chondosha/ros2_ws/install/turtlesim/include/turtlesim/turtlesim/srv/detail/spawn__struct.h
[310.581s] -- Installing: /home/chondosha/ros2_ws/install/turtlesim/include/turtlesim/turtlesim/srv/detail/spawn__functions.h
[310.581s] -- Installing: /home/chondosha/ros2_ws/install/turtlesim/include/turtlesim/turtlesim/srv/detail/teleport_relative__functions.c
[310.584s] -- Installing: /home/chondosha/ros2_ws/install/turtlesim/include/turtlesim/turtlesim/srv/detail/teleport_relative__description.c
[310.586s] -- Installing: /home/chondosha/ros2_ws/install/turtlesim/include/turtlesim/turtlesim/srv/detail/teleport_relative__type_support.h
[310.587s] -- Installing: /home/chondosha/ros2_ws/install/turtlesim/include/turtlesim/turtlesim/srv/detail/kill__description.c
[310.590s] -- Installing: /home/chondosha/ros2_ws/install/turtlesim/include/turtlesim/turtlesim/srv/detail/kill__functions.h
[310.591s] -- Installing: /home/chondosha/ros2_ws/install/turtlesim/include/turtlesim/turtlesim/srv/detail/kill__functions.c
[310.594s] -- Installing: /home/chondosha/ros2_ws/install/turtlesim/include/turtlesim/turtlesim/srv/detail/teleport_absolute__type_support.h
[310.595s] -- Installing: /home/chondosha/ros2_ws/install/turtlesim/include/turtlesim/turtlesim/srv/detail/teleport_absolute__type_support.c
[310.597s] -- Installing: /home/chondosha/ros2_ws/install/turtlesim/include/turtlesim/turtlesim/srv/detail/spawn__type_support.c
[310.599s] -- Installing: /home/chondosha/ros2_ws/install/turtlesim/include/turtlesim/turtlesim/srv/detail/set_pen__type_support.h
[310.600s] -- Installing: /home/chondosha/ros2_ws/install/turtlesim/include/turtlesim/turtlesim/srv/detail/teleport_relative__type_support.c
[310.602s] -- Installing: /home/chondosha/ros2_ws/install/turtlesim/include/turtlesim/turtlesim/srv/detail/teleport_relative__functions.h
[310.603s] -- Installing: /home/chondosha/ros2_ws/install/turtlesim/include/turtlesim/turtlesim/srv/detail/kill__type_support.c
[310.605s] -- Installing: /home/chondosha/ros2_ws/install/turtlesim/include/turtlesim/turtlesim/srv/detail/spawn__functions.c
[310.607s] -- Installing: /home/chondosha/ros2_ws/install/turtlesim/include/turtlesim/turtlesim/srv/detail/teleport_relative__struct.h
[310.608s] -- Installing: /home/chondosha/ros2_ws/install/turtlesim/include/turtlesim/turtlesim/srv/detail/kill__struct.h
[310.609s] -- Installing: /home/chondosha/ros2_ws/install/turtlesim/include/turtlesim/turtlesim/srv/detail/teleport_absolute__functions.c
[310.612s] -- Installing: /home/chondosha/ros2_ws/install/turtlesim/include/turtlesim/turtlesim/srv/detail/set_pen__struct.h
[310.613s] -- Installing: /home/chondosha/ros2_ws/install/turtlesim/include/turtlesim/turtlesim/srv/detail/set_pen__type_support.c
[310.615s] -- Installing: /home/chondosha/ros2_ws/install/turtlesim/include/turtlesim/turtlesim/srv/detail/teleport_absolute__struct.h
[310.616s] -- Installing: /home/chondosha/ros2_ws/install/turtlesim/include/turtlesim/turtlesim/srv/detail/spawn__description.c
[310.618s] -- Installing: /home/chondosha/ros2_ws/install/turtlesim/include/turtlesim/turtlesim/srv/detail/kill__type_support.h
[310.619s] -- Installing: /home/chondosha/ros2_ws/install/turtlesim/include/turtlesim/turtlesim/srv/detail/set_pen__description.c
[310.622s] -- Installing: /home/chondosha/ros2_ws/install/turtlesim/include/turtlesim/turtlesim/srv/detail/teleport_absolute__description.c
[310.624s] -- Installing: /home/chondosha/ros2_ws/install/turtlesim/include/turtlesim/turtlesim/srv/detail/spawn__type_support.h
[310.625s] -- Installing: /home/chondosha/ros2_ws/install/turtlesim/include/turtlesim/turtlesim/srv/detail/teleport_absolute__functions.h
[310.626s] -- Installing: /home/chondosha/ros2_ws/install/turtlesim/include/turtlesim/turtlesim/srv/detail/set_pen__functions.c
[310.629s] -- Installing: /home/chondosha/ros2_ws/install/turtlesim/include/turtlesim/turtlesim/srv/detail/set_pen__functions.h
[310.630s] -- Installing: /home/chondosha/ros2_ws/install/turtlesim/include/turtlesim/turtlesim/srv/kill.h
[310.632s] -- Installing: /home/chondosha/ros2_ws/install/turtlesim/include/turtlesim/turtlesim/srv/spawn.h
[310.633s] -- Installing: /home/chondosha/ros2_ws/install/turtlesim/include/turtlesim/turtlesim/srv/teleport_absolute.h
[310.635s] -- Installing: /home/chondosha/ros2_ws/install/turtlesim/include/turtlesim/turtlesim/action
[310.637s] -- Installing: /home/chondosha/ros2_ws/install/turtlesim/include/turtlesim/turtlesim/action/detail
[310.638s] -- Installing: /home/chondosha/ros2_ws/install/turtlesim/include/turtlesim/turtlesim/action/detail/rotate_absolute__description.c
[310.642s] -- Installing: /home/chondosha/ros2_ws/install/turtlesim/include/turtlesim/turtlesim/action/detail/rotate_absolute__functions.h
[310.644s] -- Installing: /home/chondosha/ros2_ws/install/turtlesim/include/turtlesim/turtlesim/action/detail/rotate_absolute__type_support.h
[310.646s] -- Installing: /home/chondosha/ros2_ws/install/turtlesim/include/turtlesim/turtlesim/action/detail/rotate_absolute__type_support.c
[310.648s] -- Installing: /home/chondosha/ros2_ws/install/turtlesim/include/turtlesim/turtlesim/action/detail/rotate_absolute__struct.h
[310.649s] -- Installing: /home/chondosha/ros2_ws/install/turtlesim/include/turtlesim/turtlesim/action/detail/rotate_absolute__functions.c
[310.654s] -- Installing: /home/chondosha/ros2_ws/install/turtlesim/include/turtlesim/turtlesim/action/rotate_absolute.h
[310.664s] -- Installing: /home/chondosha/ros2_ws/install/turtlesim/share/turtlesim/environment/library_path.sh
[310.669s] -- Installing: /home/chondosha/ros2_ws/install/turtlesim/share/turtlesim/environment/library_path.dsv
[310.674s] -- Installing: /home/chondosha/ros2_ws/install/turtlesim/lib/libturtlesim__rosidl_generator_c.so
[310.683s] -- Set non-toolchain portion of runtime path of "/home/chondosha/ros2_ws/install/turtlesim/lib/libturtlesim__rosidl_generator_c.so" to ""
[310.684s] -- Up-to-date: /home/chondosha/ros2_ws/install/turtlesim/include/turtlesim/turtlesim
[310.684s] -- Up-to-date: /home/chondosha/ros2_ws/install/turtlesim/include/turtlesim/turtlesim/msg
[310.685s] -- Installing: /home/chondosha/ros2_ws/install/turtlesim/include/turtlesim/turtlesim/msg/rosidl_typesupport_fastrtps_c__visibility_control.h
[310.687s] -- Up-to-date: /home/chondosha/ros2_ws/install/turtlesim/include/turtlesim/turtlesim/msg/detail
[310.688s] -- Installing: /home/chondosha/ros2_ws/install/turtlesim/include/turtlesim/turtlesim/msg/detail/pose__rosidl_typesupport_fastrtps_c.h
[310.690s] -- Installing: /home/chondosha/ros2_ws/install/turtlesim/include/turtlesim/turtlesim/msg/detail/color__rosidl_typesupport_fastrtps_c.h
[310.692s] -- Up-to-date: /home/chondosha/ros2_ws/install/turtlesim/include/turtlesim/turtlesim/srv
[310.693s] -- Up-to-date: /home/chondosha/ros2_ws/install/turtlesim/include/turtlesim/turtlesim/srv/detail
[310.694s] -- Installing: /home/chondosha/ros2_ws/install/turtlesim/include/turtlesim/turtlesim/srv/detail/set_pen__rosidl_typesupport_fastrtps_c.h
[310.696s] -- Installing: /home/chondosha/ros2_ws/install/turtlesim/include/turtlesim/turtlesim/srv/detail/teleport_relative__rosidl_typesupport_fastrtps_c.h
[310.698s] -- Installing: /home/chondosha/ros2_ws/install/turtlesim/include/turtlesim/turtlesim/srv/detail/kill__rosidl_typesupport_fastrtps_c.h
[310.700s] -- Installing: /home/chondosha/ros2_ws/install/turtlesim/include/turtlesim/turtlesim/srv/detail/spawn__rosidl_typesupport_fastrtps_c.h
[310.703s] -- Installing: /home/chondosha/ros2_ws/install/turtlesim/include/turtlesim/turtlesim/srv/detail/teleport_absolute__rosidl_typesupport_fastrtps_c.h
[310.704s] -- Up-to-date: /home/chondosha/ros2_ws/install/turtlesim/include/turtlesim/turtlesim/action
[310.705s] -- Up-to-date: /home/chondosha/ros2_ws/install/turtlesim/include/turtlesim/turtlesim/action/detail
[310.706s] -- Installing: /home/chondosha/ros2_ws/install/turtlesim/include/turtlesim/turtlesim/action/detail/rotate_absolute__rosidl_typesupport_fastrtps_c.h
[310.709s] -- Installing: /home/chondosha/ros2_ws/install/turtlesim/lib/libturtlesim__rosidl_typesupport_fastrtps_c.so
[310.715s] -- Set non-toolchain portion of runtime path of "/home/chondosha/ros2_ws/install/turtlesim/lib/libturtlesim__rosidl_typesupport_fastrtps_c.so" to ""
[310.715s] -- Up-to-date: /home/chondosha/ros2_ws/install/turtlesim/include/turtlesim/turtlesim
[310.716s] -- Up-to-date: /home/chondosha/ros2_ws/install/turtlesim/include/turtlesim/turtlesim/msg
[310.716s] -- Installing: /home/chondosha/ros2_ws/install/turtlesim/include/turtlesim/turtlesim/msg/rosidl_generator_cpp__visibility_control.hpp
[310.717s] -- Up-to-date: /home/chondosha/ros2_ws/install/turtlesim/include/turtlesim/turtlesim/msg/detail
[310.718s] -- Installing: /home/chondosha/ros2_ws/install/turtlesim/include/turtlesim/turtlesim/msg/detail/pose__struct.hpp
[310.719s] -- Installing: /home/chondosha/ros2_ws/install/turtlesim/include/turtlesim/turtlesim/msg/detail/color__traits.hpp
[310.720s] -- Installing: /home/chondosha/ros2_ws/install/turtlesim/include/turtlesim/turtlesim/msg/detail/pose__builder.hpp
[310.721s] -- Installing: /home/chondosha/ros2_ws/install/turtlesim/include/turtlesim/turtlesim/msg/detail/pose__type_support.hpp
[310.722s] -- Installing: /home/chondosha/ros2_ws/install/turtlesim/include/turtlesim/turtlesim/msg/detail/color__struct.hpp
[310.723s] -- Installing: /home/chondosha/ros2_ws/install/turtlesim/include/turtlesim/turtlesim/msg/detail/pose__traits.hpp
[310.724s] -- Installing: /home/chondosha/ros2_ws/install/turtlesim/include/turtlesim/turtlesim/msg/detail/color__builder.hpp
[310.726s] -- Installing: /home/chondosha/ros2_ws/install/turtlesim/include/turtlesim/turtlesim/msg/detail/color__type_support.hpp
[310.726s] -- Installing: /home/chondosha/ros2_ws/install/turtlesim/include/turtlesim/turtlesim/msg/color.hpp
[310.727s] -- Installing: /home/chondosha/ros2_ws/install/turtlesim/include/turtlesim/turtlesim/msg/pose.hpp
[310.728s] -- Up-to-date: /home/chondosha/ros2_ws/install/turtlesim/include/turtlesim/turtlesim/srv
[310.729s] -- Installing: /home/chondosha/ros2_ws/install/turtlesim/include/turtlesim/turtlesim/srv/teleport_relative.hpp
[310.730s] -- Installing: /home/chondosha/ros2_ws/install/turtlesim/include/turtlesim/turtlesim/srv/spawn.hpp
[310.730s] -- Up-to-date: /home/chondosha/ros2_ws/install/turtlesim/include/turtlesim/turtlesim/srv/detail
[310.731s] -- Installing: /home/chondosha/ros2_ws/install/turtlesim/include/turtlesim/turtlesim/srv/detail/set_pen__type_support.hpp
[310.732s] -- Installing: /home/chondosha/ros2_ws/install/turtlesim/include/turtlesim/turtlesim/srv/detail/kill__struct.hpp
[310.733s] -- Installing: /home/chondosha/ros2_ws/install/turtlesim/include/turtlesim/turtlesim/srv/detail/spawn__type_support.hpp
[310.734s] -- Installing: /home/chondosha/ros2_ws/install/turtlesim/include/turtlesim/turtlesim/srv/detail/spawn__builder.hpp
[310.735s] -- Installing: /home/chondosha/ros2_ws/install/turtlesim/include/turtlesim/turtlesim/srv/detail/spawn__struct.hpp
[310.737s] -- Installing: /home/chondosha/ros2_ws/install/turtlesim/include/turtlesim/turtlesim/srv/detail/set_pen__traits.hpp
[310.738s] -- Installing: /home/chondosha/ros2_ws/install/turtlesim/include/turtlesim/turtlesim/srv/detail/teleport_absolute__type_support.hpp
[310.739s] -- Installing: /home/chondosha/ros2_ws/install/turtlesim/include/turtlesim/turtlesim/srv/detail/kill__builder.hpp
[310.740s] -- Installing: /home/chondosha/ros2_ws/install/turtlesim/include/turtlesim/turtlesim/srv/detail/set_pen__builder.hpp
[310.741s] -- Installing: /home/chondosha/ros2_ws/install/turtlesim/include/turtlesim/turtlesim/srv/detail/teleport_absolute__struct.hpp
[310.743s] -- Installing: /home/chondosha/ros2_ws/install/turtlesim/include/turtlesim/turtlesim/srv/detail/kill__type_support.hpp
[310.744s] -- Installing: /home/chondosha/ros2_ws/install/turtlesim/include/turtlesim/turtlesim/srv/detail/set_pen__struct.hpp
[310.745s] -- Installing: /home/chondosha/ros2_ws/install/turtlesim/include/turtlesim/turtlesim/srv/detail/teleport_relative__struct.hpp
[310.746s] -- Installing: /home/chondosha/ros2_ws/install/turtlesim/include/turtlesim/turtlesim/srv/detail/teleport_relative__type_support.hpp
[310.747s] -- Installing: /home/chondosha/ros2_ws/install/turtlesim/include/turtlesim/turtlesim/srv/detail/teleport_relative__builder.hpp
[310.749s] -- Installing: /home/chondosha/ros2_ws/install/turtlesim/include/turtlesim/turtlesim/srv/detail/spawn__traits.hpp
[310.750s] -- Installing: /home/chondosha/ros2_ws/install/turtlesim/include/turtlesim/turtlesim/srv/detail/teleport_relative__traits.hpp
[310.751s] -- Installing: /home/chondosha/ros2_ws/install/turtlesim/include/turtlesim/turtlesim/srv/detail/teleport_absolute__traits.hpp
[310.753s] -- Installing: /home/chondosha/ros2_ws/install/turtlesim/include/turtlesim/turtlesim/srv/detail/teleport_absolute__builder.hpp
[310.758s] -- Installing: /home/chondosha/ros2_ws/install/turtlesim/include/turtlesim/turtlesim/srv/detail/kill__traits.hpp
[310.761s] -- Installing: /home/chondosha/ros2_ws/install/turtlesim/include/turtlesim/turtlesim/srv/kill.hpp
[310.764s] -- Installing: /home/chondosha/ros2_ws/install/turtlesim/include/turtlesim/turtlesim/srv/teleport_absolute.hpp
[310.765s] -- Installing: /home/chondosha/ros2_ws/install/turtlesim/include/turtlesim/turtlesim/srv/set_pen.hpp
[310.768s] -- Up-to-date: /home/chondosha/ros2_ws/install/turtlesim/include/turtlesim/turtlesim/action
[310.770s] -- Up-to-date: /home/chondosha/ros2_ws/install/turtlesim/include/turtlesim/turtlesim/action/detail
[310.772s] -- Installing: /home/chondosha/ros2_ws/install/turtlesim/include/turtlesim/turtlesim/action/detail/rotate_absolute__type_support.hpp
[310.774s] -- Installing: /home/chondosha/ros2_ws/install/turtlesim/include/turtlesim/turtlesim/action/detail/rotate_absolute__traits.hpp
[310.775s] -- Installing: /home/chondosha/ros2_ws/install/turtlesim/include/turtlesim/turtlesim/action/detail/rotate_absolute__struct.hpp
[310.777s] -- Installing: /home/chondosha/ros2_ws/install/turtlesim/include/turtlesim/turtlesim/action/detail/rotate_absolute__builder.hpp
[310.779s] -- Installing: /home/chondosha/ros2_ws/install/turtlesim/include/turtlesim/turtlesim/action/rotate_absolute.hpp
[310.781s] -- Up-to-date: /home/chondosha/ros2_ws/install/turtlesim/include/turtlesim/turtlesim
[310.782s] -- Up-to-date: /home/chondosha/ros2_ws/install/turtlesim/include/turtlesim/turtlesim/msg
[310.783s] -- Installing: /home/chondosha/ros2_ws/install/turtlesim/include/turtlesim/turtlesim/msg/rosidl_typesupport_fastrtps_cpp__visibility_control.h
[310.785s] -- Up-to-date: /home/chondosha/ros2_ws/install/turtlesim/include/turtlesim/turtlesim/msg/detail
[310.786s] -- Installing: /home/chondosha/ros2_ws/install/turtlesim/include/turtlesim/turtlesim/msg/detail/pose__rosidl_typesupport_fastrtps_cpp.hpp
[310.788s] -- Installing: /home/chondosha/ros2_ws/install/turtlesim/include/turtlesim/turtlesim/msg/detail/color__rosidl_typesupport_fastrtps_cpp.hpp
[310.790s] -- Installing: /home/chondosha/ros2_ws/install/turtlesim/include/turtlesim/turtlesim/msg/detail/dds_fastrtps
[310.791s] -- Up-to-date: /home/chondosha/ros2_ws/install/turtlesim/include/turtlesim/turtlesim/srv
[310.792s] -- Up-to-date: /home/chondosha/ros2_ws/install/turtlesim/include/turtlesim/turtlesim/srv/detail
[310.793s] -- Installing: /home/chondosha/ros2_ws/install/turtlesim/include/turtlesim/turtlesim/srv/detail/set_pen__rosidl_typesupport_fastrtps_cpp.hpp
[310.795s] -- Installing: /home/chondosha/ros2_ws/install/turtlesim/include/turtlesim/turtlesim/srv/detail/spawn__rosidl_typesupport_fastrtps_cpp.hpp
[310.797s] -- Installing: /home/chondosha/ros2_ws/install/turtlesim/include/turtlesim/turtlesim/srv/detail/kill__rosidl_typesupport_fastrtps_cpp.hpp
[310.799s] -- Installing: /home/chondosha/ros2_ws/install/turtlesim/include/turtlesim/turtlesim/srv/detail/teleport_absolute__rosidl_typesupport_fastrtps_cpp.hpp
[310.801s] -- Installing: /home/chondosha/ros2_ws/install/turtlesim/include/turtlesim/turtlesim/srv/detail/dds_fastrtps
[310.802s] -- Installing: /home/chondosha/ros2_ws/install/turtlesim/include/turtlesim/turtlesim/srv/detail/teleport_relative__rosidl_typesupport_fastrtps_cpp.hpp
[310.804s] -- Up-to-date: /home/chondosha/ros2_ws/install/turtlesim/include/turtlesim/turtlesim/action
[310.805s] -- Up-to-date: /home/chondosha/ros2_ws/install/turtlesim/include/turtlesim/turtlesim/action/detail
[310.806s] -- Installing: /home/chondosha/ros2_ws/install/turtlesim/include/turtlesim/turtlesim/action/detail/dds_fastrtps
[310.807s] -- Installing: /home/chondosha/ros2_ws/install/turtlesim/include/turtlesim/turtlesim/action/detail/rotate_absolute__rosidl_typesupport_fastrtps_cpp.hpp
[310.811s] -- Installing: /home/chondosha/ros2_ws/install/turtlesim/lib/libturtlesim__rosidl_typesupport_fastrtps_cpp.so
[310.832s] -- Set non-toolchain portion of runtime path of "/home/chondosha/ros2_ws/install/turtlesim/lib/libturtlesim__rosidl_typesupport_fastrtps_cpp.so" to ""
[310.833s] -- Up-to-date: /home/chondosha/ros2_ws/install/turtlesim/include/turtlesim/turtlesim
[310.833s] -- Up-to-date: /home/chondosha/ros2_ws/install/turtlesim/include/turtlesim/turtlesim/msg
[310.834s] -- Installing: /home/chondosha/ros2_ws/install/turtlesim/include/turtlesim/turtlesim/msg/rosidl_typesupport_introspection_c__visibility_control.h
[310.837s] -- Up-to-date: /home/chondosha/ros2_ws/install/turtlesim/include/turtlesim/turtlesim/msg/detail
[310.839s] -- Installing: /home/chondosha/ros2_ws/install/turtlesim/include/turtlesim/turtlesim/msg/detail/color__type_support.c
[310.841s] -- Installing: /home/chondosha/ros2_ws/install/turtlesim/include/turtlesim/turtlesim/msg/detail/pose__type_support.c
[310.843s] -- Installing: /home/chondosha/ros2_ws/install/turtlesim/include/turtlesim/turtlesim/msg/detail/pose__rosidl_typesupport_introspection_c.h
[310.845s] -- Installing: /home/chondosha/ros2_ws/install/turtlesim/include/turtlesim/turtlesim/msg/detail/color__rosidl_typesupport_introspection_c.h
[310.847s] -- Up-to-date: /home/chondosha/ros2_ws/install/turtlesim/include/turtlesim/turtlesim/srv
[310.848s] -- Up-to-date: /home/chondosha/ros2_ws/install/turtlesim/include/turtlesim/turtlesim/srv/detail
[310.849s] -- Installing: /home/chondosha/ros2_ws/install/turtlesim/include/turtlesim/turtlesim/srv/detail/spawn__rosidl_typesupport_introspection_c.h
[310.851s] -- Installing: /home/chondosha/ros2_ws/install/turtlesim/include/turtlesim/turtlesim/srv/detail/set_pen__rosidl_typesupport_introspection_c.h
[310.853s] -- Installing: /home/chondosha/ros2_ws/install/turtlesim/include/turtlesim/turtlesim/srv/detail/teleport_absolute__type_support.c
[310.861s] -- Installing: /home/chondosha/ros2_ws/install/turtlesim/include/turtlesim/turtlesim/srv/detail/spawn__type_support.c
[310.866s] -- Installing: /home/chondosha/ros2_ws/install/turtlesim/include/turtlesim/turtlesim/srv/detail/teleport_relative__type_support.c
[310.871s] -- Installing: /home/chondosha/ros2_ws/install/turtlesim/include/turtlesim/turtlesim/srv/detail/kill__type_support.c
[310.876s] -- Installing: /home/chondosha/ros2_ws/install/turtlesim/include/turtlesim/turtlesim/srv/detail/kill__rosidl_typesupport_introspection_c.h
[310.878s] -- Installing: /home/chondosha/ros2_ws/install/turtlesim/include/turtlesim/turtlesim/srv/detail/teleport_relative__rosidl_typesupport_introspection_c.h
[310.882s] -- Installing: /home/chondosha/ros2_ws/install/turtlesim/include/turtlesim/turtlesim/srv/detail/set_pen__type_support.c
[310.884s] -- Installing: /home/chondosha/ros2_ws/install/turtlesim/include/turtlesim/turtlesim/srv/detail/teleport_absolute__rosidl_typesupport_introspection_c.h
[310.885s] -- Up-to-date: /home/chondosha/ros2_ws/install/turtlesim/include/turtlesim/turtlesim/action
[310.886s] -- Up-to-date: /home/chondosha/ros2_ws/install/turtlesim/include/turtlesim/turtlesim/action/detail
[310.887s] -- Installing: /home/chondosha/ros2_ws/install/turtlesim/include/turtlesim/turtlesim/action/detail/rotate_absolute__type_support.c
[310.892s] -- Installing: /home/chondosha/ros2_ws/install/turtlesim/include/turtlesim/turtlesim/action/detail/rotate_absolute__rosidl_typesupport_introspection_c.h
[310.895s] -- Installing: /home/chondosha/ros2_ws/install/turtlesim/lib/libturtlesim__rosidl_typesupport_introspection_c.so
[310.899s] -- Set non-toolchain portion of runtime path of "/home/chondosha/ros2_ws/install/turtlesim/lib/libturtlesim__rosidl_typesupport_introspection_c.so" to ""
[310.900s] -- Installing: /home/chondosha/ros2_ws/install/turtlesim/lib/libturtlesim__rosidl_typesupport_c.so
[310.904s] -- Set non-toolchain portion of runtime path of "/home/chondosha/ros2_ws/install/turtlesim/lib/libturtlesim__rosidl_typesupport_c.so" to ""
[310.905s] -- Up-to-date: /home/chondosha/ros2_ws/install/turtlesim/include/turtlesim/turtlesim
[310.906s] -- Up-to-date: /home/chondosha/ros2_ws/install/turtlesim/include/turtlesim/turtlesim/msg
[310.907s] -- Up-to-date: /home/chondosha/ros2_ws/install/turtlesim/include/turtlesim/turtlesim/msg/detail
[310.908s] -- Installing: /home/chondosha/ros2_ws/install/turtlesim/include/turtlesim/turtlesim/msg/detail/pose__rosidl_typesupport_introspection_cpp.hpp
[310.910s] -- Installing: /home/chondosha/ros2_ws/install/turtlesim/include/turtlesim/turtlesim/msg/detail/pose__type_support.cpp
[310.912s] -- Installing: /home/chondosha/ros2_ws/install/turtlesim/include/turtlesim/turtlesim/msg/detail/color__type_support.cpp
[310.914s] -- Installing: /home/chondosha/ros2_ws/install/turtlesim/include/turtlesim/turtlesim/msg/detail/color__rosidl_typesupport_introspection_cpp.hpp
[310.916s] -- Up-to-date: /home/chondosha/ros2_ws/install/turtlesim/include/turtlesim/turtlesim/srv
[310.917s] -- Up-to-date: /home/chondosha/ros2_ws/install/turtlesim/include/turtlesim/turtlesim/srv/detail
[310.918s] -- Installing: /home/chondosha/ros2_ws/install/turtlesim/include/turtlesim/turtlesim/srv/detail/kill__type_support.cpp
[310.921s] -- Installing: /home/chondosha/ros2_ws/install/turtlesim/include/turtlesim/turtlesim/srv/detail/spawn__rosidl_typesupport_introspection_cpp.hpp
[310.923s] -- Installing: /home/chondosha/ros2_ws/install/turtlesim/include/turtlesim/turtlesim/srv/detail/teleport_relative__rosidl_typesupport_introspection_cpp.hpp
[310.924s] -- Installing: /home/chondosha/ros2_ws/install/turtlesim/include/turtlesim/turtlesim/srv/detail/teleport_absolute__rosidl_typesupport_introspection_cpp.hpp
[310.926s] -- Installing: /home/chondosha/ros2_ws/install/turtlesim/include/turtlesim/turtlesim/srv/detail/teleport_absolute__type_support.cpp
[310.929s] -- Installing: /home/chondosha/ros2_ws/install/turtlesim/include/turtlesim/turtlesim/srv/detail/spawn__type_support.cpp
[310.932s] -- Installing: /home/chondosha/ros2_ws/install/turtlesim/include/turtlesim/turtlesim/srv/detail/teleport_relative__type_support.cpp
[310.935s] -- Installing: /home/chondosha/ros2_ws/install/turtlesim/include/turtlesim/turtlesim/srv/detail/set_pen__rosidl_typesupport_introspection_cpp.hpp
[310.937s] -- Installing: /home/chondosha/ros2_ws/install/turtlesim/include/turtlesim/turtlesim/srv/detail/set_pen__type_support.cpp
[310.940s] -- Installing: /home/chondosha/ros2_ws/install/turtlesim/include/turtlesim/turtlesim/srv/detail/kill__rosidl_typesupport_introspection_cpp.hpp
[310.941s] -- Up-to-date: /home/chondosha/ros2_ws/install/turtlesim/include/turtlesim/turtlesim/action
[310.942s] -- Up-to-date: /home/chondosha/ros2_ws/install/turtlesim/include/turtlesim/turtlesim/action/detail
[310.944s] -- Installing: /home/chondosha/ros2_ws/install/turtlesim/include/turtlesim/turtlesim/action/detail/rotate_absolute__rosidl_typesupport_introspection_cpp.hpp
[310.946s] -- Installing: /home/chondosha/ros2_ws/install/turtlesim/include/turtlesim/turtlesim/action/detail/rotate_absolute__type_support.cpp
[310.951s] -- Installing: /home/chondosha/ros2_ws/install/turtlesim/lib/libturtlesim__rosidl_typesupport_introspection_cpp.so
[310.976s] -- Set non-toolchain portion of runtime path of "/home/chondosha/ros2_ws/install/turtlesim/lib/libturtlesim__rosidl_typesupport_introspection_cpp.so" to ""
[310.977s] -- Installing: /home/chondosha/ros2_ws/install/turtlesim/lib/libturtlesim__rosidl_typesupport_cpp.so
[310.985s] -- Set non-toolchain portion of runtime path of "/home/chondosha/ros2_ws/install/turtlesim/lib/libturtlesim__rosidl_typesupport_cpp.so" to ""
[310.985s] -- Installing: /home/chondosha/ros2_ws/install/turtlesim/share/turtlesim/environment/pythonpath.sh
[310.987s] -- Installing: /home/chondosha/ros2_ws/install/turtlesim/share/turtlesim/environment/pythonpath.dsv
[310.990s] -- Installing: /home/chondosha/ros2_ws/install/turtlesim/lib/python3.12/site-packages/turtlesim-1.8.3-py3.12.egg-info
[310.992s] -- Installing: /home/chondosha/ros2_ws/install/turtlesim/lib/python3.12/site-packages/turtlesim-1.8.3-py3.12.egg-info/SOURCES.txt
[310.993s] -- Installing: /home/chondosha/ros2_ws/install/turtlesim/lib/python3.12/site-packages/turtlesim-1.8.3-py3.12.egg-info/top_level.txt
[310.995s] -- Installing: /home/chondosha/ros2_ws/install/turtlesim/lib/python3.12/site-packages/turtlesim-1.8.3-py3.12.egg-info/PKG-INFO
[310.997s] -- Installing: /home/chondosha/ros2_ws/install/turtlesim/lib/python3.12/site-packages/turtlesim-1.8.3-py3.12.egg-info/dependency_links.txt
[310.999s] -- Installing: /home/chondosha/ros2_ws/install/turtlesim/lib/python3.12/site-packages/turtlesim
[311.000s] -- Installing: /home/chondosha/ros2_ws/install/turtlesim/lib/python3.12/site-packages/turtlesim/__init__.py
[311.001s] -- Installing: /home/chondosha/ros2_ws/install/turtlesim/lib/python3.12/site-packages/turtlesim/msg
[311.001s] -- Installing: /home/chondosha/ros2_ws/install/turtlesim/lib/python3.12/site-packages/turtlesim/msg/__init__.py
[311.003s] -- Installing: /home/chondosha/ros2_ws/install/turtlesim/lib/python3.12/site-packages/turtlesim/msg/_color_s.c
[311.004s] -- Installing: /home/chondosha/ros2_ws/install/turtlesim/lib/python3.12/site-packages/turtlesim/msg/_pose.py
[311.005s] -- Installing: /home/chondosha/ros2_ws/install/turtlesim/lib/python3.12/site-packages/turtlesim/msg/_color.py
[311.006s] -- Installing: /home/chondosha/ros2_ws/install/turtlesim/lib/python3.12/site-packages/turtlesim/msg/_pose_s.c
[311.007s] -- Installing: /home/chondosha/ros2_ws/install/turtlesim/lib/python3.12/site-packages/turtlesim/turtlesim_s__rosidl_typesupport_c.so
[311.009s] -- Installing: /home/chondosha/ros2_ws/install/turtlesim/lib/python3.12/site-packages/turtlesim/_turtlesim_s.ep.rosidl_typesupport_fastrtps_c.c
[311.012s] -- Installing: /home/chondosha/ros2_ws/install/turtlesim/lib/python3.12/site-packages/turtlesim/_turtlesim_s.ep.rosidl_typesupport_introspection_c.c
[311.014s] -- Installing: /home/chondosha/ros2_ws/install/turtlesim/lib/python3.12/site-packages/turtlesim/srv
[311.014s] -- Installing: /home/chondosha/ros2_ws/install/turtlesim/lib/python3.12/site-packages/turtlesim/srv/_spawn.py
[311.016s] -- Installing: /home/chondosha/ros2_ws/install/turtlesim/lib/python3.12/site-packages/turtlesim/srv/__init__.py
[311.017s] -- Installing: /home/chondosha/ros2_ws/install/turtlesim/lib/python3.12/site-packages/turtlesim/srv/_teleport_relative.py
[311.018s] -- Installing: /home/chondosha/ros2_ws/install/turtlesim/lib/python3.12/site-packages/turtlesim/srv/_kill.py
[311.019s] -- Installing: /home/chondosha/ros2_ws/install/turtlesim/lib/python3.12/site-packages/turtlesim/srv/_teleport_absolute.py
[311.020s] -- Installing: /home/chondosha/ros2_ws/install/turtlesim/lib/python3.12/site-packages/turtlesim/srv/_kill_s.c
[311.021s] -- Installing: /home/chondosha/ros2_ws/install/turtlesim/lib/python3.12/site-packages/turtlesim/srv/_teleport_absolute_s.c
[311.022s] -- Installing: /home/chondosha/ros2_ws/install/turtlesim/lib/python3.12/site-packages/turtlesim/srv/_spawn_s.c
[311.023s] -- Installing: /home/chondosha/ros2_ws/install/turtlesim/lib/python3.12/site-packages/turtlesim/srv/_set_pen_s.c
[311.024s] -- Installing: /home/chondosha/ros2_ws/install/turtlesim/lib/python3.12/site-packages/turtlesim/srv/_set_pen.py
[311.025s] -- Installing: /home/chondosha/ros2_ws/install/turtlesim/lib/python3.12/site-packages/turtlesim/srv/_teleport_relative_s.c
[311.026s] -- Installing: /home/chondosha/ros2_ws/install/turtlesim/lib/python3.12/site-packages/turtlesim/turtlesim_s__rosidl_typesupport_fastrtps_c.so
[311.028s] -- Installing: /home/chondosha/ros2_ws/install/turtlesim/lib/python3.12/site-packages/turtlesim/_turtlesim_s.ep.rosidl_typesupport_c.c
[311.030s] -- Installing: /home/chondosha/ros2_ws/install/turtlesim/lib/python3.12/site-packages/turtlesim/turtlesim_s__rosidl_typesupport_introspection_c.so
[311.032s] -- Installing: /home/chondosha/ros2_ws/install/turtlesim/lib/python3.12/site-packages/turtlesim/action
[311.032s] -- Installing: /home/chondosha/ros2_ws/install/turtlesim/lib/python3.12/site-packages/turtlesim/action/_rotate_absolute_s.c
[311.034s] -- Installing: /home/chondosha/ros2_ws/install/turtlesim/lib/python3.12/site-packages/turtlesim/action/__init__.py
[311.035s] -- Installing: /home/chondosha/ros2_ws/install/turtlesim/lib/python3.12/site-packages/turtlesim/action/_rotate_absolute.py
[311.404s] Listing '/home/chondosha/ros2_ws/install/turtlesim/lib/python3.12/site-packages/turtlesim'...
[311.405s] Compiling '/home/chondosha/ros2_ws/install/turtlesim/lib/python3.12/site-packages/turtlesim/__init__.py'...
[311.406s] Listing '/home/chondosha/ros2_ws/install/turtlesim/lib/python3.12/site-packages/turtlesim/action'...
[311.407s] Compiling '/home/chondosha/ros2_ws/install/turtlesim/lib/python3.12/site-packages/turtlesim/action/__init__.py'...
[311.408s] Compiling '/home/chondosha/ros2_ws/install/turtlesim/lib/python3.12/site-packages/turtlesim/action/_rotate_absolute.py'...
[311.409s] Listing '/home/chondosha/ros2_ws/install/turtlesim/lib/python3.12/site-packages/turtlesim/msg'...
[311.410s] Compiling '/home/chondosha/ros2_ws/install/turtlesim/lib/python3.12/site-packages/turtlesim/msg/__init__.py'...
[311.410s] Compiling '/home/chondosha/ros2_ws/install/turtlesim/lib/python3.12/site-packages/turtlesim/msg/_color.py'...
[311.411s] Compiling '/home/chondosha/ros2_ws/install/turtlesim/lib/python3.12/site-packages/turtlesim/msg/_pose.py'...
[311.412s] Listing '/home/chondosha/ros2_ws/install/turtlesim/lib/python3.12/site-packages/turtlesim/srv'...
[311.413s] Compiling '/home/chondosha/ros2_ws/install/turtlesim/lib/python3.12/site-packages/turtlesim/srv/__init__.py'...
[311.414s] Compiling '/home/chondosha/ros2_ws/install/turtlesim/lib/python3.12/site-packages/turtlesim/srv/_kill.py'...
[311.415s] Compiling '/home/chondosha/ros2_ws/install/turtlesim/lib/python3.12/site-packages/turtlesim/srv/_set_pen.py'...
[311.416s] Compiling '/home/chondosha/ros2_ws/install/turtlesim/lib/python3.12/site-packages/turtlesim/srv/_spawn.py'...
[311.417s] Compiling '/home/chondosha/ros2_ws/install/turtlesim/lib/python3.12/site-packages/turtlesim/srv/_teleport_absolute.py'...
[311.418s] Compiling '/home/chondosha/ros2_ws/install/turtlesim/lib/python3.12/site-packages/turtlesim/srv/_teleport_relative.py'...
[311.439s] -- Installing: /home/chondosha/ros2_ws/install/turtlesim/lib/python3.12/site-packages/turtlesim/turtlesim_s__rosidl_typesupport_fastrtps_c.so
[311.442s] -- Set non-toolchain portion of runtime path of "/home/chondosha/ros2_ws/install/turtlesim/lib/python3.12/site-packages/turtlesim/turtlesim_s__rosidl_typesupport_fastrtps_c.so" to ""
[311.444s] -- Installing: /home/chondosha/ros2_ws/install/turtlesim/lib/python3.12/site-packages/turtlesim/turtlesim_s__rosidl_typesupport_introspection_c.so
[311.448s] -- Set non-toolchain portion of runtime path of "/home/chondosha/ros2_ws/install/turtlesim/lib/python3.12/site-packages/turtlesim/turtlesim_s__rosidl_typesupport_introspection_c.so" to ""
[311.451s] -- Installing: /home/chondosha/ros2_ws/install/turtlesim/lib/python3.12/site-packages/turtlesim/turtlesim_s__rosidl_typesupport_c.so
[311.455s] -- Set non-toolchain portion of runtime path of "/home/chondosha/ros2_ws/install/turtlesim/lib/python3.12/site-packages/turtlesim/turtlesim_s__rosidl_typesupport_c.so" to ""
[311.455s] -- Installing: /home/chondosha/ros2_ws/install/turtlesim/lib/libturtlesim__rosidl_generator_py.so
[311.463s] -- Set non-toolchain portion of runtime path of "/home/chondosha/ros2_ws/install/turtlesim/lib/libturtlesim__rosidl_generator_py.so" to ""
[311.466s] -- Installing: /home/chondosha/ros2_ws/install/turtlesim/share/turtlesim/action/RotateAbsolute.idl
[311.467s] -- Installing: /home/chondosha/ros2_ws/install/turtlesim/share/turtlesim/msg/Color.idl
[311.469s] -- Installing: /home/chondosha/ros2_ws/install/turtlesim/share/turtlesim/msg/Pose.idl
[311.472s] -- Installing: /home/chondosha/ros2_ws/install/turtlesim/share/turtlesim/srv/Kill.idl
[311.475s] -- Installing: /home/chondosha/ros2_ws/install/turtlesim/share/turtlesim/srv/SetPen.idl
[311.478s] -- Installing: /home/chondosha/ros2_ws/install/turtlesim/share/turtlesim/srv/Spawn.idl
[311.480s] -- Installing: /home/chondosha/ros2_ws/install/turtlesim/share/turtlesim/srv/TeleportAbsolute.idl
[311.482s] -- Installing: /home/chondosha/ros2_ws/install/turtlesim/share/turtlesim/srv/TeleportRelative.idl
[311.484s] -- Installing: /home/chondosha/ros2_ws/install/turtlesim/share/turtlesim/action/RotateAbsolute.action
[311.486s] -- Installing: /home/chondosha/ros2_ws/install/turtlesim/share/turtlesim/msg/Color.msg
[311.488s] -- Installing: /home/chondosha/ros2_ws/install/turtlesim/share/turtlesim/msg/Pose.msg
[311.490s] -- Installing: /home/chondosha/ros2_ws/install/turtlesim/share/turtlesim/srv/Kill.srv
[311.491s] -- Installing: /home/chondosha/ros2_ws/install/turtlesim/share/turtlesim/srv/SetPen.srv
[311.493s] -- Installing: /home/chondosha/ros2_ws/install/turtlesim/share/turtlesim/srv/Spawn.srv
[311.495s] -- Installing: /home/chondosha/ros2_ws/install/turtlesim/share/turtlesim/srv/TeleportAbsolute.srv
[311.496s] -- Installing: /home/chondosha/ros2_ws/install/turtlesim/share/turtlesim/srv/TeleportRelative.srv
[311.498s] -- Installing: /home/chondosha/ros2_ws/install/turtlesim/lib/turtlesim/turtlesim_node
[311.593s] -- Set non-toolchain portion of runtime path of "/home/chondosha/ros2_ws/install/turtlesim/lib/turtlesim/turtlesim_node" to ""
[311.593s] -- Installing: /home/chondosha/ros2_ws/install/turtlesim/lib/turtlesim/turtle_teleop_key
[311.609s] -- Set non-toolchain portion of runtime path of "/home/chondosha/ros2_ws/install/turtlesim/lib/turtlesim/turtle_teleop_key" to ""
[311.610s] -- Installing: /home/chondosha/ros2_ws/install/turtlesim/lib/turtlesim/draw_square
[311.650s] -- Set non-toolchain portion of runtime path of "/home/chondosha/ros2_ws/install/turtlesim/lib/turtlesim/draw_square" to ""
[311.651s] -- Installing: /home/chondosha/ros2_ws/install/turtlesim/lib/turtlesim/mimic
[311.697s] -- Set non-toolchain portion of runtime path of "/home/chondosha/ros2_ws/install/turtlesim/lib/turtlesim/mimic" to ""
[311.697s] -- Installing: /home/chondosha/ros2_ws/install/turtlesim/share/turtlesim/images
[311.699s] -- Installing: /home/chondosha/ros2_ws/install/turtlesim/share/turtlesim/images/dashing.png
[311.701s] -- Installing: /home/chondosha/ros2_ws/install/turtlesim/share/turtlesim/images/humble.png
[311.705s] -- Installing: /home/chondosha/ros2_ws/install/turtlesim/share/turtlesim/images/ardent.png
[311.706s] -- Installing: /home/chondosha/ros2_ws/install/turtlesim/share/turtlesim/images/jazzy.png
[311.707s] -- Installing: /home/chondosha/ros2_ws/install/turtlesim/share/turtlesim/images/foxy.png
[311.709s] -- Installing: /home/chondosha/ros2_ws/install/turtlesim/share/turtlesim/images/rolling.png
[311.711s] -- Installing: /home/chondosha/ros2_ws/install/turtlesim/share/turtlesim/images/eloquent.png
[311.713s] -- Installing: /home/chondosha/ros2_ws/install/turtlesim/share/turtlesim/images/crystal.png
[311.715s] -- Installing: /home/chondosha/ros2_ws/install/turtlesim/share/turtlesim/images/galactic.png
[311.717s] -- Installing: /home/chondosha/ros2_ws/install/turtlesim/share/turtlesim/images/bouncy.png
[311.718s] -- Installing: /home/chondosha/ros2_ws/install/turtlesim/share/turtlesim/images/iron.png
[311.720s] -- Installing: /home/chondosha/ros2_ws/install/turtlesim/share/turtlesim/launch
[311.721s] -- Installing: /home/chondosha/ros2_ws/install/turtlesim/share/turtlesim/launch/multisim.launch.py
[311.724s] -- Installing: /home/chondosha/ros2_ws/install/turtlesim/share/ament_index/resource_index/package_run_dependencies/turtlesim
[311.727s] -- Installing: /home/chondosha/ros2_ws/install/turtlesim/share/ament_index/resource_index/parent_prefix_path/turtlesim
[311.736s] -- Installing: /home/chondosha/ros2_ws/install/turtlesim/share/turtlesim/environment/ament_prefix_path.sh
[311.738s] -- Installing: /home/chondosha/ros2_ws/install/turtlesim/share/turtlesim/environment/ament_prefix_path.dsv
[311.740s] -- Installing: /home/chondosha/ros2_ws/install/turtlesim/share/turtlesim/environment/path.sh
[311.743s] -- Installing: /home/chondosha/ros2_ws/install/turtlesim/share/turtlesim/environment/path.dsv
[311.745s] -- Installing: /home/chondosha/ros2_ws/install/turtlesim/share/turtlesim/local_setup.bash
[311.748s] -- Installing: /home/chondosha/ros2_ws/install/turtlesim/share/turtlesim/local_setup.sh
[311.750s] -- Installing: /home/chondosha/ros2_ws/install/turtlesim/share/turtlesim/local_setup.zsh
[311.752s] -- Installing: /home/chondosha/ros2_ws/install/turtlesim/share/turtlesim/local_setup.dsv
[311.754s] -- Installing: /home/chondosha/ros2_ws/install/turtlesim/share/turtlesim/package.dsv
[311.758s] -- Installing: /home/chondosha/ros2_ws/install/turtlesim/share/ament_index/resource_index/packages/turtlesim
[311.764s] -- Installing: /home/chondosha/ros2_ws/install/turtlesim/share/turtlesim/cmake/export_turtlesim__rosidl_generator_cExport.cmake
[311.768s] -- Installing: /home/chondosha/ros2_ws/install/turtlesim/share/turtlesim/cmake/export_turtlesim__rosidl_generator_cExport-noconfig.cmake
[311.773s] -- Installing: /home/chondosha/ros2_ws/install/turtlesim/share/turtlesim/cmake/export_turtlesim__rosidl_typesupport_fastrtps_cExport.cmake
[311.778s] -- Installing: /home/chondosha/ros2_ws/install/turtlesim/share/turtlesim/cmake/export_turtlesim__rosidl_typesupport_fastrtps_cExport-noconfig.cmake
[311.782s] -- Installing: /home/chondosha/ros2_ws/install/turtlesim/share/turtlesim/cmake/export_turtlesim__rosidl_generator_cppExport.cmake
[311.785s] -- Installing: /home/chondosha/ros2_ws/install/turtlesim/share/turtlesim/cmake/export_turtlesim__rosidl_typesupport_fastrtps_cppExport.cmake
[311.788s] -- Installing: /home/chondosha/ros2_ws/install/turtlesim/share/turtlesim/cmake/export_turtlesim__rosidl_typesupport_fastrtps_cppExport-noconfig.cmake
[311.790s] -- Installing: /home/chondosha/ros2_ws/install/turtlesim/share/turtlesim/cmake/turtlesim__rosidl_typesupport_introspection_cExport.cmake
[311.792s] -- Installing: /home/chondosha/ros2_ws/install/turtlesim/share/turtlesim/cmake/turtlesim__rosidl_typesupport_introspection_cExport-noconfig.cmake
[311.794s] -- Installing: /home/chondosha/ros2_ws/install/turtlesim/share/turtlesim/cmake/turtlesim__rosidl_typesupport_cExport.cmake
[311.796s] -- Installing: /home/chondosha/ros2_ws/install/turtlesim/share/turtlesim/cmake/turtlesim__rosidl_typesupport_cExport-noconfig.cmake
[311.798s] -- Installing: /home/chondosha/ros2_ws/install/turtlesim/share/turtlesim/cmake/turtlesim__rosidl_typesupport_introspection_cppExport.cmake
[311.800s] -- Installing: /home/chondosha/ros2_ws/install/turtlesim/share/turtlesim/cmake/turtlesim__rosidl_typesupport_introspection_cppExport-noconfig.cmake
[311.803s] -- Installing: /home/chondosha/ros2_ws/install/turtlesim/share/turtlesim/cmake/turtlesim__rosidl_typesupport_cppExport.cmake
[311.805s] -- Installing: /home/chondosha/ros2_ws/install/turtlesim/share/turtlesim/cmake/turtlesim__rosidl_typesupport_cppExport-noconfig.cmake
[311.807s] -- Installing: /home/chondosha/ros2_ws/install/turtlesim/share/turtlesim/cmake/export_turtlesim__rosidl_generator_pyExport.cmake
[311.809s] -- Installing: /home/chondosha/ros2_ws/install/turtlesim/share/turtlesim/cmake/export_turtlesim__rosidl_generator_pyExport-noconfig.cmake
[311.811s] -- Installing: /home/chondosha/ros2_ws/install/turtlesim/share/turtlesim/cmake/rosidl_cmake-extras.cmake
[311.814s] -- Installing: /home/chondosha/ros2_ws/install/turtlesim/share/turtlesim/cmake/ament_cmake_export_dependencies-extras.cmake
[311.817s] -- Installing: /home/chondosha/ros2_ws/install/turtlesim/share/turtlesim/cmake/ament_cmake_export_include_directories-extras.cmake
[311.819s] -- Installing: /home/chondosha/ros2_ws/install/turtlesim/share/turtlesim/cmake/ament_cmake_export_libraries-extras.cmake
[311.821s] -- Installing: /home/chondosha/ros2_ws/install/turtlesim/share/turtlesim/cmake/ament_cmake_export_targets-extras.cmake
[311.823s] -- Installing: /home/chondosha/ros2_ws/install/turtlesim/share/turtlesim/cmake/rosidl_cmake_export_typesupport_targets-extras.cmake
[311.825s] -- Installing: /home/chondosha/ros2_ws/install/turtlesim/share/turtlesim/cmake/rosidl_cmake_export_typesupport_libraries-extras.cmake
[311.828s] -- Installing: /home/chondosha/ros2_ws/install/turtlesim/share/turtlesim/cmake/turtlesimConfig.cmake
[311.829s] -- Installing: /home/chondosha/ros2_ws/install/turtlesim/share/turtlesim/cmake/turtlesimConfig-version.cmake
[311.831s] -- Installing: /home/chondosha/ros2_ws/install/turtlesim/share/turtlesim/package.xml
[311.845s] Invoked command in '/home/chondosha/ros2_ws/build/turtlesim' returned '0': CMAKE_PREFIX_PATH=${CMAKE_PREFIX_PATH}:/home/chondosha/ros2_ws/install/my_package:/opt/ros/jazzy DEBUGINFOD_URLS=https://debuginfod.ubuntu.com /usr/bin/cmake --install /home/chondosha/ros2_ws/build/turtlesim
