[2.129s] Invoking command in '/home/chondosha/ros2_ws/build/turtlesim': CMAKE_PREFIX_PATH=${CMAKE_PREFIX_PATH}:/opt/ros/jazzy:/home/chondosha/ros2_ws/install/my_package DEBUGINFOD_URLS=https://debuginfod.ubuntu.com /usr/bin/cmake --build /home/chondosha/ros2_ws/build/turtlesim -- -j4 -l4
[2.788s] [  0%] Built target turtlesim__rosidl_generator_type_description
[3.095s] [  0%] Built target ament_cmake_python_copy_turtlesim
[3.172s] [ 23%] Built target turtlesim__rosidl_generator_c
[3.181s] [ 24%] Built target turtlesim__cpp
[3.605s] [ 33%] Built target turtlesim__rosidl_typesupport_fastrtps_cpp
[3.716s] [ 42%] Built target turtlesim__rosidl_typesupport_cpp
[3.762s] [ 50%] Built target turtlesim__rosidl_typesupport_fastrtps_c
[3.935s] [ 59%] Built target turtlesim__rosidl_typesupport_introspection_c
[4.185s] [ 68%] Built target turtlesim__rosidl_typesupport_c
[4.252s] [ 76%] Built target turtlesim__rosidl_typesupport_introspection_cpp
[4.569s] [ 81%] Built target turtlesim_node
[4.702s] [ 83%] Built target turtle_teleop_key
[4.718s] [ 84%] Built target draw_square
[4.943s] [ 86%] Built target mimic
[4.946s] [ 86%] Built target turtlesim
[5.101s] [ 86%] Built target turtlesim__py
[5.280s] [ 94%] Built target turtlesim__rosidl_generator_py
[5.557s] [ 96%] Built target turtlesim_s__rosidl_typesupport_introspection_c
[5.612s] [ 98%] Built target turtlesim_s__rosidl_typesupport_fastrtps_c
[5.665s] [100%] Built target turtlesim_s__rosidl_typesupport_c
[6.492s] running egg_info
[6.705s] writing turtlesim.egg-info/PKG-INFO
[6.706s] writing dependency_links to turtlesim.egg-info/dependency_links.txt
[6.757s] writing top-level names to turtlesim.egg-info/top_level.txt
[7.489s] reading manifest file 'turtlesim.egg-info/SOURCES.txt'
[7.493s] writing manifest file 'turtlesim.egg-info/SOURCES.txt'
[7.764s] [100%] Built target ament_cmake_python_build_turtlesim_egg
[7.885s] Invoked command in '/home/chondosha/ros2_ws/build/turtlesim' returned '0': CMAKE_PREFIX_PATH=${CMAKE_PREFIX_PATH}:/opt/ros/jazzy:/home/chondosha/ros2_ws/install/my_package DEBUGINFOD_URLS=https://debuginfod.ubuntu.com /usr/bin/cmake --build /home/chondosha/ros2_ws/build/turtlesim -- -j4 -l4
[10.809s] Invoking command in '/home/chondosha/ros2_ws/build/turtlesim': CMAKE_PREFIX_PATH=${CMAKE_PREFIX_PATH}:/opt/ros/jazzy:/home/chondosha/ros2_ws/install/my_package DEBUGINFOD_URLS=https://debuginfod.ubuntu.com /usr/bin/cmake --install /home/chondosha/ros2_ws/build/turtlesim
[10.908s] -- Install configuration: ""
[10.917s] -- Up-to-date: /home/chondosha/ros2_ws/install/turtlesim/share/ament_index/resource_index/rosidl_interfaces/turtlesim
[10.931s] -- Up-to-date: /home/chondosha/ros2_ws/install/turtlesim/share/turtlesim/action/RotateAbsolute.json
[10.932s] -- Up-to-date: /home/chondosha/ros2_ws/install/turtlesim/share/turtlesim/msg/Color.json
[10.936s] -- Up-to-date: /home/chondosha/ros2_ws/install/turtlesim/share/turtlesim/msg/Pose.json
[10.941s] -- Up-to-date: /home/chondosha/ros2_ws/install/turtlesim/share/turtlesim/srv/Kill.json
[10.943s] -- Up-to-date: /home/chondosha/ros2_ws/install/turtlesim/share/turtlesim/srv/SetPen.json
[10.944s] -- Up-to-date: /home/chondosha/ros2_ws/install/turtlesim/share/turtlesim/srv/Spawn.json
[10.944s] -- Up-to-date: /home/chondosha/ros2_ws/install/turtlesim/share/turtlesim/srv/TeleportAbsolute.json
[10.945s] -- Up-to-date: /home/chondosha/ros2_ws/install/turtlesim/share/turtlesim/srv/TeleportRelative.json
[10.949s] -- Up-to-date: /home/chondosha/ros2_ws/install/turtlesim/include/turtlesim/turtlesim
[10.950s] -- Up-to-date: /home/chondosha/ros2_ws/install/turtlesim/include/turtlesim/turtlesim/msg
[10.951s] -- Up-to-date: /home/chondosha/ros2_ws/install/turtlesim/include/turtlesim/turtlesim/msg/detail
[10.955s] -- Up-to-date: /home/chondosha/ros2_ws/install/turtlesim/include/turtlesim/turtlesim/msg/detail/color__description.c
[10.957s] -- Installing: /home/chondosha/ros2_ws/install/turtlesim/include/turtlesim/turtlesim/msg/detail/color__type_support.c
[10.968s] -- Installing: /home/chondosha/ros2_ws/install/turtlesim/include/turtlesim/turtlesim/msg/detail/pose__type_support.c
[10.976s] -- Up-to-date: /home/chondosha/ros2_ws/install/turtlesim/include/turtlesim/turtlesim/msg/detail/color__struct.h
[10.986s] -- Up-to-date: /home/chondosha/ros2_ws/install/turtlesim/include/turtlesim/turtlesim/msg/detail/color__type_support.h
[10.987s] -- Up-to-date: /home/chondosha/ros2_ws/install/turtlesim/include/turtlesim/turtlesim/msg/detail/color__functions.h
[10.989s] -- Up-to-date: /home/chondosha/ros2_ws/install/turtlesim/include/turtlesim/turtlesim/msg/detail/pose__functions.h
[10.990s] -- Up-to-date: /home/chondosha/ros2_ws/install/turtlesim/include/turtlesim/turtlesim/msg/detail/pose__struct.h
[10.993s] -- Up-to-date: /home/chondosha/ros2_ws/install/turtlesim/include/turtlesim/turtlesim/msg/detail/pose__functions.c
[10.994s] -- Up-to-date: /home/chondosha/ros2_ws/install/turtlesim/include/turtlesim/turtlesim/msg/detail/pose__description.c
[10.996s] -- Up-to-date: /home/chondosha/ros2_ws/install/turtlesim/include/turtlesim/turtlesim/msg/detail/pose__type_support.h
[10.996s] -- Up-to-date: /home/chondosha/ros2_ws/install/turtlesim/include/turtlesim/turtlesim/msg/detail/color__functions.c
[10.997s] -- Up-to-date: /home/chondosha/ros2_ws/install/turtlesim/include/turtlesim/turtlesim/msg/color.h
[10.999s] -- Up-to-date: /home/chondosha/ros2_ws/install/turtlesim/include/turtlesim/turtlesim/msg/rosidl_generator_c__visibility_control.h
[11.000s] -- Up-to-date: /home/chondosha/ros2_ws/install/turtlesim/include/turtlesim/turtlesim/msg/pose.h
[11.001s] -- Up-to-date: /home/chondosha/ros2_ws/install/turtlesim/include/turtlesim/turtlesim/srv
[11.004s] -- Up-to-date: /home/chondosha/ros2_ws/install/turtlesim/include/turtlesim/turtlesim/srv/teleport_relative.h
[11.005s] -- Up-to-date: /home/chondosha/ros2_ws/install/turtlesim/include/turtlesim/turtlesim/srv/set_pen.h
[11.005s] -- Up-to-date: /home/chondosha/ros2_ws/install/turtlesim/include/turtlesim/turtlesim/srv/detail
[11.006s] -- Up-to-date: /home/chondosha/ros2_ws/install/turtlesim/include/turtlesim/turtlesim/srv/detail/spawn__struct.h
[11.009s] -- Up-to-date: /home/chondosha/ros2_ws/install/turtlesim/include/turtlesim/turtlesim/srv/detail/spawn__functions.h
[11.009s] -- Up-to-date: /home/chondosha/ros2_ws/install/turtlesim/include/turtlesim/turtlesim/srv/detail/teleport_relative__functions.c
[11.010s] -- Up-to-date: /home/chondosha/ros2_ws/install/turtlesim/include/turtlesim/turtlesim/srv/detail/teleport_relative__description.c
[11.012s] -- Up-to-date: /home/chondosha/ros2_ws/install/turtlesim/include/turtlesim/turtlesim/srv/detail/teleport_relative__type_support.h
[11.013s] -- Up-to-date: /home/chondosha/ros2_ws/install/turtlesim/include/turtlesim/turtlesim/srv/detail/kill__description.c
[11.015s] -- Up-to-date: /home/chondosha/ros2_ws/install/turtlesim/include/turtlesim/turtlesim/srv/detail/kill__functions.h
[11.015s] -- Up-to-date: /home/chondosha/ros2_ws/install/turtlesim/include/turtlesim/turtlesim/srv/detail/kill__functions.c
[11.017s] -- Up-to-date: /home/chondosha/ros2_ws/install/turtlesim/include/turtlesim/turtlesim/srv/detail/teleport_absolute__type_support.h
[11.018s] -- Installing: /home/chondosha/ros2_ws/install/turtlesim/include/turtlesim/turtlesim/srv/detail/teleport_absolute__type_support.c
[11.022s] -- Installing: /home/chondosha/ros2_ws/install/turtlesim/include/turtlesim/turtlesim/srv/detail/spawn__type_support.c
[11.023s] -- Up-to-date: /home/chondosha/ros2_ws/install/turtlesim/include/turtlesim/turtlesim/srv/detail/set_pen__type_support.h
[11.026s] -- Installing: /home/chondosha/ros2_ws/install/turtlesim/include/turtlesim/turtlesim/srv/detail/teleport_relative__type_support.c
[11.027s] -- Up-to-date: /home/chondosha/ros2_ws/install/turtlesim/include/turtlesim/turtlesim/srv/detail/teleport_relative__functions.h
[11.027s] -- Installing: /home/chondosha/ros2_ws/install/turtlesim/include/turtlesim/turtlesim/srv/detail/kill__type_support.c
[11.028s] -- Up-to-date: /home/chondosha/ros2_ws/install/turtlesim/include/turtlesim/turtlesim/srv/detail/spawn__functions.c
[11.029s] -- Up-to-date: /home/chondosha/ros2_ws/install/turtlesim/include/turtlesim/turtlesim/srv/detail/teleport_relative__struct.h
[11.030s] -- Up-to-date: /home/chondosha/ros2_ws/install/turtlesim/include/turtlesim/turtlesim/srv/detail/kill__struct.h
[11.032s] -- Up-to-date: /home/chondosha/ros2_ws/install/turtlesim/include/turtlesim/turtlesim/srv/detail/teleport_absolute__functions.c
[11.033s] -- Up-to-date: /home/chondosha/ros2_ws/install/turtlesim/include/turtlesim/turtlesim/srv/detail/set_pen__struct.h
[11.034s] -- Installing: /home/chondosha/ros2_ws/install/turtlesim/include/turtlesim/turtlesim/srv/detail/set_pen__type_support.c
[11.035s] -- Up-to-date: /home/chondosha/ros2_ws/install/turtlesim/include/turtlesim/turtlesim/srv/detail/teleport_absolute__struct.h
[11.036s] -- Up-to-date: /home/chondosha/ros2_ws/install/turtlesim/include/turtlesim/turtlesim/srv/detail/spawn__description.c
[11.036s] -- Up-to-date: /home/chondosha/ros2_ws/install/turtlesim/include/turtlesim/turtlesim/srv/detail/kill__type_support.h
[11.037s] -- Up-to-date: /home/chondosha/ros2_ws/install/turtlesim/include/turtlesim/turtlesim/srv/detail/set_pen__description.c
[11.038s] -- Up-to-date: /home/chondosha/ros2_ws/install/turtlesim/include/turtlesim/turtlesim/srv/detail/teleport_absolute__description.c
[11.039s] -- Up-to-date: /home/chondosha/ros2_ws/install/turtlesim/include/turtlesim/turtlesim/srv/detail/spawn__type_support.h
[11.040s] -- Up-to-date: /home/chondosha/ros2_ws/install/turtlesim/include/turtlesim/turtlesim/srv/detail/teleport_absolute__functions.h
[11.040s] -- Up-to-date: /home/chondosha/ros2_ws/install/turtlesim/include/turtlesim/turtlesim/srv/detail/set_pen__functions.c
[11.041s] -- Up-to-date: /home/chondosha/ros2_ws/install/turtlesim/include/turtlesim/turtlesim/srv/detail/set_pen__functions.h
[11.042s] -- Up-to-date: /home/chondosha/ros2_ws/install/turtlesim/include/turtlesim/turtlesim/srv/kill.h
[11.043s] -- Up-to-date: /home/chondosha/ros2_ws/install/turtlesim/include/turtlesim/turtlesim/srv/spawn.h
[11.045s] -- Up-to-date: /home/chondosha/ros2_ws/install/turtlesim/include/turtlesim/turtlesim/srv/teleport_absolute.h
[11.046s] -- Up-to-date: /home/chondosha/ros2_ws/install/turtlesim/include/turtlesim/turtlesim/action
[11.048s] -- Up-to-date: /home/chondosha/ros2_ws/install/turtlesim/include/turtlesim/turtlesim/action/detail
[11.049s] -- Up-to-date: /home/chondosha/ros2_ws/install/turtlesim/include/turtlesim/turtlesim/action/detail/rotate_absolute__description.c
[11.049s] -- Up-to-date: /home/chondosha/ros2_ws/install/turtlesim/include/turtlesim/turtlesim/action/detail/rotate_absolute__functions.h
[11.050s] -- Up-to-date: /home/chondosha/ros2_ws/install/turtlesim/include/turtlesim/turtlesim/action/detail/rotate_absolute__type_support.h
[11.051s] -- Installing: /home/chondosha/ros2_ws/install/turtlesim/include/turtlesim/turtlesim/action/detail/rotate_absolute__type_support.c
[11.053s] -- Up-to-date: /home/chondosha/ros2_ws/install/turtlesim/include/turtlesim/turtlesim/action/detail/rotate_absolute__struct.h
[11.054s] -- Up-to-date: /home/chondosha/ros2_ws/install/turtlesim/include/turtlesim/turtlesim/action/detail/rotate_absolute__functions.c
[11.055s] -- Up-to-date: /home/chondosha/ros2_ws/install/turtlesim/include/turtlesim/turtlesim/action/rotate_absolute.h
[11.056s] -- Up-to-date: /home/chondosha/ros2_ws/install/turtlesim/share/turtlesim/environment/library_path.sh
[11.056s] -- Up-to-date: /home/chondosha/ros2_ws/install/turtlesim/share/turtlesim/environment/library_path.dsv
[11.058s] -- Up-to-date: /home/chondosha/ros2_ws/install/turtlesim/lib/libturtlesim__rosidl_generator_c.so
[11.059s] -- Up-to-date: /home/chondosha/ros2_ws/install/turtlesim/include/turtlesim/turtlesim
[11.060s] -- Up-to-date: /home/chondosha/ros2_ws/install/turtlesim/include/turtlesim/turtlesim/msg
[11.061s] -- Up-to-date: /home/chondosha/ros2_ws/install/turtlesim/include/turtlesim/turtlesim/msg/rosidl_typesupport_fastrtps_c__visibility_control.h
[11.061s] -- Up-to-date: /home/chondosha/ros2_ws/install/turtlesim/include/turtlesim/turtlesim/msg/detail
[11.062s] -- Up-to-date: /home/chondosha/ros2_ws/install/turtlesim/include/turtlesim/turtlesim/msg/detail/pose__rosidl_typesupport_fastrtps_c.h
[11.063s] -- Up-to-date: /home/chondosha/ros2_ws/install/turtlesim/include/turtlesim/turtlesim/msg/detail/color__rosidl_typesupport_fastrtps_c.h
[11.064s] -- Up-to-date: /home/chondosha/ros2_ws/install/turtlesim/include/turtlesim/turtlesim/srv
[11.066s] -- Up-to-date: /home/chondosha/ros2_ws/install/turtlesim/include/turtlesim/turtlesim/srv/detail
[11.067s] -- Up-to-date: /home/chondosha/ros2_ws/install/turtlesim/include/turtlesim/turtlesim/srv/detail/set_pen__rosidl_typesupport_fastrtps_c.h
[11.067s] -- Up-to-date: /home/chondosha/ros2_ws/install/turtlesim/include/turtlesim/turtlesim/srv/detail/teleport_relative__rosidl_typesupport_fastrtps_c.h
[11.071s] -- Up-to-date: /home/chondosha/ros2_ws/install/turtlesim/include/turtlesim/turtlesim/srv/detail/kill__rosidl_typesupport_fastrtps_c.h
[11.073s] -- Up-to-date: /home/chondosha/ros2_ws/install/turtlesim/include/turtlesim/turtlesim/srv/detail/spawn__rosidl_typesupport_fastrtps_c.h
[11.077s] -- Up-to-date: /home/chondosha/ros2_ws/install/turtlesim/include/turtlesim/turtlesim/srv/detail/teleport_absolute__rosidl_typesupport_fastrtps_c.h
[11.081s] -- Up-to-date: /home/chondosha/ros2_ws/install/turtlesim/include/turtlesim/turtlesim/action
[11.084s] -- Up-to-date: /home/chondosha/ros2_ws/install/turtlesim/include/turtlesim/turtlesim/action/detail
[11.088s] -- Up-to-date: /home/chondosha/ros2_ws/install/turtlesim/include/turtlesim/turtlesim/action/detail/rotate_absolute__rosidl_typesupport_fastrtps_c.h
[11.089s] -- Up-to-date: /home/chondosha/ros2_ws/install/turtlesim/lib/libturtlesim__rosidl_typesupport_fastrtps_c.so
[11.090s] -- Up-to-date: /home/chondosha/ros2_ws/install/turtlesim/include/turtlesim/turtlesim
[11.090s] -- Up-to-date: /home/chondosha/ros2_ws/install/turtlesim/include/turtlesim/turtlesim/msg
[11.092s] -- Up-to-date: /home/chondosha/ros2_ws/install/turtlesim/include/turtlesim/turtlesim/msg/rosidl_generator_cpp__visibility_control.hpp
[11.097s] -- Up-to-date: /home/chondosha/ros2_ws/install/turtlesim/include/turtlesim/turtlesim/msg/detail
[11.099s] -- Up-to-date: /home/chondosha/ros2_ws/install/turtlesim/include/turtlesim/turtlesim/msg/detail/pose__struct.hpp
[11.100s] -- Up-to-date: /home/chondosha/ros2_ws/install/turtlesim/include/turtlesim/turtlesim/msg/detail/color__traits.hpp
[11.102s] -- Up-to-date: /home/chondosha/ros2_ws/install/turtlesim/include/turtlesim/turtlesim/msg/detail/pose__builder.hpp
[11.105s] -- Up-to-date: /home/chondosha/ros2_ws/install/turtlesim/include/turtlesim/turtlesim/msg/detail/pose__type_support.hpp
[11.106s] -- Up-to-date: /home/chondosha/ros2_ws/install/turtlesim/include/turtlesim/turtlesim/msg/detail/color__struct.hpp
[11.107s] -- Up-to-date: /home/chondosha/ros2_ws/install/turtlesim/include/turtlesim/turtlesim/msg/detail/pose__traits.hpp
[11.108s] -- Up-to-date: /home/chondosha/ros2_ws/install/turtlesim/include/turtlesim/turtlesim/msg/detail/color__builder.hpp
[11.108s] -- Up-to-date: /home/chondosha/ros2_ws/install/turtlesim/include/turtlesim/turtlesim/msg/detail/color__type_support.hpp
[11.109s] -- Up-to-date: /home/chondosha/ros2_ws/install/turtlesim/include/turtlesim/turtlesim/msg/color.hpp
[11.111s] -- Up-to-date: /home/chondosha/ros2_ws/install/turtlesim/include/turtlesim/turtlesim/msg/pose.hpp
[11.112s] -- Up-to-date: /home/chondosha/ros2_ws/install/turtlesim/include/turtlesim/turtlesim/srv
[11.112s] -- Up-to-date: /home/chondosha/ros2_ws/install/turtlesim/include/turtlesim/turtlesim/srv/teleport_relative.hpp
[11.113s] -- Up-to-date: /home/chondosha/ros2_ws/install/turtlesim/include/turtlesim/turtlesim/srv/spawn.hpp
[11.114s] -- Up-to-date: /home/chondosha/ros2_ws/install/turtlesim/include/turtlesim/turtlesim/srv/detail
[11.115s] -- Up-to-date: /home/chondosha/ros2_ws/install/turtlesim/include/turtlesim/turtlesim/srv/detail/set_pen__type_support.hpp
[11.116s] -- Up-to-date: /home/chondosha/ros2_ws/install/turtlesim/include/turtlesim/turtlesim/srv/detail/kill__struct.hpp
[11.117s] -- Up-to-date: /home/chondosha/ros2_ws/install/turtlesim/include/turtlesim/turtlesim/srv/detail/spawn__type_support.hpp
[11.118s] -- Up-to-date: /home/chondosha/ros2_ws/install/turtlesim/include/turtlesim/turtlesim/srv/detail/spawn__builder.hpp
[11.118s] -- Up-to-date: /home/chondosha/ros2_ws/install/turtlesim/include/turtlesim/turtlesim/srv/detail/spawn__struct.hpp
[11.119s] -- Up-to-date: /home/chondosha/ros2_ws/install/turtlesim/include/turtlesim/turtlesim/srv/detail/set_pen__traits.hpp
[11.120s] -- Up-to-date: /home/chondosha/ros2_ws/install/turtlesim/include/turtlesim/turtlesim/srv/detail/teleport_absolute__type_support.hpp
[11.121s] -- Up-to-date: /home/chondosha/ros2_ws/install/turtlesim/include/turtlesim/turtlesim/srv/detail/kill__builder.hpp
[11.122s] -- Up-to-date: /home/chondosha/ros2_ws/install/turtlesim/include/turtlesim/turtlesim/srv/detail/set_pen__builder.hpp
[11.122s] -- Up-to-date: /home/chondosha/ros2_ws/install/turtlesim/include/turtlesim/turtlesim/srv/detail/teleport_absolute__struct.hpp
[11.126s] -- Up-to-date: /home/chondosha/ros2_ws/install/turtlesim/include/turtlesim/turtlesim/srv/detail/kill__type_support.hpp
[11.130s] -- Up-to-date: /home/chondosha/ros2_ws/install/turtlesim/include/turtlesim/turtlesim/srv/detail/set_pen__struct.hpp
[11.134s] -- Up-to-date: /home/chondosha/ros2_ws/install/turtlesim/include/turtlesim/turtlesim/srv/detail/teleport_relative__struct.hpp
[11.136s] -- Up-to-date: /home/chondosha/ros2_ws/install/turtlesim/include/turtlesim/turtlesim/srv/detail/teleport_relative__type_support.hpp
[11.138s] -- Up-to-date: /home/chondosha/ros2_ws/install/turtlesim/include/turtlesim/turtlesim/srv/detail/teleport_relative__builder.hpp
[11.139s] -- Up-to-date: /home/chondosha/ros2_ws/install/turtlesim/include/turtlesim/turtlesim/srv/detail/spawn__traits.hpp
[11.142s] -- Up-to-date: /home/chondosha/ros2_ws/install/turtlesim/include/turtlesim/turtlesim/srv/detail/teleport_relative__traits.hpp
[11.147s] -- Up-to-date: /home/chondosha/ros2_ws/install/turtlesim/include/turtlesim/turtlesim/srv/detail/teleport_absolute__traits.hpp
[11.147s] -- Up-to-date: /home/chondosha/ros2_ws/install/turtlesim/include/turtlesim/turtlesim/srv/detail/teleport_absolute__builder.hpp
[11.148s] -- Up-to-date: /home/chondosha/ros2_ws/install/turtlesim/include/turtlesim/turtlesim/srv/detail/kill__traits.hpp
[11.149s] -- Up-to-date: /home/chondosha/ros2_ws/install/turtlesim/include/turtlesim/turtlesim/srv/kill.hpp
[11.152s] -- Up-to-date: /home/chondosha/ros2_ws/install/turtlesim/include/turtlesim/turtlesim/srv/teleport_absolute.hpp
[11.155s] -- Up-to-date: /home/chondosha/ros2_ws/install/turtlesim/include/turtlesim/turtlesim/srv/set_pen.hpp
[11.163s] -- Up-to-date: /home/chondosha/ros2_ws/install/turtlesim/include/turtlesim/turtlesim/action
[11.163s] -- Up-to-date: /home/chondosha/ros2_ws/install/turtlesim/include/turtlesim/turtlesim/action/detail
[11.164s] -- Up-to-date: /home/chondosha/ros2_ws/install/turtlesim/include/turtlesim/turtlesim/action/detail/rotate_absolute__type_support.hpp
[11.165s] -- Up-to-date: /home/chondosha/ros2_ws/install/turtlesim/include/turtlesim/turtlesim/action/detail/rotate_absolute__traits.hpp
[11.166s] -- Up-to-date: /home/chondosha/ros2_ws/install/turtlesim/include/turtlesim/turtlesim/action/detail/rotate_absolute__struct.hpp
[11.166s] -- Up-to-date: /home/chondosha/ros2_ws/install/turtlesim/include/turtlesim/turtlesim/action/detail/rotate_absolute__builder.hpp
[11.167s] -- Up-to-date: /home/chondosha/ros2_ws/install/turtlesim/include/turtlesim/turtlesim/action/rotate_absolute.hpp
[11.168s] -- Up-to-date: /home/chondosha/ros2_ws/install/turtlesim/include/turtlesim/turtlesim
[11.168s] -- Up-to-date: /home/chondosha/ros2_ws/install/turtlesim/include/turtlesim/turtlesim/msg
[11.169s] -- Up-to-date: /home/chondosha/ros2_ws/install/turtlesim/include/turtlesim/turtlesim/msg/rosidl_typesupport_fastrtps_cpp__visibility_control.h
[11.170s] -- Up-to-date: /home/chondosha/ros2_ws/install/turtlesim/include/turtlesim/turtlesim/msg/detail
[11.171s] -- Up-to-date: /home/chondosha/ros2_ws/install/turtlesim/include/turtlesim/turtlesim/msg/detail/pose__rosidl_typesupport_fastrtps_cpp.hpp
[11.172s] -- Up-to-date: /home/chondosha/ros2_ws/install/turtlesim/include/turtlesim/turtlesim/msg/detail/color__rosidl_typesupport_fastrtps_cpp.hpp
[11.172s] -- Up-to-date: /home/chondosha/ros2_ws/install/turtlesim/include/turtlesim/turtlesim/msg/detail/dds_fastrtps
[11.175s] -- Up-to-date: /home/chondosha/ros2_ws/install/turtlesim/include/turtlesim/turtlesim/srv
[11.179s] -- Up-to-date: /home/chondosha/ros2_ws/install/turtlesim/include/turtlesim/turtlesim/srv/detail
[11.181s] -- Up-to-date: /home/chondosha/ros2_ws/install/turtlesim/include/turtlesim/turtlesim/srv/detail/set_pen__rosidl_typesupport_fastrtps_cpp.hpp
[11.183s] -- Up-to-date: /home/chondosha/ros2_ws/install/turtlesim/include/turtlesim/turtlesim/srv/detail/spawn__rosidl_typesupport_fastrtps_cpp.hpp
[11.185s] -- Up-to-date: /home/chondosha/ros2_ws/install/turtlesim/include/turtlesim/turtlesim/srv/detail/kill__rosidl_typesupport_fastrtps_cpp.hpp
[11.187s] -- Up-to-date: /home/chondosha/ros2_ws/install/turtlesim/include/turtlesim/turtlesim/srv/detail/teleport_absolute__rosidl_typesupport_fastrtps_cpp.hpp
[11.188s] -- Up-to-date: /home/chondosha/ros2_ws/install/turtlesim/include/turtlesim/turtlesim/srv/detail/dds_fastrtps
[11.192s] -- Up-to-date: /home/chondosha/ros2_ws/install/turtlesim/include/turtlesim/turtlesim/srv/detail/teleport_relative__rosidl_typesupport_fastrtps_cpp.hpp
[11.197s] -- Up-to-date: /home/chondosha/ros2_ws/install/turtlesim/include/turtlesim/turtlesim/action
[11.199s] -- Up-to-date: /home/chondosha/ros2_ws/install/turtlesim/include/turtlesim/turtlesim/action/detail
[11.202s] -- Up-to-date: /home/chondosha/ros2_ws/install/turtlesim/include/turtlesim/turtlesim/action/detail/dds_fastrtps
[11.203s] -- Up-to-date: /home/chondosha/ros2_ws/install/turtlesim/include/turtlesim/turtlesim/action/detail/rotate_absolute__rosidl_typesupport_fastrtps_cpp.hpp
[11.204s] -- Up-to-date: /home/chondosha/ros2_ws/install/turtlesim/lib/libturtlesim__rosidl_typesupport_fastrtps_cpp.so
[11.207s] -- Up-to-date: /home/chondosha/ros2_ws/install/turtlesim/include/turtlesim/turtlesim
[11.208s] -- Up-to-date: /home/chondosha/ros2_ws/install/turtlesim/include/turtlesim/turtlesim/msg
[11.209s] -- Up-to-date: /home/chondosha/ros2_ws/install/turtlesim/include/turtlesim/turtlesim/msg/rosidl_typesupport_introspection_c__visibility_control.h
[11.210s] -- Up-to-date: /home/chondosha/ros2_ws/install/turtlesim/include/turtlesim/turtlesim/msg/detail
[11.211s] -- Installing: /home/chondosha/ros2_ws/install/turtlesim/include/turtlesim/turtlesim/msg/detail/color__type_support.c
[11.212s] -- Installing: /home/chondosha/ros2_ws/install/turtlesim/include/turtlesim/turtlesim/msg/detail/pose__type_support.c
[11.213s] -- Up-to-date: /home/chondosha/ros2_ws/install/turtlesim/include/turtlesim/turtlesim/msg/detail/pose__rosidl_typesupport_introspection_c.h
[11.214s] -- Up-to-date: /home/chondosha/ros2_ws/install/turtlesim/include/turtlesim/turtlesim/msg/detail/color__rosidl_typesupport_introspection_c.h
[11.215s] -- Up-to-date: /home/chondosha/ros2_ws/install/turtlesim/include/turtlesim/turtlesim/srv
[11.216s] -- Up-to-date: /home/chondosha/ros2_ws/install/turtlesim/include/turtlesim/turtlesim/srv/detail
[11.216s] -- Up-to-date: /home/chondosha/ros2_ws/install/turtlesim/include/turtlesim/turtlesim/srv/detail/spawn__rosidl_typesupport_introspection_c.h
[11.217s] -- Up-to-date: /home/chondosha/ros2_ws/install/turtlesim/include/turtlesim/turtlesim/srv/detail/set_pen__rosidl_typesupport_introspection_c.h
[11.219s] -- Installing: /home/chondosha/ros2_ws/install/turtlesim/include/turtlesim/turtlesim/srv/detail/teleport_absolute__type_support.c
[11.219s] -- Installing: /home/chondosha/ros2_ws/install/turtlesim/include/turtlesim/turtlesim/srv/detail/spawn__type_support.c
[11.221s] -- Installing: /home/chondosha/ros2_ws/install/turtlesim/include/turtlesim/turtlesim/srv/detail/teleport_relative__type_support.c
[11.222s] -- Installing: /home/chondosha/ros2_ws/install/turtlesim/include/turtlesim/turtlesim/srv/detail/kill__type_support.c
[11.224s] -- Up-to-date: /home/chondosha/ros2_ws/install/turtlesim/include/turtlesim/turtlesim/srv/detail/kill__rosidl_typesupport_introspection_c.h
[11.226s] -- Up-to-date: /home/chondosha/ros2_ws/install/turtlesim/include/turtlesim/turtlesim/srv/detail/teleport_relative__rosidl_typesupport_introspection_c.h
[11.229s] -- Installing: /home/chondosha/ros2_ws/install/turtlesim/include/turtlesim/turtlesim/srv/detail/set_pen__type_support.c
[11.230s] -- Up-to-date: /home/chondosha/ros2_ws/install/turtlesim/include/turtlesim/turtlesim/srv/detail/teleport_absolute__rosidl_typesupport_introspection_c.h
[11.231s] -- Up-to-date: /home/chondosha/ros2_ws/install/turtlesim/include/turtlesim/turtlesim/action
[11.235s] -- Up-to-date: /home/chondosha/ros2_ws/install/turtlesim/include/turtlesim/turtlesim/action/detail
[11.235s] -- Installing: /home/chondosha/ros2_ws/install/turtlesim/include/turtlesim/turtlesim/action/detail/rotate_absolute__type_support.c
[11.236s] -- Up-to-date: /home/chondosha/ros2_ws/install/turtlesim/include/turtlesim/turtlesim/action/detail/rotate_absolute__rosidl_typesupport_introspection_c.h
[11.237s] -- Up-to-date: /home/chondosha/ros2_ws/install/turtlesim/lib/libturtlesim__rosidl_typesupport_introspection_c.so
[11.237s] -- Up-to-date: /home/chondosha/ros2_ws/install/turtlesim/lib/libturtlesim__rosidl_typesupport_c.so
[11.238s] -- Up-to-date: /home/chondosha/ros2_ws/install/turtlesim/include/turtlesim/turtlesim
[11.239s] -- Up-to-date: /home/chondosha/ros2_ws/install/turtlesim/include/turtlesim/turtlesim/msg
[11.239s] -- Up-to-date: /home/chondosha/ros2_ws/install/turtlesim/include/turtlesim/turtlesim/msg/detail
[11.240s] -- Up-to-date: /home/chondosha/ros2_ws/install/turtlesim/include/turtlesim/turtlesim/msg/detail/pose__rosidl_typesupport_introspection_cpp.hpp
[11.241s] -- Up-to-date: /home/chondosha/ros2_ws/install/turtlesim/include/turtlesim/turtlesim/msg/detail/pose__type_support.cpp
[11.241s] -- Up-to-date: /home/chondosha/ros2_ws/install/turtlesim/include/turtlesim/turtlesim/msg/detail/color__type_support.cpp
[11.242s] -- Up-to-date: /home/chondosha/ros2_ws/install/turtlesim/include/turtlesim/turtlesim/msg/detail/color__rosidl_typesupport_introspection_cpp.hpp
[11.242s] -- Up-to-date: /home/chondosha/ros2_ws/install/turtlesim/include/turtlesim/turtlesim/srv
[11.243s] -- Up-to-date: /home/chondosha/ros2_ws/install/turtlesim/include/turtlesim/turtlesim/srv/detail
[11.243s] -- Up-to-date: /home/chondosha/ros2_ws/install/turtlesim/include/turtlesim/turtlesim/srv/detail/kill__type_support.cpp
[11.244s] -- Up-to-date: /home/chondosha/ros2_ws/install/turtlesim/include/turtlesim/turtlesim/srv/detail/spawn__rosidl_typesupport_introspection_cpp.hpp
[11.244s] -- Up-to-date: /home/chondosha/ros2_ws/install/turtlesim/include/turtlesim/turtlesim/srv/detail/teleport_relative__rosidl_typesupport_introspection_cpp.hpp
[11.245s] -- Up-to-date: /home/chondosha/ros2_ws/install/turtlesim/include/turtlesim/turtlesim/srv/detail/teleport_absolute__rosidl_typesupport_introspection_cpp.hpp
[11.246s] -- Up-to-date: /home/chondosha/ros2_ws/install/turtlesim/include/turtlesim/turtlesim/srv/detail/teleport_absolute__type_support.cpp
[11.246s] -- Up-to-date: /home/chondosha/ros2_ws/install/turtlesim/include/turtlesim/turtlesim/srv/detail/spawn__type_support.cpp
[11.247s] -- Up-to-date: /home/chondosha/ros2_ws/install/turtlesim/include/turtlesim/turtlesim/srv/detail/teleport_relative__type_support.cpp
[11.248s] -- Up-to-date: /home/chondosha/ros2_ws/install/turtlesim/include/turtlesim/turtlesim/srv/detail/set_pen__rosidl_typesupport_introspection_cpp.hpp
[11.248s] -- Up-to-date: /home/chondosha/ros2_ws/install/turtlesim/include/turtlesim/turtlesim/srv/detail/set_pen__type_support.cpp
[11.249s] -- Up-to-date: /home/chondosha/ros2_ws/install/turtlesim/include/turtlesim/turtlesim/srv/detail/kill__rosidl_typesupport_introspection_cpp.hpp
[11.250s] -- Up-to-date: /home/chondosha/ros2_ws/install/turtlesim/include/turtlesim/turtlesim/action
[11.250s] -- Up-to-date: /home/chondosha/ros2_ws/install/turtlesim/include/turtlesim/turtlesim/action/detail
[11.251s] -- Up-to-date: /home/chondosha/ros2_ws/install/turtlesim/include/turtlesim/turtlesim/action/detail/rotate_absolute__rosidl_typesupport_introspection_cpp.hpp
[11.252s] -- Up-to-date: /home/chondosha/ros2_ws/install/turtlesim/include/turtlesim/turtlesim/action/detail/rotate_absolute__type_support.cpp
[11.252s] -- Up-to-date: /home/chondosha/ros2_ws/install/turtlesim/lib/libturtlesim__rosidl_typesupport_introspection_cpp.so
[11.253s] -- Up-to-date: /home/chondosha/ros2_ws/install/turtlesim/lib/libturtlesim__rosidl_typesupport_cpp.so
[11.254s] -- Up-to-date: /home/chondosha/ros2_ws/install/turtlesim/share/turtlesim/environment/pythonpath.sh
[11.255s] -- Up-to-date: /home/chondosha/ros2_ws/install/turtlesim/share/turtlesim/environment/pythonpath.dsv
[11.255s] -- Up-to-date: /home/chondosha/ros2_ws/install/turtlesim/lib/python3.12/site-packages/turtlesim-1.8.3-py3.12.egg-info
[11.256s] -- Installing: /home/chondosha/ros2_ws/install/turtlesim/lib/python3.12/site-packages/turtlesim-1.8.3-py3.12.egg-info/SOURCES.txt
[11.257s] -- Installing: /home/chondosha/ros2_ws/install/turtlesim/lib/python3.12/site-packages/turtlesim-1.8.3-py3.12.egg-info/top_level.txt
[11.258s] -- Installing: /home/chondosha/ros2_ws/install/turtlesim/lib/python3.12/site-packages/turtlesim-1.8.3-py3.12.egg-info/PKG-INFO
[11.258s] -- Installing: /home/chondosha/ros2_ws/install/turtlesim/lib/python3.12/site-packages/turtlesim-1.8.3-py3.12.egg-info/dependency_links.txt
[11.259s] -- Up-to-date: /home/chondosha/ros2_ws/install/turtlesim/lib/python3.12/site-packages/turtlesim
[11.260s] -- Up-to-date: /home/chondosha/ros2_ws/install/turtlesim/lib/python3.12/site-packages/turtlesim/__init__.py
[11.260s] -- Up-to-date: /home/chondosha/ros2_ws/install/turtlesim/lib/python3.12/site-packages/turtlesim/msg
[11.261s] -- Up-to-date: /home/chondosha/ros2_ws/install/turtlesim/lib/python3.12/site-packages/turtlesim/msg/__init__.py
[11.262s] -- Up-to-date: /home/chondosha/ros2_ws/install/turtlesim/lib/python3.12/site-packages/turtlesim/msg/_color_s.c
[11.263s] -- Up-to-date: /home/chondosha/ros2_ws/install/turtlesim/lib/python3.12/site-packages/turtlesim/msg/_pose.py
[11.263s] -- Up-to-date: /home/chondosha/ros2_ws/install/turtlesim/lib/python3.12/site-packages/turtlesim/msg/_color.py
[11.264s] -- Up-to-date: /home/chondosha/ros2_ws/install/turtlesim/lib/python3.12/site-packages/turtlesim/msg/_pose_s.c
[11.265s] -- Up-to-date: /home/chondosha/ros2_ws/install/turtlesim/lib/python3.12/site-packages/turtlesim/turtlesim_s__rosidl_typesupport_c.so
[11.265s] -- Up-to-date: /home/chondosha/ros2_ws/install/turtlesim/lib/python3.12/site-packages/turtlesim/_turtlesim_s.ep.rosidl_typesupport_fastrtps_c.c
[11.266s] -- Up-to-date: /home/chondosha/ros2_ws/install/turtlesim/lib/python3.12/site-packages/turtlesim/_turtlesim_s.ep.rosidl_typesupport_introspection_c.c
[11.267s] -- Up-to-date: /home/chondosha/ros2_ws/install/turtlesim/lib/python3.12/site-packages/turtlesim/srv
[11.267s] -- Up-to-date: /home/chondosha/ros2_ws/install/turtlesim/lib/python3.12/site-packages/turtlesim/srv/_spawn.py
[11.268s] -- Up-to-date: /home/chondosha/ros2_ws/install/turtlesim/lib/python3.12/site-packages/turtlesim/srv/__init__.py
[11.270s] -- Up-to-date: /home/chondosha/ros2_ws/install/turtlesim/lib/python3.12/site-packages/turtlesim/srv/_teleport_relative.py
[11.271s] -- Up-to-date: /home/chondosha/ros2_ws/install/turtlesim/lib/python3.12/site-packages/turtlesim/srv/_kill.py
[11.272s] -- Up-to-date: /home/chondosha/ros2_ws/install/turtlesim/lib/python3.12/site-packages/turtlesim/srv/_teleport_absolute.py
[11.272s] -- Up-to-date: /home/chondosha/ros2_ws/install/turtlesim/lib/python3.12/site-packages/turtlesim/srv/_kill_s.c
[11.275s] -- Up-to-date: /home/chondosha/ros2_ws/install/turtlesim/lib/python3.12/site-packages/turtlesim/srv/_teleport_absolute_s.c
[11.278s] -- Up-to-date: /home/chondosha/ros2_ws/install/turtlesim/lib/python3.12/site-packages/turtlesim/srv/_spawn_s.c
[11.280s] -- Up-to-date: /home/chondosha/ros2_ws/install/turtlesim/lib/python3.12/site-packages/turtlesim/srv/_set_pen_s.c
[11.281s] -- Up-to-date: /home/chondosha/ros2_ws/install/turtlesim/lib/python3.12/site-packages/turtlesim/srv/_set_pen.py
[11.282s] -- Up-to-date: /home/chondosha/ros2_ws/install/turtlesim/lib/python3.12/site-packages/turtlesim/srv/_teleport_relative_s.c
[11.282s] -- Up-to-date: /home/chondosha/ros2_ws/install/turtlesim/lib/python3.12/site-packages/turtlesim/turtlesim_s__rosidl_typesupport_fastrtps_c.so
[11.283s] -- Up-to-date: /home/chondosha/ros2_ws/install/turtlesim/lib/python3.12/site-packages/turtlesim/_turtlesim_s.ep.rosidl_typesupport_c.c
[11.284s] -- Up-to-date: /home/chondosha/ros2_ws/install/turtlesim/lib/python3.12/site-packages/turtlesim/turtlesim_s__rosidl_typesupport_introspection_c.so
[11.285s] -- Up-to-date: /home/chondosha/ros2_ws/install/turtlesim/lib/python3.12/site-packages/turtlesim/action
[11.286s] -- Up-to-date: /home/chondosha/ros2_ws/install/turtlesim/lib/python3.12/site-packages/turtlesim/action/_rotate_absolute_s.c
[11.288s] -- Up-to-date: /home/chondosha/ros2_ws/install/turtlesim/lib/python3.12/site-packages/turtlesim/action/__init__.py
[11.290s] -- Up-to-date: /home/chondosha/ros2_ws/install/turtlesim/lib/python3.12/site-packages/turtlesim/action/_rotate_absolute.py
[11.501s] Listing '/home/chondosha/ros2_ws/install/turtlesim/lib/python3.12/site-packages/turtlesim'...
[11.503s] Listing '/home/chondosha/ros2_ws/install/turtlesim/lib/python3.12/site-packages/turtlesim/action'...
[11.506s] Listing '/home/chondosha/ros2_ws/install/turtlesim/lib/python3.12/site-packages/turtlesim/msg'...
[11.511s] Listing '/home/chondosha/ros2_ws/install/turtlesim/lib/python3.12/site-packages/turtlesim/srv'...
[11.549s] -- Up-to-date: /home/chondosha/ros2_ws/install/turtlesim/lib/python3.12/site-packages/turtlesim/turtlesim_s__rosidl_typesupport_fastrtps_c.so
[11.554s] -- Up-to-date: /home/chondosha/ros2_ws/install/turtlesim/lib/python3.12/site-packages/turtlesim/turtlesim_s__rosidl_typesupport_introspection_c.so
[11.557s] -- Up-to-date: /home/chondosha/ros2_ws/install/turtlesim/lib/python3.12/site-packages/turtlesim/turtlesim_s__rosidl_typesupport_c.so
[11.560s] -- Up-to-date: /home/chondosha/ros2_ws/install/turtlesim/lib/libturtlesim__rosidl_generator_py.so
[11.563s] -- Up-to-date: /home/chondosha/ros2_ws/install/turtlesim/share/turtlesim/action/RotateAbsolute.idl
[11.565s] -- Up-to-date: /home/chondosha/ros2_ws/install/turtlesim/share/turtlesim/msg/Color.idl
[11.567s] -- Up-to-date: /home/chondosha/ros2_ws/install/turtlesim/share/turtlesim/msg/Pose.idl
[11.571s] -- Up-to-date: /home/chondosha/ros2_ws/install/turtlesim/share/turtlesim/srv/Kill.idl
[11.574s] -- Up-to-date: /home/chondosha/ros2_ws/install/turtlesim/share/turtlesim/srv/SetPen.idl
[11.577s] -- Up-to-date: /home/chondosha/ros2_ws/install/turtlesim/share/turtlesim/srv/Spawn.idl
[11.579s] -- Up-to-date: /home/chondosha/ros2_ws/install/turtlesim/share/turtlesim/srv/TeleportAbsolute.idl
[11.581s] -- Up-to-date: /home/chondosha/ros2_ws/install/turtlesim/share/turtlesim/srv/TeleportRelative.idl
[11.582s] -- Up-to-date: /home/chondosha/ros2_ws/install/turtlesim/share/turtlesim/action/RotateAbsolute.action
[11.582s] -- Up-to-date: /home/chondosha/ros2_ws/install/turtlesim/share/turtlesim/msg/Color.msg
[11.584s] -- Up-to-date: /home/chondosha/ros2_ws/install/turtlesim/share/turtlesim/msg/Pose.msg
[11.586s] -- Up-to-date: /home/chondosha/ros2_ws/install/turtlesim/share/turtlesim/srv/Kill.srv
[11.591s] -- Up-to-date: /home/chondosha/ros2_ws/install/turtlesim/share/turtlesim/srv/SetPen.srv
[11.596s] -- Up-to-date: /home/chondosha/ros2_ws/install/turtlesim/share/turtlesim/srv/Spawn.srv
[11.601s] -- Up-to-date: /home/chondosha/ros2_ws/install/turtlesim/share/turtlesim/srv/TeleportAbsolute.srv
[11.602s] -- Up-to-date: /home/chondosha/ros2_ws/install/turtlesim/share/turtlesim/srv/TeleportRelative.srv
[11.607s] -- Up-to-date: /home/chondosha/ros2_ws/install/turtlesim/lib/turtlesim/turtlesim_node
[11.608s] -- Up-to-date: /home/chondosha/ros2_ws/install/turtlesim/lib/turtlesim/turtle_teleop_key
[11.609s] -- Up-to-date: /home/chondosha/ros2_ws/install/turtlesim/lib/turtlesim/draw_square
[11.612s] -- Up-to-date: /home/chondosha/ros2_ws/install/turtlesim/lib/turtlesim/mimic
[11.615s] -- Up-to-date: /home/chondosha/ros2_ws/install/turtlesim/share/turtlesim/images
[11.616s] -- Up-to-date: /home/chondosha/ros2_ws/install/turtlesim/share/turtlesim/images/dashing.png
[11.616s] -- Up-to-date: /home/chondosha/ros2_ws/install/turtlesim/share/turtlesim/images/humble.png
[11.618s] -- Up-to-date: /home/chondosha/ros2_ws/install/turtlesim/share/turtlesim/images/ardent.png
[11.619s] -- Up-to-date: /home/chondosha/ros2_ws/install/turtlesim/share/turtlesim/images/jazzy.png
[11.621s] -- Up-to-date: /home/chondosha/ros2_ws/install/turtlesim/share/turtlesim/images/foxy.png
[11.622s] -- Up-to-date: /home/chondosha/ros2_ws/install/turtlesim/share/turtlesim/images/rolling.png
[11.623s] -- Up-to-date: /home/chondosha/ros2_ws/install/turtlesim/share/turtlesim/images/eloquent.png
[11.624s] -- Up-to-date: /home/chondosha/ros2_ws/install/turtlesim/share/turtlesim/images/crystal.png
[11.627s] -- Up-to-date: /home/chondosha/ros2_ws/install/turtlesim/share/turtlesim/images/galactic.png
[11.632s] -- Up-to-date: /home/chondosha/ros2_ws/install/turtlesim/share/turtlesim/images/bouncy.png
[11.633s] -- Up-to-date: /home/chondosha/ros2_ws/install/turtlesim/share/turtlesim/images/iron.png
[11.633s] -- Up-to-date: /home/chondosha/ros2_ws/install/turtlesim/share/turtlesim/launch
[11.634s] -- Up-to-date: /home/chondosha/ros2_ws/install/turtlesim/share/turtlesim/launch/multisim.launch.py
[11.638s] -- Up-to-date: /home/chondosha/ros2_ws/install/turtlesim/share/ament_index/resource_index/package_run_dependencies/turtlesim
[11.646s] -- Up-to-date: /home/chondosha/ros2_ws/install/turtlesim/share/ament_index/resource_index/parent_prefix_path/turtlesim
[11.648s] -- Up-to-date: /home/chondosha/ros2_ws/install/turtlesim/share/turtlesim/environment/ament_prefix_path.sh
[11.653s] -- Up-to-date: /home/chondosha/ros2_ws/install/turtlesim/share/turtlesim/environment/ament_prefix_path.dsv
[11.654s] -- Up-to-date: /home/chondosha/ros2_ws/install/turtlesim/share/turtlesim/environment/path.sh
[11.655s] -- Up-to-date: /home/chondosha/ros2_ws/install/turtlesim/share/turtlesim/environment/path.dsv
[11.656s] -- Up-to-date: /home/chondosha/ros2_ws/install/turtlesim/share/turtlesim/local_setup.bash
[11.657s] -- Up-to-date: /home/chondosha/ros2_ws/install/turtlesim/share/turtlesim/local_setup.sh
[11.660s] -- Up-to-date: /home/chondosha/ros2_ws/install/turtlesim/share/turtlesim/local_setup.zsh
[11.661s] -- Up-to-date: /home/chondosha/ros2_ws/install/turtlesim/share/turtlesim/local_setup.dsv
[11.664s] -- Installing: /home/chondosha/ros2_ws/install/turtlesim/share/turtlesim/package.dsv
[11.665s] -- Up-to-date: /home/chondosha/ros2_ws/install/turtlesim/share/ament_index/resource_index/packages/turtlesim
[11.671s] -- Up-to-date: /home/chondosha/ros2_ws/install/turtlesim/share/turtlesim/cmake/export_turtlesim__rosidl_generator_cExport.cmake
[11.671s] -- Up-to-date: /home/chondosha/ros2_ws/install/turtlesim/share/turtlesim/cmake/export_turtlesim__rosidl_generator_cExport-noconfig.cmake
[11.672s] -- Up-to-date: /home/chondosha/ros2_ws/install/turtlesim/share/turtlesim/cmake/export_turtlesim__rosidl_typesupport_fastrtps_cExport.cmake
[11.673s] -- Up-to-date: /home/chondosha/ros2_ws/install/turtlesim/share/turtlesim/cmake/export_turtlesim__rosidl_typesupport_fastrtps_cExport-noconfig.cmake
[11.674s] -- Up-to-date: /home/chondosha/ros2_ws/install/turtlesim/share/turtlesim/cmake/export_turtlesim__rosidl_generator_cppExport.cmake
[11.676s] -- Up-to-date: /home/chondosha/ros2_ws/install/turtlesim/share/turtlesim/cmake/export_turtlesim__rosidl_typesupport_fastrtps_cppExport.cmake
[11.683s] -- Up-to-date: /home/chondosha/ros2_ws/install/turtlesim/share/turtlesim/cmake/export_turtlesim__rosidl_typesupport_fastrtps_cppExport-noconfig.cmake
[11.690s] -- Up-to-date: /home/chondosha/ros2_ws/install/turtlesim/share/turtlesim/cmake/turtlesim__rosidl_typesupport_introspection_cExport.cmake
[11.697s] -- Up-to-date: /home/chondosha/ros2_ws/install/turtlesim/share/turtlesim/cmake/turtlesim__rosidl_typesupport_introspection_cExport-noconfig.cmake
[11.698s] -- Up-to-date: /home/chondosha/ros2_ws/install/turtlesim/share/turtlesim/cmake/turtlesim__rosidl_typesupport_cExport.cmake
[11.705s] -- Up-to-date: /home/chondosha/ros2_ws/install/turtlesim/share/turtlesim/cmake/turtlesim__rosidl_typesupport_cExport-noconfig.cmake
[11.706s] -- Up-to-date: /home/chondosha/ros2_ws/install/turtlesim/share/turtlesim/cmake/turtlesim__rosidl_typesupport_introspection_cppExport.cmake
[11.709s] -- Up-to-date: /home/chondosha/ros2_ws/install/turtlesim/share/turtlesim/cmake/turtlesim__rosidl_typesupport_introspection_cppExport-noconfig.cmake
[11.713s] -- Up-to-date: /home/chondosha/ros2_ws/install/turtlesim/share/turtlesim/cmake/turtlesim__rosidl_typesupport_cppExport.cmake
[11.716s] -- Up-to-date: /home/chondosha/ros2_ws/install/turtlesim/share/turtlesim/cmake/turtlesim__rosidl_typesupport_cppExport-noconfig.cmake
[11.718s] -- Up-to-date: /home/chondosha/ros2_ws/install/turtlesim/share/turtlesim/cmake/export_turtlesim__rosidl_generator_pyExport.cmake
[11.719s] -- Up-to-date: /home/chondosha/ros2_ws/install/turtlesim/share/turtlesim/cmake/export_turtlesim__rosidl_generator_pyExport-noconfig.cmake
[11.721s] -- Up-to-date: /home/chondosha/ros2_ws/install/turtlesim/share/turtlesim/cmake/rosidl_cmake-extras.cmake
[11.722s] -- Up-to-date: /home/chondosha/ros2_ws/install/turtlesim/share/turtlesim/cmake/ament_cmake_export_dependencies-extras.cmake
[11.722s] -- Up-to-date: /home/chondosha/ros2_ws/install/turtlesim/share/turtlesim/cmake/ament_cmake_export_include_directories-extras.cmake
[11.723s] -- Up-to-date: /home/chondosha/ros2_ws/install/turtlesim/share/turtlesim/cmake/ament_cmake_export_libraries-extras.cmake
[11.724s] -- Up-to-date: /home/chondosha/ros2_ws/install/turtlesim/share/turtlesim/cmake/ament_cmake_export_targets-extras.cmake
[11.725s] -- Up-to-date: /home/chondosha/ros2_ws/install/turtlesim/share/turtlesim/cmake/rosidl_cmake_export_typesupport_targets-extras.cmake
[11.726s] -- Up-to-date: /home/chondosha/ros2_ws/install/turtlesim/share/turtlesim/cmake/rosidl_cmake_export_typesupport_libraries-extras.cmake
[11.728s] -- Up-to-date: /home/chondosha/ros2_ws/install/turtlesim/share/turtlesim/cmake/turtlesimConfig.cmake
[11.731s] -- Up-to-date: /home/chondosha/ros2_ws/install/turtlesim/share/turtlesim/cmake/turtlesimConfig-version.cmake
[11.732s] -- Up-to-date: /home/chondosha/ros2_ws/install/turtlesim/share/turtlesim/package.xml
[11.737s] Invoked command in '/home/chondosha/ros2_ws/build/turtlesim' returned '0': CMAKE_PREFIX_PATH=${CMAKE_PREFIX_PATH}:/opt/ros/jazzy:/home/chondosha/ros2_ws/install/my_package DEBUGINFOD_URLS=https://debuginfod.ubuntu.com /usr/bin/cmake --install /home/chondosha/ros2_ws/build/turtlesim
