[7.256s] Invoking command in '/home/chondosha/ros2_ws/src/my_package': DEBUGINFOD_URLS=https://debuginfod.ubuntu.com PYTHONPATH=/home/chondosha/ros2_ws/build/my_package/prefix_override:/usr/lib/python3/dist-packages/colcon_core/task/python/colcon_distutils_commands:/home/chondosha/ros2_ws/install/my_package/lib/python3.12/site-packages:${PYTHONPATH} /usr/bin/python3 -W ignore:setup.py install is deprecated setup.py egg_info --egg-base ../../build/my_package build --build-base /home/chondosha/ros2_ws/build/my_package/build install --record /home/chondosha/ros2_ws/build/my_package/install.log --single-version-externally-managed install_data
[8.826s] running egg_info
[8.929s] writing ../../build/my_package/my_package.egg-info/PKG-INFO
[8.935s] writing dependency_links to ../../build/my_package/my_package.egg-info/dependency_links.txt
[8.939s] writing entry points to ../../build/my_package/my_package.egg-info/entry_points.txt
[8.940s] writing requirements to ../../build/my_package/my_package.egg-info/requires.txt
[8.941s] writing top-level names to ../../build/my_package/my_package.egg-info/top_level.txt
[9.248s] reading manifest file '../../build/my_package/my_package.egg-info/SOURCES.txt'
[9.251s] adding license file 'LICENSE'
[9.253s] writing manifest file '../../build/my_package/my_package.egg-info/SOURCES.txt'
[9.256s] running build
[9.257s] running build_py
[9.261s] running install
[9.292s] running install_lib
[9.432s] running install_data
[9.435s] running install_egg_info
[9.548s] removing '/home/chondosha/ros2_ws/install/my_package/lib/python3.12/site-packages/my_package-0.0.0-py3.12.egg-info' (and everything under it)
[9.550s] Copying ../../build/my_package/my_package.egg-info to /home/chondosha/ros2_ws/install/my_package/lib/python3.12/site-packages/my_package-0.0.0-py3.12.egg-info
[9.557s] running install_scripts
[10.406s] Installing drone_publisher script to /home/chondosha/ros2_ws/install/my_package/lib/my_package
[10.408s] Installing mavsdk_node script to /home/chondosha/ros2_ws/install/my_package/lib/my_package
[10.409s] Installing my_node script to /home/chondosha/ros2_ws/install/my_package/lib/my_package
[10.411s] writing list of installed files to '/home/chondosha/ros2_ws/build/my_package/install.log'
[10.675s] Invoked command in '/home/chondosha/ros2_ws/src/my_package' returned '0': DEBUGINFOD_URLS=https://debuginfod.ubuntu.com PYTHONPATH=/home/chondosha/ros2_ws/build/my_package/prefix_override:/usr/lib/python3/dist-packages/colcon_core/task/python/colcon_distutils_commands:/home/chondosha/ros2_ws/install/my_package/lib/python3.12/site-packages:${PYTHONPATH} /usr/bin/python3 -W ignore:setup.py install is deprecated setup.py egg_info --egg-base ../../build/my_package build --build-base /home/chondosha/ros2_ws/build/my_package/build install --record /home/chondosha/ros2_ws/build/my_package/install.log --single-version-externally-managed install_data
