[10.386s] Invoking command in '/home/chondosha/ros2_ws/src/my_package': DEBUGINFOD_URLS=https://debuginfod.ubuntu.com PYTHONPATH=/home/chondosha/ros2_ws/build/my_package/prefix_override:/usr/lib/python3/dist-packages/colcon_core/task/python/colcon_distutils_commands:/home/chondosha/ros2_ws/install/my_package/lib/python3.12/site-packages:${PYTHONPATH} /usr/bin/python3 -W ignore:setup.py install is deprecated setup.py egg_info --egg-base ../../build/my_package build --build-base /home/chondosha/ros2_ws/build/my_package/build install --record /home/chondosha/ros2_ws/build/my_package/install.log --single-version-externally-managed install_data
[13.013s] running egg_info
[13.223s] writing ../../build/my_package/my_package.egg-info/PKG-INFO
[13.225s] writing dependency_links to ../../build/my_package/my_package.egg-info/dependency_links.txt
[13.226s] writing entry points to ../../build/my_package/my_package.egg-info/entry_points.txt
[13.227s] writing requirements to ../../build/my_package/my_package.egg-info/requires.txt
[13.229s] writing top-level names to ../../build/my_package/my_package.egg-info/top_level.txt
[13.666s] reading manifest file '../../build/my_package/my_package.egg-info/SOURCES.txt'
[13.667s] adding license file 'LICENSE'
[13.667s] writing manifest file '../../build/my_package/my_package.egg-info/SOURCES.txt'
[13.668s] running build
[13.668s] running build_py
[13.671s] running install
[13.715s] running install_lib
[13.936s] running install_data
[13.937s] running install_egg_info
[14.169s] removing '/home/chondosha/ros2_ws/install/my_package/lib/python3.12/site-packages/my_package-0.0.0-py3.12.egg-info' (and everything under it)
[14.172s] Copying ../../build/my_package/my_package.egg-info to /home/chondosha/ros2_ws/install/my_package/lib/python3.12/site-packages/my_package-0.0.0-py3.12.egg-info
[14.181s] running install_scripts
[15.780s] Installing drone_publisher script to /home/chondosha/ros2_ws/install/my_package/lib/my_package
[15.783s] Installing mavsdk_node script to /home/chondosha/ros2_ws/install/my_package/lib/my_package
[15.786s] Installing my_node script to /home/chondosha/ros2_ws/install/my_package/lib/my_package
[15.787s] writing list of installed files to '/home/chondosha/ros2_ws/build/my_package/install.log'
[16.081s] Invoked command in '/home/chondosha/ros2_ws/src/my_package' returned '0': DEBUGINFOD_URLS=https://debuginfod.ubuntu.com PYTHONPATH=/home/chondosha/ros2_ws/build/my_package/prefix_override:/usr/lib/python3/dist-packages/colcon_core/task/python/colcon_distutils_commands:/home/chondosha/ros2_ws/install/my_package/lib/python3.12/site-packages:${PYTHONPATH} /usr/bin/python3 -W ignore:setup.py install is deprecated setup.py egg_info --egg-base ../../build/my_package build --build-base /home/chondosha/ros2_ws/build/my_package/build install --record /home/chondosha/ros2_ws/build/my_package/install.log --single-version-externally-managed install_data
