[6.888s] Invoking command in '/home/chondosha/ros2_ws/src/my_package': DEBUGINFOD_URLS=https://debuginfod.ubuntu.com PYTHONPATH=/home/chondosha/ros2_ws/build/my_package/prefix_override:/usr/lib/python3/dist-packages/colcon_core/task/python/colcon_distutils_commands:/home/chondosha/ros2_ws/install/my_package/lib/python3.12/site-packages:${PYTHONPATH} /usr/bin/python3 -W ignore:setup.py install is deprecated setup.py egg_info --egg-base ../../build/my_package build --build-base /home/chondosha/ros2_ws/build/my_package/build install --record /home/chondosha/ros2_ws/build/my_package/install.log --single-version-externally-managed install_data
[8.852s] running egg_info
[8.999s] writing ../../build/my_package/my_package.egg-info/PKG-INFO
[9.000s] writing dependency_links to ../../build/my_package/my_package.egg-info/dependency_links.txt
[9.003s] writing entry points to ../../build/my_package/my_package.egg-info/entry_points.txt
[9.004s] writing requirements to ../../build/my_package/my_package.egg-info/requires.txt
[9.006s] writing top-level names to ../../build/my_package/my_package.egg-info/top_level.txt
[9.319s] reading manifest file '../../build/my_package/my_package.egg-info/SOURCES.txt'
[9.322s] adding license file 'LICENSE'
[9.327s] writing manifest file '../../build/my_package/my_package.egg-info/SOURCES.txt'
[9.328s] running build
[9.328s] running build_py
[9.329s] running install
[9.358s] running install_lib
[9.514s] running install_data
[9.517s] running install_egg_info
[9.678s] removing '/home/chondosha/ros2_ws/install/my_package/lib/python3.12/site-packages/my_package-0.0.0-py3.12.egg-info' (and everything under it)
[9.681s] Copying ../../build/my_package/my_package.egg-info to /home/chondosha/ros2_ws/install/my_package/lib/python3.12/site-packages/my_package-0.0.0-py3.12.egg-info
[9.688s] running install_scripts
[10.709s] Installing drone_publisher script to /home/chondosha/ros2_ws/install/my_package/lib/my_package
[10.710s] Installing mavsdk_node script to /home/chondosha/ros2_ws/install/my_package/lib/my_package
[10.713s] Installing my_node script to /home/chondosha/ros2_ws/install/my_package/lib/my_package
[10.716s] writing list of installed files to '/home/chondosha/ros2_ws/build/my_package/install.log'
[10.925s] Invoked command in '/home/chondosha/ros2_ws/src/my_package' returned '0': DEBUGINFOD_URLS=https://debuginfod.ubuntu.com PYTHONPATH=/home/chondosha/ros2_ws/build/my_package/prefix_override:/usr/lib/python3/dist-packages/colcon_core/task/python/colcon_distutils_commands:/home/chondosha/ros2_ws/install/my_package/lib/python3.12/site-packages:${PYTHONPATH} /usr/bin/python3 -W ignore:setup.py install is deprecated setup.py egg_info --egg-base ../../build/my_package build --build-base /home/chondosha/ros2_ws/build/my_package/build install --record /home/chondosha/ros2_ws/build/my_package/install.log --single-version-externally-managed install_data
