[1.177s] DEBUG:colcon:Command line arguments: ['/usr/bin/colcon', 'build']
[1.178s] DEBUG:colcon:Parsed command line arguments: Namespace(log_base=None, log_level=None, verb_name='build', build_base='build', install_base='install', merge_install=False, symlink_install=False, test_result_base=None, continue_on_error=False, executor='parallel', parallel_workers=4, event_handlers=None, ignore_user_meta=False, metas=['./colcon.meta'], base_paths=['.'], packages_ignore=None, packages_ignore_regex=None, paths=None, packages_up_to=None, packages_up_to_regex=None, packages_above=None, packages_above_and_dependencies=None, packages_above_depth=None, packages_select_by_dep=None, packages_skip_by_dep=None, packages_skip_up_to=None, packages_select_build_failed=False, packages_skip_build_finished=False, packages_select_test_failures=False, packages_skip_test_passed=False, packages_select=None, packages_skip=None, packages_select_regex=None, packages_skip_regex=None, packages_start=None, packages_end=None, allow_overriding=[], cmake_args=None, cmake_target=None, cmake_target_skip_unavailable=False, cmake_clean_cache=False, cmake_clean_first=False, cmake_force_configure=False, ament_cmake_args=None, catkin_cmake_args=None, catkin_skip_building_tests=False, mixin_files=None, mixin=None, verb_parser=<colcon_mixin.mixin.mixin_argument.MixinArgumentDecorator object at 0xffff8e936d50>, verb_extension=<colcon_core.verb.build.BuildVerb object at 0xffff8eaa1250>, main=<bound method BuildVerb.main of <colcon_core.verb.build.BuildVerb object at 0xffff8eaa1250>>, mixin_verb=('build',))
[1.632s] Level 1:colcon.colcon_core.package_discovery:discover_packages(colcon_meta) check parameters
[1.633s] Level 1:colcon.colcon_core.package_discovery:discover_packages(recursive) check parameters
[1.633s] Level 1:colcon.colcon_core.package_discovery:discover_packages(ignore) check parameters
[1.633s] Level 1:colcon.colcon_core.package_discovery:discover_packages(path) check parameters
[1.634s] Level 1:colcon.colcon_core.package_discovery:discover_packages(colcon_meta) discover
[1.634s] Level 1:colcon.colcon_core.package_discovery:discover_packages(recursive) discover
[1.635s] INFO:colcon.colcon_core.package_discovery:Crawling recursively for packages in '/home/chondosha/ros2_ws'
[1.636s] Level 1:colcon.colcon_core.package_identification:_identify(.) by extensions ['ignore', 'ignore_ament_install']
[1.636s] Level 1:colcon.colcon_core.package_identification:_identify(.) by extension 'ignore'
[1.637s] Level 1:colcon.colcon_core.package_identification:_identify(.) by extension 'ignore_ament_install'
[1.638s] Level 1:colcon.colcon_core.package_identification:_identify(.) by extensions ['colcon_pkg']
[1.639s] Level 1:colcon.colcon_core.package_identification:_identify(.) by extension 'colcon_pkg'
[1.639s] Level 1:colcon.colcon_core.package_identification:_identify(.) by extensions ['colcon_meta']
[1.640s] Level 1:colcon.colcon_core.package_identification:_identify(.) by extension 'colcon_meta'
[1.640s] Level 1:colcon.colcon_core.package_identification:_identify(.) by extensions ['ros']
[1.640s] Level 1:colcon.colcon_core.package_identification:_identify(.) by extension 'ros'
[1.852s] Level 1:colcon.colcon_core.package_identification:_identify(.) by extensions ['cmake', 'python']
[1.852s] Level 1:colcon.colcon_core.package_identification:_identify(.) by extension 'cmake'
[1.853s] Level 1:colcon.colcon_core.package_identification:_identify(.) by extension 'python'
[1.853s] Level 1:colcon.colcon_core.package_identification:_identify(.) by extensions ['python_setup_py']
[1.853s] Level 1:colcon.colcon_core.package_identification:_identify(.) by extension 'python_setup_py'
[1.855s] Level 1:colcon.colcon_core.package_identification:_identify(build) by extensions ['ignore', 'ignore_ament_install']
[1.855s] Level 1:colcon.colcon_core.package_identification:_identify(build) by extension 'ignore'
[1.856s] Level 1:colcon.colcon_core.package_identification:_identify(build) ignored
[1.857s] Level 1:colcon.colcon_core.package_identification:_identify(install) by extensions ['ignore', 'ignore_ament_install']
[1.858s] Level 1:colcon.colcon_core.package_identification:_identify(install) by extension 'ignore'
[1.859s] Level 1:colcon.colcon_core.package_identification:_identify(install) ignored
[1.861s] Level 1:colcon.colcon_core.package_identification:_identify(log) by extensions ['ignore', 'ignore_ament_install']
[1.862s] Level 1:colcon.colcon_core.package_identification:_identify(log) by extension 'ignore'
[1.862s] Level 1:colcon.colcon_core.package_identification:_identify(log) ignored
[1.863s] Level 1:colcon.colcon_core.package_identification:_identify(src) by extensions ['ignore', 'ignore_ament_install']
[1.864s] Level 1:colcon.colcon_core.package_identification:_identify(src) by extension 'ignore'
[1.864s] Level 1:colcon.colcon_core.package_identification:_identify(src) by extension 'ignore_ament_install'
[1.865s] Level 1:colcon.colcon_core.package_identification:_identify(src) by extensions ['colcon_pkg']
[1.866s] Level 1:colcon.colcon_core.package_identification:_identify(src) by extension 'colcon_pkg'
[1.867s] Level 1:colcon.colcon_core.package_identification:_identify(src) by extensions ['colcon_meta']
[1.867s] Level 1:colcon.colcon_core.package_identification:_identify(src) by extension 'colcon_meta'
[1.867s] Level 1:colcon.colcon_core.package_identification:_identify(src) by extensions ['ros']
[1.868s] Level 1:colcon.colcon_core.package_identification:_identify(src) by extension 'ros'
[1.869s] Level 1:colcon.colcon_core.package_identification:_identify(src) by extensions ['cmake', 'python']
[1.870s] Level 1:colcon.colcon_core.package_identification:_identify(src) by extension 'cmake'
[1.870s] Level 1:colcon.colcon_core.package_identification:_identify(src) by extension 'python'
[1.871s] Level 1:colcon.colcon_core.package_identification:_identify(src) by extensions ['python_setup_py']
[1.872s] Level 1:colcon.colcon_core.package_identification:_identify(src) by extension 'python_setup_py'
[1.873s] Level 1:colcon.colcon_core.package_identification:_identify(src/cs1651_drone) by extensions ['ignore', 'ignore_ament_install']
[1.874s] Level 1:colcon.colcon_core.package_identification:_identify(src/cs1651_drone) by extension 'ignore'
[1.875s] Level 1:colcon.colcon_core.package_identification:_identify(src/cs1651_drone) by extension 'ignore_ament_install'
[1.876s] Level 1:colcon.colcon_core.package_identification:_identify(src/cs1651_drone) by extensions ['colcon_pkg']
[1.876s] Level 1:colcon.colcon_core.package_identification:_identify(src/cs1651_drone) by extension 'colcon_pkg'
[1.877s] Level 1:colcon.colcon_core.package_identification:_identify(src/cs1651_drone) by extensions ['colcon_meta']
[1.877s] Level 1:colcon.colcon_core.package_identification:_identify(src/cs1651_drone) by extension 'colcon_meta'
[1.878s] Level 1:colcon.colcon_core.package_identification:_identify(src/cs1651_drone) by extensions ['ros']
[1.878s] Level 1:colcon.colcon_core.package_identification:_identify(src/cs1651_drone) by extension 'ros'
[1.900s] DEBUG:colcon.colcon_core.package_identification:Package 'src/cs1651_drone' with type 'ros.ament_python' and name 'cs1651_drone'
[1.902s] Level 1:colcon.colcon_core.package_identification:_identify(src/my_package) by extensions ['ignore', 'ignore_ament_install']
[1.903s] Level 1:colcon.colcon_core.package_identification:_identify(src/my_package) by extension 'ignore'
[1.904s] Level 1:colcon.colcon_core.package_identification:_identify(src/my_package) by extension 'ignore_ament_install'
[1.905s] Level 1:colcon.colcon_core.package_identification:_identify(src/my_package) by extensions ['colcon_pkg']
[1.905s] Level 1:colcon.colcon_core.package_identification:_identify(src/my_package) by extension 'colcon_pkg'
[1.906s] Level 1:colcon.colcon_core.package_identification:_identify(src/my_package) by extensions ['colcon_meta']
[1.906s] Level 1:colcon.colcon_core.package_identification:_identify(src/my_package) by extension 'colcon_meta'
[1.907s] Level 1:colcon.colcon_core.package_identification:_identify(src/my_package) by extensions ['ros']
[1.907s] Level 1:colcon.colcon_core.package_identification:_identify(src/my_package) by extension 'ros'
[1.915s] DEBUG:colcon.colcon_core.package_identification:Package 'src/my_package' with type 'ros.ament_python' and name 'my_package'
[1.917s] Level 1:colcon.colcon_core.package_identification:_identify(venv) by extensions ['ignore', 'ignore_ament_install']
[1.917s] Level 1:colcon.colcon_core.package_identification:_identify(venv) by extension 'ignore'
[1.918s] Level 1:colcon.colcon_core.package_identification:_identify(venv) ignored
[1.918s] Level 1:colcon.colcon_core.package_discovery:discover_packages(recursive) using defaults
[1.919s] Level 1:colcon.colcon_core.package_discovery:discover_packages(ignore) discover
[1.919s] Level 1:colcon.colcon_core.package_discovery:discover_packages(ignore) using defaults
[1.919s] Level 1:colcon.colcon_core.package_discovery:discover_packages(path) discover
[1.920s] Level 1:colcon.colcon_core.package_discovery:discover_packages(path) using defaults
[2.084s] Level 1:colcon.colcon_core.package_discovery:discover_packages(prefix_path) check parameters
[2.084s] Level 1:colcon.colcon_core.package_discovery:discover_packages(prefix_path) discover
[2.120s] DEBUG:colcon.colcon_installed_package_information.package_discovery:Found 298 installed packages in /opt/ros/jazzy
[2.125s] Level 1:colcon.colcon_core.package_discovery:discover_packages(prefix_path) using defaults
[2.572s] Level 5:colcon.colcon_core.verb:set package 'cs1651_drone' build argument 'cmake_args' from command line to 'None'
[2.572s] Level 5:colcon.colcon_core.verb:set package 'cs1651_drone' build argument 'cmake_target' from command line to 'None'
[2.572s] Level 5:colcon.colcon_core.verb:set package 'cs1651_drone' build argument 'cmake_target_skip_unavailable' from command line to 'False'
[2.573s] Level 5:colcon.colcon_core.verb:set package 'cs1651_drone' build argument 'cmake_clean_cache' from command line to 'False'
[2.573s] Level 5:colcon.colcon_core.verb:set package 'cs1651_drone' build argument 'cmake_clean_first' from command line to 'False'
[2.573s] Level 5:colcon.colcon_core.verb:set package 'cs1651_drone' build argument 'cmake_force_configure' from command line to 'False'
[2.574s] Level 5:colcon.colcon_core.verb:set package 'cs1651_drone' build argument 'ament_cmake_args' from command line to 'None'
[2.575s] Level 5:colcon.colcon_core.verb:set package 'cs1651_drone' build argument 'catkin_cmake_args' from command line to 'None'
[2.575s] Level 5:colcon.colcon_core.verb:set package 'cs1651_drone' build argument 'catkin_skip_building_tests' from command line to 'False'
[2.575s] DEBUG:colcon.colcon_core.verb:Building package 'cs1651_drone' with the following arguments: {'ament_cmake_args': None, 'build_base': '/home/chondosha/ros2_ws/build/cs1651_drone', 'catkin_cmake_args': None, 'catkin_skip_building_tests': False, 'cmake_args': None, 'cmake_clean_cache': False, 'cmake_clean_first': False, 'cmake_force_configure': False, 'cmake_target': None, 'cmake_target_skip_unavailable': False, 'install_base': '/home/chondosha/ros2_ws/install/cs1651_drone', 'merge_install': False, 'path': '/home/chondosha/ros2_ws/src/cs1651_drone', 'symlink_install': False, 'test_result_base': None}
[2.578s] Level 5:colcon.colcon_core.verb:set package 'my_package' build argument 'cmake_args' from command line to 'None'
[2.578s] Level 5:colcon.colcon_core.verb:set package 'my_package' build argument 'cmake_target' from command line to 'None'
[2.579s] Level 5:colcon.colcon_core.verb:set package 'my_package' build argument 'cmake_target_skip_unavailable' from command line to 'False'
[2.579s] Level 5:colcon.colcon_core.verb:set package 'my_package' build argument 'cmake_clean_cache' from command line to 'False'
[2.579s] Level 5:colcon.colcon_core.verb:set package 'my_package' build argument 'cmake_clean_first' from command line to 'False'
[2.579s] Level 5:colcon.colcon_core.verb:set package 'my_package' build argument 'cmake_force_configure' from command line to 'False'
[2.580s] Level 5:colcon.colcon_core.verb:set package 'my_package' build argument 'ament_cmake_args' from command line to 'None'
[2.580s] Level 5:colcon.colcon_core.verb:set package 'my_package' build argument 'catkin_cmake_args' from command line to 'None'
[2.580s] Level 5:colcon.colcon_core.verb:set package 'my_package' build argument 'catkin_skip_building_tests' from command line to 'False'
[2.580s] DEBUG:colcon.colcon_core.verb:Building package 'my_package' with the following arguments: {'ament_cmake_args': None, 'build_base': '/home/chondosha/ros2_ws/build/my_package', 'catkin_cmake_args': None, 'catkin_skip_building_tests': False, 'cmake_args': None, 'cmake_clean_cache': False, 'cmake_clean_first': False, 'cmake_force_configure': False, 'cmake_target': None, 'cmake_target_skip_unavailable': False, 'install_base': '/home/chondosha/ros2_ws/install/my_package', 'merge_install': False, 'path': '/home/chondosha/ros2_ws/src/my_package', 'symlink_install': False, 'test_result_base': None}
[2.582s] INFO:colcon.colcon_core.executor:Executing jobs using 'parallel' executor
[2.587s] DEBUG:colcon.colcon_parallel_executor.executor.parallel:run_until_complete
[2.589s] INFO:colcon.colcon_ros.task.ament_python.build:Building ROS package in '/home/chondosha/ros2_ws/src/cs1651_drone' with build type 'ament_python'
[2.590s] Level 1:colcon.colcon_core.shell:create_environment_hook('cs1651_drone', 'ament_prefix_path')
[2.636s] INFO:colcon.colcon_core.plugin_system:Skipping extension 'colcon_core.shell.bat': Not used on non-Windows systems
[2.640s] INFO:colcon.colcon_core.shell:Creating environment hook '/home/chondosha/ros2_ws/install/cs1651_drone/share/cs1651_drone/hook/ament_prefix_path.ps1'
[2.659s] INFO:colcon.colcon_core.shell:Creating environment descriptor '/home/chondosha/ros2_ws/install/cs1651_drone/share/cs1651_drone/hook/ament_prefix_path.dsv'
[2.669s] INFO:colcon.colcon_core.shell:Creating environment hook '/home/chondosha/ros2_ws/install/cs1651_drone/share/cs1651_drone/hook/ament_prefix_path.sh'
[2.678s] INFO:colcon.colcon_core.shell:Skip shell extension 'powershell' for command environment: Not usable outside of PowerShell
[2.679s] DEBUG:colcon.colcon_core.shell:Skip shell extension 'dsv' for command environment
[2.719s] INFO:colcon.colcon_ros.task.ament_python.build:Building ROS package in '/home/chondosha/ros2_ws/src/my_package' with build type 'ament_python'
[2.720s] Level 1:colcon.colcon_core.shell:create_environment_hook('my_package', 'ament_prefix_path')
[2.724s] INFO:colcon.colcon_core.shell:Creating environment hook '/home/chondosha/ros2_ws/install/my_package/share/my_package/hook/ament_prefix_path.ps1'
[2.737s] INFO:colcon.colcon_core.shell:Creating environment descriptor '/home/chondosha/ros2_ws/install/my_package/share/my_package/hook/ament_prefix_path.dsv'
[2.753s] INFO:colcon.colcon_core.shell:Creating environment hook '/home/chondosha/ros2_ws/install/my_package/share/my_package/hook/ament_prefix_path.sh'
[2.765s] INFO:colcon.colcon_core.shell:Skip shell extension 'powershell' for command environment: Not usable outside of PowerShell
[2.766s] DEBUG:colcon.colcon_core.shell:Skip shell extension 'dsv' for command environment
[4.605s] INFO:colcon.colcon_core.task.python.build:Building Python package in '/home/chondosha/ros2_ws/src/cs1651_drone'
[4.606s] INFO:colcon.colcon_core.shell:Skip shell extension 'powershell' for command environment: Not usable outside of PowerShell
[4.606s] DEBUG:colcon.colcon_core.shell:Skip shell extension 'dsv' for command environment
[6.393s] INFO:colcon.colcon_core.task.python.build:Building Python package in '/home/chondosha/ros2_ws/src/my_package'
[6.394s] INFO:colcon.colcon_core.shell:Skip shell extension 'powershell' for command environment: Not usable outside of PowerShell
[6.395s] DEBUG:colcon.colcon_core.shell:Skip shell extension 'dsv' for command environment
[13.292s] DEBUG:colcon.colcon_core.event_handler.log_command:Invoking command in '/home/chondosha/ros2_ws/src/cs1651_drone': DEBUGINFOD_URLS=https://debuginfod.ubuntu.com PYTHONPATH=/home/chondosha/ros2_ws/build/cs1651_drone/prefix_override:/usr/lib/python3/dist-packages/colcon_core/task/python/colcon_distutils_commands:/home/chondosha/ros2_ws/install/cs1651_drone/lib/python3.12/site-packages:${PYTHONPATH} /usr/bin/python3 -W ignore:setup.py install is deprecated setup.py egg_info --egg-base ../../build/cs1651_drone build --build-base /home/chondosha/ros2_ws/build/cs1651_drone/build install --record /home/chondosha/ros2_ws/build/cs1651_drone/install.log --single-version-externally-managed install_data
[13.494s] DEBUG:colcon.colcon_core.event_handler.log_command:Invoking command in '/home/chondosha/ros2_ws/src/my_package': DEBUGINFOD_URLS=https://debuginfod.ubuntu.com PYTHONPATH=/home/chondosha/ros2_ws/build/my_package/prefix_override:/usr/lib/python3/dist-packages/colcon_core/task/python/colcon_distutils_commands:/home/chondosha/ros2_ws/install/my_package/lib/python3.12/site-packages:${PYTHONPATH} /usr/bin/python3 -W ignore:setup.py install is deprecated setup.py egg_info --egg-base ../../build/my_package build --build-base /home/chondosha/ros2_ws/build/my_package/build install --record /home/chondosha/ros2_ws/build/my_package/install.log --single-version-externally-managed install_data
[18.692s] DEBUG:colcon.colcon_core.event_handler.log_command:Invoked command in '/home/chondosha/ros2_ws/src/cs1651_drone' returned '0': DEBUGINFOD_URLS=https://debuginfod.ubuntu.com PYTHONPATH=/home/chondosha/ros2_ws/build/cs1651_drone/prefix_override:/usr/lib/python3/dist-packages/colcon_core/task/python/colcon_distutils_commands:/home/chondosha/ros2_ws/install/cs1651_drone/lib/python3.12/site-packages:${PYTHONPATH} /usr/bin/python3 -W ignore:setup.py install is deprecated setup.py egg_info --egg-base ../../build/cs1651_drone build --build-base /home/chondosha/ros2_ws/build/cs1651_drone/build install --record /home/chondosha/ros2_ws/build/cs1651_drone/install.log --single-version-externally-managed install_data
[18.721s] Level 1:colcon.colcon_core.environment:checking '/home/chondosha/ros2_ws/install/cs1651_drone' for CMake module files
[18.726s] Level 1:colcon.colcon_core.environment:checking '/home/chondosha/ros2_ws/install/cs1651_drone' for CMake config files
[18.735s] Level 1:colcon.colcon_core.environment:checking '/home/chondosha/ros2_ws/install/cs1651_drone/lib'
[18.737s] Level 1:colcon.colcon_core.environment:checking '/home/chondosha/ros2_ws/install/cs1651_drone/bin'
[18.737s] Level 1:colcon.colcon_core.environment:checking '/home/chondosha/ros2_ws/install/cs1651_drone/lib/pkgconfig/cs1651_drone.pc'
[18.739s] Level 1:colcon.colcon_core.environment:checking '/home/chondosha/ros2_ws/install/cs1651_drone/lib/python3.12/site-packages'
[18.741s] Level 1:colcon.colcon_core.shell:create_environment_hook('cs1651_drone', 'pythonpath')
[18.744s] INFO:colcon.colcon_core.shell:Creating environment hook '/home/chondosha/ros2_ws/install/cs1651_drone/share/cs1651_drone/hook/pythonpath.ps1'
[18.753s] INFO:colcon.colcon_core.shell:Creating environment descriptor '/home/chondosha/ros2_ws/install/cs1651_drone/share/cs1651_drone/hook/pythonpath.dsv'
[18.761s] INFO:colcon.colcon_core.shell:Creating environment hook '/home/chondosha/ros2_ws/install/cs1651_drone/share/cs1651_drone/hook/pythonpath.sh'
[18.768s] Level 1:colcon.colcon_core.environment:checking '/home/chondosha/ros2_ws/install/cs1651_drone/bin'
[18.769s] Level 1:colcon.colcon_core.environment:create_environment_scripts_only(cs1651_drone)
[18.770s] INFO:colcon.colcon_core.shell:Creating package script '/home/chondosha/ros2_ws/install/cs1651_drone/share/cs1651_drone/package.ps1'
[18.776s] INFO:colcon.colcon_core.shell:Creating package descriptor '/home/chondosha/ros2_ws/install/cs1651_drone/share/cs1651_drone/package.dsv'
[18.780s] INFO:colcon.colcon_core.shell:Creating package script '/home/chondosha/ros2_ws/install/cs1651_drone/share/cs1651_drone/package.sh'
[18.784s] INFO:colcon.colcon_core.shell:Creating package script '/home/chondosha/ros2_ws/install/cs1651_drone/share/cs1651_drone/package.bash'
[18.789s] INFO:colcon.colcon_core.shell:Creating package script '/home/chondosha/ros2_ws/install/cs1651_drone/share/cs1651_drone/package.zsh'
[18.794s] Level 1:colcon.colcon_core.environment:create_file_with_runtime_dependencies(/home/chondosha/ros2_ws/install/cs1651_drone/share/colcon-core/packages/cs1651_drone)
[19.129s] Level 1:colcon.colcon_core.environment:checking '/home/chondosha/ros2_ws/install/my_package' for CMake module files
[19.132s] DEBUG:colcon.colcon_core.event_handler.log_command:Invoked command in '/home/chondosha/ros2_ws/src/my_package' returned '0': DEBUGINFOD_URLS=https://debuginfod.ubuntu.com PYTHONPATH=/home/chondosha/ros2_ws/build/my_package/prefix_override:/usr/lib/python3/dist-packages/colcon_core/task/python/colcon_distutils_commands:/home/chondosha/ros2_ws/install/my_package/lib/python3.12/site-packages:${PYTHONPATH} /usr/bin/python3 -W ignore:setup.py install is deprecated setup.py egg_info --egg-base ../../build/my_package build --build-base /home/chondosha/ros2_ws/build/my_package/build install --record /home/chondosha/ros2_ws/build/my_package/install.log --single-version-externally-managed install_data
[19.135s] Level 1:colcon.colcon_core.environment:checking '/home/chondosha/ros2_ws/install/my_package' for CMake config files
[19.141s] Level 1:colcon.colcon_core.environment:checking '/home/chondosha/ros2_ws/install/my_package/lib'
[19.142s] Level 1:colcon.colcon_core.environment:checking '/home/chondosha/ros2_ws/install/my_package/bin'
[19.143s] Level 1:colcon.colcon_core.environment:checking '/home/chondosha/ros2_ws/install/my_package/lib/pkgconfig/my_package.pc'
[19.147s] Level 1:colcon.colcon_core.environment:checking '/home/chondosha/ros2_ws/install/my_package/lib/python3.12/site-packages'
[19.149s] Level 1:colcon.colcon_core.shell:create_environment_hook('my_package', 'pythonpath')
[19.153s] INFO:colcon.colcon_core.shell:Creating environment hook '/home/chondosha/ros2_ws/install/my_package/share/my_package/hook/pythonpath.ps1'
[19.161s] INFO:colcon.colcon_core.shell:Creating environment descriptor '/home/chondosha/ros2_ws/install/my_package/share/my_package/hook/pythonpath.dsv'
[19.167s] INFO:colcon.colcon_core.shell:Creating environment hook '/home/chondosha/ros2_ws/install/my_package/share/my_package/hook/pythonpath.sh'
[19.173s] Level 1:colcon.colcon_core.environment:checking '/home/chondosha/ros2_ws/install/my_package/bin'
[19.174s] Level 1:colcon.colcon_core.environment:create_environment_scripts_only(my_package)
[19.176s] INFO:colcon.colcon_core.shell:Creating package script '/home/chondosha/ros2_ws/install/my_package/share/my_package/package.ps1'
[19.181s] INFO:colcon.colcon_core.shell:Creating package descriptor '/home/chondosha/ros2_ws/install/my_package/share/my_package/package.dsv'
[19.185s] INFO:colcon.colcon_core.shell:Creating package script '/home/chondosha/ros2_ws/install/my_package/share/my_package/package.sh'
[19.187s] INFO:colcon.colcon_core.shell:Creating package script '/home/chondosha/ros2_ws/install/my_package/share/my_package/package.bash'
[19.189s] INFO:colcon.colcon_core.shell:Creating package script '/home/chondosha/ros2_ws/install/my_package/share/my_package/package.zsh'
[19.191s] Level 1:colcon.colcon_core.environment:create_file_with_runtime_dependencies(/home/chondosha/ros2_ws/install/my_package/share/colcon-core/packages/my_package)
[19.194s] DEBUG:colcon.colcon_parallel_executor.executor.parallel:closing loop
[19.195s] DEBUG:colcon.colcon_parallel_executor.executor.parallel:loop closed
[19.196s] DEBUG:colcon.colcon_parallel_executor.executor.parallel:run_until_complete finished with '0'
[19.196s] DEBUG:colcon.colcon_core.event_reactor:joining thread
[19.270s] INFO:colcon.colcon_core.plugin_system:Skipping extension 'colcon_notification.desktop_notification.terminal_notifier': Not used on non-Darwin systems
[19.272s] INFO:colcon.colcon_core.plugin_system:Skipping extension 'colcon_notification.desktop_notification.win32': Not used on non-Windows systems
[19.274s] INFO:colcon.colcon_notification.desktop_notification:Sending desktop notification using 'notify2'
[19.442s] DEBUG:colcon.colcon_core.event_reactor:joined thread
[19.443s] INFO:colcon.colcon_core.shell:Creating prefix script '/home/chondosha/ros2_ws/install/local_setup.ps1'
[19.455s] INFO:colcon.colcon_core.shell:Creating prefix util module '/home/chondosha/ros2_ws/install/_local_setup_util_ps1.py'
[19.466s] INFO:colcon.colcon_core.shell:Creating prefix chain script '/home/chondosha/ros2_ws/install/setup.ps1'
[19.475s] INFO:colcon.colcon_core.shell:Creating prefix script '/home/chondosha/ros2_ws/install/local_setup.sh'
[19.480s] INFO:colcon.colcon_core.shell:Creating prefix util module '/home/chondosha/ros2_ws/install/_local_setup_util_sh.py'
[19.484s] INFO:colcon.colcon_core.shell:Creating prefix chain script '/home/chondosha/ros2_ws/install/setup.sh'
[19.492s] INFO:colcon.colcon_core.shell:Creating prefix script '/home/chondosha/ros2_ws/install/local_setup.bash'
[19.496s] INFO:colcon.colcon_core.shell:Creating prefix chain script '/home/chondosha/ros2_ws/install/setup.bash'
[19.503s] INFO:colcon.colcon_core.shell:Creating prefix script '/home/chondosha/ros2_ws/install/local_setup.zsh'
[19.507s] INFO:colcon.colcon_core.shell:Creating prefix chain script '/home/chondosha/ros2_ws/install/setup.zsh'
