[0.775s] DEBUG:colcon:Command line arguments: ['/usr/bin/colcon', 'build']
[0.776s] DEBUG:colcon:Parsed command line arguments: Namespace(log_base=None, log_level=None, verb_name='build', build_base='build', install_base='install', merge_install=False, symlink_install=False, test_result_base=None, continue_on_error=False, executor='parallel', parallel_workers=4, event_handlers=None, ignore_user_meta=False, metas=['./colcon.meta'], base_paths=['.'], packages_ignore=None, packages_ignore_regex=None, paths=None, packages_up_to=None, packages_up_to_regex=None, packages_above=None, packages_above_and_dependencies=None, packages_above_depth=None, packages_select_by_dep=None, packages_skip_by_dep=None, packages_skip_up_to=None, packages_select_build_failed=False, packages_skip_build_finished=False, packages_select_test_failures=False, packages_skip_test_passed=False, packages_select=None, packages_skip=None, packages_select_regex=None, packages_skip_regex=None, packages_start=None, packages_end=None, allow_overriding=[], cmake_args=None, cmake_target=None, cmake_target_skip_unavailable=False, cmake_clean_cache=False, cmake_clean_first=False, cmake_force_configure=False, ament_cmake_args=None, catkin_cmake_args=None, catkin_skip_building_tests=False, mixin_files=None, mixin=None, verb_parser=<colcon_mixin.mixin.mixin_argument.MixinArgumentDecorator object at 0xffff9bf77770>, verb_extension=<colcon_core.verb.build.BuildVerb object at 0xffff9c1a1e80>, main=<bound method BuildVerb.main of <colcon_core.verb.build.BuildVerb object at 0xffff9c1a1e80>>, mixin_verb=('build',))
[1.003s] Level 1:colcon.colcon_core.package_discovery:discover_packages(colcon_meta) check parameters
[1.004s] Level 1:colcon.colcon_core.package_discovery:discover_packages(recursive) check parameters
[1.004s] Level 1:colcon.colcon_core.package_discovery:discover_packages(ignore) check parameters
[1.004s] Level 1:colcon.colcon_core.package_discovery:discover_packages(path) check parameters
[1.004s] Level 1:colcon.colcon_core.package_discovery:discover_packages(colcon_meta) discover
[1.004s] Level 1:colcon.colcon_core.package_discovery:discover_packages(recursive) discover
[1.004s] INFO:colcon.colcon_core.package_discovery:Crawling recursively for packages in '/home/chondosha/ros2_ws'
[1.005s] Level 1:colcon.colcon_core.package_identification:_identify(.) by extensions ['ignore', 'ignore_ament_install']
[1.005s] Level 1:colcon.colcon_core.package_identification:_identify(.) by extension 'ignore'
[1.006s] Level 1:colcon.colcon_core.package_identification:_identify(.) by extension 'ignore_ament_install'
[1.006s] Level 1:colcon.colcon_core.package_identification:_identify(.) by extensions ['colcon_pkg']
[1.006s] Level 1:colcon.colcon_core.package_identification:_identify(.) by extension 'colcon_pkg'
[1.006s] Level 1:colcon.colcon_core.package_identification:_identify(.) by extensions ['colcon_meta']
[1.006s] Level 1:colcon.colcon_core.package_identification:_identify(.) by extension 'colcon_meta'
[1.007s] Level 1:colcon.colcon_core.package_identification:_identify(.) by extensions ['ros']
[1.007s] Level 1:colcon.colcon_core.package_identification:_identify(.) by extension 'ros'
[1.149s] Level 1:colcon.colcon_core.package_identification:_identify(.) by extensions ['cmake', 'python']
[1.149s] Level 1:colcon.colcon_core.package_identification:_identify(.) by extension 'cmake'
[1.149s] Level 1:colcon.colcon_core.package_identification:_identify(.) by extension 'python'
[1.150s] Level 1:colcon.colcon_core.package_identification:_identify(.) by extensions ['python_setup_py']
[1.150s] Level 1:colcon.colcon_core.package_identification:_identify(.) by extension 'python_setup_py'
[1.151s] Level 1:colcon.colcon_core.package_identification:_identify(build) by extensions ['ignore', 'ignore_ament_install']
[1.151s] Level 1:colcon.colcon_core.package_identification:_identify(build) by extension 'ignore'
[1.151s] Level 1:colcon.colcon_core.package_identification:_identify(build) ignored
[1.152s] Level 1:colcon.colcon_core.package_identification:_identify(install) by extensions ['ignore', 'ignore_ament_install']
[1.153s] Level 1:colcon.colcon_core.package_identification:_identify(install) by extension 'ignore'
[1.153s] Level 1:colcon.colcon_core.package_identification:_identify(install) ignored
[1.156s] Level 1:colcon.colcon_core.package_identification:_identify(log) by extensions ['ignore', 'ignore_ament_install']
[1.156s] Level 1:colcon.colcon_core.package_identification:_identify(log) by extension 'ignore'
[1.157s] Level 1:colcon.colcon_core.package_identification:_identify(log) ignored
[1.157s] Level 1:colcon.colcon_core.package_identification:_identify(src) by extensions ['ignore', 'ignore_ament_install']
[1.158s] Level 1:colcon.colcon_core.package_identification:_identify(src) by extension 'ignore'
[1.158s] Level 1:colcon.colcon_core.package_identification:_identify(src) by extension 'ignore_ament_install'
[1.158s] Level 1:colcon.colcon_core.package_identification:_identify(src) by extensions ['colcon_pkg']
[1.158s] Level 1:colcon.colcon_core.package_identification:_identify(src) by extension 'colcon_pkg'
[1.158s] Level 1:colcon.colcon_core.package_identification:_identify(src) by extensions ['colcon_meta']
[1.159s] Level 1:colcon.colcon_core.package_identification:_identify(src) by extension 'colcon_meta'
[1.159s] Level 1:colcon.colcon_core.package_identification:_identify(src) by extensions ['ros']
[1.159s] Level 1:colcon.colcon_core.package_identification:_identify(src) by extension 'ros'
[1.159s] Level 1:colcon.colcon_core.package_identification:_identify(src) by extensions ['cmake', 'python']
[1.159s] Level 1:colcon.colcon_core.package_identification:_identify(src) by extension 'cmake'
[1.160s] Level 1:colcon.colcon_core.package_identification:_identify(src) by extension 'python'
[1.160s] Level 1:colcon.colcon_core.package_identification:_identify(src) by extensions ['python_setup_py']
[1.160s] Level 1:colcon.colcon_core.package_identification:_identify(src) by extension 'python_setup_py'
[1.160s] Level 1:colcon.colcon_core.package_identification:_identify(src/cs1651_drone) by extensions ['ignore', 'ignore_ament_install']
[1.161s] Level 1:colcon.colcon_core.package_identification:_identify(src/cs1651_drone) by extension 'ignore'
[1.161s] Level 1:colcon.colcon_core.package_identification:_identify(src/cs1651_drone) by extension 'ignore_ament_install'
[1.161s] Level 1:colcon.colcon_core.package_identification:_identify(src/cs1651_drone) by extensions ['colcon_pkg']
[1.161s] Level 1:colcon.colcon_core.package_identification:_identify(src/cs1651_drone) by extension 'colcon_pkg'
[1.161s] Level 1:colcon.colcon_core.package_identification:_identify(src/cs1651_drone) by extensions ['colcon_meta']
[1.161s] Level 1:colcon.colcon_core.package_identification:_identify(src/cs1651_drone) by extension 'colcon_meta'
[1.162s] Level 1:colcon.colcon_core.package_identification:_identify(src/cs1651_drone) by extensions ['ros']
[1.162s] Level 1:colcon.colcon_core.package_identification:_identify(src/cs1651_drone) by extension 'ros'
[1.172s] DEBUG:colcon.colcon_core.package_identification:Package 'src/cs1651_drone' with type 'ros.ament_python' and name 'cs1651_drone'
[1.173s] Level 1:colcon.colcon_core.package_identification:_identify(src/my_package) by extensions ['ignore', 'ignore_ament_install']
[1.173s] Level 1:colcon.colcon_core.package_identification:_identify(src/my_package) by extension 'ignore'
[1.173s] Level 1:colcon.colcon_core.package_identification:_identify(src/my_package) by extension 'ignore_ament_install'
[1.174s] Level 1:colcon.colcon_core.package_identification:_identify(src/my_package) by extensions ['colcon_pkg']
[1.174s] Level 1:colcon.colcon_core.package_identification:_identify(src/my_package) by extension 'colcon_pkg'
[1.174s] Level 1:colcon.colcon_core.package_identification:_identify(src/my_package) by extensions ['colcon_meta']
[1.174s] Level 1:colcon.colcon_core.package_identification:_identify(src/my_package) by extension 'colcon_meta'
[1.174s] Level 1:colcon.colcon_core.package_identification:_identify(src/my_package) by extensions ['ros']
[1.175s] Level 1:colcon.colcon_core.package_identification:_identify(src/my_package) by extension 'ros'
[1.177s] DEBUG:colcon.colcon_core.package_identification:Package 'src/my_package' with type 'ros.ament_python' and name 'my_package'
[1.177s] Level 1:colcon.colcon_core.package_identification:_identify(venv) by extensions ['ignore', 'ignore_ament_install']
[1.178s] Level 1:colcon.colcon_core.package_identification:_identify(venv) by extension 'ignore'
[1.178s] Level 1:colcon.colcon_core.package_identification:_identify(venv) ignored
[1.178s] Level 1:colcon.colcon_core.package_discovery:discover_packages(recursive) using defaults
[1.179s] Level 1:colcon.colcon_core.package_discovery:discover_packages(ignore) discover
[1.179s] Level 1:colcon.colcon_core.package_discovery:discover_packages(ignore) using defaults
[1.179s] Level 1:colcon.colcon_core.package_discovery:discover_packages(path) discover
[1.179s] Level 1:colcon.colcon_core.package_discovery:discover_packages(path) using defaults
[1.288s] Level 1:colcon.colcon_core.package_discovery:discover_packages(prefix_path) check parameters
[1.289s] Level 1:colcon.colcon_core.package_discovery:discover_packages(prefix_path) discover
[1.300s] DEBUG:colcon.colcon_installed_package_information.package_discovery:Found 3 installed packages in /home/chondosha/ros2_ws/install
[1.311s] DEBUG:colcon.colcon_installed_package_information.package_discovery:Found 299 installed packages in /opt/ros/jazzy
[1.316s] Level 1:colcon.colcon_core.package_discovery:discover_packages(prefix_path) using defaults
[1.591s] Level 5:colcon.colcon_core.verb:set package 'cs1651_drone' build argument 'cmake_args' from command line to 'None'
[1.592s] Level 5:colcon.colcon_core.verb:set package 'cs1651_drone' build argument 'cmake_target' from command line to 'None'
[1.592s] Level 5:colcon.colcon_core.verb:set package 'cs1651_drone' build argument 'cmake_target_skip_unavailable' from command line to 'False'
[1.592s] Level 5:colcon.colcon_core.verb:set package 'cs1651_drone' build argument 'cmake_clean_cache' from command line to 'False'
[1.592s] Level 5:colcon.colcon_core.verb:set package 'cs1651_drone' build argument 'cmake_clean_first' from command line to 'False'
[1.592s] Level 5:colcon.colcon_core.verb:set package 'cs1651_drone' build argument 'cmake_force_configure' from command line to 'False'
[1.592s] Level 5:colcon.colcon_core.verb:set package 'cs1651_drone' build argument 'ament_cmake_args' from command line to 'None'
[1.592s] Level 5:colcon.colcon_core.verb:set package 'cs1651_drone' build argument 'catkin_cmake_args' from command line to 'None'
[1.592s] Level 5:colcon.colcon_core.verb:set package 'cs1651_drone' build argument 'catkin_skip_building_tests' from command line to 'False'
[1.592s] DEBUG:colcon.colcon_core.verb:Building package 'cs1651_drone' with the following arguments: {'ament_cmake_args': None, 'build_base': '/home/chondosha/ros2_ws/build/cs1651_drone', 'catkin_cmake_args': None, 'catkin_skip_building_tests': False, 'cmake_args': None, 'cmake_clean_cache': False, 'cmake_clean_first': False, 'cmake_force_configure': False, 'cmake_target': None, 'cmake_target_skip_unavailable': False, 'install_base': '/home/chondosha/ros2_ws/install/cs1651_drone', 'merge_install': False, 'path': '/home/chondosha/ros2_ws/src/cs1651_drone', 'symlink_install': False, 'test_result_base': None}
[1.594s] Level 5:colcon.colcon_core.verb:set package 'my_package' build argument 'cmake_args' from command line to 'None'
[1.594s] Level 5:colcon.colcon_core.verb:set package 'my_package' build argument 'cmake_target' from command line to 'None'
[1.594s] Level 5:colcon.colcon_core.verb:set package 'my_package' build argument 'cmake_target_skip_unavailable' from command line to 'False'
[1.594s] Level 5:colcon.colcon_core.verb:set package 'my_package' build argument 'cmake_clean_cache' from command line to 'False'
[1.595s] Level 5:colcon.colcon_core.verb:set package 'my_package' build argument 'cmake_clean_first' from command line to 'False'
[1.595s] Level 5:colcon.colcon_core.verb:set package 'my_package' build argument 'cmake_force_configure' from command line to 'False'
[1.595s] Level 5:colcon.colcon_core.verb:set package 'my_package' build argument 'ament_cmake_args' from command line to 'None'
[1.595s] Level 5:colcon.colcon_core.verb:set package 'my_package' build argument 'catkin_cmake_args' from command line to 'None'
[1.595s] Level 5:colcon.colcon_core.verb:set package 'my_package' build argument 'catkin_skip_building_tests' from command line to 'False'
[1.595s] DEBUG:colcon.colcon_core.verb:Building package 'my_package' with the following arguments: {'ament_cmake_args': None, 'build_base': '/home/chondosha/ros2_ws/build/my_package', 'catkin_cmake_args': None, 'catkin_skip_building_tests': False, 'cmake_args': None, 'cmake_clean_cache': False, 'cmake_clean_first': False, 'cmake_force_configure': False, 'cmake_target': None, 'cmake_target_skip_unavailable': False, 'install_base': '/home/chondosha/ros2_ws/install/my_package', 'merge_install': False, 'path': '/home/chondosha/ros2_ws/src/my_package', 'symlink_install': False, 'test_result_base': None}
[1.596s] INFO:colcon.colcon_core.executor:Executing jobs using 'parallel' executor
[1.601s] DEBUG:colcon.colcon_parallel_executor.executor.parallel:run_until_complete
[1.603s] INFO:colcon.colcon_ros.task.ament_python.build:Building ROS package in '/home/chondosha/ros2_ws/src/cs1651_drone' with build type 'ament_python'
[1.604s] Level 1:colcon.colcon_core.shell:create_environment_hook('cs1651_drone', 'ament_prefix_path')
[1.618s] INFO:colcon.colcon_core.plugin_system:Skipping extension 'colcon_core.shell.bat': Not used on non-Windows systems
[1.619s] INFO:colcon.colcon_core.shell:Creating environment hook '/home/chondosha/ros2_ws/install/cs1651_drone/share/cs1651_drone/hook/ament_prefix_path.ps1'
[1.628s] INFO:colcon.colcon_core.shell:Creating environment descriptor '/home/chondosha/ros2_ws/install/cs1651_drone/share/cs1651_drone/hook/ament_prefix_path.dsv'
[1.640s] INFO:colcon.colcon_core.shell:Creating environment hook '/home/chondosha/ros2_ws/install/cs1651_drone/share/cs1651_drone/hook/ament_prefix_path.sh'
[1.650s] INFO:colcon.colcon_core.shell:Skip shell extension 'powershell' for command environment: Not usable outside of PowerShell
[1.650s] DEBUG:colcon.colcon_core.shell:Skip shell extension 'dsv' for command environment
[1.688s] INFO:colcon.colcon_ros.task.ament_python.build:Building ROS package in '/home/chondosha/ros2_ws/src/my_package' with build type 'ament_python'
[1.691s] Level 1:colcon.colcon_core.shell:create_environment_hook('my_package', 'ament_prefix_path')
[1.695s] INFO:colcon.colcon_core.shell:Creating environment hook '/home/chondosha/ros2_ws/install/my_package/share/my_package/hook/ament_prefix_path.ps1'
[1.700s] INFO:colcon.colcon_core.shell:Creating environment descriptor '/home/chondosha/ros2_ws/install/my_package/share/my_package/hook/ament_prefix_path.dsv'
[1.707s] INFO:colcon.colcon_core.shell:Creating environment hook '/home/chondosha/ros2_ws/install/my_package/share/my_package/hook/ament_prefix_path.sh'
[1.711s] INFO:colcon.colcon_core.shell:Skip shell extension 'powershell' for command environment: Not usable outside of PowerShell
[1.712s] DEBUG:colcon.colcon_core.shell:Skip shell extension 'dsv' for command environment
[3.666s] INFO:colcon.colcon_core.task.python.build:Building Python package in '/home/chondosha/ros2_ws/src/cs1651_drone'
[3.668s] INFO:colcon.colcon_core.shell:Skip shell extension 'powershell' for command environment: Not usable outside of PowerShell
[3.669s] DEBUG:colcon.colcon_core.shell:Skip shell extension 'dsv' for command environment
[5.416s] INFO:colcon.colcon_core.task.python.build:Building Python package in '/home/chondosha/ros2_ws/src/my_package'
[5.417s] INFO:colcon.colcon_core.shell:Skip shell extension 'powershell' for command environment: Not usable outside of PowerShell
[5.417s] DEBUG:colcon.colcon_core.shell:Skip shell extension 'dsv' for command environment
[11.315s] DEBUG:colcon.colcon_core.event_handler.log_command:Invoking command in '/home/chondosha/ros2_ws/src/cs1651_drone': DEBUGINFOD_URLS=https://debuginfod.ubuntu.com PYTHONPATH=/home/chondosha/ros2_ws/build/cs1651_drone/prefix_override:/usr/lib/python3/dist-packages/colcon_core/task/python/colcon_distutils_commands:/home/chondosha/ros2_ws/install/cs1651_drone/lib/python3.12/site-packages:${PYTHONPATH} /usr/bin/python3 -W ignore:setup.py install is deprecated setup.py egg_info --egg-base ../../build/cs1651_drone build --build-base /home/chondosha/ros2_ws/build/cs1651_drone/build install --record /home/chondosha/ros2_ws/build/cs1651_drone/install.log --single-version-externally-managed install_data
[11.974s] DEBUG:colcon.colcon_core.event_handler.log_command:Invoking command in '/home/chondosha/ros2_ws/src/my_package': DEBUGINFOD_URLS=https://debuginfod.ubuntu.com PYTHONPATH=/home/chondosha/ros2_ws/build/my_package/prefix_override:/usr/lib/python3/dist-packages/colcon_core/task/python/colcon_distutils_commands:/home/chondosha/ros2_ws/install/my_package/lib/python3.12/site-packages:${PYTHONPATH} /usr/bin/python3 -W ignore:setup.py install is deprecated setup.py egg_info --egg-base ../../build/my_package build --build-base /home/chondosha/ros2_ws/build/my_package/build install --record /home/chondosha/ros2_ws/build/my_package/install.log --single-version-externally-managed install_data
[17.121s] DEBUG:colcon.colcon_core.event_handler.log_command:Invoked command in '/home/chondosha/ros2_ws/src/cs1651_drone' returned '0': DEBUGINFOD_URLS=https://debuginfod.ubuntu.com PYTHONPATH=/home/chondosha/ros2_ws/build/cs1651_drone/prefix_override:/usr/lib/python3/dist-packages/colcon_core/task/python/colcon_distutils_commands:/home/chondosha/ros2_ws/install/cs1651_drone/lib/python3.12/site-packages:${PYTHONPATH} /usr/bin/python3 -W ignore:setup.py install is deprecated setup.py egg_info --egg-base ../../build/cs1651_drone build --build-base /home/chondosha/ros2_ws/build/cs1651_drone/build install --record /home/chondosha/ros2_ws/build/cs1651_drone/install.log --single-version-externally-managed install_data
[17.134s] Level 1:colcon.colcon_core.environment:checking '/home/chondosha/ros2_ws/install/cs1651_drone' for CMake module files
[17.138s] Level 1:colcon.colcon_core.environment:checking '/home/chondosha/ros2_ws/install/cs1651_drone' for CMake config files
[17.143s] Level 1:colcon.colcon_core.environment:checking '/home/chondosha/ros2_ws/install/cs1651_drone/lib'
[17.145s] Level 1:colcon.colcon_core.environment:checking '/home/chondosha/ros2_ws/install/cs1651_drone/bin'
[17.145s] Level 1:colcon.colcon_core.environment:checking '/home/chondosha/ros2_ws/install/cs1651_drone/lib/pkgconfig/cs1651_drone.pc'
[17.147s] Level 1:colcon.colcon_core.environment:checking '/home/chondosha/ros2_ws/install/cs1651_drone/lib/python3.12/site-packages'
[17.147s] Level 1:colcon.colcon_core.shell:create_environment_hook('cs1651_drone', 'pythonpath')
[17.149s] INFO:colcon.colcon_core.shell:Creating environment hook '/home/chondosha/ros2_ws/install/cs1651_drone/share/cs1651_drone/hook/pythonpath.ps1'
[17.151s] INFO:colcon.colcon_core.shell:Creating environment descriptor '/home/chondosha/ros2_ws/install/cs1651_drone/share/cs1651_drone/hook/pythonpath.dsv'
[17.154s] INFO:colcon.colcon_core.shell:Creating environment hook '/home/chondosha/ros2_ws/install/cs1651_drone/share/cs1651_drone/hook/pythonpath.sh'
[17.158s] Level 1:colcon.colcon_core.environment:checking '/home/chondosha/ros2_ws/install/cs1651_drone/bin'
[17.158s] Level 1:colcon.colcon_core.environment:create_environment_scripts_only(cs1651_drone)
[17.160s] INFO:colcon.colcon_core.shell:Creating package script '/home/chondosha/ros2_ws/install/cs1651_drone/share/cs1651_drone/package.ps1'
[17.170s] INFO:colcon.colcon_core.shell:Creating package descriptor '/home/chondosha/ros2_ws/install/cs1651_drone/share/cs1651_drone/package.dsv'
[17.179s] INFO:colcon.colcon_core.shell:Creating package script '/home/chondosha/ros2_ws/install/cs1651_drone/share/cs1651_drone/package.sh'
[17.187s] INFO:colcon.colcon_core.shell:Creating package script '/home/chondosha/ros2_ws/install/cs1651_drone/share/cs1651_drone/package.bash'
[17.194s] INFO:colcon.colcon_core.shell:Creating package script '/home/chondosha/ros2_ws/install/cs1651_drone/share/cs1651_drone/package.zsh'
[17.198s] Level 1:colcon.colcon_core.environment:create_file_with_runtime_dependencies(/home/chondosha/ros2_ws/install/cs1651_drone/share/colcon-core/packages/cs1651_drone)
[17.560s] Level 1:colcon.colcon_core.environment:checking '/home/chondosha/ros2_ws/install/my_package' for CMake module files
[17.563s] DEBUG:colcon.colcon_core.event_handler.log_command:Invoked command in '/home/chondosha/ros2_ws/src/my_package' returned '0': DEBUGINFOD_URLS=https://debuginfod.ubuntu.com PYTHONPATH=/home/chondosha/ros2_ws/build/my_package/prefix_override:/usr/lib/python3/dist-packages/colcon_core/task/python/colcon_distutils_commands:/home/chondosha/ros2_ws/install/my_package/lib/python3.12/site-packages:${PYTHONPATH} /usr/bin/python3 -W ignore:setup.py install is deprecated setup.py egg_info --egg-base ../../build/my_package build --build-base /home/chondosha/ros2_ws/build/my_package/build install --record /home/chondosha/ros2_ws/build/my_package/install.log --single-version-externally-managed install_data
[17.571s] Level 1:colcon.colcon_core.environment:checking '/home/chondosha/ros2_ws/install/my_package' for CMake config files
[17.578s] Level 1:colcon.colcon_core.environment:checking '/home/chondosha/ros2_ws/install/my_package/lib'
[17.580s] Level 1:colcon.colcon_core.environment:checking '/home/chondosha/ros2_ws/install/my_package/bin'
[17.582s] Level 1:colcon.colcon_core.environment:checking '/home/chondosha/ros2_ws/install/my_package/lib/pkgconfig/my_package.pc'
[17.585s] Level 1:colcon.colcon_core.environment:checking '/home/chondosha/ros2_ws/install/my_package/lib/python3.12/site-packages'
[17.586s] Level 1:colcon.colcon_core.shell:create_environment_hook('my_package', 'pythonpath')
[17.588s] INFO:colcon.colcon_core.shell:Creating environment hook '/home/chondosha/ros2_ws/install/my_package/share/my_package/hook/pythonpath.ps1'
[17.593s] INFO:colcon.colcon_core.shell:Creating environment descriptor '/home/chondosha/ros2_ws/install/my_package/share/my_package/hook/pythonpath.dsv'
[17.596s] INFO:colcon.colcon_core.shell:Creating environment hook '/home/chondosha/ros2_ws/install/my_package/share/my_package/hook/pythonpath.sh'
[17.602s] Level 1:colcon.colcon_core.environment:checking '/home/chondosha/ros2_ws/install/my_package/bin'
[17.602s] Level 1:colcon.colcon_core.environment:create_environment_scripts_only(my_package)
[17.604s] INFO:colcon.colcon_core.shell:Creating package script '/home/chondosha/ros2_ws/install/my_package/share/my_package/package.ps1'
[17.607s] INFO:colcon.colcon_core.shell:Creating package descriptor '/home/chondosha/ros2_ws/install/my_package/share/my_package/package.dsv'
[17.610s] INFO:colcon.colcon_core.shell:Creating package script '/home/chondosha/ros2_ws/install/my_package/share/my_package/package.sh'
[17.612s] INFO:colcon.colcon_core.shell:Creating package script '/home/chondosha/ros2_ws/install/my_package/share/my_package/package.bash'
[17.614s] INFO:colcon.colcon_core.shell:Creating package script '/home/chondosha/ros2_ws/install/my_package/share/my_package/package.zsh'
[17.618s] Level 1:colcon.colcon_core.environment:create_file_with_runtime_dependencies(/home/chondosha/ros2_ws/install/my_package/share/colcon-core/packages/my_package)
[17.620s] DEBUG:colcon.colcon_parallel_executor.executor.parallel:closing loop
[17.623s] DEBUG:colcon.colcon_parallel_executor.executor.parallel:loop closed
[17.624s] DEBUG:colcon.colcon_parallel_executor.executor.parallel:run_until_complete finished with '0'
[17.625s] DEBUG:colcon.colcon_core.event_reactor:joining thread
[17.680s] INFO:colcon.colcon_core.plugin_system:Skipping extension 'colcon_notification.desktop_notification.terminal_notifier': Not used on non-Darwin systems
[17.680s] INFO:colcon.colcon_core.plugin_system:Skipping extension 'colcon_notification.desktop_notification.win32': Not used on non-Windows systems
[17.681s] INFO:colcon.colcon_notification.desktop_notification:Sending desktop notification using 'notify2'
[17.815s] DEBUG:colcon.colcon_core.event_reactor:joined thread
[17.816s] INFO:colcon.colcon_core.shell:Creating prefix script '/home/chondosha/ros2_ws/install/local_setup.ps1'
[17.822s] INFO:colcon.colcon_core.shell:Creating prefix util module '/home/chondosha/ros2_ws/install/_local_setup_util_ps1.py'
[17.831s] INFO:colcon.colcon_core.shell:Creating prefix chain script '/home/chondosha/ros2_ws/install/setup.ps1'
[17.837s] INFO:colcon.colcon_core.shell:Creating prefix script '/home/chondosha/ros2_ws/install/local_setup.sh'
[17.840s] INFO:colcon.colcon_core.shell:Creating prefix util module '/home/chondosha/ros2_ws/install/_local_setup_util_sh.py'
[17.844s] INFO:colcon.colcon_core.shell:Creating prefix chain script '/home/chondosha/ros2_ws/install/setup.sh'
[17.851s] INFO:colcon.colcon_core.shell:Creating prefix script '/home/chondosha/ros2_ws/install/local_setup.bash'
[17.854s] INFO:colcon.colcon_core.shell:Creating prefix chain script '/home/chondosha/ros2_ws/install/setup.bash'
[17.863s] INFO:colcon.colcon_core.shell:Creating prefix script '/home/chondosha/ros2_ws/install/local_setup.zsh'
[17.868s] INFO:colcon.colcon_core.shell:Creating prefix chain script '/home/chondosha/ros2_ws/install/setup.zsh'
