[8.754s] Invoking command in '/home/chondosha/ros2_ws/src/my_package': DEBUGINFOD_URLS=https://debuginfod.ubuntu.com PYTHONPATH=/home/chondosha/ros2_ws/build/my_package/prefix_override:/usr/lib/python3/dist-packages/colcon_core/task/python/colcon_distutils_commands:/home/chondosha/ros2_ws/install/my_package/lib/python3.12/site-packages:${PYTHONPATH} /usr/bin/python3 -W ignore:setup.py install is deprecated setup.py egg_info --egg-base ../../build/my_package build --build-base /home/chondosha/ros2_ws/build/my_package/build install --record /home/chondosha/ros2_ws/build/my_package/install.log --single-version-externally-managed install_data
[10.989s] running egg_info
[11.151s] writing ../../build/my_package/my_package.egg-info/PKG-INFO
[11.152s] writing dependency_links to ../../build/my_package/my_package.egg-info/dependency_links.txt
[11.154s] writing entry points to ../../build/my_package/my_package.egg-info/entry_points.txt
[11.155s] writing requirements to ../../build/my_package/my_package.egg-info/requires.txt
[11.157s] writing top-level names to ../../build/my_package/my_package.egg-info/top_level.txt
[11.576s] reading manifest file '../../build/my_package/my_package.egg-info/SOURCES.txt'
[11.580s] adding license file 'LICENSE'
[11.582s] writing manifest file '../../build/my_package/my_package.egg-info/SOURCES.txt'
[11.584s] running build
[11.584s] running build_py
[11.586s] running install
[11.631s] running install_lib
[11.827s] running install_data
[11.828s] running install_egg_info
[12.004s] removing '/home/chondosha/ros2_ws/install/my_package/lib/python3.12/site-packages/my_package-0.0.0-py3.12.egg-info' (and everything under it)
[12.005s] Copying ../../build/my_package/my_package.egg-info to /home/chondosha/ros2_ws/install/my_package/lib/python3.12/site-packages/my_package-0.0.0-py3.12.egg-info
[12.014s] running install_scripts
[13.515s] Installing drone_publisher script to /home/chondosha/ros2_ws/install/my_package/lib/my_package
[13.516s] Installing mavsdk_node script to /home/chondosha/ros2_ws/install/my_package/lib/my_package
[13.518s] Installing my_node script to /home/chondosha/ros2_ws/install/my_package/lib/my_package
[13.520s] writing list of installed files to '/home/chondosha/ros2_ws/build/my_package/install.log'
[13.790s] Invoked command in '/home/chondosha/ros2_ws/src/my_package' returned '0': DEBUGINFOD_URLS=https://debuginfod.ubuntu.com PYTHONPATH=/home/chondosha/ros2_ws/build/my_package/prefix_override:/usr/lib/python3/dist-packages/colcon_core/task/python/colcon_distutils_commands:/home/chondosha/ros2_ws/install/my_package/lib/python3.12/site-packages:${PYTHONPATH} /usr/bin/python3 -W ignore:setup.py install is deprecated setup.py egg_info --egg-base ../../build/my_package build --build-base /home/chondosha/ros2_ws/build/my_package/build install --record /home/chondosha/ros2_ws/build/my_package/install.log --single-version-externally-managed install_data
