[9.655s] Invoking command in '/home/chondosha/ros2_ws/src/my_package': DEBUGINFOD_URLS=https://debuginfod.ubuntu.com PYTHONPATH=/home/chondosha/ros2_ws/build/my_package/prefix_override:/usr/lib/python3/dist-packages/colcon_core/task/python/colcon_distutils_commands:/home/chondosha/ros2_ws/install/my_package/lib/python3.12/site-packages:${PYTHONPATH} /usr/bin/python3 -W ignore:setup.py install is deprecated setup.py egg_info --egg-base ../../build/my_package build --build-base /home/chondosha/ros2_ws/build/my_package/build install --record /home/chondosha/ros2_ws/build/my_package/install.log --single-version-externally-managed install_data
[11.599s] running egg_info
[11.753s] writing ../../build/my_package/my_package.egg-info/PKG-INFO
[11.755s] writing dependency_links to ../../build/my_package/my_package.egg-info/dependency_links.txt
[11.756s] writing entry points to ../../build/my_package/my_package.egg-info/entry_points.txt
[11.757s] writing requirements to ../../build/my_package/my_package.egg-info/requires.txt
[11.758s] writing top-level names to ../../build/my_package/my_package.egg-info/top_level.txt
[12.084s] reading manifest file '../../build/my_package/my_package.egg-info/SOURCES.txt'
[12.085s] adding license file 'LICENSE'
[12.088s] writing manifest file '../../build/my_package/my_package.egg-info/SOURCES.txt'
[12.090s] running build
[12.091s] running build_py
[12.093s] running install
[12.129s] running install_lib
[12.287s] running install_data
[12.289s] running install_egg_info
[12.450s] removing '/home/chondosha/ros2_ws/install/my_package/lib/python3.12/site-packages/my_package-0.0.0-py3.12.egg-info' (and everything under it)
[12.453s] Copying ../../build/my_package/my_package.egg-info to /home/chondosha/ros2_ws/install/my_package/lib/python3.12/site-packages/my_package-0.0.0-py3.12.egg-info
[12.461s] running install_scripts
[13.525s] Installing drone_publisher script to /home/chondosha/ros2_ws/install/my_package/lib/my_package
[13.528s] Installing mavsdk_node script to /home/chondosha/ros2_ws/install/my_package/lib/my_package
[13.530s] Installing my_node script to /home/chondosha/ros2_ws/install/my_package/lib/my_package
[13.531s] writing list of installed files to '/home/chondosha/ros2_ws/build/my_package/install.log'
[13.866s] Invoked command in '/home/chondosha/ros2_ws/src/my_package' returned '0': DEBUGINFOD_URLS=https://debuginfod.ubuntu.com PYTHONPATH=/home/chondosha/ros2_ws/build/my_package/prefix_override:/usr/lib/python3/dist-packages/colcon_core/task/python/colcon_distutils_commands:/home/chondosha/ros2_ws/install/my_package/lib/python3.12/site-packages:${PYTHONPATH} /usr/bin/python3 -W ignore:setup.py install is deprecated setup.py egg_info --egg-base ../../build/my_package build --build-base /home/chondosha/ros2_ws/build/my_package/build install --record /home/chondosha/ros2_ws/build/my_package/install.log --single-version-externally-managed install_data
