running egg_info
writing ../../build/cs1651_drone/cs1651_drone.egg-info/PKG-INFO
writing dependency_links to ../../build/cs1651_drone/cs1651_drone.egg-info/dependency_links.txt
writing entry points to ../../build/cs1651_drone/cs1651_drone.egg-info/entry_points.txt
writing requirements to ../../build/cs1651_drone/cs1651_drone.egg-info/requires.txt
writing top-level names to ../../build/cs1651_drone/cs1651_drone.egg-info/top_level.txt
reading manifest file '../../build/cs1651_drone/cs1651_drone.egg-info/SOURCES.txt'
adding license file 'LICENSE'
writing manifest file '../../build/cs1651_drone/cs1651_drone.egg-info/SOURCES.txt'
running build
running build_py
copying cs1651_drone/drone_takeoff_test.py -> /home/chondosha/ros2_ws/build/cs1651_drone/build/lib/cs1651_drone
copying cs1651_drone/blob_node.py -> /home/chondosha/ros2_ws/build/cs1651_drone/build/lib/cs1651_drone
running install
running install_lib
copying /home/chondosha/ros2_ws/build/cs1651_drone/build/lib/cs1651_drone/drone_takeoff_test.py -> /home/chondosha/ros2_ws/install/cs1651_drone/lib/python3.12/site-packages/cs1651_drone
copying /home/chondosha/ros2_ws/build/cs1651_drone/build/lib/cs1651_drone/blob_node.py -> /home/chondosha/ros2_ws/install/cs1651_drone/lib/python3.12/site-packages/cs1651_drone
byte-compiling /home/chondosha/ros2_ws/install/cs1651_drone/lib/python3.12/site-packages/cs1651_drone/drone_takeoff_test.py to drone_takeoff_test.cpython-312.pyc
byte-compiling /home/chondosha/ros2_ws/install/cs1651_drone/lib/python3.12/site-packages/cs1651_drone/blob_node.py to blob_node.cpython-312.pyc
running install_data
running install_egg_info
removing '/home/chondosha/ros2_ws/install/cs1651_drone/lib/python3.12/site-packages/cs1651_drone-0.0.0-py3.12.egg-info' (and everything under it)
Copying ../../build/cs1651_drone/cs1651_drone.egg-info to /home/chondosha/ros2_ws/install/cs1651_drone/lib/python3.12/site-packages/cs1651_drone-0.0.0-py3.12.egg-info
running install_scripts
Installing camera_node script to /home/chondosha/ros2_ws/install/cs1651_drone/lib/cs1651_drone
Installing drone_listener script to /home/chondosha/ros2_ws/install/cs1651_drone/lib/cs1651_drone
Installing drone_node script to /home/chondosha/ros2_ws/install/cs1651_drone/lib/cs1651_drone
Installing drone_takeoff_test script to /home/chondosha/ros2_ws/install/cs1651_drone/lib/cs1651_drone
writing list of installed files to '/home/chondosha/ros2_ws/build/cs1651_drone/install.log'
