running egg_info
writing ../../build/my_package/my_package.egg-info/PKG-INFO
writing dependency_links to ../../build/my_package/my_package.egg-info/dependency_links.txt
writing entry points to ../../build/my_package/my_package.egg-info/entry_points.txt
writing requirements to ../../build/my_package/my_package.egg-info/requires.txt
writing top-level names to ../../build/my_package/my_package.egg-info/top_level.txt
reading manifest file '../../build/my_package/my_package.egg-info/SOURCES.txt'
adding license file 'LICENSE'
writing manifest file '../../build/my_package/my_package.egg-info/SOURCES.txt'
running build
running build_py
running install
running install_lib
running install_data
copying launch/mavros.launch.py -> /home/chondosha/ros2_ws/install/my_package/share/my_package
running install_egg_info
removing '/home/chondosha/ros2_ws/install/my_package/lib/python3.12/site-packages/my_package-0.0.0-py3.12.egg-info' (and everything under it)
Copying ../../build/my_package/my_package.egg-info to /home/chondosha/ros2_ws/install/my_package/lib/python3.12/site-packages/my_package-0.0.0-py3.12.egg-info
running install_scripts
Installing drone_publisher script to /home/chondosha/ros2_ws/install/my_package/lib/my_package
Installing mavsdk_node script to /home/chondosha/ros2_ws/install/my_package/lib/my_package
Installing my_node script to /home/chondosha/ros2_ws/install/my_package/lib/my_package
writing list of installed files to '/home/chondosha/ros2_ws/build/my_package/install.log'
