[7.513s] Invoking command in '/home/chondosha/ros2_ws/src/my_package': DEBUGINFOD_URLS=https://debuginfod.ubuntu.com PYTHONPATH=/home/chondosha/ros2_ws/build/my_package/prefix_override:/usr/lib/python3/dist-packages/colcon_core/task/python/colcon_distutils_commands:/home/chondosha/ros2_ws/install/my_package/lib/python3.12/site-packages:${PYTHONPATH} /usr/bin/python3 -W ignore:setup.py install is deprecated setup.py egg_info --egg-base ../../build/my_package build --build-base /home/chondosha/ros2_ws/build/my_package/build install --record /home/chondosha/ros2_ws/build/my_package/install.log --single-version-externally-managed install_data
[9.536s] running egg_info
[9.739s] writing ../../build/my_package/my_package.egg-info/PKG-INFO
[9.740s] writing dependency_links to ../../build/my_package/my_package.egg-info/dependency_links.txt
[9.742s] writing entry points to ../../build/my_package/my_package.egg-info/entry_points.txt
[9.743s] writing requirements to ../../build/my_package/my_package.egg-info/requires.txt
[9.744s] writing top-level names to ../../build/my_package/my_package.egg-info/top_level.txt
[10.060s] reading manifest file '../../build/my_package/my_package.egg-info/SOURCES.txt'
[10.064s] adding license file 'LICENSE'
[10.064s] writing manifest file '../../build/my_package/my_package.egg-info/SOURCES.txt'
[10.065s] running build
[10.066s] running build_py
[10.069s] running install
[10.099s] running install_lib
[10.264s] running install_data
[10.265s] running install_egg_info
[10.423s] removing '/home/chondosha/ros2_ws/install/my_package/lib/python3.12/site-packages/my_package-0.0.0-py3.12.egg-info' (and everything under it)
[10.425s] Copying ../../build/my_package/my_package.egg-info to /home/chondosha/ros2_ws/install/my_package/lib/python3.12/site-packages/my_package-0.0.0-py3.12.egg-info
[10.433s] running install_scripts
[11.582s] Installing drone_publisher script to /home/chondosha/ros2_ws/install/my_package/lib/my_package
[11.583s] Installing mavsdk_node script to /home/chondosha/ros2_ws/install/my_package/lib/my_package
[11.584s] Installing my_node script to /home/chondosha/ros2_ws/install/my_package/lib/my_package
[11.589s] writing list of installed files to '/home/chondosha/ros2_ws/build/my_package/install.log'
[11.757s] Invoked command in '/home/chondosha/ros2_ws/src/my_package' returned '0': DEBUGINFOD_URLS=https://debuginfod.ubuntu.com PYTHONPATH=/home/chondosha/ros2_ws/build/my_package/prefix_override:/usr/lib/python3/dist-packages/colcon_core/task/python/colcon_distutils_commands:/home/chondosha/ros2_ws/install/my_package/lib/python3.12/site-packages:${PYTHONPATH} /usr/bin/python3 -W ignore:setup.py install is deprecated setup.py egg_info --egg-base ../../build/my_package build --build-base /home/chondosha/ros2_ws/build/my_package/build install --record /home/chondosha/ros2_ws/build/my_package/install.log --single-version-externally-managed install_data
