[21.116s] Invoking command in '/home/chondosha/ros2_ws/src/my_package': DEBUGINFOD_URLS=https://debuginfod.ubuntu.com PYTHONPATH=/home/chondosha/ros2_ws/build/my_package/prefix_override:/usr/lib/python3/dist-packages/colcon_core/task/python/colcon_distutils_commands:/home/chondosha/ros2_ws/install/my_package/lib/python3.12/site-packages:${PYTHONPATH} /usr/bin/python3 -W ignore:setup.py install is deprecated setup.py egg_info --egg-base ../../build/my_package build --build-base /home/chondosha/ros2_ws/build/my_package/build install --record /home/chondosha/ros2_ws/build/my_package/install.log --single-version-externally-managed install_data
[26.876s] running egg_info
[27.338s] writing ../../build/my_package/my_package.egg-info/PKG-INFO
[27.340s] writing dependency_links to ../../build/my_package/my_package.egg-info/dependency_links.txt
[27.343s] writing entry points to ../../build/my_package/my_package.egg-info/entry_points.txt
[27.344s] writing requirements to ../../build/my_package/my_package.egg-info/requires.txt
[27.346s] writing top-level names to ../../build/my_package/my_package.egg-info/top_level.txt
[28.217s] reading manifest file '../../build/my_package/my_package.egg-info/SOURCES.txt'
[28.218s] adding license file 'LICENSE'
[28.224s] writing manifest file '../../build/my_package/my_package.egg-info/SOURCES.txt'
[28.231s] running build
[28.233s] running build_py
[28.238s] running install
[28.290s] running install_lib
[28.982s] running install_data
[28.986s] running install_egg_info
[29.502s] removing '/home/chondosha/ros2_ws/install/my_package/lib/python3.12/site-packages/my_package-0.0.0-py3.12.egg-info' (and everything under it)
[29.509s] Copying ../../build/my_package/my_package.egg-info to /home/chondosha/ros2_ws/install/my_package/lib/python3.12/site-packages/my_package-0.0.0-py3.12.egg-info
[29.522s] running install_scripts
[32.371s] Installing drone_publisher script to /home/chondosha/ros2_ws/install/my_package/lib/my_package
[32.378s] Installing mavsdk_node script to /home/chondosha/ros2_ws/install/my_package/lib/my_package
[32.379s] Installing my_node script to /home/chondosha/ros2_ws/install/my_package/lib/my_package
[32.414s] writing list of installed files to '/home/chondosha/ros2_ws/build/my_package/install.log'
[32.915s] Invoked command in '/home/chondosha/ros2_ws/src/my_package' returned '0': DEBUGINFOD_URLS=https://debuginfod.ubuntu.com PYTHONPATH=/home/chondosha/ros2_ws/build/my_package/prefix_override:/usr/lib/python3/dist-packages/colcon_core/task/python/colcon_distutils_commands:/home/chondosha/ros2_ws/install/my_package/lib/python3.12/site-packages:${PYTHONPATH} /usr/bin/python3 -W ignore:setup.py install is deprecated setup.py egg_info --egg-base ../../build/my_package build --build-base /home/chondosha/ros2_ws/build/my_package/build install --record /home/chondosha/ros2_ws/build/my_package/install.log --single-version-externally-managed install_data
