[6.607s] Invoking command in '/home/chondosha/ros2_ws/src/my_package': DEBUGINFOD_URLS=https://debuginfod.ubuntu.com PYTHONPATH=/home/chondosha/ros2_ws/build/my_package/prefix_override:/usr/lib/python3/dist-packages/colcon_core/task/python/colcon_distutils_commands:/home/chondosha/ros2_ws/install/my_package/lib/python3.12/site-packages:${PYTHONPATH} /usr/bin/python3 -W ignore:setup.py install is deprecated setup.py egg_info --egg-base ../../build/my_package build --build-base /home/chondosha/ros2_ws/build/my_package/build install --record /home/chondosha/ros2_ws/build/my_package/install.log --single-version-externally-managed install_data
[8.402s] running egg_info
[8.526s] writing ../../build/my_package/my_package.egg-info/PKG-INFO
[8.527s] writing dependency_links to ../../build/my_package/my_package.egg-info/dependency_links.txt
[8.530s] writing entry points to ../../build/my_package/my_package.egg-info/entry_points.txt
[8.531s] writing requirements to ../../build/my_package/my_package.egg-info/requires.txt
[8.531s] writing top-level names to ../../build/my_package/my_package.egg-info/top_level.txt
[8.810s] reading manifest file '../../build/my_package/my_package.egg-info/SOURCES.txt'
[8.812s] adding license file 'LICENSE'
[8.814s] writing manifest file '../../build/my_package/my_package.egg-info/SOURCES.txt'
[8.815s] running build
[8.816s] running build_py
[8.819s] running install
[8.859s] running install_lib
[8.996s] running install_data
[8.997s] running install_egg_info
[9.126s] removing '/home/chondosha/ros2_ws/install/my_package/lib/python3.12/site-packages/my_package-0.0.0-py3.12.egg-info' (and everything under it)
[9.128s] Copying ../../build/my_package/my_package.egg-info to /home/chondosha/ros2_ws/install/my_package/lib/python3.12/site-packages/my_package-0.0.0-py3.12.egg-info
[9.135s] running install_scripts
[10.103s] Installing drone_publisher script to /home/chondosha/ros2_ws/install/my_package/lib/my_package
[10.105s] Installing mavsdk_node script to /home/chondosha/ros2_ws/install/my_package/lib/my_package
[10.106s] Installing my_node script to /home/chondosha/ros2_ws/install/my_package/lib/my_package
[10.107s] writing list of installed files to '/home/chondosha/ros2_ws/build/my_package/install.log'
[10.521s] Invoked command in '/home/chondosha/ros2_ws/src/my_package' returned '0': DEBUGINFOD_URLS=https://debuginfod.ubuntu.com PYTHONPATH=/home/chondosha/ros2_ws/build/my_package/prefix_override:/usr/lib/python3/dist-packages/colcon_core/task/python/colcon_distutils_commands:/home/chondosha/ros2_ws/install/my_package/lib/python3.12/site-packages:${PYTHONPATH} /usr/bin/python3 -W ignore:setup.py install is deprecated setup.py egg_info --egg-base ../../build/my_package build --build-base /home/chondosha/ros2_ws/build/my_package/build install --record /home/chondosha/ros2_ws/build/my_package/install.log --single-version-externally-managed install_data
