[9.608s] Invoking command in '/home/chondosha/ros2_ws/src/my_package': DEBUGINFOD_URLS=https://debuginfod.ubuntu.com PYTHONPATH=/home/chondosha/ros2_ws/build/my_package/prefix_override:/usr/lib/python3/dist-packages/colcon_core/task/python/colcon_distutils_commands:/home/chondosha/ros2_ws/install/my_package/lib/python3.12/site-packages:${PYTHONPATH} /usr/bin/python3 -W ignore:setup.py install is deprecated setup.py egg_info --egg-base ../../build/my_package build --build-base /home/chondosha/ros2_ws/build/my_package/build install --record /home/chondosha/ros2_ws/build/my_package/install.log --single-version-externally-managed install_data
[12.367s] running egg_info
[12.565s] writing ../../build/my_package/my_package.egg-info/PKG-INFO
[12.566s] writing dependency_links to ../../build/my_package/my_package.egg-info/dependency_links.txt
[12.568s] writing entry points to ../../build/my_package/my_package.egg-info/entry_points.txt
[12.569s] writing requirements to ../../build/my_package/my_package.egg-info/requires.txt
[12.570s] writing top-level names to ../../build/my_package/my_package.egg-info/top_level.txt
[13.049s] reading manifest file '../../build/my_package/my_package.egg-info/SOURCES.txt'
[13.052s] adding license file 'LICENSE'
[13.056s] writing manifest file '../../build/my_package/my_package.egg-info/SOURCES.txt'
[13.057s] running build
[13.058s] running build_py
[13.061s] running install
[13.098s] running install_lib
[13.358s] running install_data
[13.359s] running install_egg_info
[13.592s] removing '/home/chondosha/ros2_ws/install/my_package/lib/python3.12/site-packages/my_package-0.0.0-py3.12.egg-info' (and everything under it)
[13.593s] Copying ../../build/my_package/my_package.egg-info to /home/chondosha/ros2_ws/install/my_package/lib/python3.12/site-packages/my_package-0.0.0-py3.12.egg-info
[13.605s] running install_scripts
[15.185s] Installing drone_publisher script to /home/chondosha/ros2_ws/install/my_package/lib/my_package
[15.187s] Installing mavsdk_node script to /home/chondosha/ros2_ws/install/my_package/lib/my_package
[15.188s] Installing my_node script to /home/chondosha/ros2_ws/install/my_package/lib/my_package
[15.193s] writing list of installed files to '/home/chondosha/ros2_ws/build/my_package/install.log'
[15.459s] Invoked command in '/home/chondosha/ros2_ws/src/my_package' returned '0': DEBUGINFOD_URLS=https://debuginfod.ubuntu.com PYTHONPATH=/home/chondosha/ros2_ws/build/my_package/prefix_override:/usr/lib/python3/dist-packages/colcon_core/task/python/colcon_distutils_commands:/home/chondosha/ros2_ws/install/my_package/lib/python3.12/site-packages:${PYTHONPATH} /usr/bin/python3 -W ignore:setup.py install is deprecated setup.py egg_info --egg-base ../../build/my_package build --build-base /home/chondosha/ros2_ws/build/my_package/build install --record /home/chondosha/ros2_ws/build/my_package/install.log --single-version-externally-managed install_data
