running egg_info
creating ../../build/cs1651_drone/cs1651_drone.egg-info
writing ../../build/cs1651_drone/cs1651_drone.egg-info/PKG-INFO
writing dependency_links to ../../build/cs1651_drone/cs1651_drone.egg-info/dependency_links.txt
writing requirements to ../../build/cs1651_drone/cs1651_drone.egg-info/requires.txt
writing top-level names to ../../build/cs1651_drone/cs1651_drone.egg-info/top_level.txt
writing manifest file '../../build/cs1651_drone/cs1651_drone.egg-info/SOURCES.txt'
reading manifest file '../../build/cs1651_drone/cs1651_drone.egg-info/SOURCES.txt'
adding license file 'LICENSE'
writing manifest file '../../build/cs1651_drone/cs1651_drone.egg-info/SOURCES.txt'
running build
running build_py
creating /home/chondosha/ros2_ws/build/cs1651_drone/build
creating /home/chondosha/ros2_ws/build/cs1651_drone/build/lib
creating /home/chondosha/ros2_ws/build/cs1651_drone/build/lib/cs1651_drone
copying cs1651_drone/__init__.py -> /home/chondosha/ros2_ws/build/cs1651_drone/build/lib/cs1651_drone
copying cs1651_drone/drone_node.py -> /home/chondosha/ros2_ws/build/cs1651_drone/build/lib/cs1651_drone
copying cs1651_drone/camera_node.py -> /home/chondosha/ros2_ws/build/cs1651_drone/build/lib/cs1651_drone
copying cs1651_drone/control_node.py -> /home/chondosha/ros2_ws/build/cs1651_drone/build/lib/cs1651_drone
running install
running install_lib
creating /home/chondosha/ros2_ws/install/cs1651_drone/lib/python3.12/site-packages/cs1651_drone
copying /home/chondosha/ros2_ws/build/cs1651_drone/build/lib/cs1651_drone/__init__.py -> /home/chondosha/ros2_ws/install/cs1651_drone/lib/python3.12/site-packages/cs1651_drone
copying /home/chondosha/ros2_ws/build/cs1651_drone/build/lib/cs1651_drone/drone_node.py -> /home/chondosha/ros2_ws/install/cs1651_drone/lib/python3.12/site-packages/cs1651_drone
copying /home/chondosha/ros2_ws/build/cs1651_drone/build/lib/cs1651_drone/camera_node.py -> /home/chondosha/ros2_ws/install/cs1651_drone/lib/python3.12/site-packages/cs1651_drone
copying /home/chondosha/ros2_ws/build/cs1651_drone/build/lib/cs1651_drone/control_node.py -> /home/chondosha/ros2_ws/install/cs1651_drone/lib/python3.12/site-packages/cs1651_drone
byte-compiling /home/chondosha/ros2_ws/install/cs1651_drone/lib/python3.12/site-packages/cs1651_drone/__init__.py to __init__.cpython-312.pyc
byte-compiling /home/chondosha/ros2_ws/install/cs1651_drone/lib/python3.12/site-packages/cs1651_drone/drone_node.py to drone_node.cpython-312.pyc
byte-compiling /home/chondosha/ros2_ws/install/cs1651_drone/lib/python3.12/site-packages/cs1651_drone/camera_node.py to camera_node.cpython-312.pyc
byte-compiling /home/chondosha/ros2_ws/install/cs1651_drone/lib/python3.12/site-packages/cs1651_drone/control_node.py to control_node.cpython-312.pyc
running install_data
creating /home/chondosha/ros2_ws/install/cs1651_drone/share/ament_index
creating /home/chondosha/ros2_ws/install/cs1651_drone/share/ament_index/resource_index
creating /home/chondosha/ros2_ws/install/cs1651_drone/share/ament_index/resource_index/packages
copying resource/cs1651_drone -> /home/chondosha/ros2_ws/install/cs1651_drone/share/ament_index/resource_index/packages
copying package.xml -> /home/chondosha/ros2_ws/install/cs1651_drone/share/cs1651_drone
running install_egg_info
Copying ../../build/cs1651_drone/cs1651_drone.egg-info to /home/chondosha/ros2_ws/install/cs1651_drone/lib/python3.12/site-packages/cs1651_drone-0.0.0-py3.12.egg-info
running install_scripts
writing list of installed files to '/home/chondosha/ros2_ws/build/cs1651_drone/install.log'
