[4.761s] Invoking command in '/home/chondosha/ros2_ws/src/cs1651_drone': DEBUGINFOD_URLS=https://debuginfod.ubuntu.com PYTHONPATH=/home/chondosha/ros2_ws/build/cs1651_drone/prefix_override:/usr/lib/python3/dist-packages/colcon_core/task/python/colcon_distutils_commands:/home/chondosha/ros2_ws/install/cs1651_drone/lib/python3.12/site-packages:${PYTHONPATH} /usr/bin/python3 -W ignore:setup.py install is deprecated setup.py egg_info --egg-base ../../build/cs1651_drone build --build-base /home/chondosha/ros2_ws/build/cs1651_drone/build install --record /home/chondosha/ros2_ws/build/cs1651_drone/install.log --single-version-externally-managed install_data
[6.022s] running egg_info
[6.023s] creating ../../build/cs1651_drone/cs1651_drone.egg-info
[6.116s] writing ../../build/cs1651_drone/cs1651_drone.egg-info/PKG-INFO
[6.117s] writing dependency_links to ../../build/cs1651_drone/cs1651_drone.egg-info/dependency_links.txt
[6.118s] writing requirements to ../../build/cs1651_drone/cs1651_drone.egg-info/requires.txt
[6.118s] writing top-level names to ../../build/cs1651_drone/cs1651_drone.egg-info/top_level.txt
[6.119s] writing manifest file '../../build/cs1651_drone/cs1651_drone.egg-info/SOURCES.txt'
[6.310s] reading manifest file '../../build/cs1651_drone/cs1651_drone.egg-info/SOURCES.txt'
[6.311s] adding license file 'LICENSE'
[6.313s] writing manifest file '../../build/cs1651_drone/cs1651_drone.egg-info/SOURCES.txt'
[6.314s] running build
[6.314s] running build_py
[6.315s] creating /home/chondosha/ros2_ws/build/cs1651_drone/build
[6.315s] creating /home/chondosha/ros2_ws/build/cs1651_drone/build/lib
[6.316s] creating /home/chondosha/ros2_ws/build/cs1651_drone/build/lib/cs1651_drone
[6.316s] copying cs1651_drone/__init__.py -> /home/chondosha/ros2_ws/build/cs1651_drone/build/lib/cs1651_drone
[6.317s] copying cs1651_drone/drone_node.py -> /home/chondosha/ros2_ws/build/cs1651_drone/build/lib/cs1651_drone
[6.317s] copying cs1651_drone/camera_node.py -> /home/chondosha/ros2_ws/build/cs1651_drone/build/lib/cs1651_drone
[6.318s] copying cs1651_drone/control_node.py -> /home/chondosha/ros2_ws/build/cs1651_drone/build/lib/cs1651_drone
[6.319s] running install
[6.348s] running install_lib
[6.436s] creating /home/chondosha/ros2_ws/install/cs1651_drone/lib/python3.12/site-packages/cs1651_drone
[6.437s] copying /home/chondosha/ros2_ws/build/cs1651_drone/build/lib/cs1651_drone/__init__.py -> /home/chondosha/ros2_ws/install/cs1651_drone/lib/python3.12/site-packages/cs1651_drone
[6.438s] copying /home/chondosha/ros2_ws/build/cs1651_drone/build/lib/cs1651_drone/drone_node.py -> /home/chondosha/ros2_ws/install/cs1651_drone/lib/python3.12/site-packages/cs1651_drone
[6.439s] copying /home/chondosha/ros2_ws/build/cs1651_drone/build/lib/cs1651_drone/camera_node.py -> /home/chondosha/ros2_ws/install/cs1651_drone/lib/python3.12/site-packages/cs1651_drone
[6.439s] copying /home/chondosha/ros2_ws/build/cs1651_drone/build/lib/cs1651_drone/control_node.py -> /home/chondosha/ros2_ws/install/cs1651_drone/lib/python3.12/site-packages/cs1651_drone
[6.444s] byte-compiling /home/chondosha/ros2_ws/install/cs1651_drone/lib/python3.12/site-packages/cs1651_drone/__init__.py to __init__.cpython-312.pyc
[6.448s] byte-compiling /home/chondosha/ros2_ws/install/cs1651_drone/lib/python3.12/site-packages/cs1651_drone/drone_node.py to drone_node.cpython-312.pyc
[6.450s] byte-compiling /home/chondosha/ros2_ws/install/cs1651_drone/lib/python3.12/site-packages/cs1651_drone/camera_node.py to camera_node.cpython-312.pyc
[6.452s] byte-compiling /home/chondosha/ros2_ws/install/cs1651_drone/lib/python3.12/site-packages/cs1651_drone/control_node.py to control_node.cpython-312.pyc
[6.453s] running install_data
[6.454s] creating /home/chondosha/ros2_ws/install/cs1651_drone/share/ament_index
[6.454s] creating /home/chondosha/ros2_ws/install/cs1651_drone/share/ament_index/resource_index
[6.455s] creating /home/chondosha/ros2_ws/install/cs1651_drone/share/ament_index/resource_index/packages
[6.455s] copying resource/cs1651_drone -> /home/chondosha/ros2_ws/install/cs1651_drone/share/ament_index/resource_index/packages
[6.456s] copying package.xml -> /home/chondosha/ros2_ws/install/cs1651_drone/share/cs1651_drone
[6.456s] running install_egg_info
[6.555s] Copying ../../build/cs1651_drone/cs1651_drone.egg-info to /home/chondosha/ros2_ws/install/cs1651_drone/lib/python3.12/site-packages/cs1651_drone-0.0.0-py3.12.egg-info
[6.561s] running install_scripts
[7.254s] writing list of installed files to '/home/chondosha/ros2_ws/build/cs1651_drone/install.log'
[7.413s] Invoked command in '/home/chondosha/ros2_ws/src/cs1651_drone' returned '0': DEBUGINFOD_URLS=https://debuginfod.ubuntu.com PYTHONPATH=/home/chondosha/ros2_ws/build/cs1651_drone/prefix_override:/usr/lib/python3/dist-packages/colcon_core/task/python/colcon_distutils_commands:/home/chondosha/ros2_ws/install/cs1651_drone/lib/python3.12/site-packages:${PYTHONPATH} /usr/bin/python3 -W ignore:setup.py install is deprecated setup.py egg_info --egg-base ../../build/cs1651_drone build --build-base /home/chondosha/ros2_ws/build/cs1651_drone/build install --record /home/chondosha/ros2_ws/build/cs1651_drone/install.log --single-version-externally-managed install_data
