[11.091s] Invoking command in '/home/chondosha/ros2_ws/src/my_package': DEBUGINFOD_URLS=https://debuginfod.ubuntu.com PYTHONPATH=/home/chondosha/ros2_ws/build/my_package/prefix_override:/usr/lib/python3/dist-packages/colcon_core/task/python/colcon_distutils_commands:/home/chondosha/ros2_ws/install/my_package/lib/python3.12/site-packages:${PYTHONPATH} /usr/bin/python3 -W ignore:setup.py install is deprecated setup.py egg_info --egg-base ../../build/my_package build --build-base /home/chondosha/ros2_ws/build/my_package/build install --record /home/chondosha/ros2_ws/build/my_package/install.log --single-version-externally-managed install_data
[13.727s] running egg_info
[14.024s] writing ../../build/my_package/my_package.egg-info/PKG-INFO
[14.046s] writing dependency_links to ../../build/my_package/my_package.egg-info/dependency_links.txt
[14.069s] writing entry points to ../../build/my_package/my_package.egg-info/entry_points.txt
[14.073s] writing requirements to ../../build/my_package/my_package.egg-info/requires.txt
[14.077s] writing top-level names to ../../build/my_package/my_package.egg-info/top_level.txt
[14.536s] reading manifest file '../../build/my_package/my_package.egg-info/SOURCES.txt'
[14.537s] adding license file 'LICENSE'
[14.540s] writing manifest file '../../build/my_package/my_package.egg-info/SOURCES.txt'
[14.541s] running build
[14.542s] running build_py
[14.544s] running install
[14.585s] running install_lib
[14.832s] running install_data
[14.835s] running install_egg_info
[15.055s] removing '/home/chondosha/ros2_ws/install/my_package/lib/python3.12/site-packages/my_package-0.0.0-py3.12.egg-info' (and everything under it)
[15.059s] Copying ../../build/my_package/my_package.egg-info to /home/chondosha/ros2_ws/install/my_package/lib/python3.12/site-packages/my_package-0.0.0-py3.12.egg-info
[15.067s] running install_scripts
[16.683s] Installing drone_publisher script to /home/chondosha/ros2_ws/install/my_package/lib/my_package
[16.684s] Installing mavsdk_node script to /home/chondosha/ros2_ws/install/my_package/lib/my_package
[16.686s] Installing my_node script to /home/chondosha/ros2_ws/install/my_package/lib/my_package
[16.693s] writing list of installed files to '/home/chondosha/ros2_ws/build/my_package/install.log'
[16.989s] Invoked command in '/home/chondosha/ros2_ws/src/my_package' returned '0': DEBUGINFOD_URLS=https://debuginfod.ubuntu.com PYTHONPATH=/home/chondosha/ros2_ws/build/my_package/prefix_override:/usr/lib/python3/dist-packages/colcon_core/task/python/colcon_distutils_commands:/home/chondosha/ros2_ws/install/my_package/lib/python3.12/site-packages:${PYTHONPATH} /usr/bin/python3 -W ignore:setup.py install is deprecated setup.py egg_info --egg-base ../../build/my_package build --build-base /home/chondosha/ros2_ws/build/my_package/build install --record /home/chondosha/ros2_ws/build/my_package/install.log --single-version-externally-managed install_data
