[10.641s] Invoking command in '/home/chondosha/ros2_ws/src/my_package': DEBUGINFOD_URLS=https://debuginfod.ubuntu.com PYTHONPATH=/home/chondosha/ros2_ws/build/my_package/prefix_override:/usr/lib/python3/dist-packages/colcon_core/task/python/colcon_distutils_commands:/home/chondosha/ros2_ws/install/my_package/lib/python3.12/site-packages:${PYTHONPATH} /usr/bin/python3 -W ignore:setup.py install is deprecated setup.py egg_info --egg-base ../../build/my_package build --build-base /home/chondosha/ros2_ws/build/my_package/build install --record /home/chondosha/ros2_ws/build/my_package/install.log --single-version-externally-managed install_data
[13.343s] running egg_info
[13.565s] writing ../../build/my_package/my_package.egg-info/PKG-INFO
[13.567s] writing dependency_links to ../../build/my_package/my_package.egg-info/dependency_links.txt
[13.591s] writing entry points to ../../build/my_package/my_package.egg-info/entry_points.txt
[13.599s] writing requirements to ../../build/my_package/my_package.egg-info/requires.txt
[13.609s] writing top-level names to ../../build/my_package/my_package.egg-info/top_level.txt
[14.169s] reading manifest file '../../build/my_package/my_package.egg-info/SOURCES.txt'
[14.171s] adding license file 'LICENSE'
[14.174s] writing manifest file '../../build/my_package/my_package.egg-info/SOURCES.txt'
[14.175s] running build
[14.176s] running build_py
[14.179s] running install
[14.223s] running install_lib
[14.492s] running install_data
[14.496s] running install_egg_info
[14.783s] removing '/home/chondosha/ros2_ws/install/my_package/lib/python3.12/site-packages/my_package-0.0.0-py3.12.egg-info' (and everything under it)
[14.788s] Copying ../../build/my_package/my_package.egg-info to /home/chondosha/ros2_ws/install/my_package/lib/python3.12/site-packages/my_package-0.0.0-py3.12.egg-info
[14.797s] running install_scripts
[16.336s] Installing drone_publisher script to /home/chondosha/ros2_ws/install/my_package/lib/my_package
[16.337s] Installing mavsdk_node script to /home/chondosha/ros2_ws/install/my_package/lib/my_package
[16.341s] Installing my_node script to /home/chondosha/ros2_ws/install/my_package/lib/my_package
[16.345s] writing list of installed files to '/home/chondosha/ros2_ws/build/my_package/install.log'
[16.779s] Invoked command in '/home/chondosha/ros2_ws/src/my_package' returned '0': DEBUGINFOD_URLS=https://debuginfod.ubuntu.com PYTHONPATH=/home/chondosha/ros2_ws/build/my_package/prefix_override:/usr/lib/python3/dist-packages/colcon_core/task/python/colcon_distutils_commands:/home/chondosha/ros2_ws/install/my_package/lib/python3.12/site-packages:${PYTHONPATH} /usr/bin/python3 -W ignore:setup.py install is deprecated setup.py egg_info --egg-base ../../build/my_package build --build-base /home/chondosha/ros2_ws/build/my_package/build install --record /home/chondosha/ros2_ws/build/my_package/install.log --single-version-externally-managed install_data
