[1.853s] Invoking command in '/home/chondosha/ros2_ws/build/turtlesim': CMAKE_PREFIX_PATH=${CMAKE_PREFIX_PATH}:/opt/ros/jazzy:/home/chondosha/ros2_ws/install/my_package DEBUGINFOD_URLS=https://debuginfod.ubuntu.com /usr/bin/cmake --build /home/chondosha/ros2_ws/build/turtlesim -- -j4 -l4
[2.458s] [  0%] Built target turtlesim__rosidl_generator_type_description
[2.695s] [  0%] Built target ament_cmake_python_copy_turtlesim
[2.773s] [  1%] Built target turtlesim__cpp
[2.846s] [ 24%] Built target turtlesim__rosidl_generator_c
[3.152s] [ 32%] Built target turtlesim__rosidl_typesupport_fastrtps_c
[3.196s] [ 41%] Built target turtlesim__rosidl_typesupport_fastrtps_cpp
[3.280s] [ 50%] Built target turtlesim__rosidl_typesupport_cpp
[3.619s] [ 61%] Built target turtlesim__rosidl_typesupport_introspection_cpp
[3.626s] [ 67%] Built target turtlesim__rosidl_typesupport_introspection_c
[3.696s] [ 76%] Built target turtlesim__rosidl_typesupport_c
[4.031s] [ 78%] Built target turtle_teleop_key
[4.051s] [ 83%] Built target turtlesim_node
[4.184s] [ 84%] Built target draw_square
[4.494s] [ 86%] Built target mimic
[4.500s] [ 86%] Built target turtlesim
[4.959s] [ 86%] Built target turtlesim__py
[5.229s] [ 94%] Built target turtlesim__rosidl_generator_py
[5.586s] [ 96%] Built target turtlesim_s__rosidl_typesupport_c
[5.639s] [ 98%] Built target turtlesim_s__rosidl_typesupport_fastrtps_c
[5.651s] [100%] Built target turtlesim_s__rosidl_typesupport_introspection_c
[6.082s] running egg_info
[6.318s] writing turtlesim.egg-info/PKG-INFO
[6.322s] writing dependency_links to turtlesim.egg-info/dependency_links.txt
[6.324s] writing top-level names to turtlesim.egg-info/top_level.txt
[6.982s] reading manifest file 'turtlesim.egg-info/SOURCES.txt'
[6.984s] writing manifest file 'turtlesim.egg-info/SOURCES.txt'
[7.280s] [100%] Built target ament_cmake_python_build_turtlesim_egg
[7.401s] Invoked command in '/home/chondosha/ros2_ws/build/turtlesim' returned '0': CMAKE_PREFIX_PATH=${CMAKE_PREFIX_PATH}:/opt/ros/jazzy:/home/chondosha/ros2_ws/install/my_package DEBUGINFOD_URLS=https://debuginfod.ubuntu.com /usr/bin/cmake --build /home/chondosha/ros2_ws/build/turtlesim -- -j4 -l4
[10.300s] Invoking command in '/home/chondosha/ros2_ws/build/turtlesim': CMAKE_PREFIX_PATH=${CMAKE_PREFIX_PATH}:/opt/ros/jazzy:/home/chondosha/ros2_ws/install/my_package DEBUGINFOD_URLS=https://debuginfod.ubuntu.com /usr/bin/cmake --install /home/chondosha/ros2_ws/build/turtlesim
[10.362s] -- Install configuration: ""
[10.367s] -- Up-to-date: /home/chondosha/ros2_ws/install/turtlesim/share/ament_index/resource_index/rosidl_interfaces/turtlesim
[10.368s] -- Up-to-date: /home/chondosha/ros2_ws/install/turtlesim/share/turtlesim/action/RotateAbsolute.json
[10.368s] -- Up-to-date: /home/chondosha/ros2_ws/install/turtlesim/share/turtlesim/msg/Color.json
[10.369s] -- Up-to-date: /home/chondosha/ros2_ws/install/turtlesim/share/turtlesim/msg/Pose.json
[10.371s] -- Up-to-date: /home/chondosha/ros2_ws/install/turtlesim/share/turtlesim/srv/Kill.json
[10.374s] -- Up-to-date: /home/chondosha/ros2_ws/install/turtlesim/share/turtlesim/srv/SetPen.json
[10.377s] -- Up-to-date: /home/chondosha/ros2_ws/install/turtlesim/share/turtlesim/srv/Spawn.json
[10.381s] -- Up-to-date: /home/chondosha/ros2_ws/install/turtlesim/share/turtlesim/srv/TeleportAbsolute.json
[10.384s] -- Up-to-date: /home/chondosha/ros2_ws/install/turtlesim/share/turtlesim/srv/TeleportRelative.json
[10.388s] -- Up-to-date: /home/chondosha/ros2_ws/install/turtlesim/include/turtlesim/turtlesim
[10.393s] -- Up-to-date: /home/chondosha/ros2_ws/install/turtlesim/include/turtlesim/turtlesim/msg
[10.398s] -- Up-to-date: /home/chondosha/ros2_ws/install/turtlesim/include/turtlesim/turtlesim/msg/detail
[10.401s] -- Up-to-date: /home/chondosha/ros2_ws/install/turtlesim/include/turtlesim/turtlesim/msg/detail/color__description.c
[10.402s] -- Installing: /home/chondosha/ros2_ws/install/turtlesim/include/turtlesim/turtlesim/msg/detail/color__type_support.c
[10.405s] -- Installing: /home/chondosha/ros2_ws/install/turtlesim/include/turtlesim/turtlesim/msg/detail/pose__type_support.c
[10.407s] -- Up-to-date: /home/chondosha/ros2_ws/install/turtlesim/include/turtlesim/turtlesim/msg/detail/color__struct.h
[10.412s] -- Up-to-date: /home/chondosha/ros2_ws/install/turtlesim/include/turtlesim/turtlesim/msg/detail/color__type_support.h
[10.413s] -- Up-to-date: /home/chondosha/ros2_ws/install/turtlesim/include/turtlesim/turtlesim/msg/detail/color__functions.h
[10.415s] -- Up-to-date: /home/chondosha/ros2_ws/install/turtlesim/include/turtlesim/turtlesim/msg/detail/pose__functions.h
[10.417s] -- Up-to-date: /home/chondosha/ros2_ws/install/turtlesim/include/turtlesim/turtlesim/msg/detail/pose__struct.h
[10.418s] -- Up-to-date: /home/chondosha/ros2_ws/install/turtlesim/include/turtlesim/turtlesim/msg/detail/pose__functions.c
[10.419s] -- Up-to-date: /home/chondosha/ros2_ws/install/turtlesim/include/turtlesim/turtlesim/msg/detail/pose__description.c
[10.421s] -- Up-to-date: /home/chondosha/ros2_ws/install/turtlesim/include/turtlesim/turtlesim/msg/detail/pose__type_support.h
[10.423s] -- Up-to-date: /home/chondosha/ros2_ws/install/turtlesim/include/turtlesim/turtlesim/msg/detail/color__functions.c
[10.425s] -- Up-to-date: /home/chondosha/ros2_ws/install/turtlesim/include/turtlesim/turtlesim/msg/color.h
[10.427s] -- Up-to-date: /home/chondosha/ros2_ws/install/turtlesim/include/turtlesim/turtlesim/msg/rosidl_generator_c__visibility_control.h
[10.429s] -- Up-to-date: /home/chondosha/ros2_ws/install/turtlesim/include/turtlesim/turtlesim/msg/pose.h
[10.430s] -- Up-to-date: /home/chondosha/ros2_ws/install/turtlesim/include/turtlesim/turtlesim/srv
[10.432s] -- Up-to-date: /home/chondosha/ros2_ws/install/turtlesim/include/turtlesim/turtlesim/srv/teleport_relative.h
[10.433s] -- Up-to-date: /home/chondosha/ros2_ws/install/turtlesim/include/turtlesim/turtlesim/srv/set_pen.h
[10.433s] -- Up-to-date: /home/chondosha/ros2_ws/install/turtlesim/include/turtlesim/turtlesim/srv/detail
[10.434s] -- Up-to-date: /home/chondosha/ros2_ws/install/turtlesim/include/turtlesim/turtlesim/srv/detail/spawn__struct.h
[10.440s] -- Up-to-date: /home/chondosha/ros2_ws/install/turtlesim/include/turtlesim/turtlesim/srv/detail/spawn__functions.h
[10.445s] -- Up-to-date: /home/chondosha/ros2_ws/install/turtlesim/include/turtlesim/turtlesim/srv/detail/teleport_relative__functions.c
[10.447s] -- Up-to-date: /home/chondosha/ros2_ws/install/turtlesim/include/turtlesim/turtlesim/srv/detail/teleport_relative__description.c
[10.450s] -- Up-to-date: /home/chondosha/ros2_ws/install/turtlesim/include/turtlesim/turtlesim/srv/detail/teleport_relative__type_support.h
[10.454s] -- Up-to-date: /home/chondosha/ros2_ws/install/turtlesim/include/turtlesim/turtlesim/srv/detail/kill__description.c
[10.457s] -- Up-to-date: /home/chondosha/ros2_ws/install/turtlesim/include/turtlesim/turtlesim/srv/detail/kill__functions.h
[10.465s] -- Up-to-date: /home/chondosha/ros2_ws/install/turtlesim/include/turtlesim/turtlesim/srv/detail/kill__functions.c
[10.471s] -- Up-to-date: /home/chondosha/ros2_ws/install/turtlesim/include/turtlesim/turtlesim/srv/detail/teleport_absolute__type_support.h
[10.472s] -- Installing: /home/chondosha/ros2_ws/install/turtlesim/include/turtlesim/turtlesim/srv/detail/teleport_absolute__type_support.c
[10.473s] -- Installing: /home/chondosha/ros2_ws/install/turtlesim/include/turtlesim/turtlesim/srv/detail/spawn__type_support.c
[10.475s] -- Up-to-date: /home/chondosha/ros2_ws/install/turtlesim/include/turtlesim/turtlesim/srv/detail/set_pen__type_support.h
[10.480s] -- Installing: /home/chondosha/ros2_ws/install/turtlesim/include/turtlesim/turtlesim/srv/detail/teleport_relative__type_support.c
[10.481s] -- Up-to-date: /home/chondosha/ros2_ws/install/turtlesim/include/turtlesim/turtlesim/srv/detail/teleport_relative__functions.h
[10.482s] -- Installing: /home/chondosha/ros2_ws/install/turtlesim/include/turtlesim/turtlesim/srv/detail/kill__type_support.c
[10.482s] -- Up-to-date: /home/chondosha/ros2_ws/install/turtlesim/include/turtlesim/turtlesim/srv/detail/spawn__functions.c
[10.483s] -- Up-to-date: /home/chondosha/ros2_ws/install/turtlesim/include/turtlesim/turtlesim/srv/detail/teleport_relative__struct.h
[10.485s] -- Up-to-date: /home/chondosha/ros2_ws/install/turtlesim/include/turtlesim/turtlesim/srv/detail/kill__struct.h
[10.487s] -- Up-to-date: /home/chondosha/ros2_ws/install/turtlesim/include/turtlesim/turtlesim/srv/detail/teleport_absolute__functions.c
[10.488s] -- Up-to-date: /home/chondosha/ros2_ws/install/turtlesim/include/turtlesim/turtlesim/srv/detail/set_pen__struct.h
[10.489s] -- Installing: /home/chondosha/ros2_ws/install/turtlesim/include/turtlesim/turtlesim/srv/detail/set_pen__type_support.c
[10.490s] -- Up-to-date: /home/chondosha/ros2_ws/install/turtlesim/include/turtlesim/turtlesim/srv/detail/teleport_absolute__struct.h
[10.490s] -- Up-to-date: /home/chondosha/ros2_ws/install/turtlesim/include/turtlesim/turtlesim/srv/detail/spawn__description.c
[10.491s] -- Up-to-date: /home/chondosha/ros2_ws/install/turtlesim/include/turtlesim/turtlesim/srv/detail/kill__type_support.h
[10.498s] -- Up-to-date: /home/chondosha/ros2_ws/install/turtlesim/include/turtlesim/turtlesim/srv/detail/set_pen__description.c
[10.502s] -- Up-to-date: /home/chondosha/ros2_ws/install/turtlesim/include/turtlesim/turtlesim/srv/detail/teleport_absolute__description.c
[10.509s] -- Up-to-date: /home/chondosha/ros2_ws/install/turtlesim/include/turtlesim/turtlesim/srv/detail/spawn__type_support.h
[10.510s] -- Up-to-date: /home/chondosha/ros2_ws/install/turtlesim/include/turtlesim/turtlesim/srv/detail/teleport_absolute__functions.h
[10.520s] -- Up-to-date: /home/chondosha/ros2_ws/install/turtlesim/include/turtlesim/turtlesim/srv/detail/set_pen__functions.c
[10.533s] -- Up-to-date: /home/chondosha/ros2_ws/install/turtlesim/include/turtlesim/turtlesim/srv/detail/set_pen__functions.h
[10.534s] -- Up-to-date: /home/chondosha/ros2_ws/install/turtlesim/include/turtlesim/turtlesim/srv/kill.h
[10.537s] -- Up-to-date: /home/chondosha/ros2_ws/install/turtlesim/include/turtlesim/turtlesim/srv/spawn.h
[10.539s] -- Up-to-date: /home/chondosha/ros2_ws/install/turtlesim/include/turtlesim/turtlesim/srv/teleport_absolute.h
[10.540s] -- Up-to-date: /home/chondosha/ros2_ws/install/turtlesim/include/turtlesim/turtlesim/action
[10.541s] -- Up-to-date: /home/chondosha/ros2_ws/install/turtlesim/include/turtlesim/turtlesim/action/detail
[10.542s] -- Up-to-date: /home/chondosha/ros2_ws/install/turtlesim/include/turtlesim/turtlesim/action/detail/rotate_absolute__description.c
[10.543s] -- Up-to-date: /home/chondosha/ros2_ws/install/turtlesim/include/turtlesim/turtlesim/action/detail/rotate_absolute__functions.h
[10.543s] -- Up-to-date: /home/chondosha/ros2_ws/install/turtlesim/include/turtlesim/turtlesim/action/detail/rotate_absolute__type_support.h
[10.544s] -- Installing: /home/chondosha/ros2_ws/install/turtlesim/include/turtlesim/turtlesim/action/detail/rotate_absolute__type_support.c
[10.545s] -- Up-to-date: /home/chondosha/ros2_ws/install/turtlesim/include/turtlesim/turtlesim/action/detail/rotate_absolute__struct.h
[10.546s] -- Up-to-date: /home/chondosha/ros2_ws/install/turtlesim/include/turtlesim/turtlesim/action/detail/rotate_absolute__functions.c
[10.547s] -- Up-to-date: /home/chondosha/ros2_ws/install/turtlesim/include/turtlesim/turtlesim/action/rotate_absolute.h
[10.548s] -- Up-to-date: /home/chondosha/ros2_ws/install/turtlesim/share/turtlesim/environment/library_path.sh
[10.549s] -- Up-to-date: /home/chondosha/ros2_ws/install/turtlesim/share/turtlesim/environment/library_path.dsv
[10.552s] -- Up-to-date: /home/chondosha/ros2_ws/install/turtlesim/lib/libturtlesim__rosidl_generator_c.so
[10.553s] -- Up-to-date: /home/chondosha/ros2_ws/install/turtlesim/include/turtlesim/turtlesim
[10.554s] -- Up-to-date: /home/chondosha/ros2_ws/install/turtlesim/include/turtlesim/turtlesim/msg
[10.555s] -- Up-to-date: /home/chondosha/ros2_ws/install/turtlesim/include/turtlesim/turtlesim/msg/rosidl_typesupport_fastrtps_c__visibility_control.h
[10.558s] -- Up-to-date: /home/chondosha/ros2_ws/install/turtlesim/include/turtlesim/turtlesim/msg/detail
[10.559s] -- Up-to-date: /home/chondosha/ros2_ws/install/turtlesim/include/turtlesim/turtlesim/msg/detail/pose__rosidl_typesupport_fastrtps_c.h
[10.559s] -- Up-to-date: /home/chondosha/ros2_ws/install/turtlesim/include/turtlesim/turtlesim/msg/detail/color__rosidl_typesupport_fastrtps_c.h
[10.564s] -- Up-to-date: /home/chondosha/ros2_ws/install/turtlesim/include/turtlesim/turtlesim/srv
[10.565s] -- Up-to-date: /home/chondosha/ros2_ws/install/turtlesim/include/turtlesim/turtlesim/srv/detail
[10.566s] -- Up-to-date: /home/chondosha/ros2_ws/install/turtlesim/include/turtlesim/turtlesim/srv/detail/set_pen__rosidl_typesupport_fastrtps_c.h
[10.566s] -- Up-to-date: /home/chondosha/ros2_ws/install/turtlesim/include/turtlesim/turtlesim/srv/detail/teleport_relative__rosidl_typesupport_fastrtps_c.h
[10.569s] -- Up-to-date: /home/chondosha/ros2_ws/install/turtlesim/include/turtlesim/turtlesim/srv/detail/kill__rosidl_typesupport_fastrtps_c.h
[10.570s] -- Up-to-date: /home/chondosha/ros2_ws/install/turtlesim/include/turtlesim/turtlesim/srv/detail/spawn__rosidl_typesupport_fastrtps_c.h
[10.571s] -- Up-to-date: /home/chondosha/ros2_ws/install/turtlesim/include/turtlesim/turtlesim/srv/detail/teleport_absolute__rosidl_typesupport_fastrtps_c.h
[10.574s] -- Up-to-date: /home/chondosha/ros2_ws/install/turtlesim/include/turtlesim/turtlesim/action
[10.575s] -- Up-to-date: /home/chondosha/ros2_ws/install/turtlesim/include/turtlesim/turtlesim/action/detail
[10.576s] -- Up-to-date: /home/chondosha/ros2_ws/install/turtlesim/include/turtlesim/turtlesim/action/detail/rotate_absolute__rosidl_typesupport_fastrtps_c.h
[10.580s] -- Up-to-date: /home/chondosha/ros2_ws/install/turtlesim/lib/libturtlesim__rosidl_typesupport_fastrtps_c.so
[10.587s] -- Up-to-date: /home/chondosha/ros2_ws/install/turtlesim/include/turtlesim/turtlesim
[10.595s] -- Up-to-date: /home/chondosha/ros2_ws/install/turtlesim/include/turtlesim/turtlesim/msg
[10.596s] -- Up-to-date: /home/chondosha/ros2_ws/install/turtlesim/include/turtlesim/turtlesim/msg/rosidl_generator_cpp__visibility_control.hpp
[10.600s] -- Up-to-date: /home/chondosha/ros2_ws/install/turtlesim/include/turtlesim/turtlesim/msg/detail
[10.603s] -- Up-to-date: /home/chondosha/ros2_ws/install/turtlesim/include/turtlesim/turtlesim/msg/detail/pose__struct.hpp
[10.605s] -- Up-to-date: /home/chondosha/ros2_ws/install/turtlesim/include/turtlesim/turtlesim/msg/detail/color__traits.hpp
[10.607s] -- Up-to-date: /home/chondosha/ros2_ws/install/turtlesim/include/turtlesim/turtlesim/msg/detail/pose__builder.hpp
[10.608s] -- Up-to-date: /home/chondosha/ros2_ws/install/turtlesim/include/turtlesim/turtlesim/msg/detail/pose__type_support.hpp
[10.610s] -- Up-to-date: /home/chondosha/ros2_ws/install/turtlesim/include/turtlesim/turtlesim/msg/detail/color__struct.hpp
[10.611s] -- Up-to-date: /home/chondosha/ros2_ws/install/turtlesim/include/turtlesim/turtlesim/msg/detail/pose__traits.hpp
[10.613s] -- Up-to-date: /home/chondosha/ros2_ws/install/turtlesim/include/turtlesim/turtlesim/msg/detail/color__builder.hpp
[10.614s] -- Up-to-date: /home/chondosha/ros2_ws/install/turtlesim/include/turtlesim/turtlesim/msg/detail/color__type_support.hpp
[10.616s] -- Up-to-date: /home/chondosha/ros2_ws/install/turtlesim/include/turtlesim/turtlesim/msg/color.hpp
[10.617s] -- Up-to-date: /home/chondosha/ros2_ws/install/turtlesim/include/turtlesim/turtlesim/msg/pose.hpp
[10.618s] -- Up-to-date: /home/chondosha/ros2_ws/install/turtlesim/include/turtlesim/turtlesim/srv
[10.619s] -- Up-to-date: /home/chondosha/ros2_ws/install/turtlesim/include/turtlesim/turtlesim/srv/teleport_relative.hpp
[10.620s] -- Up-to-date: /home/chondosha/ros2_ws/install/turtlesim/include/turtlesim/turtlesim/srv/spawn.hpp
[10.621s] -- Up-to-date: /home/chondosha/ros2_ws/install/turtlesim/include/turtlesim/turtlesim/srv/detail
[10.621s] -- Up-to-date: /home/chondosha/ros2_ws/install/turtlesim/include/turtlesim/turtlesim/srv/detail/set_pen__type_support.hpp
[10.622s] -- Up-to-date: /home/chondosha/ros2_ws/install/turtlesim/include/turtlesim/turtlesim/srv/detail/kill__struct.hpp
[10.624s] -- Up-to-date: /home/chondosha/ros2_ws/install/turtlesim/include/turtlesim/turtlesim/srv/detail/spawn__type_support.hpp
[10.625s] -- Up-to-date: /home/chondosha/ros2_ws/install/turtlesim/include/turtlesim/turtlesim/srv/detail/spawn__builder.hpp
[10.626s] -- Up-to-date: /home/chondosha/ros2_ws/install/turtlesim/include/turtlesim/turtlesim/srv/detail/spawn__struct.hpp
[10.627s] -- Up-to-date: /home/chondosha/ros2_ws/install/turtlesim/include/turtlesim/turtlesim/srv/detail/set_pen__traits.hpp
[10.628s] -- Up-to-date: /home/chondosha/ros2_ws/install/turtlesim/include/turtlesim/turtlesim/srv/detail/teleport_absolute__type_support.hpp
[10.629s] -- Up-to-date: /home/chondosha/ros2_ws/install/turtlesim/include/turtlesim/turtlesim/srv/detail/kill__builder.hpp
[10.630s] -- Up-to-date: /home/chondosha/ros2_ws/install/turtlesim/include/turtlesim/turtlesim/srv/detail/set_pen__builder.hpp
[10.631s] -- Up-to-date: /home/chondosha/ros2_ws/install/turtlesim/include/turtlesim/turtlesim/srv/detail/teleport_absolute__struct.hpp
[10.632s] -- Up-to-date: /home/chondosha/ros2_ws/install/turtlesim/include/turtlesim/turtlesim/srv/detail/kill__type_support.hpp
[10.632s] -- Up-to-date: /home/chondosha/ros2_ws/install/turtlesim/include/turtlesim/turtlesim/srv/detail/set_pen__struct.hpp
[10.633s] -- Up-to-date: /home/chondosha/ros2_ws/install/turtlesim/include/turtlesim/turtlesim/srv/detail/teleport_relative__struct.hpp
[10.633s] -- Up-to-date: /home/chondosha/ros2_ws/install/turtlesim/include/turtlesim/turtlesim/srv/detail/teleport_relative__type_support.hpp
[10.634s] -- Up-to-date: /home/chondosha/ros2_ws/install/turtlesim/include/turtlesim/turtlesim/srv/detail/teleport_relative__builder.hpp
[10.635s] -- Up-to-date: /home/chondosha/ros2_ws/install/turtlesim/include/turtlesim/turtlesim/srv/detail/spawn__traits.hpp
[10.639s] -- Up-to-date: /home/chondosha/ros2_ws/install/turtlesim/include/turtlesim/turtlesim/srv/detail/teleport_relative__traits.hpp
[10.640s] -- Up-to-date: /home/chondosha/ros2_ws/install/turtlesim/include/turtlesim/turtlesim/srv/detail/teleport_absolute__traits.hpp
[10.641s] -- Up-to-date: /home/chondosha/ros2_ws/install/turtlesim/include/turtlesim/turtlesim/srv/detail/teleport_absolute__builder.hpp
[10.642s] -- Up-to-date: /home/chondosha/ros2_ws/install/turtlesim/include/turtlesim/turtlesim/srv/detail/kill__traits.hpp
[10.643s] -- Up-to-date: /home/chondosha/ros2_ws/install/turtlesim/include/turtlesim/turtlesim/srv/kill.hpp
[10.644s] -- Up-to-date: /home/chondosha/ros2_ws/install/turtlesim/include/turtlesim/turtlesim/srv/teleport_absolute.hpp
[10.644s] -- Up-to-date: /home/chondosha/ros2_ws/install/turtlesim/include/turtlesim/turtlesim/srv/set_pen.hpp
[10.648s] -- Up-to-date: /home/chondosha/ros2_ws/install/turtlesim/include/turtlesim/turtlesim/action
[10.649s] -- Up-to-date: /home/chondosha/ros2_ws/install/turtlesim/include/turtlesim/turtlesim/action/detail
[10.650s] -- Up-to-date: /home/chondosha/ros2_ws/install/turtlesim/include/turtlesim/turtlesim/action/detail/rotate_absolute__type_support.hpp
[10.654s] -- Up-to-date: /home/chondosha/ros2_ws/install/turtlesim/include/turtlesim/turtlesim/action/detail/rotate_absolute__traits.hpp
[10.656s] -- Up-to-date: /home/chondosha/ros2_ws/install/turtlesim/include/turtlesim/turtlesim/action/detail/rotate_absolute__struct.hpp
[10.660s] -- Up-to-date: /home/chondosha/ros2_ws/install/turtlesim/include/turtlesim/turtlesim/action/detail/rotate_absolute__builder.hpp
[10.661s] -- Up-to-date: /home/chondosha/ros2_ws/install/turtlesim/include/turtlesim/turtlesim/action/rotate_absolute.hpp
[10.662s] -- Up-to-date: /home/chondosha/ros2_ws/install/turtlesim/include/turtlesim/turtlesim
[10.662s] -- Up-to-date: /home/chondosha/ros2_ws/install/turtlesim/include/turtlesim/turtlesim/msg
[10.666s] -- Up-to-date: /home/chondosha/ros2_ws/install/turtlesim/include/turtlesim/turtlesim/msg/rosidl_typesupport_fastrtps_cpp__visibility_control.h
[10.667s] -- Up-to-date: /home/chondosha/ros2_ws/install/turtlesim/include/turtlesim/turtlesim/msg/detail
[10.668s] -- Up-to-date: /home/chondosha/ros2_ws/install/turtlesim/include/turtlesim/turtlesim/msg/detail/pose__rosidl_typesupport_fastrtps_cpp.hpp
[10.668s] -- Up-to-date: /home/chondosha/ros2_ws/install/turtlesim/include/turtlesim/turtlesim/msg/detail/color__rosidl_typesupport_fastrtps_cpp.hpp
[10.672s] -- Up-to-date: /home/chondosha/ros2_ws/install/turtlesim/include/turtlesim/turtlesim/msg/detail/dds_fastrtps
[10.673s] -- Up-to-date: /home/chondosha/ros2_ws/install/turtlesim/include/turtlesim/turtlesim/srv
[10.673s] -- Up-to-date: /home/chondosha/ros2_ws/install/turtlesim/include/turtlesim/turtlesim/srv/detail
[10.674s] -- Up-to-date: /home/chondosha/ros2_ws/install/turtlesim/include/turtlesim/turtlesim/srv/detail/set_pen__rosidl_typesupport_fastrtps_cpp.hpp
[10.678s] -- Up-to-date: /home/chondosha/ros2_ws/install/turtlesim/include/turtlesim/turtlesim/srv/detail/spawn__rosidl_typesupport_fastrtps_cpp.hpp
[10.679s] -- Up-to-date: /home/chondosha/ros2_ws/install/turtlesim/include/turtlesim/turtlesim/srv/detail/kill__rosidl_typesupport_fastrtps_cpp.hpp
[10.680s] -- Up-to-date: /home/chondosha/ros2_ws/install/turtlesim/include/turtlesim/turtlesim/srv/detail/teleport_absolute__rosidl_typesupport_fastrtps_cpp.hpp
[10.680s] -- Up-to-date: /home/chondosha/ros2_ws/install/turtlesim/include/turtlesim/turtlesim/srv/detail/dds_fastrtps
[10.684s] -- Up-to-date: /home/chondosha/ros2_ws/install/turtlesim/include/turtlesim/turtlesim/srv/detail/teleport_relative__rosidl_typesupport_fastrtps_cpp.hpp
[10.685s] -- Up-to-date: /home/chondosha/ros2_ws/install/turtlesim/include/turtlesim/turtlesim/action
[10.686s] -- Up-to-date: /home/chondosha/ros2_ws/install/turtlesim/include/turtlesim/turtlesim/action/detail
[10.689s] -- Up-to-date: /home/chondosha/ros2_ws/install/turtlesim/include/turtlesim/turtlesim/action/detail/dds_fastrtps
[10.696s] -- Up-to-date: /home/chondosha/ros2_ws/install/turtlesim/include/turtlesim/turtlesim/action/detail/rotate_absolute__rosidl_typesupport_fastrtps_cpp.hpp
[10.699s] -- Up-to-date: /home/chondosha/ros2_ws/install/turtlesim/lib/libturtlesim__rosidl_typesupport_fastrtps_cpp.so
[10.702s] -- Up-to-date: /home/chondosha/ros2_ws/install/turtlesim/include/turtlesim/turtlesim
[10.707s] -- Up-to-date: /home/chondosha/ros2_ws/install/turtlesim/include/turtlesim/turtlesim/msg
[10.712s] -- Up-to-date: /home/chondosha/ros2_ws/install/turtlesim/include/turtlesim/turtlesim/msg/rosidl_typesupport_introspection_c__visibility_control.h
[10.713s] -- Up-to-date: /home/chondosha/ros2_ws/install/turtlesim/include/turtlesim/turtlesim/msg/detail
[10.715s] -- Installing: /home/chondosha/ros2_ws/install/turtlesim/include/turtlesim/turtlesim/msg/detail/color__type_support.c
[10.717s] -- Installing: /home/chondosha/ros2_ws/install/turtlesim/include/turtlesim/turtlesim/msg/detail/pose__type_support.c
[10.720s] -- Up-to-date: /home/chondosha/ros2_ws/install/turtlesim/include/turtlesim/turtlesim/msg/detail/pose__rosidl_typesupport_introspection_c.h
[10.721s] -- Up-to-date: /home/chondosha/ros2_ws/install/turtlesim/include/turtlesim/turtlesim/msg/detail/color__rosidl_typesupport_introspection_c.h
[10.723s] -- Up-to-date: /home/chondosha/ros2_ws/install/turtlesim/include/turtlesim/turtlesim/srv
[10.724s] -- Up-to-date: /home/chondosha/ros2_ws/install/turtlesim/include/turtlesim/turtlesim/srv/detail
[10.725s] -- Up-to-date: /home/chondosha/ros2_ws/install/turtlesim/include/turtlesim/turtlesim/srv/detail/spawn__rosidl_typesupport_introspection_c.h
[10.727s] -- Up-to-date: /home/chondosha/ros2_ws/install/turtlesim/include/turtlesim/turtlesim/srv/detail/set_pen__rosidl_typesupport_introspection_c.h
[10.729s] -- Installing: /home/chondosha/ros2_ws/install/turtlesim/include/turtlesim/turtlesim/srv/detail/teleport_absolute__type_support.c
[10.730s] -- Installing: /home/chondosha/ros2_ws/install/turtlesim/include/turtlesim/turtlesim/srv/detail/spawn__type_support.c
[10.731s] -- Installing: /home/chondosha/ros2_ws/install/turtlesim/include/turtlesim/turtlesim/srv/detail/teleport_relative__type_support.c
[10.732s] -- Installing: /home/chondosha/ros2_ws/install/turtlesim/include/turtlesim/turtlesim/srv/detail/kill__type_support.c
[10.733s] -- Up-to-date: /home/chondosha/ros2_ws/install/turtlesim/include/turtlesim/turtlesim/srv/detail/kill__rosidl_typesupport_introspection_c.h
[10.733s] -- Up-to-date: /home/chondosha/ros2_ws/install/turtlesim/include/turtlesim/turtlesim/srv/detail/teleport_relative__rosidl_typesupport_introspection_c.h
[10.734s] -- Installing: /home/chondosha/ros2_ws/install/turtlesim/include/turtlesim/turtlesim/srv/detail/set_pen__type_support.c
[10.735s] -- Up-to-date: /home/chondosha/ros2_ws/install/turtlesim/include/turtlesim/turtlesim/srv/detail/teleport_absolute__rosidl_typesupport_introspection_c.h
[10.737s] -- Up-to-date: /home/chondosha/ros2_ws/install/turtlesim/include/turtlesim/turtlesim/action
[10.738s] -- Up-to-date: /home/chondosha/ros2_ws/install/turtlesim/include/turtlesim/turtlesim/action/detail
[10.741s] -- Installing: /home/chondosha/ros2_ws/install/turtlesim/include/turtlesim/turtlesim/action/detail/rotate_absolute__type_support.c
[10.742s] -- Up-to-date: /home/chondosha/ros2_ws/install/turtlesim/include/turtlesim/turtlesim/action/detail/rotate_absolute__rosidl_typesupport_introspection_c.h
[10.748s] -- Up-to-date: /home/chondosha/ros2_ws/install/turtlesim/lib/libturtlesim__rosidl_typesupport_introspection_c.so
[10.749s] -- Up-to-date: /home/chondosha/ros2_ws/install/turtlesim/lib/libturtlesim__rosidl_typesupport_c.so
[10.749s] -- Up-to-date: /home/chondosha/ros2_ws/install/turtlesim/include/turtlesim/turtlesim
[10.750s] -- Up-to-date: /home/chondosha/ros2_ws/install/turtlesim/include/turtlesim/turtlesim/msg
[10.753s] -- Up-to-date: /home/chondosha/ros2_ws/install/turtlesim/include/turtlesim/turtlesim/msg/detail
[10.755s] -- Up-to-date: /home/chondosha/ros2_ws/install/turtlesim/include/turtlesim/turtlesim/msg/detail/pose__rosidl_typesupport_introspection_cpp.hpp
[10.755s] -- Up-to-date: /home/chondosha/ros2_ws/install/turtlesim/include/turtlesim/turtlesim/msg/detail/pose__type_support.cpp
[10.758s] -- Up-to-date: /home/chondosha/ros2_ws/install/turtlesim/include/turtlesim/turtlesim/msg/detail/color__type_support.cpp
[10.759s] -- Up-to-date: /home/chondosha/ros2_ws/install/turtlesim/include/turtlesim/turtlesim/msg/detail/color__rosidl_typesupport_introspection_cpp.hpp
[10.760s] -- Up-to-date: /home/chondosha/ros2_ws/install/turtlesim/include/turtlesim/turtlesim/srv
[10.766s] -- Up-to-date: /home/chondosha/ros2_ws/install/turtlesim/include/turtlesim/turtlesim/srv/detail
[10.767s] -- Up-to-date: /home/chondosha/ros2_ws/install/turtlesim/include/turtlesim/turtlesim/srv/detail/kill__type_support.cpp
[10.767s] -- Up-to-date: /home/chondosha/ros2_ws/install/turtlesim/include/turtlesim/turtlesim/srv/detail/spawn__rosidl_typesupport_introspection_cpp.hpp
[10.771s] -- Up-to-date: /home/chondosha/ros2_ws/install/turtlesim/include/turtlesim/turtlesim/srv/detail/teleport_relative__rosidl_typesupport_introspection_cpp.hpp
[10.772s] -- Up-to-date: /home/chondosha/ros2_ws/install/turtlesim/include/turtlesim/turtlesim/srv/detail/teleport_absolute__rosidl_typesupport_introspection_cpp.hpp
[10.773s] -- Up-to-date: /home/chondosha/ros2_ws/install/turtlesim/include/turtlesim/turtlesim/srv/detail/teleport_absolute__type_support.cpp
[10.774s] -- Up-to-date: /home/chondosha/ros2_ws/install/turtlesim/include/turtlesim/turtlesim/srv/detail/spawn__type_support.cpp
[10.774s] -- Up-to-date: /home/chondosha/ros2_ws/install/turtlesim/include/turtlesim/turtlesim/srv/detail/teleport_relative__type_support.cpp
[10.775s] -- Up-to-date: /home/chondosha/ros2_ws/install/turtlesim/include/turtlesim/turtlesim/srv/detail/set_pen__rosidl_typesupport_introspection_cpp.hpp
[10.776s] -- Up-to-date: /home/chondosha/ros2_ws/install/turtlesim/include/turtlesim/turtlesim/srv/detail/set_pen__type_support.cpp
[10.777s] -- Up-to-date: /home/chondosha/ros2_ws/install/turtlesim/include/turtlesim/turtlesim/srv/detail/kill__rosidl_typesupport_introspection_cpp.hpp
[10.777s] -- Up-to-date: /home/chondosha/ros2_ws/install/turtlesim/include/turtlesim/turtlesim/action
[10.778s] -- Up-to-date: /home/chondosha/ros2_ws/install/turtlesim/include/turtlesim/turtlesim/action/detail
[10.779s] -- Up-to-date: /home/chondosha/ros2_ws/install/turtlesim/include/turtlesim/turtlesim/action/detail/rotate_absolute__rosidl_typesupport_introspection_cpp.hpp
[10.780s] -- Up-to-date: /home/chondosha/ros2_ws/install/turtlesim/include/turtlesim/turtlesim/action/detail/rotate_absolute__type_support.cpp
[10.780s] -- Up-to-date: /home/chondosha/ros2_ws/install/turtlesim/lib/libturtlesim__rosidl_typesupport_introspection_cpp.so
[10.781s] -- Up-to-date: /home/chondosha/ros2_ws/install/turtlesim/lib/libturtlesim__rosidl_typesupport_cpp.so
[10.782s] -- Up-to-date: /home/chondosha/ros2_ws/install/turtlesim/share/turtlesim/environment/pythonpath.sh
[10.783s] -- Up-to-date: /home/chondosha/ros2_ws/install/turtlesim/share/turtlesim/environment/pythonpath.dsv
[10.783s] -- Up-to-date: /home/chondosha/ros2_ws/install/turtlesim/lib/python3.12/site-packages/turtlesim-1.8.3-py3.12.egg-info
[10.785s] -- Installing: /home/chondosha/ros2_ws/install/turtlesim/lib/python3.12/site-packages/turtlesim-1.8.3-py3.12.egg-info/SOURCES.txt
[10.787s] -- Installing: /home/chondosha/ros2_ws/install/turtlesim/lib/python3.12/site-packages/turtlesim-1.8.3-py3.12.egg-info/top_level.txt
[10.789s] -- Installing: /home/chondosha/ros2_ws/install/turtlesim/lib/python3.12/site-packages/turtlesim-1.8.3-py3.12.egg-info/PKG-INFO
[10.791s] -- Installing: /home/chondosha/ros2_ws/install/turtlesim/lib/python3.12/site-packages/turtlesim-1.8.3-py3.12.egg-info/dependency_links.txt
[10.792s] -- Up-to-date: /home/chondosha/ros2_ws/install/turtlesim/lib/python3.12/site-packages/turtlesim
[10.795s] -- Up-to-date: /home/chondosha/ros2_ws/install/turtlesim/lib/python3.12/site-packages/turtlesim/__init__.py
[10.799s] -- Up-to-date: /home/chondosha/ros2_ws/install/turtlesim/lib/python3.12/site-packages/turtlesim/msg
[10.801s] -- Up-to-date: /home/chondosha/ros2_ws/install/turtlesim/lib/python3.12/site-packages/turtlesim/msg/__init__.py
[10.802s] -- Up-to-date: /home/chondosha/ros2_ws/install/turtlesim/lib/python3.12/site-packages/turtlesim/msg/_color_s.c
[10.803s] -- Up-to-date: /home/chondosha/ros2_ws/install/turtlesim/lib/python3.12/site-packages/turtlesim/msg/_pose.py
[10.804s] -- Up-to-date: /home/chondosha/ros2_ws/install/turtlesim/lib/python3.12/site-packages/turtlesim/msg/_color.py
[10.814s] -- Up-to-date: /home/chondosha/ros2_ws/install/turtlesim/lib/python3.12/site-packages/turtlesim/msg/_pose_s.c
[10.827s] -- Up-to-date: /home/chondosha/ros2_ws/install/turtlesim/lib/python3.12/site-packages/turtlesim/turtlesim_s__rosidl_typesupport_c.so
[10.831s] -- Up-to-date: /home/chondosha/ros2_ws/install/turtlesim/lib/python3.12/site-packages/turtlesim/_turtlesim_s.ep.rosidl_typesupport_fastrtps_c.c
[10.835s] -- Up-to-date: /home/chondosha/ros2_ws/install/turtlesim/lib/python3.12/site-packages/turtlesim/_turtlesim_s.ep.rosidl_typesupport_introspection_c.c
[10.839s] -- Up-to-date: /home/chondosha/ros2_ws/install/turtlesim/lib/python3.12/site-packages/turtlesim/srv
[10.841s] -- Up-to-date: /home/chondosha/ros2_ws/install/turtlesim/lib/python3.12/site-packages/turtlesim/srv/_spawn.py
[10.842s] -- Up-to-date: /home/chondosha/ros2_ws/install/turtlesim/lib/python3.12/site-packages/turtlesim/srv/__init__.py
[10.843s] -- Up-to-date: /home/chondosha/ros2_ws/install/turtlesim/lib/python3.12/site-packages/turtlesim/srv/_teleport_relative.py
[10.844s] -- Up-to-date: /home/chondosha/ros2_ws/install/turtlesim/lib/python3.12/site-packages/turtlesim/srv/_kill.py
[10.844s] -- Up-to-date: /home/chondosha/ros2_ws/install/turtlesim/lib/python3.12/site-packages/turtlesim/srv/_teleport_absolute.py
[10.845s] -- Up-to-date: /home/chondosha/ros2_ws/install/turtlesim/lib/python3.12/site-packages/turtlesim/srv/_kill_s.c
[10.846s] -- Up-to-date: /home/chondosha/ros2_ws/install/turtlesim/lib/python3.12/site-packages/turtlesim/srv/_teleport_absolute_s.c
[10.847s] -- Up-to-date: /home/chondosha/ros2_ws/install/turtlesim/lib/python3.12/site-packages/turtlesim/srv/_spawn_s.c
[10.848s] -- Up-to-date: /home/chondosha/ros2_ws/install/turtlesim/lib/python3.12/site-packages/turtlesim/srv/_set_pen_s.c
[10.849s] -- Up-to-date: /home/chondosha/ros2_ws/install/turtlesim/lib/python3.12/site-packages/turtlesim/srv/_set_pen.py
[10.850s] -- Up-to-date: /home/chondosha/ros2_ws/install/turtlesim/lib/python3.12/site-packages/turtlesim/srv/_teleport_relative_s.c
[10.850s] -- Up-to-date: /home/chondosha/ros2_ws/install/turtlesim/lib/python3.12/site-packages/turtlesim/turtlesim_s__rosidl_typesupport_fastrtps_c.so
[10.851s] -- Up-to-date: /home/chondosha/ros2_ws/install/turtlesim/lib/python3.12/site-packages/turtlesim/_turtlesim_s.ep.rosidl_typesupport_c.c
[10.851s] -- Up-to-date: /home/chondosha/ros2_ws/install/turtlesim/lib/python3.12/site-packages/turtlesim/turtlesim_s__rosidl_typesupport_introspection_c.so
[10.852s] -- Up-to-date: /home/chondosha/ros2_ws/install/turtlesim/lib/python3.12/site-packages/turtlesim/action
[10.853s] -- Up-to-date: /home/chondosha/ros2_ws/install/turtlesim/lib/python3.12/site-packages/turtlesim/action/_rotate_absolute_s.c
[10.853s] -- Up-to-date: /home/chondosha/ros2_ws/install/turtlesim/lib/python3.12/site-packages/turtlesim/action/__init__.py
[10.854s] -- Up-to-date: /home/chondosha/ros2_ws/install/turtlesim/lib/python3.12/site-packages/turtlesim/action/_rotate_absolute.py
[10.917s] Listing '/home/chondosha/ros2_ws/install/turtlesim/lib/python3.12/site-packages/turtlesim'...
[10.919s] Listing '/home/chondosha/ros2_ws/install/turtlesim/lib/python3.12/site-packages/turtlesim/action'...
[10.922s] Listing '/home/chondosha/ros2_ws/install/turtlesim/lib/python3.12/site-packages/turtlesim/msg'...
[10.925s] Listing '/home/chondosha/ros2_ws/install/turtlesim/lib/python3.12/site-packages/turtlesim/srv'...
[10.979s] -- Up-to-date: /home/chondosha/ros2_ws/install/turtlesim/lib/python3.12/site-packages/turtlesim/turtlesim_s__rosidl_typesupport_fastrtps_c.so
[10.994s] -- Up-to-date: /home/chondosha/ros2_ws/install/turtlesim/lib/python3.12/site-packages/turtlesim/turtlesim_s__rosidl_typesupport_introspection_c.so
[10.999s] -- Up-to-date: /home/chondosha/ros2_ws/install/turtlesim/lib/python3.12/site-packages/turtlesim/turtlesim_s__rosidl_typesupport_c.so
[11.006s] -- Up-to-date: /home/chondosha/ros2_ws/install/turtlesim/lib/libturtlesim__rosidl_generator_py.so
[11.008s] -- Up-to-date: /home/chondosha/ros2_ws/install/turtlesim/share/turtlesim/action/RotateAbsolute.idl
[11.009s] -- Up-to-date: /home/chondosha/ros2_ws/install/turtlesim/share/turtlesim/msg/Color.idl
[11.010s] -- Up-to-date: /home/chondosha/ros2_ws/install/turtlesim/share/turtlesim/msg/Pose.idl
[11.011s] -- Up-to-date: /home/chondosha/ros2_ws/install/turtlesim/share/turtlesim/srv/Kill.idl
[11.012s] -- Up-to-date: /home/chondosha/ros2_ws/install/turtlesim/share/turtlesim/srv/SetPen.idl
[11.013s] -- Up-to-date: /home/chondosha/ros2_ws/install/turtlesim/share/turtlesim/srv/Spawn.idl
[11.014s] -- Up-to-date: /home/chondosha/ros2_ws/install/turtlesim/share/turtlesim/srv/TeleportAbsolute.idl
[11.015s] -- Up-to-date: /home/chondosha/ros2_ws/install/turtlesim/share/turtlesim/srv/TeleportRelative.idl
[11.016s] -- Up-to-date: /home/chondosha/ros2_ws/install/turtlesim/share/turtlesim/action/RotateAbsolute.action
[11.017s] -- Up-to-date: /home/chondosha/ros2_ws/install/turtlesim/share/turtlesim/msg/Color.msg
[11.017s] -- Up-to-date: /home/chondosha/ros2_ws/install/turtlesim/share/turtlesim/msg/Pose.msg
[11.018s] -- Up-to-date: /home/chondosha/ros2_ws/install/turtlesim/share/turtlesim/srv/Kill.srv
[11.019s] -- Up-to-date: /home/chondosha/ros2_ws/install/turtlesim/share/turtlesim/srv/SetPen.srv
[11.020s] -- Up-to-date: /home/chondosha/ros2_ws/install/turtlesim/share/turtlesim/srv/Spawn.srv
[11.020s] -- Up-to-date: /home/chondosha/ros2_ws/install/turtlesim/share/turtlesim/srv/TeleportAbsolute.srv
[11.021s] -- Up-to-date: /home/chondosha/ros2_ws/install/turtlesim/share/turtlesim/srv/TeleportRelative.srv
[11.022s] -- Up-to-date: /home/chondosha/ros2_ws/install/turtlesim/lib/turtlesim/turtlesim_node
[11.025s] -- Up-to-date: /home/chondosha/ros2_ws/install/turtlesim/lib/turtlesim/turtle_teleop_key
[11.027s] -- Up-to-date: /home/chondosha/ros2_ws/install/turtlesim/lib/turtlesim/draw_square
[11.030s] -- Up-to-date: /home/chondosha/ros2_ws/install/turtlesim/lib/turtlesim/mimic
[11.032s] -- Up-to-date: /home/chondosha/ros2_ws/install/turtlesim/share/turtlesim/images
[11.033s] -- Up-to-date: /home/chondosha/ros2_ws/install/turtlesim/share/turtlesim/images/dashing.png
[11.033s] -- Up-to-date: /home/chondosha/ros2_ws/install/turtlesim/share/turtlesim/images/humble.png
[11.034s] -- Up-to-date: /home/chondosha/ros2_ws/install/turtlesim/share/turtlesim/images/ardent.png
[11.035s] -- Up-to-date: /home/chondosha/ros2_ws/install/turtlesim/share/turtlesim/images/jazzy.png
[11.036s] -- Up-to-date: /home/chondosha/ros2_ws/install/turtlesim/share/turtlesim/images/foxy.png
[11.037s] -- Up-to-date: /home/chondosha/ros2_ws/install/turtlesim/share/turtlesim/images/rolling.png
[11.037s] -- Up-to-date: /home/chondosha/ros2_ws/install/turtlesim/share/turtlesim/images/eloquent.png
[11.038s] -- Up-to-date: /home/chondosha/ros2_ws/install/turtlesim/share/turtlesim/images/crystal.png
[11.039s] -- Up-to-date: /home/chondosha/ros2_ws/install/turtlesim/share/turtlesim/images/galactic.png
[11.040s] -- Up-to-date: /home/chondosha/ros2_ws/install/turtlesim/share/turtlesim/images/bouncy.png
[11.041s] -- Up-to-date: /home/chondosha/ros2_ws/install/turtlesim/share/turtlesim/images/iron.png
[11.042s] -- Up-to-date: /home/chondosha/ros2_ws/install/turtlesim/share/turtlesim/launch
[11.043s] -- Up-to-date: /home/chondosha/ros2_ws/install/turtlesim/share/turtlesim/launch/multisim.launch.py
[11.044s] -- Up-to-date: /home/chondosha/ros2_ws/install/turtlesim/share/ament_index/resource_index/package_run_dependencies/turtlesim
[11.047s] -- Up-to-date: /home/chondosha/ros2_ws/install/turtlesim/share/ament_index/resource_index/parent_prefix_path/turtlesim
[11.049s] -- Up-to-date: /home/chondosha/ros2_ws/install/turtlesim/share/turtlesim/environment/ament_prefix_path.sh
[11.052s] -- Up-to-date: /home/chondosha/ros2_ws/install/turtlesim/share/turtlesim/environment/ament_prefix_path.dsv
[11.056s] -- Up-to-date: /home/chondosha/ros2_ws/install/turtlesim/share/turtlesim/environment/path.sh
[11.057s] -- Up-to-date: /home/chondosha/ros2_ws/install/turtlesim/share/turtlesim/environment/path.dsv
[11.058s] -- Up-to-date: /home/chondosha/ros2_ws/install/turtlesim/share/turtlesim/local_setup.bash
[11.063s] -- Up-to-date: /home/chondosha/ros2_ws/install/turtlesim/share/turtlesim/local_setup.sh
[11.064s] -- Up-to-date: /home/chondosha/ros2_ws/install/turtlesim/share/turtlesim/local_setup.zsh
[11.065s] -- Up-to-date: /home/chondosha/ros2_ws/install/turtlesim/share/turtlesim/local_setup.dsv
[11.068s] -- Installing: /home/chondosha/ros2_ws/install/turtlesim/share/turtlesim/package.dsv
[11.069s] -- Up-to-date: /home/chondosha/ros2_ws/install/turtlesim/share/ament_index/resource_index/packages/turtlesim
[11.070s] -- Up-to-date: /home/chondosha/ros2_ws/install/turtlesim/share/turtlesim/cmake/export_turtlesim__rosidl_generator_cExport.cmake
[11.071s] -- Up-to-date: /home/chondosha/ros2_ws/install/turtlesim/share/turtlesim/cmake/export_turtlesim__rosidl_generator_cExport-noconfig.cmake
[11.076s] -- Up-to-date: /home/chondosha/ros2_ws/install/turtlesim/share/turtlesim/cmake/export_turtlesim__rosidl_typesupport_fastrtps_cExport.cmake
[11.079s] -- Up-to-date: /home/chondosha/ros2_ws/install/turtlesim/share/turtlesim/cmake/export_turtlesim__rosidl_typesupport_fastrtps_cExport-noconfig.cmake
[11.091s] -- Up-to-date: /home/chondosha/ros2_ws/install/turtlesim/share/turtlesim/cmake/export_turtlesim__rosidl_generator_cppExport.cmake
[11.100s] -- Up-to-date: /home/chondosha/ros2_ws/install/turtlesim/share/turtlesim/cmake/export_turtlesim__rosidl_typesupport_fastrtps_cppExport.cmake
[11.105s] -- Up-to-date: /home/chondosha/ros2_ws/install/turtlesim/share/turtlesim/cmake/export_turtlesim__rosidl_typesupport_fastrtps_cppExport-noconfig.cmake
[11.107s] -- Up-to-date: /home/chondosha/ros2_ws/install/turtlesim/share/turtlesim/cmake/turtlesim__rosidl_typesupport_introspection_cExport.cmake
[11.114s] -- Up-to-date: /home/chondosha/ros2_ws/install/turtlesim/share/turtlesim/cmake/turtlesim__rosidl_typesupport_introspection_cExport-noconfig.cmake
[11.115s] -- Up-to-date: /home/chondosha/ros2_ws/install/turtlesim/share/turtlesim/cmake/turtlesim__rosidl_typesupport_cExport.cmake
[11.117s] -- Up-to-date: /home/chondosha/ros2_ws/install/turtlesim/share/turtlesim/cmake/turtlesim__rosidl_typesupport_cExport-noconfig.cmake
[11.118s] -- Up-to-date: /home/chondosha/ros2_ws/install/turtlesim/share/turtlesim/cmake/turtlesim__rosidl_typesupport_introspection_cppExport.cmake
[11.119s] -- Up-to-date: /home/chondosha/ros2_ws/install/turtlesim/share/turtlesim/cmake/turtlesim__rosidl_typesupport_introspection_cppExport-noconfig.cmake
[11.121s] -- Up-to-date: /home/chondosha/ros2_ws/install/turtlesim/share/turtlesim/cmake/turtlesim__rosidl_typesupport_cppExport.cmake
[11.123s] -- Up-to-date: /home/chondosha/ros2_ws/install/turtlesim/share/turtlesim/cmake/turtlesim__rosidl_typesupport_cppExport-noconfig.cmake
[11.125s] -- Up-to-date: /home/chondosha/ros2_ws/install/turtlesim/share/turtlesim/cmake/export_turtlesim__rosidl_generator_pyExport.cmake
[11.126s] -- Up-to-date: /home/chondosha/ros2_ws/install/turtlesim/share/turtlesim/cmake/export_turtlesim__rosidl_generator_pyExport-noconfig.cmake
[11.127s] -- Up-to-date: /home/chondosha/ros2_ws/install/turtlesim/share/turtlesim/cmake/rosidl_cmake-extras.cmake
[11.128s] -- Up-to-date: /home/chondosha/ros2_ws/install/turtlesim/share/turtlesim/cmake/ament_cmake_export_dependencies-extras.cmake
[11.129s] -- Up-to-date: /home/chondosha/ros2_ws/install/turtlesim/share/turtlesim/cmake/ament_cmake_export_include_directories-extras.cmake
[11.130s] -- Up-to-date: /home/chondosha/ros2_ws/install/turtlesim/share/turtlesim/cmake/ament_cmake_export_libraries-extras.cmake
[11.130s] -- Up-to-date: /home/chondosha/ros2_ws/install/turtlesim/share/turtlesim/cmake/ament_cmake_export_targets-extras.cmake
[11.131s] -- Up-to-date: /home/chondosha/ros2_ws/install/turtlesim/share/turtlesim/cmake/rosidl_cmake_export_typesupport_targets-extras.cmake
[11.132s] -- Up-to-date: /home/chondosha/ros2_ws/install/turtlesim/share/turtlesim/cmake/rosidl_cmake_export_typesupport_libraries-extras.cmake
[11.134s] -- Up-to-date: /home/chondosha/ros2_ws/install/turtlesim/share/turtlesim/cmake/turtlesimConfig.cmake
[11.135s] -- Up-to-date: /home/chondosha/ros2_ws/install/turtlesim/share/turtlesim/cmake/turtlesimConfig-version.cmake
[11.136s] -- Up-to-date: /home/chondosha/ros2_ws/install/turtlesim/share/turtlesim/package.xml
[11.137s] Invoked command in '/home/chondosha/ros2_ws/build/turtlesim' returned '0': CMAKE_PREFIX_PATH=${CMAKE_PREFIX_PATH}:/opt/ros/jazzy:/home/chondosha/ros2_ws/install/my_package DEBUGINFOD_URLS=https://debuginfod.ubuntu.com /usr/bin/cmake --install /home/chondosha/ros2_ws/build/turtlesim
