[5.360s] Invoking command in '/home/chondosha/ros2_ws/src/my_package': DEBUGINFOD_URLS=https://debuginfod.ubuntu.com PYTHONPATH=/home/chondosha/ros2_ws/build/my_package/prefix_override:/usr/lib/python3/dist-packages/colcon_core/task/python/colcon_distutils_commands:/home/chondosha/ros2_ws/install/my_package/lib/python3.12/site-packages:${PYTHONPATH} /usr/bin/python3 -W ignore:setup.py install is deprecated setup.py egg_info --egg-base ../../build/my_package build --build-base /home/chondosha/ros2_ws/build/my_package/build install --record /home/chondosha/ros2_ws/build/my_package/install.log --single-version-externally-managed install_data
[6.708s] running egg_info
[6.809s] writing ../../build/my_package/my_package.egg-info/PKG-INFO
[6.810s] writing dependency_links to ../../build/my_package/my_package.egg-info/dependency_links.txt
[6.811s] writing entry points to ../../build/my_package/my_package.egg-info/entry_points.txt
[6.812s] writing requirements to ../../build/my_package/my_package.egg-info/requires.txt
[6.813s] writing top-level names to ../../build/my_package/my_package.egg-info/top_level.txt
[7.019s] reading manifest file '../../build/my_package/my_package.egg-info/SOURCES.txt'
[7.021s] adding license file 'LICENSE'
[7.023s] writing manifest file '../../build/my_package/my_package.egg-info/SOURCES.txt'
[7.024s] running build
[7.024s] running build_py
[7.027s] running install
[7.054s] running install_lib
[7.160s] running install_data
[7.161s] running install_egg_info
[7.273s] removing '/home/chondosha/ros2_ws/install/my_package/lib/python3.12/site-packages/my_package-0.0.0-py3.12.egg-info' (and everything under it)
[7.275s] Copying ../../build/my_package/my_package.egg-info to /home/chondosha/ros2_ws/install/my_package/lib/python3.12/site-packages/my_package-0.0.0-py3.12.egg-info
[7.281s] running install_scripts
[8.035s] Installing drone_publisher script to /home/chondosha/ros2_ws/install/my_package/lib/my_package
[8.037s] Installing mavsdk_node script to /home/chondosha/ros2_ws/install/my_package/lib/my_package
[8.038s] Installing my_node script to /home/chondosha/ros2_ws/install/my_package/lib/my_package
[8.041s] writing list of installed files to '/home/chondosha/ros2_ws/build/my_package/install.log'
[8.277s] Invoked command in '/home/chondosha/ros2_ws/src/my_package' returned '0': DEBUGINFOD_URLS=https://debuginfod.ubuntu.com PYTHONPATH=/home/chondosha/ros2_ws/build/my_package/prefix_override:/usr/lib/python3/dist-packages/colcon_core/task/python/colcon_distutils_commands:/home/chondosha/ros2_ws/install/my_package/lib/python3.12/site-packages:${PYTHONPATH} /usr/bin/python3 -W ignore:setup.py install is deprecated setup.py egg_info --egg-base ../../build/my_package build --build-base /home/chondosha/ros2_ws/build/my_package/build install --record /home/chondosha/ros2_ws/build/my_package/install.log --single-version-externally-managed install_data
