[9.849s] Invoking command in '/home/chondosha/ros2_ws/src/my_package': DEBUGINFOD_URLS=https://debuginfod.ubuntu.com PYTHONPATH=/home/chondosha/ros2_ws/build/my_package/prefix_override:/usr/lib/python3/dist-packages/colcon_core/task/python/colcon_distutils_commands:/home/chondosha/ros2_ws/install/my_package/lib/python3.12/site-packages:${PYTHONPATH} /usr/bin/python3 -W ignore:setup.py install is deprecated setup.py egg_info --egg-base ../../build/my_package build --build-base /home/chondosha/ros2_ws/build/my_package/build install --record /home/chondosha/ros2_ws/build/my_package/install.log --single-version-externally-managed install_data
[12.737s] running egg_info
[12.998s] writing ../../build/my_package/my_package.egg-info/PKG-INFO
[13.001s] writing dependency_links to ../../build/my_package/my_package.egg-info/dependency_links.txt
[13.002s] writing entry points to ../../build/my_package/my_package.egg-info/entry_points.txt
[13.003s] writing requirements to ../../build/my_package/my_package.egg-info/requires.txt
[13.004s] writing top-level names to ../../build/my_package/my_package.egg-info/top_level.txt
[13.481s] reading manifest file '../../build/my_package/my_package.egg-info/SOURCES.txt'
[13.483s] adding license file 'LICENSE'
[13.486s] writing manifest file '../../build/my_package/my_package.egg-info/SOURCES.txt'
[13.487s] running build
[13.488s] running build_py
[13.490s] running install
[13.526s] running install_lib
[13.771s] running install_data
[13.773s] running install_egg_info
[13.993s] removing '/home/chondosha/ros2_ws/install/my_package/lib/python3.12/site-packages/my_package-0.0.0-py3.12.egg-info' (and everything under it)
[13.996s] Copying ../../build/my_package/my_package.egg-info to /home/chondosha/ros2_ws/install/my_package/lib/python3.12/site-packages/my_package-0.0.0-py3.12.egg-info
[14.004s] running install_scripts
[15.511s] Installing drone_publisher script to /home/chondosha/ros2_ws/install/my_package/lib/my_package
[15.513s] Installing mavsdk_node script to /home/chondosha/ros2_ws/install/my_package/lib/my_package
[15.514s] Installing my_node script to /home/chondosha/ros2_ws/install/my_package/lib/my_package
[15.519s] writing list of installed files to '/home/chondosha/ros2_ws/build/my_package/install.log'
[15.829s] Invoked command in '/home/chondosha/ros2_ws/src/my_package' returned '0': DEBUGINFOD_URLS=https://debuginfod.ubuntu.com PYTHONPATH=/home/chondosha/ros2_ws/build/my_package/prefix_override:/usr/lib/python3/dist-packages/colcon_core/task/python/colcon_distutils_commands:/home/chondosha/ros2_ws/install/my_package/lib/python3.12/site-packages:${PYTHONPATH} /usr/bin/python3 -W ignore:setup.py install is deprecated setup.py egg_info --egg-base ../../build/my_package build --build-base /home/chondosha/ros2_ws/build/my_package/build install --record /home/chondosha/ros2_ws/build/my_package/install.log --single-version-externally-managed install_data
