[10.265s] Invoking command in '/home/chondosha/ros2_ws/src/my_package': DEBUGINFOD_URLS=https://debuginfod.ubuntu.com PYTHONPATH=/home/chondosha/ros2_ws/build/my_package/prefix_override:/usr/lib/python3/dist-packages/colcon_core/task/python/colcon_distutils_commands:/home/chondosha/ros2_ws/install/my_package/lib/python3.12/site-packages:${PYTHONPATH} /usr/bin/python3 -W ignore:setup.py install is deprecated setup.py egg_info --egg-base ../../build/my_package build --build-base /home/chondosha/ros2_ws/build/my_package/build install --record /home/chondosha/ros2_ws/build/my_package/install.log --single-version-externally-managed install_data
[13.049s] running egg_info
[13.308s] writing ../../build/my_package/my_package.egg-info/PKG-INFO
[13.309s] writing dependency_links to ../../build/my_package/my_package.egg-info/dependency_links.txt
[13.313s] writing entry points to ../../build/my_package/my_package.egg-info/entry_points.txt
[13.314s] writing requirements to ../../build/my_package/my_package.egg-info/requires.txt
[13.315s] writing top-level names to ../../build/my_package/my_package.egg-info/top_level.txt
[13.845s] reading manifest file '../../build/my_package/my_package.egg-info/SOURCES.txt'
[13.848s] adding license file 'LICENSE'
[13.851s] writing manifest file '../../build/my_package/my_package.egg-info/SOURCES.txt'
[13.854s] running build
[13.855s] running build_py
[13.858s] running install
[13.904s] running install_lib
[14.125s] running install_data
[14.127s] running install_egg_info
[14.352s] removing '/home/chondosha/ros2_ws/install/my_package/lib/python3.12/site-packages/my_package-0.0.0-py3.12.egg-info' (and everything under it)
[14.353s] Copying ../../build/my_package/my_package.egg-info to /home/chondosha/ros2_ws/install/my_package/lib/python3.12/site-packages/my_package-0.0.0-py3.12.egg-info
[14.363s] running install_scripts
[15.885s] Installing drone_publisher script to /home/chondosha/ros2_ws/install/my_package/lib/my_package
[15.891s] Installing mavsdk_node script to /home/chondosha/ros2_ws/install/my_package/lib/my_package
[15.898s] Installing my_node script to /home/chondosha/ros2_ws/install/my_package/lib/my_package
[15.903s] writing list of installed files to '/home/chondosha/ros2_ws/build/my_package/install.log'
[16.393s] Invoked command in '/home/chondosha/ros2_ws/src/my_package' returned '0': DEBUGINFOD_URLS=https://debuginfod.ubuntu.com PYTHONPATH=/home/chondosha/ros2_ws/build/my_package/prefix_override:/usr/lib/python3/dist-packages/colcon_core/task/python/colcon_distutils_commands:/home/chondosha/ros2_ws/install/my_package/lib/python3.12/site-packages:${PYTHONPATH} /usr/bin/python3 -W ignore:setup.py install is deprecated setup.py egg_info --egg-base ../../build/my_package build --build-base /home/chondosha/ros2_ws/build/my_package/build install --record /home/chondosha/ros2_ws/build/my_package/install.log --single-version-externally-managed install_data
