[10.230s] Invoking command in '/home/chondosha/ros2_ws/src/my_package': DEBUGINFOD_URLS=https://debuginfod.ubuntu.com PYTHONPATH=/home/chondosha/ros2_ws/build/my_package/prefix_override:/usr/lib/python3/dist-packages/colcon_core/task/python/colcon_distutils_commands:/home/chondosha/ros2_ws/install/my_package/lib/python3.12/site-packages:${PYTHONPATH} /usr/bin/python3 -W ignore:setup.py install is deprecated setup.py egg_info --egg-base ../../build/my_package build --build-base /home/chondosha/ros2_ws/build/my_package/build install --record /home/chondosha/ros2_ws/build/my_package/install.log --single-version-externally-managed install_data
[13.061s] running egg_info
[13.274s] writing ../../build/my_package/my_package.egg-info/PKG-INFO
[13.275s] writing dependency_links to ../../build/my_package/my_package.egg-info/dependency_links.txt
[13.278s] writing entry points to ../../build/my_package/my_package.egg-info/entry_points.txt
[13.279s] writing requirements to ../../build/my_package/my_package.egg-info/requires.txt
[13.280s] writing top-level names to ../../build/my_package/my_package.egg-info/top_level.txt
[13.725s] reading manifest file '../../build/my_package/my_package.egg-info/SOURCES.txt'
[13.729s] adding license file 'LICENSE'
[13.730s] writing manifest file '../../build/my_package/my_package.egg-info/SOURCES.txt'
[13.731s] running build
[13.732s] running build_py
[13.738s] running install
[13.790s] running install_lib
[14.043s] running install_data
[14.061s] running install_egg_info
[14.293s] removing '/home/chondosha/ros2_ws/install/my_package/lib/python3.12/site-packages/my_package-0.0.0-py3.12.egg-info' (and everything under it)
[14.294s] Copying ../../build/my_package/my_package.egg-info to /home/chondosha/ros2_ws/install/my_package/lib/python3.12/site-packages/my_package-0.0.0-py3.12.egg-info
[14.304s] running install_scripts
[15.834s] Installing drone_publisher script to /home/chondosha/ros2_ws/install/my_package/lib/my_package
[15.845s] Installing mavsdk_node script to /home/chondosha/ros2_ws/install/my_package/lib/my_package
[15.866s] Installing my_node script to /home/chondosha/ros2_ws/install/my_package/lib/my_package
[15.867s] writing list of installed files to '/home/chondosha/ros2_ws/build/my_package/install.log'
[16.150s] Invoked command in '/home/chondosha/ros2_ws/src/my_package' returned '0': DEBUGINFOD_URLS=https://debuginfod.ubuntu.com PYTHONPATH=/home/chondosha/ros2_ws/build/my_package/prefix_override:/usr/lib/python3/dist-packages/colcon_core/task/python/colcon_distutils_commands:/home/chondosha/ros2_ws/install/my_package/lib/python3.12/site-packages:${PYTHONPATH} /usr/bin/python3 -W ignore:setup.py install is deprecated setup.py egg_info --egg-base ../../build/my_package build --build-base /home/chondosha/ros2_ws/build/my_package/build install --record /home/chondosha/ros2_ws/build/my_package/install.log --single-version-externally-managed install_data
