[5.617s] Invoking command in '/home/chondosha/ros2_ws/src/my_package': DEBUGINFOD_URLS=https://debuginfod.ubuntu.com PYTHONPATH=/home/chondosha/ros2_ws/build/my_package/prefix_override:/usr/lib/python3/dist-packages/colcon_core/task/python/colcon_distutils_commands:/home/chondosha/ros2_ws/install/my_package/lib/python3.12/site-packages:${PYTHONPATH} /usr/bin/python3 -W ignore:setup.py install is deprecated setup.py egg_info --egg-base ../../build/my_package build --build-base /home/chondosha/ros2_ws/build/my_package/build install --record /home/chondosha/ros2_ws/build/my_package/install.log --single-version-externally-managed install_data
[7.633s] running egg_info
[7.634s] creating ../../build/my_package/my_package.egg-info
[7.762s] writing ../../build/my_package/my_package.egg-info/PKG-INFO
[7.764s] writing dependency_links to ../../build/my_package/my_package.egg-info/dependency_links.txt
[7.765s] writing entry points to ../../build/my_package/my_package.egg-info/entry_points.txt
[7.766s] writing requirements to ../../build/my_package/my_package.egg-info/requires.txt
[7.767s] writing top-level names to ../../build/my_package/my_package.egg-info/top_level.txt
[7.768s] writing manifest file '../../build/my_package/my_package.egg-info/SOURCES.txt'
[8.036s] reading manifest file '../../build/my_package/my_package.egg-info/SOURCES.txt'
[8.037s] adding license file 'LICENSE'
[8.039s] writing manifest file '../../build/my_package/my_package.egg-info/SOURCES.txt'
[8.040s] running build
[8.040s] running build_py
[8.041s] creating /home/chondosha/ros2_ws/build/my_package/build
[8.042s] creating /home/chondosha/ros2_ws/build/my_package/build/lib
[8.042s] creating /home/chondosha/ros2_ws/build/my_package/build/lib/my_package
[8.043s] copying my_package/__init__.py -> /home/chondosha/ros2_ws/build/my_package/build/lib/my_package
[8.043s] copying my_package/publisher_test.py -> /home/chondosha/ros2_ws/build/my_package/build/lib/my_package
[8.045s] copying my_package/mavsdk_test.py -> /home/chondosha/ros2_ws/build/my_package/build/lib/my_package
[8.047s] copying my_package/my_node.py -> /home/chondosha/ros2_ws/build/my_package/build/lib/my_package
[8.049s] running install
[8.084s] running install_lib
[8.225s] creating /home/chondosha/ros2_ws/install/my_package/lib/python3.12/site-packages/my_package
[8.226s] copying /home/chondosha/ros2_ws/build/my_package/build/lib/my_package/__init__.py -> /home/chondosha/ros2_ws/install/my_package/lib/python3.12/site-packages/my_package
[8.226s] copying /home/chondosha/ros2_ws/build/my_package/build/lib/my_package/publisher_test.py -> /home/chondosha/ros2_ws/install/my_package/lib/python3.12/site-packages/my_package
[8.227s] copying /home/chondosha/ros2_ws/build/my_package/build/lib/my_package/mavsdk_test.py -> /home/chondosha/ros2_ws/install/my_package/lib/python3.12/site-packages/my_package
[8.228s] copying /home/chondosha/ros2_ws/build/my_package/build/lib/my_package/my_node.py -> /home/chondosha/ros2_ws/install/my_package/lib/python3.12/site-packages/my_package
[8.231s] byte-compiling /home/chondosha/ros2_ws/install/my_package/lib/python3.12/site-packages/my_package/__init__.py to __init__.cpython-312.pyc
[8.232s] byte-compiling /home/chondosha/ros2_ws/install/my_package/lib/python3.12/site-packages/my_package/publisher_test.py to publisher_test.cpython-312.pyc
[8.235s] byte-compiling /home/chondosha/ros2_ws/install/my_package/lib/python3.12/site-packages/my_package/mavsdk_test.py to mavsdk_test.cpython-312.pyc
[8.238s] byte-compiling /home/chondosha/ros2_ws/install/my_package/lib/python3.12/site-packages/my_package/my_node.py to my_node.cpython-312.pyc
[8.239s] running install_data
[8.240s] creating /home/chondosha/ros2_ws/install/my_package/share/ament_index
[8.241s] creating /home/chondosha/ros2_ws/install/my_package/share/ament_index/resource_index
[8.241s] creating /home/chondosha/ros2_ws/install/my_package/share/ament_index/resource_index/packages
[8.242s] copying resource/my_package -> /home/chondosha/ros2_ws/install/my_package/share/ament_index/resource_index/packages
[8.243s] copying package.xml -> /home/chondosha/ros2_ws/install/my_package/share/my_package
[8.243s] copying launch/mavros.launch.py -> /home/chondosha/ros2_ws/install/my_package/share/my_package
[8.244s] creating /home/chondosha/ros2_ws/install/my_package/share/my_package/config
[8.245s] copying config/px4_config.yaml -> /home/chondosha/ros2_ws/install/my_package/share/my_package/config
[8.245s] running install_egg_info
[8.386s] Copying ../../build/my_package/my_package.egg-info to /home/chondosha/ros2_ws/install/my_package/lib/python3.12/site-packages/my_package-0.0.0-py3.12.egg-info
[8.403s] running install_scripts
[9.370s] Installing drone_publisher script to /home/chondosha/ros2_ws/install/my_package/lib/my_package
[9.371s] Installing mavsdk_node script to /home/chondosha/ros2_ws/install/my_package/lib/my_package
[9.372s] Installing my_node script to /home/chondosha/ros2_ws/install/my_package/lib/my_package
[9.374s] writing list of installed files to '/home/chondosha/ros2_ws/build/my_package/install.log'
[9.605s] Invoked command in '/home/chondosha/ros2_ws/src/my_package' returned '0': DEBUGINFOD_URLS=https://debuginfod.ubuntu.com PYTHONPATH=/home/chondosha/ros2_ws/build/my_package/prefix_override:/usr/lib/python3/dist-packages/colcon_core/task/python/colcon_distutils_commands:/home/chondosha/ros2_ws/install/my_package/lib/python3.12/site-packages:${PYTHONPATH} /usr/bin/python3 -W ignore:setup.py install is deprecated setup.py egg_info --egg-base ../../build/my_package build --build-base /home/chondosha/ros2_ws/build/my_package/build install --record /home/chondosha/ros2_ws/build/my_package/install.log --single-version-externally-managed install_data
