[5.159s] Invoking command in '/home/chondosha/ros2_ws/src/my_package': DEBUGINFOD_URLS=https://debuginfod.ubuntu.com PYTHONPATH=/home/chondosha/ros2_ws/build/my_package/prefix_override:/usr/lib/python3/dist-packages/colcon_core/task/python/colcon_distutils_commands:/home/chondosha/ros2_ws/install/my_package/lib/python3.12/site-packages:${PYTHONPATH} /usr/bin/python3 -W ignore:setup.py install is deprecated setup.py egg_info --egg-base ../../build/my_package build --build-base /home/chondosha/ros2_ws/build/my_package/build install --record /home/chondosha/ros2_ws/build/my_package/install.log --single-version-externally-managed install_data
[6.524s] running egg_info
[6.628s] writing ../../build/my_package/my_package.egg-info/PKG-INFO
[6.629s] writing dependency_links to ../../build/my_package/my_package.egg-info/dependency_links.txt
[6.631s] writing entry points to ../../build/my_package/my_package.egg-info/entry_points.txt
[6.631s] writing requirements to ../../build/my_package/my_package.egg-info/requires.txt
[6.632s] writing top-level names to ../../build/my_package/my_package.egg-info/top_level.txt
[6.847s] reading manifest file '../../build/my_package/my_package.egg-info/SOURCES.txt'
[6.849s] adding license file 'LICENSE'
[6.851s] writing manifest file '../../build/my_package/my_package.egg-info/SOURCES.txt'
[6.852s] running build
[6.853s] running build_py
[6.855s] running install
[6.881s] running install_lib
[6.989s] running install_data
[6.990s] running install_egg_info
[7.098s] removing '/home/chondosha/ros2_ws/install/my_package/lib/python3.12/site-packages/my_package-0.0.0-py3.12.egg-info' (and everything under it)
[7.100s] Copying ../../build/my_package/my_package.egg-info to /home/chondosha/ros2_ws/install/my_package/lib/python3.12/site-packages/my_package-0.0.0-py3.12.egg-info
[7.105s] running install_scripts
[7.854s] Installing drone_publisher script to /home/chondosha/ros2_ws/install/my_package/lib/my_package
[7.855s] Installing mavsdk_node script to /home/chondosha/ros2_ws/install/my_package/lib/my_package
[7.859s] Installing my_node script to /home/chondosha/ros2_ws/install/my_package/lib/my_package
[7.860s] writing list of installed files to '/home/chondosha/ros2_ws/build/my_package/install.log'
[8.080s] Invoked command in '/home/chondosha/ros2_ws/src/my_package' returned '0': DEBUGINFOD_URLS=https://debuginfod.ubuntu.com PYTHONPATH=/home/chondosha/ros2_ws/build/my_package/prefix_override:/usr/lib/python3/dist-packages/colcon_core/task/python/colcon_distutils_commands:/home/chondosha/ros2_ws/install/my_package/lib/python3.12/site-packages:${PYTHONPATH} /usr/bin/python3 -W ignore:setup.py install is deprecated setup.py egg_info --egg-base ../../build/my_package build --build-base /home/chondosha/ros2_ws/build/my_package/build install --record /home/chondosha/ros2_ws/build/my_package/install.log --single-version-externally-managed install_data
