[10.282s] Invoking command in '/home/chondosha/ros2_ws/src/my_package': DEBUGINFOD_URLS=https://debuginfod.ubuntu.com PYTHONPATH=/home/chondosha/ros2_ws/build/my_package/prefix_override:/usr/lib/python3/dist-packages/colcon_core/task/python/colcon_distutils_commands:/home/chondosha/ros2_ws/install/my_package/lib/python3.12/site-packages:${PYTHONPATH} /usr/bin/python3 -W ignore:setup.py install is deprecated setup.py egg_info --egg-base ../../build/my_package build --build-base /home/chondosha/ros2_ws/build/my_package/build install --record /home/chondosha/ros2_ws/build/my_package/install.log --single-version-externally-managed install_data
[13.747s] running egg_info
[14.019s] writing ../../build/my_package/my_package.egg-info/PKG-INFO
[14.021s] writing dependency_links to ../../build/my_package/my_package.egg-info/dependency_links.txt
[14.023s] writing entry points to ../../build/my_package/my_package.egg-info/entry_points.txt
[14.024s] writing requirements to ../../build/my_package/my_package.egg-info/requires.txt
[14.025s] writing top-level names to ../../build/my_package/my_package.egg-info/top_level.txt
[14.545s] reading manifest file '../../build/my_package/my_package.egg-info/SOURCES.txt'
[14.548s] adding license file 'LICENSE'
[14.552s] writing manifest file '../../build/my_package/my_package.egg-info/SOURCES.txt'
[14.553s] running build
[14.553s] running build_py
[14.555s] copying my_package/drone_test.py -> /home/chondosha/ros2_ws/build/my_package/build/lib/my_package
[14.559s] running install
[14.595s] running install_lib
[14.875s] copying /home/chondosha/ros2_ws/build/my_package/build/lib/my_package/drone_test.py -> /home/chondosha/ros2_ws/install/my_package/lib/python3.12/site-packages/my_package
[14.879s] byte-compiling /home/chondosha/ros2_ws/install/my_package/lib/python3.12/site-packages/my_package/drone_test.py to drone_test.cpython-312.pyc
[14.884s] running install_data
[14.885s] running install_egg_info
[15.132s] removing '/home/chondosha/ros2_ws/install/my_package/lib/python3.12/site-packages/my_package-0.0.0-py3.12.egg-info' (and everything under it)
[15.134s] Copying ../../build/my_package/my_package.egg-info to /home/chondosha/ros2_ws/install/my_package/lib/python3.12/site-packages/my_package-0.0.0-py3.12.egg-info
[15.142s] running install_scripts
[16.494s] Installing drone_publisher script to /home/chondosha/ros2_ws/install/my_package/lib/my_package
[16.495s] Installing mavsdk_node script to /home/chondosha/ros2_ws/install/my_package/lib/my_package
[16.495s] Installing my_node script to /home/chondosha/ros2_ws/install/my_package/lib/my_package
[16.500s] writing list of installed files to '/home/chondosha/ros2_ws/build/my_package/install.log'
[16.758s] Invoked command in '/home/chondosha/ros2_ws/src/my_package' returned '0': DEBUGINFOD_URLS=https://debuginfod.ubuntu.com PYTHONPATH=/home/chondosha/ros2_ws/build/my_package/prefix_override:/usr/lib/python3/dist-packages/colcon_core/task/python/colcon_distutils_commands:/home/chondosha/ros2_ws/install/my_package/lib/python3.12/site-packages:${PYTHONPATH} /usr/bin/python3 -W ignore:setup.py install is deprecated setup.py egg_info --egg-base ../../build/my_package build --build-base /home/chondosha/ros2_ws/build/my_package/build install --record /home/chondosha/ros2_ws/build/my_package/install.log --single-version-externally-managed install_data
