[10.242s] Invoking command in '/home/chondosha/ros2_ws/src/cs1651_drone': DEBUGINFOD_URLS=https://debuginfod.ubuntu.com PYTHONPATH=/home/chondosha/ros2_ws/build/cs1651_drone/prefix_override:/usr/lib/python3/dist-packages/colcon_core/task/python/colcon_distutils_commands:/home/chondosha/ros2_ws/install/cs1651_drone/lib/python3.12/site-packages:${PYTHONPATH} /usr/bin/python3 -W ignore:setup.py install is deprecated setup.py egg_info --egg-base ../../build/cs1651_drone build --build-base /home/chondosha/ros2_ws/build/cs1651_drone/build install --record /home/chondosha/ros2_ws/build/cs1651_drone/install.log --single-version-externally-managed install_data
[12.935s] running egg_info
[13.152s] writing ../../build/cs1651_drone/cs1651_drone.egg-info/PKG-INFO
[13.154s] writing dependency_links to ../../build/cs1651_drone/cs1651_drone.egg-info/dependency_links.txt
[13.157s] writing entry points to ../../build/cs1651_drone/cs1651_drone.egg-info/entry_points.txt
[13.158s] writing requirements to ../../build/cs1651_drone/cs1651_drone.egg-info/requires.txt
[13.159s] writing top-level names to ../../build/cs1651_drone/cs1651_drone.egg-info/top_level.txt
[13.583s] reading manifest file '../../build/cs1651_drone/cs1651_drone.egg-info/SOURCES.txt'
[13.585s] adding license file 'LICENSE'
[13.588s] writing manifest file '../../build/cs1651_drone/cs1651_drone.egg-info/SOURCES.txt'
[13.589s] running build
[13.590s] running build_py
[13.591s] copying cs1651_drone/drone_node.py -> /home/chondosha/ros2_ws/build/cs1651_drone/build/lib/cs1651_drone
[13.595s] running install
[13.635s] running install_lib
[13.878s] copying /home/chondosha/ros2_ws/build/cs1651_drone/build/lib/cs1651_drone/drone_node.py -> /home/chondosha/ros2_ws/install/cs1651_drone/lib/python3.12/site-packages/cs1651_drone
[13.882s] byte-compiling /home/chondosha/ros2_ws/install/cs1651_drone/lib/python3.12/site-packages/cs1651_drone/drone_node.py to drone_node.cpython-312.pyc
[13.897s] running install_data
[13.898s] running install_egg_info
[14.118s] removing '/home/chondosha/ros2_ws/install/cs1651_drone/lib/python3.12/site-packages/cs1651_drone-0.0.0-py3.12.egg-info' (and everything under it)
[14.119s] Copying ../../build/cs1651_drone/cs1651_drone.egg-info to /home/chondosha/ros2_ws/install/cs1651_drone/lib/python3.12/site-packages/cs1651_drone-0.0.0-py3.12.egg-info
[14.128s] running install_scripts
[15.715s] Installing blob_node script to /home/chondosha/ros2_ws/install/cs1651_drone/lib/cs1651_drone
[15.717s] Installing camera_node script to /home/chondosha/ros2_ws/install/cs1651_drone/lib/cs1651_drone
[15.718s] Installing control_node script to /home/chondosha/ros2_ws/install/cs1651_drone/lib/cs1651_drone
[15.719s] Installing drone_listener script to /home/chondosha/ros2_ws/install/cs1651_drone/lib/cs1651_drone
[15.720s] Installing drone_node script to /home/chondosha/ros2_ws/install/cs1651_drone/lib/cs1651_drone
[15.726s] Installing drone_takeoff_test script to /home/chondosha/ros2_ws/install/cs1651_drone/lib/cs1651_drone
[15.728s] writing list of installed files to '/home/chondosha/ros2_ws/build/cs1651_drone/install.log'
[15.997s] Invoked command in '/home/chondosha/ros2_ws/src/cs1651_drone' returned '0': DEBUGINFOD_URLS=https://debuginfod.ubuntu.com PYTHONPATH=/home/chondosha/ros2_ws/build/cs1651_drone/prefix_override:/usr/lib/python3/dist-packages/colcon_core/task/python/colcon_distutils_commands:/home/chondosha/ros2_ws/install/cs1651_drone/lib/python3.12/site-packages:${PYTHONPATH} /usr/bin/python3 -W ignore:setup.py install is deprecated setup.py egg_info --egg-base ../../build/cs1651_drone build --build-base /home/chondosha/ros2_ws/build/cs1651_drone/build install --record /home/chondosha/ros2_ws/build/cs1651_drone/install.log --single-version-externally-managed install_data
