[6.805s] Invoking command in '/home/chondosha/ros2_ws/src/my_package': DEBUGINFOD_URLS=https://debuginfod.ubuntu.com PYTHONPATH=/home/chondosha/ros2_ws/build/my_package/prefix_override:/usr/lib/python3/dist-packages/colcon_core/task/python/colcon_distutils_commands:/home/chondosha/ros2_ws/install/my_package/lib/python3.12/site-packages:${PYTHONPATH} /usr/bin/python3 -W ignore:setup.py install is deprecated setup.py egg_info --egg-base ../../build/my_package build --build-base /home/chondosha/ros2_ws/build/my_package/build install --record /home/chondosha/ros2_ws/build/my_package/install.log --single-version-externally-managed install_data
[8.637s] running egg_info
[8.782s] writing ../../build/my_package/my_package.egg-info/PKG-INFO
[8.786s] writing dependency_links to ../../build/my_package/my_package.egg-info/dependency_links.txt
[8.788s] writing entry points to ../../build/my_package/my_package.egg-info/entry_points.txt
[8.789s] writing requirements to ../../build/my_package/my_package.egg-info/requires.txt
[8.796s] writing top-level names to ../../build/my_package/my_package.egg-info/top_level.txt
[9.102s] reading manifest file '../../build/my_package/my_package.egg-info/SOURCES.txt'
[9.104s] adding license file 'LICENSE'
[9.107s] writing manifest file '../../build/my_package/my_package.egg-info/SOURCES.txt'
[9.108s] running build
[9.108s] running build_py
[9.111s] running install
[9.145s] running install_lib
[9.298s] running install_data
[9.299s] running install_egg_info
[9.458s] removing '/home/chondosha/ros2_ws/install/my_package/lib/python3.12/site-packages/my_package-0.0.0-py3.12.egg-info' (and everything under it)
[9.460s] Copying ../../build/my_package/my_package.egg-info to /home/chondosha/ros2_ws/install/my_package/lib/python3.12/site-packages/my_package-0.0.0-py3.12.egg-info
[9.468s] running install_scripts
[10.485s] Installing drone_publisher script to /home/chondosha/ros2_ws/install/my_package/lib/my_package
[10.486s] Installing mavsdk_node script to /home/chondosha/ros2_ws/install/my_package/lib/my_package
[10.488s] Installing my_node script to /home/chondosha/ros2_ws/install/my_package/lib/my_package
[10.489s] writing list of installed files to '/home/chondosha/ros2_ws/build/my_package/install.log'
[10.753s] Invoked command in '/home/chondosha/ros2_ws/src/my_package' returned '0': DEBUGINFOD_URLS=https://debuginfod.ubuntu.com PYTHONPATH=/home/chondosha/ros2_ws/build/my_package/prefix_override:/usr/lib/python3/dist-packages/colcon_core/task/python/colcon_distutils_commands:/home/chondosha/ros2_ws/install/my_package/lib/python3.12/site-packages:${PYTHONPATH} /usr/bin/python3 -W ignore:setup.py install is deprecated setup.py egg_info --egg-base ../../build/my_package build --build-base /home/chondosha/ros2_ws/build/my_package/build install --record /home/chondosha/ros2_ws/build/my_package/install.log --single-version-externally-managed install_data
