[7.214s] Invoking command in '/home/chondosha/ros2_ws/src/my_package': DEBUGINFOD_URLS=https://debuginfod.ubuntu.com PYTHONPATH=/home/chondosha/ros2_ws/build/my_package/prefix_override:/usr/lib/python3/dist-packages/colcon_core/task/python/colcon_distutils_commands:/home/chondosha/ros2_ws/install/my_package/lib/python3.12/site-packages:${PYTHONPATH} /usr/bin/python3 -W ignore:setup.py install is deprecated setup.py egg_info --egg-base ../../build/my_package build --build-base /home/chondosha/ros2_ws/build/my_package/build install --record /home/chondosha/ros2_ws/build/my_package/install.log --single-version-externally-managed install_data
[9.321s] running egg_info
[9.477s] writing ../../build/my_package/my_package.egg-info/PKG-INFO
[9.479s] writing dependency_links to ../../build/my_package/my_package.egg-info/dependency_links.txt
[9.481s] writing entry points to ../../build/my_package/my_package.egg-info/entry_points.txt
[9.482s] writing requirements to ../../build/my_package/my_package.egg-info/requires.txt
[9.484s] writing top-level names to ../../build/my_package/my_package.egg-info/top_level.txt
[9.854s] reading manifest file '../../build/my_package/my_package.egg-info/SOURCES.txt'
[9.857s] adding license file 'LICENSE'
[9.861s] writing manifest file '../../build/my_package/my_package.egg-info/SOURCES.txt'
[9.862s] running build
[9.862s] running build_py
[9.864s] running install
[9.897s] running install_lib
[10.065s] running install_data
[10.066s] running install_egg_info
[10.250s] removing '/home/chondosha/ros2_ws/install/my_package/lib/python3.12/site-packages/my_package-0.0.0-py3.12.egg-info' (and everything under it)
[10.253s] Copying ../../build/my_package/my_package.egg-info to /home/chondosha/ros2_ws/install/my_package/lib/python3.12/site-packages/my_package-0.0.0-py3.12.egg-info
[10.267s] running install_scripts
[11.504s] Installing drone_publisher script to /home/chondosha/ros2_ws/install/my_package/lib/my_package
[11.506s] Installing mavsdk_node script to /home/chondosha/ros2_ws/install/my_package/lib/my_package
[11.508s] Installing my_node script to /home/chondosha/ros2_ws/install/my_package/lib/my_package
[11.510s] writing list of installed files to '/home/chondosha/ros2_ws/build/my_package/install.log'
[11.690s] Invoked command in '/home/chondosha/ros2_ws/src/my_package' returned '0': DEBUGINFOD_URLS=https://debuginfod.ubuntu.com PYTHONPATH=/home/chondosha/ros2_ws/build/my_package/prefix_override:/usr/lib/python3/dist-packages/colcon_core/task/python/colcon_distutils_commands:/home/chondosha/ros2_ws/install/my_package/lib/python3.12/site-packages:${PYTHONPATH} /usr/bin/python3 -W ignore:setup.py install is deprecated setup.py egg_info --egg-base ../../build/my_package build --build-base /home/chondosha/ros2_ws/build/my_package/build install --record /home/chondosha/ros2_ws/build/my_package/install.log --single-version-externally-managed install_data
