[0.649s] DEBUG:colcon:Command line arguments: ['/usr/bin/colcon', 'build']
[0.649s] DEBUG:colcon:Parsed command line arguments: Namespace(log_base=None, log_level=None, verb_name='build', build_base='build', install_base='install', merge_install=False, symlink_install=False, test_result_base=None, continue_on_error=False, executor='parallel', parallel_workers=4, event_handlers=None, ignore_user_meta=False, metas=['./colcon.meta'], base_paths=['.'], packages_ignore=None, packages_ignore_regex=None, paths=None, packages_up_to=None, packages_up_to_regex=None, packages_above=None, packages_above_and_dependencies=None, packages_above_depth=None, packages_select_by_dep=None, packages_skip_by_dep=None, packages_skip_up_to=None, packages_select_build_failed=False, packages_skip_build_finished=False, packages_select_test_failures=False, packages_skip_test_passed=False, packages_select=None, packages_skip=None, packages_select_regex=None, packages_skip_regex=None, packages_start=None, packages_end=None, allow_overriding=[], cmake_args=None, cmake_target=None, cmake_target_skip_unavailable=False, cmake_clean_cache=False, cmake_clean_first=False, cmake_force_configure=False, ament_cmake_args=None, catkin_cmake_args=None, catkin_skip_building_tests=False, mixin_files=None, mixin=None, verb_parser=<colcon_mixin.mixin.mixin_argument.MixinArgumentDecorator object at 0xffff827772f0>, verb_extension=<colcon_core.verb.build.BuildVerb object at 0xffff8289a1e0>, main=<bound method BuildVerb.main of <colcon_core.verb.build.BuildVerb object at 0xffff8289a1e0>>, mixin_verb=('build',))
[0.879s] Level 1:colcon.colcon_core.package_discovery:discover_packages(colcon_meta) check parameters
[0.879s] Level 1:colcon.colcon_core.package_discovery:discover_packages(recursive) check parameters
[0.895s] Level 1:colcon.colcon_core.package_discovery:discover_packages(ignore) check parameters
[0.895s] Level 1:colcon.colcon_core.package_discovery:discover_packages(path) check parameters
[0.895s] Level 1:colcon.colcon_core.package_discovery:discover_packages(colcon_meta) discover
[0.896s] Level 1:colcon.colcon_core.package_discovery:discover_packages(recursive) discover
[0.896s] INFO:colcon.colcon_core.package_discovery:Crawling recursively for packages in '/home/chondosha/ros2_ws'
[0.897s] Level 1:colcon.colcon_core.package_identification:_identify(.) by extensions ['ignore', 'ignore_ament_install']
[0.897s] Level 1:colcon.colcon_core.package_identification:_identify(.) by extension 'ignore'
[0.898s] Level 1:colcon.colcon_core.package_identification:_identify(.) by extension 'ignore_ament_install'
[0.898s] Level 1:colcon.colcon_core.package_identification:_identify(.) by extensions ['colcon_pkg']
[0.899s] Level 1:colcon.colcon_core.package_identification:_identify(.) by extension 'colcon_pkg'
[0.899s] Level 1:colcon.colcon_core.package_identification:_identify(.) by extensions ['colcon_meta']
[0.899s] Level 1:colcon.colcon_core.package_identification:_identify(.) by extension 'colcon_meta'
[0.899s] Level 1:colcon.colcon_core.package_identification:_identify(.) by extensions ['ros']
[0.900s] Level 1:colcon.colcon_core.package_identification:_identify(.) by extension 'ros'
[1.039s] Level 1:colcon.colcon_core.package_identification:_identify(.) by extensions ['cmake', 'python']
[1.040s] Level 1:colcon.colcon_core.package_identification:_identify(.) by extension 'cmake'
[1.040s] Level 1:colcon.colcon_core.package_identification:_identify(.) by extension 'python'
[1.040s] Level 1:colcon.colcon_core.package_identification:_identify(.) by extensions ['python_setup_py']
[1.040s] Level 1:colcon.colcon_core.package_identification:_identify(.) by extension 'python_setup_py'
[1.041s] Level 1:colcon.colcon_core.package_identification:_identify(build) by extensions ['ignore', 'ignore_ament_install']
[1.042s] Level 1:colcon.colcon_core.package_identification:_identify(build) by extension 'ignore'
[1.042s] Level 1:colcon.colcon_core.package_identification:_identify(build) ignored
[1.043s] Level 1:colcon.colcon_core.package_identification:_identify(install) by extensions ['ignore', 'ignore_ament_install']
[1.044s] Level 1:colcon.colcon_core.package_identification:_identify(install) by extension 'ignore'
[1.044s] Level 1:colcon.colcon_core.package_identification:_identify(install) ignored
[1.046s] Level 1:colcon.colcon_core.package_identification:_identify(log) by extensions ['ignore', 'ignore_ament_install']
[1.047s] Level 1:colcon.colcon_core.package_identification:_identify(log) by extension 'ignore'
[1.047s] Level 1:colcon.colcon_core.package_identification:_identify(log) ignored
[1.047s] Level 1:colcon.colcon_core.package_identification:_identify(src) by extensions ['ignore', 'ignore_ament_install']
[1.048s] Level 1:colcon.colcon_core.package_identification:_identify(src) by extension 'ignore'
[1.048s] Level 1:colcon.colcon_core.package_identification:_identify(src) by extension 'ignore_ament_install'
[1.049s] Level 1:colcon.colcon_core.package_identification:_identify(src) by extensions ['colcon_pkg']
[1.049s] Level 1:colcon.colcon_core.package_identification:_identify(src) by extension 'colcon_pkg'
[1.049s] Level 1:colcon.colcon_core.package_identification:_identify(src) by extensions ['colcon_meta']
[1.049s] Level 1:colcon.colcon_core.package_identification:_identify(src) by extension 'colcon_meta'
[1.049s] Level 1:colcon.colcon_core.package_identification:_identify(src) by extensions ['ros']
[1.050s] Level 1:colcon.colcon_core.package_identification:_identify(src) by extension 'ros'
[1.050s] Level 1:colcon.colcon_core.package_identification:_identify(src) by extensions ['cmake', 'python']
[1.050s] Level 1:colcon.colcon_core.package_identification:_identify(src) by extension 'cmake'
[1.051s] Level 1:colcon.colcon_core.package_identification:_identify(src) by extension 'python'
[1.051s] Level 1:colcon.colcon_core.package_identification:_identify(src) by extensions ['python_setup_py']
[1.051s] Level 1:colcon.colcon_core.package_identification:_identify(src) by extension 'python_setup_py'
[1.052s] Level 1:colcon.colcon_core.package_identification:_identify(src/cs1651_drone) by extensions ['ignore', 'ignore_ament_install']
[1.053s] Level 1:colcon.colcon_core.package_identification:_identify(src/cs1651_drone) by extension 'ignore'
[1.053s] Level 1:colcon.colcon_core.package_identification:_identify(src/cs1651_drone) by extension 'ignore_ament_install'
[1.053s] Level 1:colcon.colcon_core.package_identification:_identify(src/cs1651_drone) by extensions ['colcon_pkg']
[1.054s] Level 1:colcon.colcon_core.package_identification:_identify(src/cs1651_drone) by extension 'colcon_pkg'
[1.054s] Level 1:colcon.colcon_core.package_identification:_identify(src/cs1651_drone) by extensions ['colcon_meta']
[1.054s] Level 1:colcon.colcon_core.package_identification:_identify(src/cs1651_drone) by extension 'colcon_meta'
[1.054s] Level 1:colcon.colcon_core.package_identification:_identify(src/cs1651_drone) by extensions ['ros']
[1.054s] Level 1:colcon.colcon_core.package_identification:_identify(src/cs1651_drone) by extension 'ros'
[1.065s] DEBUG:colcon.colcon_core.package_identification:Package 'src/cs1651_drone' with type 'ros.ament_python' and name 'cs1651_drone'
[1.066s] Level 1:colcon.colcon_core.package_identification:_identify(src/my_package) by extensions ['ignore', 'ignore_ament_install']
[1.067s] Level 1:colcon.colcon_core.package_identification:_identify(src/my_package) by extension 'ignore'
[1.067s] Level 1:colcon.colcon_core.package_identification:_identify(src/my_package) by extension 'ignore_ament_install'
[1.068s] Level 1:colcon.colcon_core.package_identification:_identify(src/my_package) by extensions ['colcon_pkg']
[1.068s] Level 1:colcon.colcon_core.package_identification:_identify(src/my_package) by extension 'colcon_pkg'
[1.068s] Level 1:colcon.colcon_core.package_identification:_identify(src/my_package) by extensions ['colcon_meta']
[1.068s] Level 1:colcon.colcon_core.package_identification:_identify(src/my_package) by extension 'colcon_meta'
[1.069s] Level 1:colcon.colcon_core.package_identification:_identify(src/my_package) by extensions ['ros']
[1.069s] Level 1:colcon.colcon_core.package_identification:_identify(src/my_package) by extension 'ros'
[1.071s] DEBUG:colcon.colcon_core.package_identification:Package 'src/my_package' with type 'ros.ament_python' and name 'my_package'
[1.072s] Level 1:colcon.colcon_core.package_identification:_identify(venv) by extensions ['ignore', 'ignore_ament_install']
[1.073s] Level 1:colcon.colcon_core.package_identification:_identify(venv) by extension 'ignore'
[1.073s] Level 1:colcon.colcon_core.package_identification:_identify(venv) ignored
[1.073s] Level 1:colcon.colcon_core.package_discovery:discover_packages(recursive) using defaults
[1.074s] Level 1:colcon.colcon_core.package_discovery:discover_packages(ignore) discover
[1.074s] Level 1:colcon.colcon_core.package_discovery:discover_packages(ignore) using defaults
[1.074s] Level 1:colcon.colcon_core.package_discovery:discover_packages(path) discover
[1.074s] Level 1:colcon.colcon_core.package_discovery:discover_packages(path) using defaults
[1.167s] Level 1:colcon.colcon_core.package_discovery:discover_packages(prefix_path) check parameters
[1.282s] Level 1:colcon.colcon_core.package_discovery:discover_packages(prefix_path) discover
[1.293s] DEBUG:colcon.colcon_installed_package_information.package_discovery:Found 3 installed packages in /home/chondosha/ros2_ws/install
[1.305s] DEBUG:colcon.colcon_installed_package_information.package_discovery:Found 298 installed packages in /opt/ros/jazzy
[1.311s] Level 1:colcon.colcon_core.package_discovery:discover_packages(prefix_path) using defaults
[1.624s] Level 5:colcon.colcon_core.verb:set package 'cs1651_drone' build argument 'cmake_args' from command line to 'None'
[1.624s] Level 5:colcon.colcon_core.verb:set package 'cs1651_drone' build argument 'cmake_target' from command line to 'None'
[1.625s] Level 5:colcon.colcon_core.verb:set package 'cs1651_drone' build argument 'cmake_target_skip_unavailable' from command line to 'False'
[1.625s] Level 5:colcon.colcon_core.verb:set package 'cs1651_drone' build argument 'cmake_clean_cache' from command line to 'False'
[1.625s] Level 5:colcon.colcon_core.verb:set package 'cs1651_drone' build argument 'cmake_clean_first' from command line to 'False'
[1.625s] Level 5:colcon.colcon_core.verb:set package 'cs1651_drone' build argument 'cmake_force_configure' from command line to 'False'
[1.625s] Level 5:colcon.colcon_core.verb:set package 'cs1651_drone' build argument 'ament_cmake_args' from command line to 'None'
[1.625s] Level 5:colcon.colcon_core.verb:set package 'cs1651_drone' build argument 'catkin_cmake_args' from command line to 'None'
[1.626s] Level 5:colcon.colcon_core.verb:set package 'cs1651_drone' build argument 'catkin_skip_building_tests' from command line to 'False'
[1.626s] DEBUG:colcon.colcon_core.verb:Building package 'cs1651_drone' with the following arguments: {'ament_cmake_args': None, 'build_base': '/home/chondosha/ros2_ws/build/cs1651_drone', 'catkin_cmake_args': None, 'catkin_skip_building_tests': False, 'cmake_args': None, 'cmake_clean_cache': False, 'cmake_clean_first': False, 'cmake_force_configure': False, 'cmake_target': None, 'cmake_target_skip_unavailable': False, 'install_base': '/home/chondosha/ros2_ws/install/cs1651_drone', 'merge_install': False, 'path': '/home/chondosha/ros2_ws/src/cs1651_drone', 'symlink_install': False, 'test_result_base': None}
[1.627s] Level 5:colcon.colcon_core.verb:set package 'my_package' build argument 'cmake_args' from command line to 'None'
[1.628s] Level 5:colcon.colcon_core.verb:set package 'my_package' build argument 'cmake_target' from command line to 'None'
[1.628s] Level 5:colcon.colcon_core.verb:set package 'my_package' build argument 'cmake_target_skip_unavailable' from command line to 'False'
[1.628s] Level 5:colcon.colcon_core.verb:set package 'my_package' build argument 'cmake_clean_cache' from command line to 'False'
[1.628s] Level 5:colcon.colcon_core.verb:set package 'my_package' build argument 'cmake_clean_first' from command line to 'False'
[1.628s] Level 5:colcon.colcon_core.verb:set package 'my_package' build argument 'cmake_force_configure' from command line to 'False'
[1.628s] Level 5:colcon.colcon_core.verb:set package 'my_package' build argument 'ament_cmake_args' from command line to 'None'
[1.628s] Level 5:colcon.colcon_core.verb:set package 'my_package' build argument 'catkin_cmake_args' from command line to 'None'
[1.629s] Level 5:colcon.colcon_core.verb:set package 'my_package' build argument 'catkin_skip_building_tests' from command line to 'False'
[1.629s] DEBUG:colcon.colcon_core.verb:Building package 'my_package' with the following arguments: {'ament_cmake_args': None, 'build_base': '/home/chondosha/ros2_ws/build/my_package', 'catkin_cmake_args': None, 'catkin_skip_building_tests': False, 'cmake_args': None, 'cmake_clean_cache': False, 'cmake_clean_first': False, 'cmake_force_configure': False, 'cmake_target': None, 'cmake_target_skip_unavailable': False, 'install_base': '/home/chondosha/ros2_ws/install/my_package', 'merge_install': False, 'path': '/home/chondosha/ros2_ws/src/my_package', 'symlink_install': False, 'test_result_base': None}
[1.629s] INFO:colcon.colcon_core.executor:Executing jobs using 'parallel' executor
[1.633s] DEBUG:colcon.colcon_parallel_executor.executor.parallel:run_until_complete
[1.635s] INFO:colcon.colcon_ros.task.ament_python.build:Building ROS package in '/home/chondosha/ros2_ws/src/cs1651_drone' with build type 'ament_python'
[1.636s] Level 1:colcon.colcon_core.shell:create_environment_hook('cs1651_drone', 'ament_prefix_path')
[1.650s] INFO:colcon.colcon_core.plugin_system:Skipping extension 'colcon_core.shell.bat': Not used on non-Windows systems
[1.654s] INFO:colcon.colcon_core.shell:Creating environment hook '/home/chondosha/ros2_ws/install/cs1651_drone/share/cs1651_drone/hook/ament_prefix_path.ps1'
[1.667s] INFO:colcon.colcon_core.shell:Creating environment descriptor '/home/chondosha/ros2_ws/install/cs1651_drone/share/cs1651_drone/hook/ament_prefix_path.dsv'
[1.682s] INFO:colcon.colcon_core.shell:Creating environment hook '/home/chondosha/ros2_ws/install/cs1651_drone/share/cs1651_drone/hook/ament_prefix_path.sh'
[1.698s] INFO:colcon.colcon_core.shell:Skip shell extension 'powershell' for command environment: Not usable outside of PowerShell
[1.698s] DEBUG:colcon.colcon_core.shell:Skip shell extension 'dsv' for command environment
[1.740s] INFO:colcon.colcon_ros.task.ament_python.build:Building ROS package in '/home/chondosha/ros2_ws/src/my_package' with build type 'ament_python'
[1.740s] Level 1:colcon.colcon_core.shell:create_environment_hook('my_package', 'ament_prefix_path')
[1.742s] INFO:colcon.colcon_core.shell:Creating environment hook '/home/chondosha/ros2_ws/install/my_package/share/my_package/hook/ament_prefix_path.ps1'
[1.751s] INFO:colcon.colcon_core.shell:Creating environment descriptor '/home/chondosha/ros2_ws/install/my_package/share/my_package/hook/ament_prefix_path.dsv'
[1.767s] INFO:colcon.colcon_core.shell:Creating environment hook '/home/chondosha/ros2_ws/install/my_package/share/my_package/hook/ament_prefix_path.sh'
[1.783s] INFO:colcon.colcon_core.shell:Skip shell extension 'powershell' for command environment: Not usable outside of PowerShell
[1.784s] DEBUG:colcon.colcon_core.shell:Skip shell extension 'dsv' for command environment
[3.651s] INFO:colcon.colcon_core.task.python.build:Building Python package in '/home/chondosha/ros2_ws/src/cs1651_drone'
[3.652s] INFO:colcon.colcon_core.shell:Skip shell extension 'powershell' for command environment: Not usable outside of PowerShell
[3.653s] DEBUG:colcon.colcon_core.shell:Skip shell extension 'dsv' for command environment
[5.451s] INFO:colcon.colcon_core.task.python.build:Building Python package in '/home/chondosha/ros2_ws/src/my_package'
[5.452s] INFO:colcon.colcon_core.shell:Skip shell extension 'powershell' for command environment: Not usable outside of PowerShell
[5.453s] DEBUG:colcon.colcon_core.shell:Skip shell extension 'dsv' for command environment
[11.569s] DEBUG:colcon.colcon_core.event_handler.log_command:Invoking command in '/home/chondosha/ros2_ws/src/cs1651_drone': DEBUGINFOD_URLS=https://debuginfod.ubuntu.com PYTHONPATH=/home/chondosha/ros2_ws/build/cs1651_drone/prefix_override:/usr/lib/python3/dist-packages/colcon_core/task/python/colcon_distutils_commands:/home/chondosha/ros2_ws/install/cs1651_drone/lib/python3.12/site-packages:${PYTHONPATH} /usr/bin/python3 -W ignore:setup.py install is deprecated setup.py egg_info --egg-base ../../build/cs1651_drone build --build-base /home/chondosha/ros2_ws/build/cs1651_drone/build install --record /home/chondosha/ros2_ws/build/cs1651_drone/install.log --single-version-externally-managed install_data
[11.766s] DEBUG:colcon.colcon_core.event_handler.log_command:Invoking command in '/home/chondosha/ros2_ws/src/my_package': DEBUGINFOD_URLS=https://debuginfod.ubuntu.com PYTHONPATH=/home/chondosha/ros2_ws/build/my_package/prefix_override:/usr/lib/python3/dist-packages/colcon_core/task/python/colcon_distutils_commands:/home/chondosha/ros2_ws/install/my_package/lib/python3.12/site-packages:${PYTHONPATH} /usr/bin/python3 -W ignore:setup.py install is deprecated setup.py egg_info --egg-base ../../build/my_package build --build-base /home/chondosha/ros2_ws/build/my_package/build install --record /home/chondosha/ros2_ws/build/my_package/install.log --single-version-externally-managed install_data
[17.327s] DEBUG:colcon.colcon_core.event_handler.log_command:Invoked command in '/home/chondosha/ros2_ws/src/cs1651_drone' returned '0': DEBUGINFOD_URLS=https://debuginfod.ubuntu.com PYTHONPATH=/home/chondosha/ros2_ws/build/cs1651_drone/prefix_override:/usr/lib/python3/dist-packages/colcon_core/task/python/colcon_distutils_commands:/home/chondosha/ros2_ws/install/cs1651_drone/lib/python3.12/site-packages:${PYTHONPATH} /usr/bin/python3 -W ignore:setup.py install is deprecated setup.py egg_info --egg-base ../../build/cs1651_drone build --build-base /home/chondosha/ros2_ws/build/cs1651_drone/build install --record /home/chondosha/ros2_ws/build/cs1651_drone/install.log --single-version-externally-managed install_data
[17.349s] Level 1:colcon.colcon_core.environment:checking '/home/chondosha/ros2_ws/install/cs1651_drone' for CMake module files
[17.356s] Level 1:colcon.colcon_core.environment:checking '/home/chondosha/ros2_ws/install/cs1651_drone' for CMake config files
[17.366s] Level 1:colcon.colcon_core.environment:checking '/home/chondosha/ros2_ws/install/cs1651_drone/lib'
[17.368s] Level 1:colcon.colcon_core.environment:checking '/home/chondosha/ros2_ws/install/cs1651_drone/bin'
[17.369s] Level 1:colcon.colcon_core.environment:checking '/home/chondosha/ros2_ws/install/cs1651_drone/lib/pkgconfig/cs1651_drone.pc'
[17.372s] Level 1:colcon.colcon_core.environment:checking '/home/chondosha/ros2_ws/install/cs1651_drone/lib/python3.12/site-packages'
[17.374s] Level 1:colcon.colcon_core.shell:create_environment_hook('cs1651_drone', 'pythonpath')
[17.376s] INFO:colcon.colcon_core.shell:Creating environment hook '/home/chondosha/ros2_ws/install/cs1651_drone/share/cs1651_drone/hook/pythonpath.ps1'
[17.381s] INFO:colcon.colcon_core.shell:Creating environment descriptor '/home/chondosha/ros2_ws/install/cs1651_drone/share/cs1651_drone/hook/pythonpath.dsv'
[17.388s] INFO:colcon.colcon_core.shell:Creating environment hook '/home/chondosha/ros2_ws/install/cs1651_drone/share/cs1651_drone/hook/pythonpath.sh'
[17.396s] Level 1:colcon.colcon_core.environment:checking '/home/chondosha/ros2_ws/install/cs1651_drone/bin'
[17.398s] Level 1:colcon.colcon_core.environment:create_environment_scripts_only(cs1651_drone)
[17.403s] INFO:colcon.colcon_core.shell:Creating package script '/home/chondosha/ros2_ws/install/cs1651_drone/share/cs1651_drone/package.ps1'
[17.419s] INFO:colcon.colcon_core.shell:Creating package descriptor '/home/chondosha/ros2_ws/install/cs1651_drone/share/cs1651_drone/package.dsv'
[17.426s] INFO:colcon.colcon_core.shell:Creating package script '/home/chondosha/ros2_ws/install/cs1651_drone/share/cs1651_drone/package.sh'
[17.442s] INFO:colcon.colcon_core.shell:Creating package script '/home/chondosha/ros2_ws/install/cs1651_drone/share/cs1651_drone/package.bash'
[17.457s] INFO:colcon.colcon_core.shell:Creating package script '/home/chondosha/ros2_ws/install/cs1651_drone/share/cs1651_drone/package.zsh'
[17.465s] Level 1:colcon.colcon_core.environment:create_file_with_runtime_dependencies(/home/chondosha/ros2_ws/install/cs1651_drone/share/colcon-core/packages/cs1651_drone)
[17.604s] Level 1:colcon.colcon_core.environment:checking '/home/chondosha/ros2_ws/install/my_package' for CMake module files
[17.617s] DEBUG:colcon.colcon_core.event_handler.log_command:Invoked command in '/home/chondosha/ros2_ws/src/my_package' returned '0': DEBUGINFOD_URLS=https://debuginfod.ubuntu.com PYTHONPATH=/home/chondosha/ros2_ws/build/my_package/prefix_override:/usr/lib/python3/dist-packages/colcon_core/task/python/colcon_distutils_commands:/home/chondosha/ros2_ws/install/my_package/lib/python3.12/site-packages:${PYTHONPATH} /usr/bin/python3 -W ignore:setup.py install is deprecated setup.py egg_info --egg-base ../../build/my_package build --build-base /home/chondosha/ros2_ws/build/my_package/build install --record /home/chondosha/ros2_ws/build/my_package/install.log --single-version-externally-managed install_data
[17.621s] Level 1:colcon.colcon_core.environment:checking '/home/chondosha/ros2_ws/install/my_package' for CMake config files
[17.631s] Level 1:colcon.colcon_core.environment:checking '/home/chondosha/ros2_ws/install/my_package/lib'
[17.632s] Level 1:colcon.colcon_core.environment:checking '/home/chondosha/ros2_ws/install/my_package/bin'
[17.633s] Level 1:colcon.colcon_core.environment:checking '/home/chondosha/ros2_ws/install/my_package/lib/pkgconfig/my_package.pc'
[17.635s] Level 1:colcon.colcon_core.environment:checking '/home/chondosha/ros2_ws/install/my_package/lib/python3.12/site-packages'
[17.636s] Level 1:colcon.colcon_core.shell:create_environment_hook('my_package', 'pythonpath')
[17.637s] INFO:colcon.colcon_core.shell:Creating environment hook '/home/chondosha/ros2_ws/install/my_package/share/my_package/hook/pythonpath.ps1'
[17.640s] INFO:colcon.colcon_core.shell:Creating environment descriptor '/home/chondosha/ros2_ws/install/my_package/share/my_package/hook/pythonpath.dsv'
[17.665s] INFO:colcon.colcon_core.shell:Creating environment hook '/home/chondosha/ros2_ws/install/my_package/share/my_package/hook/pythonpath.sh'
[17.680s] Level 1:colcon.colcon_core.environment:checking '/home/chondosha/ros2_ws/install/my_package/bin'
[17.681s] Level 1:colcon.colcon_core.environment:create_environment_scripts_only(my_package)
[17.688s] INFO:colcon.colcon_core.shell:Creating package script '/home/chondosha/ros2_ws/install/my_package/share/my_package/package.ps1'
[17.702s] INFO:colcon.colcon_core.shell:Creating package descriptor '/home/chondosha/ros2_ws/install/my_package/share/my_package/package.dsv'
[17.713s] INFO:colcon.colcon_core.shell:Creating package script '/home/chondosha/ros2_ws/install/my_package/share/my_package/package.sh'
[17.738s] INFO:colcon.colcon_core.shell:Creating package script '/home/chondosha/ros2_ws/install/my_package/share/my_package/package.bash'
[17.750s] INFO:colcon.colcon_core.shell:Creating package script '/home/chondosha/ros2_ws/install/my_package/share/my_package/package.zsh'
[17.763s] Level 1:colcon.colcon_core.environment:create_file_with_runtime_dependencies(/home/chondosha/ros2_ws/install/my_package/share/colcon-core/packages/my_package)
[17.787s] DEBUG:colcon.colcon_parallel_executor.executor.parallel:closing loop
[17.792s] DEBUG:colcon.colcon_parallel_executor.executor.parallel:loop closed
[17.795s] DEBUG:colcon.colcon_parallel_executor.executor.parallel:run_until_complete finished with '0'
[17.797s] DEBUG:colcon.colcon_core.event_reactor:joining thread
[17.860s] INFO:colcon.colcon_core.plugin_system:Skipping extension 'colcon_notification.desktop_notification.terminal_notifier': Not used on non-Darwin systems
[17.860s] INFO:colcon.colcon_core.plugin_system:Skipping extension 'colcon_notification.desktop_notification.win32': Not used on non-Windows systems
[17.861s] INFO:colcon.colcon_notification.desktop_notification:Sending desktop notification using 'notify2'
[18.007s] DEBUG:colcon.colcon_core.event_reactor:joined thread
[18.008s] INFO:colcon.colcon_core.shell:Creating prefix script '/home/chondosha/ros2_ws/install/local_setup.ps1'
[18.013s] INFO:colcon.colcon_core.shell:Creating prefix util module '/home/chondosha/ros2_ws/install/_local_setup_util_ps1.py'
[18.021s] INFO:colcon.colcon_core.shell:Creating prefix chain script '/home/chondosha/ros2_ws/install/setup.ps1'
[18.036s] INFO:colcon.colcon_core.shell:Creating prefix script '/home/chondosha/ros2_ws/install/local_setup.sh'
[18.044s] INFO:colcon.colcon_core.shell:Creating prefix util module '/home/chondosha/ros2_ws/install/_local_setup_util_sh.py'
[18.051s] INFO:colcon.colcon_core.shell:Creating prefix chain script '/home/chondosha/ros2_ws/install/setup.sh'
[18.073s] INFO:colcon.colcon_core.shell:Creating prefix script '/home/chondosha/ros2_ws/install/local_setup.bash'
[18.085s] INFO:colcon.colcon_core.shell:Creating prefix chain script '/home/chondosha/ros2_ws/install/setup.bash'
[18.098s] INFO:colcon.colcon_core.shell:Creating prefix script '/home/chondosha/ros2_ws/install/local_setup.zsh'
[18.119s] INFO:colcon.colcon_core.shell:Creating prefix chain script '/home/chondosha/ros2_ws/install/setup.zsh'
