[9.676s] Invoking command in '/home/chondosha/ros2_ws/src/my_package': DEBUGINFOD_URLS=https://debuginfod.ubuntu.com PYTHONPATH=/home/chondosha/ros2_ws/build/my_package/prefix_override:/usr/lib/python3/dist-packages/colcon_core/task/python/colcon_distutils_commands:/home/chondosha/ros2_ws/install/my_package/lib/python3.12/site-packages:${PYTHONPATH} /usr/bin/python3 -W ignore:setup.py install is deprecated setup.py egg_info --egg-base ../../build/my_package build --build-base /home/chondosha/ros2_ws/build/my_package/build install --record /home/chondosha/ros2_ws/build/my_package/install.log --single-version-externally-managed install_data
[12.462s] running egg_info
[12.669s] writing ../../build/my_package/my_package.egg-info/PKG-INFO
[12.671s] writing dependency_links to ../../build/my_package/my_package.egg-info/dependency_links.txt
[12.675s] writing entry points to ../../build/my_package/my_package.egg-info/entry_points.txt
[12.676s] writing requirements to ../../build/my_package/my_package.egg-info/requires.txt
[12.677s] writing top-level names to ../../build/my_package/my_package.egg-info/top_level.txt
[13.102s] reading manifest file '../../build/my_package/my_package.egg-info/SOURCES.txt'
[13.104s] adding license file 'LICENSE'
[13.107s] writing manifest file '../../build/my_package/my_package.egg-info/SOURCES.txt'
[13.107s] running build
[13.108s] running build_py
[13.111s] running install
[13.161s] running install_lib
[13.376s] running install_data
[13.377s] running install_egg_info
[13.596s] removing '/home/chondosha/ros2_ws/install/my_package/lib/python3.12/site-packages/my_package-0.0.0-py3.12.egg-info' (and everything under it)
[13.599s] Copying ../../build/my_package/my_package.egg-info to /home/chondosha/ros2_ws/install/my_package/lib/python3.12/site-packages/my_package-0.0.0-py3.12.egg-info
[13.611s] running install_scripts
[15.084s] Installing drone_publisher script to /home/chondosha/ros2_ws/install/my_package/lib/my_package
[15.090s] Installing mavsdk_node script to /home/chondosha/ros2_ws/install/my_package/lib/my_package
[15.091s] Installing my_node script to /home/chondosha/ros2_ws/install/my_package/lib/my_package
[15.094s] writing list of installed files to '/home/chondosha/ros2_ws/build/my_package/install.log'
[15.376s] Invoked command in '/home/chondosha/ros2_ws/src/my_package' returned '0': DEBUGINFOD_URLS=https://debuginfod.ubuntu.com PYTHONPATH=/home/chondosha/ros2_ws/build/my_package/prefix_override:/usr/lib/python3/dist-packages/colcon_core/task/python/colcon_distutils_commands:/home/chondosha/ros2_ws/install/my_package/lib/python3.12/site-packages:${PYTHONPATH} /usr/bin/python3 -W ignore:setup.py install is deprecated setup.py egg_info --egg-base ../../build/my_package build --build-base /home/chondosha/ros2_ws/build/my_package/build install --record /home/chondosha/ros2_ws/build/my_package/install.log --single-version-externally-managed install_data
