[10.627s] Invoking command in '/home/chondosha/ros2_ws/src/cs1651_drone': DEBUGINFOD_URLS=https://debuginfod.ubuntu.com PYTHONPATH=/home/chondosha/ros2_ws/build/cs1651_drone/prefix_override:/usr/lib/python3/dist-packages/colcon_core/task/python/colcon_distutils_commands:/home/chondosha/ros2_ws/install/cs1651_drone/lib/python3.12/site-packages:${PYTHONPATH} /usr/bin/python3 -W ignore:setup.py install is deprecated setup.py egg_info --egg-base ../../build/cs1651_drone build --build-base /home/chondosha/ros2_ws/build/cs1651_drone/build install --record /home/chondosha/ros2_ws/build/cs1651_drone/install.log --single-version-externally-managed install_data
[13.070s] running egg_info
[13.278s] writing ../../build/cs1651_drone/cs1651_drone.egg-info/PKG-INFO
[13.280s] writing dependency_links to ../../build/cs1651_drone/cs1651_drone.egg-info/dependency_links.txt
[13.282s] writing entry points to ../../build/cs1651_drone/cs1651_drone.egg-info/entry_points.txt
[13.283s] writing requirements to ../../build/cs1651_drone/cs1651_drone.egg-info/requires.txt
[13.284s] writing top-level names to ../../build/cs1651_drone/cs1651_drone.egg-info/top_level.txt
[13.703s] reading manifest file '../../build/cs1651_drone/cs1651_drone.egg-info/SOURCES.txt'
[13.704s] adding license file 'LICENSE'
[13.706s] writing manifest file '../../build/cs1651_drone/cs1651_drone.egg-info/SOURCES.txt'
[13.708s] running build
[13.709s] running build_py
[13.711s] copying cs1651_drone/control_node.py -> /home/chondosha/ros2_ws/build/cs1651_drone/build/lib/cs1651_drone
[13.712s] running install
[13.760s] running install_lib
[13.972s] copying /home/chondosha/ros2_ws/build/cs1651_drone/build/lib/cs1651_drone/control_node.py -> /home/chondosha/ros2_ws/install/cs1651_drone/lib/python3.12/site-packages/cs1651_drone
[13.978s] byte-compiling /home/chondosha/ros2_ws/install/cs1651_drone/lib/python3.12/site-packages/cs1651_drone/control_node.py to control_node.cpython-312.pyc
[13.980s] running install_data
[13.981s] running install_egg_info
[14.201s] removing '/home/chondosha/ros2_ws/install/cs1651_drone/lib/python3.12/site-packages/cs1651_drone-0.0.0-py3.12.egg-info' (and everything under it)
[14.203s] Copying ../../build/cs1651_drone/cs1651_drone.egg-info to /home/chondosha/ros2_ws/install/cs1651_drone/lib/python3.12/site-packages/cs1651_drone-0.0.0-py3.12.egg-info
[14.214s] running install_scripts
[15.839s] Installing blob_node script to /home/chondosha/ros2_ws/install/cs1651_drone/lib/cs1651_drone
[15.840s] Installing camera_node script to /home/chondosha/ros2_ws/install/cs1651_drone/lib/cs1651_drone
[15.841s] Installing control_node script to /home/chondosha/ros2_ws/install/cs1651_drone/lib/cs1651_drone
[15.844s] Installing drone_listener script to /home/chondosha/ros2_ws/install/cs1651_drone/lib/cs1651_drone
[15.845s] Installing drone_node script to /home/chondosha/ros2_ws/install/cs1651_drone/lib/cs1651_drone
[15.846s] Installing drone_takeoff_test script to /home/chondosha/ros2_ws/install/cs1651_drone/lib/cs1651_drone
[15.851s] writing list of installed files to '/home/chondosha/ros2_ws/build/cs1651_drone/install.log'
[16.102s] Invoked command in '/home/chondosha/ros2_ws/src/cs1651_drone' returned '0': DEBUGINFOD_URLS=https://debuginfod.ubuntu.com PYTHONPATH=/home/chondosha/ros2_ws/build/cs1651_drone/prefix_override:/usr/lib/python3/dist-packages/colcon_core/task/python/colcon_distutils_commands:/home/chondosha/ros2_ws/install/cs1651_drone/lib/python3.12/site-packages:${PYTHONPATH} /usr/bin/python3 -W ignore:setup.py install is deprecated setup.py egg_info --egg-base ../../build/cs1651_drone build --build-base /home/chondosha/ros2_ws/build/cs1651_drone/build install --record /home/chondosha/ros2_ws/build/cs1651_drone/install.log --single-version-externally-managed install_data
