[6.633s] Invoking command in '/home/chondosha/ros2_ws/src/cs1651_drone': DEBUGINFOD_URLS=https://debuginfod.ubuntu.com PYTHONPATH=/home/chondosha/ros2_ws/build/cs1651_drone/prefix_override:/usr/lib/python3/dist-packages/colcon_core/task/python/colcon_distutils_commands:/home/chondosha/ros2_ws/install/cs1651_drone/lib/python3.12/site-packages:${PYTHONPATH} /usr/bin/python3 -W ignore:setup.py install is deprecated setup.py egg_info --egg-base ../../build/cs1651_drone build --build-base /home/chondosha/ros2_ws/build/cs1651_drone/build install --record /home/chondosha/ros2_ws/build/cs1651_drone/install.log --single-version-externally-managed install_data
[8.375s] running egg_info
[8.520s] writing ../../build/cs1651_drone/cs1651_drone.egg-info/PKG-INFO
[8.522s] writing dependency_links to ../../build/cs1651_drone/cs1651_drone.egg-info/dependency_links.txt
[8.523s] writing entry points to ../../build/cs1651_drone/cs1651_drone.egg-info/entry_points.txt
[8.525s] writing requirements to ../../build/cs1651_drone/cs1651_drone.egg-info/requires.txt
[8.526s] writing top-level names to ../../build/cs1651_drone/cs1651_drone.egg-info/top_level.txt
[8.800s] reading manifest file '../../build/cs1651_drone/cs1651_drone.egg-info/SOURCES.txt'
[8.806s] adding license file 'LICENSE'
[8.810s] writing manifest file '../../build/cs1651_drone/cs1651_drone.egg-info/SOURCES.txt'
[8.811s] running build
[8.812s] running build_py
[8.813s] copying cs1651_drone/camera_node.py -> /home/chondosha/ros2_ws/build/cs1651_drone/build/lib/cs1651_drone
[8.817s] running install
[8.842s] running install_lib
[8.975s] copying /home/chondosha/ros2_ws/build/cs1651_drone/build/lib/cs1651_drone/camera_node.py -> /home/chondosha/ros2_ws/install/cs1651_drone/lib/python3.12/site-packages/cs1651_drone
[8.980s] byte-compiling /home/chondosha/ros2_ws/install/cs1651_drone/lib/python3.12/site-packages/cs1651_drone/camera_node.py to camera_node.cpython-312.pyc
[8.984s] running install_data
[8.985s] running install_egg_info
[9.136s] removing '/home/chondosha/ros2_ws/install/cs1651_drone/lib/python3.12/site-packages/cs1651_drone-0.0.0-py3.12.egg-info' (and everything under it)
[9.137s] Copying ../../build/cs1651_drone/cs1651_drone.egg-info to /home/chondosha/ros2_ws/install/cs1651_drone/lib/python3.12/site-packages/cs1651_drone-0.0.0-py3.12.egg-info
[9.143s] running install_scripts
[10.068s] Installing blob_node script to /home/chondosha/ros2_ws/install/cs1651_drone/lib/cs1651_drone
[10.070s] Installing camera_node script to /home/chondosha/ros2_ws/install/cs1651_drone/lib/cs1651_drone
[10.071s] Installing drone_listener script to /home/chondosha/ros2_ws/install/cs1651_drone/lib/cs1651_drone
[10.071s] Installing drone_node script to /home/chondosha/ros2_ws/install/cs1651_drone/lib/cs1651_drone
[10.074s] Installing drone_takeoff_test script to /home/chondosha/ros2_ws/install/cs1651_drone/lib/cs1651_drone
[10.076s] writing list of installed files to '/home/chondosha/ros2_ws/build/cs1651_drone/install.log'
[10.449s] Invoked command in '/home/chondosha/ros2_ws/src/cs1651_drone' returned '0': DEBUGINFOD_URLS=https://debuginfod.ubuntu.com PYTHONPATH=/home/chondosha/ros2_ws/build/cs1651_drone/prefix_override:/usr/lib/python3/dist-packages/colcon_core/task/python/colcon_distutils_commands:/home/chondosha/ros2_ws/install/cs1651_drone/lib/python3.12/site-packages:${PYTHONPATH} /usr/bin/python3 -W ignore:setup.py install is deprecated setup.py egg_info --egg-base ../../build/cs1651_drone build --build-base /home/chondosha/ros2_ws/build/cs1651_drone/build install --record /home/chondosha/ros2_ws/build/cs1651_drone/install.log --single-version-externally-managed install_data
