[7.756s] Invoking command in '/home/chondosha/ros2_ws/src/my_package': DEBUGINFOD_URLS=https://debuginfod.ubuntu.com PYTHONPATH=/home/chondosha/ros2_ws/build/my_package/prefix_override:/usr/lib/python3/dist-packages/colcon_core/task/python/colcon_distutils_commands:/home/chondosha/ros2_ws/install/my_package/lib/python3.12/site-packages:${PYTHONPATH} /usr/bin/python3 -W ignore:setup.py install is deprecated setup.py egg_info --egg-base ../../build/my_package build --build-base /home/chondosha/ros2_ws/build/my_package/build install --record /home/chondosha/ros2_ws/build/my_package/install.log --single-version-externally-managed install_data
[9.961s] running egg_info
[10.159s] writing ../../build/my_package/my_package.egg-info/PKG-INFO
[10.160s] writing dependency_links to ../../build/my_package/my_package.egg-info/dependency_links.txt
[10.171s] writing entry points to ../../build/my_package/my_package.egg-info/entry_points.txt
[10.178s] writing requirements to ../../build/my_package/my_package.egg-info/requires.txt
[10.181s] writing top-level names to ../../build/my_package/my_package.egg-info/top_level.txt
[10.534s] reading manifest file '../../build/my_package/my_package.egg-info/SOURCES.txt'
[10.536s] adding license file 'LICENSE'
[10.538s] writing manifest file '../../build/my_package/my_package.egg-info/SOURCES.txt'
[10.539s] running build
[10.540s] running build_py
[10.545s] running install
[10.578s] running install_lib
[10.750s] running install_data
[10.754s] running install_egg_info
[10.939s] removing '/home/chondosha/ros2_ws/install/my_package/lib/python3.12/site-packages/my_package-0.0.0-py3.12.egg-info' (and everything under it)
[10.944s] Copying ../../build/my_package/my_package.egg-info to /home/chondosha/ros2_ws/install/my_package/lib/python3.12/site-packages/my_package-0.0.0-py3.12.egg-info
[10.949s] running install_scripts
[12.134s] Installing drone_publisher script to /home/chondosha/ros2_ws/install/my_package/lib/my_package
[12.135s] Installing mavsdk_node script to /home/chondosha/ros2_ws/install/my_package/lib/my_package
[12.144s] Installing my_node script to /home/chondosha/ros2_ws/install/my_package/lib/my_package
[12.161s] writing list of installed files to '/home/chondosha/ros2_ws/build/my_package/install.log'
[12.477s] Invoked command in '/home/chondosha/ros2_ws/src/my_package' returned '0': DEBUGINFOD_URLS=https://debuginfod.ubuntu.com PYTHONPATH=/home/chondosha/ros2_ws/build/my_package/prefix_override:/usr/lib/python3/dist-packages/colcon_core/task/python/colcon_distutils_commands:/home/chondosha/ros2_ws/install/my_package/lib/python3.12/site-packages:${PYTHONPATH} /usr/bin/python3 -W ignore:setup.py install is deprecated setup.py egg_info --egg-base ../../build/my_package build --build-base /home/chondosha/ros2_ws/build/my_package/build install --record /home/chondosha/ros2_ws/build/my_package/install.log --single-version-externally-managed install_data
