[9.539s] Invoking command in '/home/chondosha/ros2_ws/src/cs1651_drone': DEBUGINFOD_URLS=https://debuginfod.ubuntu.com PYTHONPATH=/home/chondosha/ros2_ws/build/cs1651_drone/prefix_override:/usr/lib/python3/dist-packages/colcon_core/task/python/colcon_distutils_commands:/home/chondosha/ros2_ws/install/cs1651_drone/lib/python3.12/site-packages:${PYTHONPATH} /usr/bin/python3 -W ignore:setup.py install is deprecated setup.py egg_info --egg-base ../../build/cs1651_drone build --build-base /home/chondosha/ros2_ws/build/cs1651_drone/build install --record /home/chondosha/ros2_ws/build/cs1651_drone/install.log --single-version-externally-managed install_data
[12.339s] running egg_info
[12.563s] writing ../../build/cs1651_drone/cs1651_drone.egg-info/PKG-INFO
[12.564s] writing dependency_links to ../../build/cs1651_drone/cs1651_drone.egg-info/dependency_links.txt
[12.567s] writing entry points to ../../build/cs1651_drone/cs1651_drone.egg-info/entry_points.txt
[12.568s] writing requirements to ../../build/cs1651_drone/cs1651_drone.egg-info/requires.txt
[12.569s] writing top-level names to ../../build/cs1651_drone/cs1651_drone.egg-info/top_level.txt
[13.094s] reading manifest file '../../build/cs1651_drone/cs1651_drone.egg-info/SOURCES.txt'
[13.094s] adding license file 'LICENSE'
[13.099s] writing manifest file '../../build/cs1651_drone/cs1651_drone.egg-info/SOURCES.txt'
[13.100s] running build
[13.104s] running build_py
[13.112s] copying cs1651_drone/synchronizer.py -> /home/chondosha/ros2_ws/build/cs1651_drone/build/lib/cs1651_drone
[13.119s] running install
[13.157s] running install_lib
[13.382s] copying /home/chondosha/ros2_ws/build/cs1651_drone/build/lib/cs1651_drone/synchronizer.py -> /home/chondosha/ros2_ws/install/cs1651_drone/lib/python3.12/site-packages/cs1651_drone
[13.388s] byte-compiling /home/chondosha/ros2_ws/install/cs1651_drone/lib/python3.12/site-packages/cs1651_drone/synchronizer.py to synchronizer.cpython-312.pyc
[13.393s] running install_data
[13.395s] copying launch/apriltag.launch.py -> /home/chondosha/ros2_ws/install/cs1651_drone/share/cs1651_drone
[13.396s] running install_egg_info
[13.642s] removing '/home/chondosha/ros2_ws/install/cs1651_drone/lib/python3.12/site-packages/cs1651_drone-0.0.0-py3.12.egg-info' (and everything under it)
[13.643s] Copying ../../build/cs1651_drone/cs1651_drone.egg-info to /home/chondosha/ros2_ws/install/cs1651_drone/lib/python3.12/site-packages/cs1651_drone-0.0.0-py3.12.egg-info
[13.651s] running install_scripts
[15.206s] Installing blob_node script to /home/chondosha/ros2_ws/install/cs1651_drone/lib/cs1651_drone
[15.207s] Installing camera_node script to /home/chondosha/ros2_ws/install/cs1651_drone/lib/cs1651_drone
[15.208s] Installing control_node script to /home/chondosha/ros2_ws/install/cs1651_drone/lib/cs1651_drone
[15.209s] Installing drone_listener script to /home/chondosha/ros2_ws/install/cs1651_drone/lib/cs1651_drone
[15.211s] Installing drone_node script to /home/chondosha/ros2_ws/install/cs1651_drone/lib/cs1651_drone
[15.212s] Installing drone_takeoff_test script to /home/chondosha/ros2_ws/install/cs1651_drone/lib/cs1651_drone
[15.213s] Installing sync_node script to /home/chondosha/ros2_ws/install/cs1651_drone/lib/cs1651_drone
[15.214s] writing list of installed files to '/home/chondosha/ros2_ws/build/cs1651_drone/install.log'
[15.485s] Invoked command in '/home/chondosha/ros2_ws/src/cs1651_drone' returned '0': DEBUGINFOD_URLS=https://debuginfod.ubuntu.com PYTHONPATH=/home/chondosha/ros2_ws/build/cs1651_drone/prefix_override:/usr/lib/python3/dist-packages/colcon_core/task/python/colcon_distutils_commands:/home/chondosha/ros2_ws/install/cs1651_drone/lib/python3.12/site-packages:${PYTHONPATH} /usr/bin/python3 -W ignore:setup.py install is deprecated setup.py egg_info --egg-base ../../build/cs1651_drone build --build-base /home/chondosha/ros2_ws/build/cs1651_drone/build install --record /home/chondosha/ros2_ws/build/cs1651_drone/install.log --single-version-externally-managed install_data
