[10.186s] Invoking command in '/home/chondosha/ros2_ws/src/my_package': DEBUGINFOD_URLS=https://debuginfod.ubuntu.com PYTHONPATH=/home/chondosha/ros2_ws/build/my_package/prefix_override:/usr/lib/python3/dist-packages/colcon_core/task/python/colcon_distutils_commands:/home/chondosha/ros2_ws/install/my_package/lib/python3.12/site-packages:${PYTHONPATH} /usr/bin/python3 -W ignore:setup.py install is deprecated setup.py egg_info --egg-base ../../build/my_package build --build-base /home/chondosha/ros2_ws/build/my_package/build install --record /home/chondosha/ros2_ws/build/my_package/install.log --single-version-externally-managed install_data
[12.929s] running egg_info
[13.204s] writing ../../build/my_package/my_package.egg-info/PKG-INFO
[13.205s] writing dependency_links to ../../build/my_package/my_package.egg-info/dependency_links.txt
[13.207s] writing entry points to ../../build/my_package/my_package.egg-info/entry_points.txt
[13.208s] writing requirements to ../../build/my_package/my_package.egg-info/requires.txt
[13.209s] writing top-level names to ../../build/my_package/my_package.egg-info/top_level.txt
[13.708s] reading manifest file '../../build/my_package/my_package.egg-info/SOURCES.txt'
[13.710s] adding license file 'LICENSE'
[13.713s] writing manifest file '../../build/my_package/my_package.egg-info/SOURCES.txt'
[13.717s] running build
[13.718s] running build_py
[13.718s] running install
[13.752s] running install_lib
[14.063s] running install_data
[14.070s] running install_egg_info
[14.329s] removing '/home/chondosha/ros2_ws/install/my_package/lib/python3.12/site-packages/my_package-0.0.0-py3.12.egg-info' (and everything under it)
[14.330s] Copying ../../build/my_package/my_package.egg-info to /home/chondosha/ros2_ws/install/my_package/lib/python3.12/site-packages/my_package-0.0.0-py3.12.egg-info
[14.339s] running install_scripts
[16.105s] Installing drone_publisher script to /home/chondosha/ros2_ws/install/my_package/lib/my_package
[16.107s] Installing mavsdk_node script to /home/chondosha/ros2_ws/install/my_package/lib/my_package
[16.113s] Installing my_node script to /home/chondosha/ros2_ws/install/my_package/lib/my_package
[16.119s] writing list of installed files to '/home/chondosha/ros2_ws/build/my_package/install.log'
[16.367s] Invoked command in '/home/chondosha/ros2_ws/src/my_package' returned '0': DEBUGINFOD_URLS=https://debuginfod.ubuntu.com PYTHONPATH=/home/chondosha/ros2_ws/build/my_package/prefix_override:/usr/lib/python3/dist-packages/colcon_core/task/python/colcon_distutils_commands:/home/chondosha/ros2_ws/install/my_package/lib/python3.12/site-packages:${PYTHONPATH} /usr/bin/python3 -W ignore:setup.py install is deprecated setup.py egg_info --egg-base ../../build/my_package build --build-base /home/chondosha/ros2_ws/build/my_package/build install --record /home/chondosha/ros2_ws/build/my_package/install.log --single-version-externally-managed install_data
