[6.615s] Invoking command in '/home/chondosha/ros2_ws/src/my_package': DEBUGINFOD_URLS=https://debuginfod.ubuntu.com PYTHONPATH=/home/chondosha/ros2_ws/build/my_package/prefix_override:/usr/lib/python3/dist-packages/colcon_core/task/python/colcon_distutils_commands:/home/chondosha/ros2_ws/install/my_package/lib/python3.12/site-packages:${PYTHONPATH} /usr/bin/python3 -W ignore:setup.py install is deprecated setup.py egg_info --egg-base ../../build/my_package build --build-base /home/chondosha/ros2_ws/build/my_package/build install --record /home/chondosha/ros2_ws/build/my_package/install.log --single-version-externally-managed install_data
[8.452s] running egg_info
[8.583s] writing ../../build/my_package/my_package.egg-info/PKG-INFO
[8.585s] writing dependency_links to ../../build/my_package/my_package.egg-info/dependency_links.txt
[8.616s] writing entry points to ../../build/my_package/my_package.egg-info/entry_points.txt
[8.619s] writing requirements to ../../build/my_package/my_package.egg-info/requires.txt
[8.620s] writing top-level names to ../../build/my_package/my_package.egg-info/top_level.txt
[8.910s] reading manifest file '../../build/my_package/my_package.egg-info/SOURCES.txt'
[8.912s] adding license file 'LICENSE'
[8.916s] writing manifest file '../../build/my_package/my_package.egg-info/SOURCES.txt'
[8.916s] running build
[8.917s] running build_py
[8.920s] running install
[8.958s] running install_lib
[9.094s] running install_data
[9.095s] running install_egg_info
[9.231s] removing '/home/chondosha/ros2_ws/install/my_package/lib/python3.12/site-packages/my_package-0.0.0-py3.12.egg-info' (and everything under it)
[9.236s] Copying ../../build/my_package/my_package.egg-info to /home/chondosha/ros2_ws/install/my_package/lib/python3.12/site-packages/my_package-0.0.0-py3.12.egg-info
[9.252s] running install_scripts
[10.230s] Installing drone_publisher script to /home/chondosha/ros2_ws/install/my_package/lib/my_package
[10.230s] Installing mavsdk_node script to /home/chondosha/ros2_ws/install/my_package/lib/my_package
[10.232s] Installing my_node script to /home/chondosha/ros2_ws/install/my_package/lib/my_package
[10.233s] writing list of installed files to '/home/chondosha/ros2_ws/build/my_package/install.log'
[10.534s] Invoked command in '/home/chondosha/ros2_ws/src/my_package' returned '0': DEBUGINFOD_URLS=https://debuginfod.ubuntu.com PYTHONPATH=/home/chondosha/ros2_ws/build/my_package/prefix_override:/usr/lib/python3/dist-packages/colcon_core/task/python/colcon_distutils_commands:/home/chondosha/ros2_ws/install/my_package/lib/python3.12/site-packages:${PYTHONPATH} /usr/bin/python3 -W ignore:setup.py install is deprecated setup.py egg_info --egg-base ../../build/my_package build --build-base /home/chondosha/ros2_ws/build/my_package/build install --record /home/chondosha/ros2_ws/build/my_package/install.log --single-version-externally-managed install_data
