[9.945s] Invoking command in '/home/chondosha/ros2_ws/src/my_package': DEBUGINFOD_URLS=https://debuginfod.ubuntu.com PYTHONPATH=/home/chondosha/ros2_ws/build/my_package/prefix_override:/usr/lib/python3/dist-packages/colcon_core/task/python/colcon_distutils_commands:/home/chondosha/ros2_ws/install/my_package/lib/python3.12/site-packages:${PYTHONPATH} /usr/bin/python3 -W ignore:setup.py install is deprecated setup.py egg_info --egg-base ../../build/my_package build --build-base /home/chondosha/ros2_ws/build/my_package/build install --record /home/chondosha/ros2_ws/build/my_package/install.log --single-version-externally-managed install_data
[13.013s] running egg_info
[13.270s] writing ../../build/my_package/my_package.egg-info/PKG-INFO
[13.272s] writing dependency_links to ../../build/my_package/my_package.egg-info/dependency_links.txt
[13.274s] writing entry points to ../../build/my_package/my_package.egg-info/entry_points.txt
[13.276s] writing requirements to ../../build/my_package/my_package.egg-info/requires.txt
[13.277s] writing top-level names to ../../build/my_package/my_package.egg-info/top_level.txt
[13.725s] reading manifest file '../../build/my_package/my_package.egg-info/SOURCES.txt'
[13.728s] adding license file 'LICENSE'
[13.732s] writing manifest file '../../build/my_package/my_package.egg-info/SOURCES.txt'
[13.735s] running build
[13.735s] running build_py
[13.740s] running install
[13.776s] running install_lib
[13.998s] running install_data
[14.000s] running install_egg_info
[14.228s] removing '/home/chondosha/ros2_ws/install/my_package/lib/python3.12/site-packages/my_package-0.0.0-py3.12.egg-info' (and everything under it)
[14.229s] Copying ../../build/my_package/my_package.egg-info to /home/chondosha/ros2_ws/install/my_package/lib/python3.12/site-packages/my_package-0.0.0-py3.12.egg-info
[14.245s] running install_scripts
[15.767s] Installing drone_publisher script to /home/chondosha/ros2_ws/install/my_package/lib/my_package
[15.773s] Installing mavsdk_node script to /home/chondosha/ros2_ws/install/my_package/lib/my_package
[15.785s] Installing my_node script to /home/chondosha/ros2_ws/install/my_package/lib/my_package
[15.793s] writing list of installed files to '/home/chondosha/ros2_ws/build/my_package/install.log'
[16.204s] Invoked command in '/home/chondosha/ros2_ws/src/my_package' returned '0': DEBUGINFOD_URLS=https://debuginfod.ubuntu.com PYTHONPATH=/home/chondosha/ros2_ws/build/my_package/prefix_override:/usr/lib/python3/dist-packages/colcon_core/task/python/colcon_distutils_commands:/home/chondosha/ros2_ws/install/my_package/lib/python3.12/site-packages:${PYTHONPATH} /usr/bin/python3 -W ignore:setup.py install is deprecated setup.py egg_info --egg-base ../../build/my_package build --build-base /home/chondosha/ros2_ws/build/my_package/build install --record /home/chondosha/ros2_ws/build/my_package/install.log --single-version-externally-managed install_data
