[10.072s] Invoking command in '/home/chondosha/ros2_ws/src/my_package': DEBUGINFOD_URLS=https://debuginfod.ubuntu.com PYTHONPATH=/home/chondosha/ros2_ws/build/my_package/prefix_override:/usr/lib/python3/dist-packages/colcon_core/task/python/colcon_distutils_commands:/home/chondosha/ros2_ws/install/my_package/lib/python3.12/site-packages:${PYTHONPATH} /usr/bin/python3 -W ignore:setup.py install is deprecated setup.py egg_info --egg-base ../../build/my_package build --build-base /home/chondosha/ros2_ws/build/my_package/build install --record /home/chondosha/ros2_ws/build/my_package/install.log --single-version-externally-managed install_data
[13.113s] running egg_info
[13.340s] writing ../../build/my_package/my_package.egg-info/PKG-INFO
[13.342s] writing dependency_links to ../../build/my_package/my_package.egg-info/dependency_links.txt
[13.344s] writing entry points to ../../build/my_package/my_package.egg-info/entry_points.txt
[13.345s] writing requirements to ../../build/my_package/my_package.egg-info/requires.txt
[13.346s] writing top-level names to ../../build/my_package/my_package.egg-info/top_level.txt
[13.831s] reading manifest file '../../build/my_package/my_package.egg-info/SOURCES.txt'
[13.833s] adding license file 'LICENSE'
[13.836s] writing manifest file '../../build/my_package/my_package.egg-info/SOURCES.txt'
[13.837s] running build
[13.838s] running build_py
[13.842s] running install
[13.887s] running install_lib
[14.135s] running install_data
[14.136s] running install_egg_info
[14.364s] removing '/home/chondosha/ros2_ws/install/my_package/lib/python3.12/site-packages/my_package-0.0.0-py3.12.egg-info' (and everything under it)
[14.364s] Copying ../../build/my_package/my_package.egg-info to /home/chondosha/ros2_ws/install/my_package/lib/python3.12/site-packages/my_package-0.0.0-py3.12.egg-info
[14.374s] running install_scripts
[15.809s] Installing drone_publisher script to /home/chondosha/ros2_ws/install/my_package/lib/my_package
[15.817s] Installing mavsdk_node script to /home/chondosha/ros2_ws/install/my_package/lib/my_package
[15.824s] Installing my_node script to /home/chondosha/ros2_ws/install/my_package/lib/my_package
[15.829s] writing list of installed files to '/home/chondosha/ros2_ws/build/my_package/install.log'
[16.122s] Invoked command in '/home/chondosha/ros2_ws/src/my_package' returned '0': DEBUGINFOD_URLS=https://debuginfod.ubuntu.com PYTHONPATH=/home/chondosha/ros2_ws/build/my_package/prefix_override:/usr/lib/python3/dist-packages/colcon_core/task/python/colcon_distutils_commands:/home/chondosha/ros2_ws/install/my_package/lib/python3.12/site-packages:${PYTHONPATH} /usr/bin/python3 -W ignore:setup.py install is deprecated setup.py egg_info --egg-base ../../build/my_package build --build-base /home/chondosha/ros2_ws/build/my_package/build install --record /home/chondosha/ros2_ws/build/my_package/install.log --single-version-externally-managed install_data
