[10.236s] Invoking command in '/home/chondosha/ros2_ws/src/my_package': DEBUGINFOD_URLS=https://debuginfod.ubuntu.com PYTHONPATH=/home/chondosha/ros2_ws/build/my_package/prefix_override:/usr/lib/python3/dist-packages/colcon_core/task/python/colcon_distutils_commands:/home/chondosha/ros2_ws/install/my_package/lib/python3.12/site-packages:${PYTHONPATH} /usr/bin/python3 -W ignore:setup.py install is deprecated setup.py egg_info --egg-base ../../build/my_package build --build-base /home/chondosha/ros2_ws/build/my_package/build install --record /home/chondosha/ros2_ws/build/my_package/install.log --single-version-externally-managed install_data
[12.936s] running egg_info
[13.142s] writing ../../build/my_package/my_package.egg-info/PKG-INFO
[13.143s] writing dependency_links to ../../build/my_package/my_package.egg-info/dependency_links.txt
[13.145s] writing entry points to ../../build/my_package/my_package.egg-info/entry_points.txt
[13.147s] writing requirements to ../../build/my_package/my_package.egg-info/requires.txt
[13.148s] writing top-level names to ../../build/my_package/my_package.egg-info/top_level.txt
[13.579s] reading manifest file '../../build/my_package/my_package.egg-info/SOURCES.txt'
[13.580s] adding license file 'LICENSE'
[13.585s] writing manifest file '../../build/my_package/my_package.egg-info/SOURCES.txt'
[13.586s] running build
[13.589s] running build_py
[13.590s] running install
[13.634s] running install_lib
[13.853s] running install_data
[13.853s] running install_egg_info
[14.070s] removing '/home/chondosha/ros2_ws/install/my_package/lib/python3.12/site-packages/my_package-0.0.0-py3.12.egg-info' (and everything under it)
[14.072s] Copying ../../build/my_package/my_package.egg-info to /home/chondosha/ros2_ws/install/my_package/lib/python3.12/site-packages/my_package-0.0.0-py3.12.egg-info
[14.087s] running install_scripts
[15.497s] Installing drone_publisher script to /home/chondosha/ros2_ws/install/my_package/lib/my_package
[15.498s] Installing mavsdk_node script to /home/chondosha/ros2_ws/install/my_package/lib/my_package
[15.501s] Installing my_node script to /home/chondosha/ros2_ws/install/my_package/lib/my_package
[15.507s] writing list of installed files to '/home/chondosha/ros2_ws/build/my_package/install.log'
[15.817s] Invoked command in '/home/chondosha/ros2_ws/src/my_package' returned '0': DEBUGINFOD_URLS=https://debuginfod.ubuntu.com PYTHONPATH=/home/chondosha/ros2_ws/build/my_package/prefix_override:/usr/lib/python3/dist-packages/colcon_core/task/python/colcon_distutils_commands:/home/chondosha/ros2_ws/install/my_package/lib/python3.12/site-packages:${PYTHONPATH} /usr/bin/python3 -W ignore:setup.py install is deprecated setup.py egg_info --egg-base ../../build/my_package build --build-base /home/chondosha/ros2_ws/build/my_package/build install --record /home/chondosha/ros2_ws/build/my_package/install.log --single-version-externally-managed install_data
