[9.584s] Invoking command in '/home/chondosha/ros2_ws/src/my_package': DEBUGINFOD_URLS=https://debuginfod.ubuntu.com PYTHONPATH=/home/chondosha/ros2_ws/build/my_package/prefix_override:/usr/lib/python3/dist-packages/colcon_core/task/python/colcon_distutils_commands:/home/chondosha/ros2_ws/install/my_package/lib/python3.12/site-packages:${PYTHONPATH} /usr/bin/python3 -W ignore:setup.py install is deprecated setup.py egg_info --egg-base ../../build/my_package build --build-base /home/chondosha/ros2_ws/build/my_package/build install --record /home/chondosha/ros2_ws/build/my_package/install.log --single-version-externally-managed install_data
[12.423s] running egg_info
[12.629s] writing ../../build/my_package/my_package.egg-info/PKG-INFO
[12.631s] writing dependency_links to ../../build/my_package/my_package.egg-info/dependency_links.txt
[12.633s] writing entry points to ../../build/my_package/my_package.egg-info/entry_points.txt
[12.634s] writing requirements to ../../build/my_package/my_package.egg-info/requires.txt
[12.635s] writing top-level names to ../../build/my_package/my_package.egg-info/top_level.txt
[13.065s] reading manifest file '../../build/my_package/my_package.egg-info/SOURCES.txt'
[13.066s] adding license file 'LICENSE'
[13.069s] writing manifest file '../../build/my_package/my_package.egg-info/SOURCES.txt'
[13.070s] running build
[13.075s] running build_py
[13.076s] running install
[13.134s] running install_lib
[13.378s] running install_data
[13.379s] running install_egg_info
[13.596s] removing '/home/chondosha/ros2_ws/install/my_package/lib/python3.12/site-packages/my_package-0.0.0-py3.12.egg-info' (and everything under it)
[13.601s] Copying ../../build/my_package/my_package.egg-info to /home/chondosha/ros2_ws/install/my_package/lib/python3.12/site-packages/my_package-0.0.0-py3.12.egg-info
[13.628s] running install_scripts
[15.205s] Installing drone_publisher script to /home/chondosha/ros2_ws/install/my_package/lib/my_package
[15.207s] Installing mavsdk_node script to /home/chondosha/ros2_ws/install/my_package/lib/my_package
[15.211s] Installing my_node script to /home/chondosha/ros2_ws/install/my_package/lib/my_package
[15.214s] writing list of installed files to '/home/chondosha/ros2_ws/build/my_package/install.log'
[15.503s] Invoked command in '/home/chondosha/ros2_ws/src/my_package' returned '0': DEBUGINFOD_URLS=https://debuginfod.ubuntu.com PYTHONPATH=/home/chondosha/ros2_ws/build/my_package/prefix_override:/usr/lib/python3/dist-packages/colcon_core/task/python/colcon_distutils_commands:/home/chondosha/ros2_ws/install/my_package/lib/python3.12/site-packages:${PYTHONPATH} /usr/bin/python3 -W ignore:setup.py install is deprecated setup.py egg_info --egg-base ../../build/my_package build --build-base /home/chondosha/ros2_ws/build/my_package/build install --record /home/chondosha/ros2_ws/build/my_package/install.log --single-version-externally-managed install_data
