[10.175s] Invoking command in '/home/chondosha/ros2_ws/src/my_package': DEBUGINFOD_URLS=https://debuginfod.ubuntu.com PYTHONPATH=/home/chondosha/ros2_ws/build/my_package/prefix_override:/usr/lib/python3/dist-packages/colcon_core/task/python/colcon_distutils_commands:/home/chondosha/ros2_ws/install/my_package/lib/python3.12/site-packages:${PYTHONPATH} /usr/bin/python3 -W ignore:setup.py install is deprecated setup.py egg_info --egg-base ../../build/my_package build --build-base /home/chondosha/ros2_ws/build/my_package/build install --record /home/chondosha/ros2_ws/build/my_package/install.log --single-version-externally-managed install_data
[13.168s] running egg_info
[13.377s] writing ../../build/my_package/my_package.egg-info/PKG-INFO
[13.379s] writing dependency_links to ../../build/my_package/my_package.egg-info/dependency_links.txt
[13.383s] writing entry points to ../../build/my_package/my_package.egg-info/entry_points.txt
[13.385s] writing requirements to ../../build/my_package/my_package.egg-info/requires.txt
[13.386s] writing top-level names to ../../build/my_package/my_package.egg-info/top_level.txt
[13.808s] reading manifest file '../../build/my_package/my_package.egg-info/SOURCES.txt'
[13.810s] adding license file 'LICENSE'
[13.816s] writing manifest file '../../build/my_package/my_package.egg-info/SOURCES.txt'
[13.816s] running build
[13.819s] running build_py
[13.823s] running install
[13.861s] running install_lib
[14.077s] running install_data
[14.078s] running install_egg_info
[14.306s] removing '/home/chondosha/ros2_ws/install/my_package/lib/python3.12/site-packages/my_package-0.0.0-py3.12.egg-info' (and everything under it)
[14.309s] Copying ../../build/my_package/my_package.egg-info to /home/chondosha/ros2_ws/install/my_package/lib/python3.12/site-packages/my_package-0.0.0-py3.12.egg-info
[14.319s] running install_scripts
[16.159s] Installing drone_publisher script to /home/chondosha/ros2_ws/install/my_package/lib/my_package
[16.163s] Installing mavsdk_node script to /home/chondosha/ros2_ws/install/my_package/lib/my_package
[16.163s] Installing my_node script to /home/chondosha/ros2_ws/install/my_package/lib/my_package
[16.166s] writing list of installed files to '/home/chondosha/ros2_ws/build/my_package/install.log'
[16.449s] Invoked command in '/home/chondosha/ros2_ws/src/my_package' returned '0': DEBUGINFOD_URLS=https://debuginfod.ubuntu.com PYTHONPATH=/home/chondosha/ros2_ws/build/my_package/prefix_override:/usr/lib/python3/dist-packages/colcon_core/task/python/colcon_distutils_commands:/home/chondosha/ros2_ws/install/my_package/lib/python3.12/site-packages:${PYTHONPATH} /usr/bin/python3 -W ignore:setup.py install is deprecated setup.py egg_info --egg-base ../../build/my_package build --build-base /home/chondosha/ros2_ws/build/my_package/build install --record /home/chondosha/ros2_ws/build/my_package/install.log --single-version-externally-managed install_data
