/home/chondosha/ros2_ws/install/my_package/lib/python3.12/site-packages/my_package/__init__.py
/home/chondosha/ros2_ws/install/my_package/lib/python3.12/site-packages/my_package/publisher_test.py
/home/chondosha/ros2_ws/install/my_package/lib/python3.12/site-packages/my_package/mavsdk_test.py
/home/chondosha/ros2_ws/install/my_package/lib/python3.12/site-packages/my_package/my_node.py
/home/chondosha/ros2_ws/install/my_package/lib/python3.12/site-packages/my_package/drone_test.py
/home/chondosha/ros2_ws/install/my_package/lib/python3.12/site-packages/my_package/__pycache__/__init__.cpython-312.pyc
/home/chondosha/ros2_ws/install/my_package/lib/python3.12/site-packages/my_package/__pycache__/publisher_test.cpython-312.pyc
/home/chondosha/ros2_ws/install/my_package/lib/python3.12/site-packages/my_package/__pycache__/mavsdk_test.cpython-312.pyc
/home/chondosha/ros2_ws/install/my_package/lib/python3.12/site-packages/my_package/__pycache__/my_node.cpython-312.pyc
/home/chondosha/ros2_ws/install/my_package/lib/python3.12/site-packages/my_package/__pycache__/drone_test.cpython-312.pyc
/home/chondosha/ros2_ws/install/my_package/share/ament_index/resource_index/packages/my_package
/home/chondosha/ros2_ws/install/my_package/share/my_package/package.xml
/home/chondosha/ros2_ws/install/my_package/share/my_package/mavros.launch.py
/home/chondosha/ros2_ws/install/my_package/share/my_package/config/px4_config.yaml
/home/chondosha/ros2_ws/install/my_package/lib/python3.12/site-packages/my_package-0.0.0-py3.12.egg-info/SOURCES.txt
/home/chondosha/ros2_ws/install/my_package/lib/python3.12/site-packages/my_package-0.0.0-py3.12.egg-info/top_level.txt
/home/chondosha/ros2_ws/install/my_package/lib/python3.12/site-packages/my_package-0.0.0-py3.12.egg-info/PKG-INFO
/home/chondosha/ros2_ws/install/my_package/lib/python3.12/site-packages/my_package-0.0.0-py3.12.egg-info/zip-safe
/home/chondosha/ros2_ws/install/my_package/lib/python3.12/site-packages/my_package-0.0.0-py3.12.egg-info/requires.txt
/home/chondosha/ros2_ws/install/my_package/lib/python3.12/site-packages/my_package-0.0.0-py3.12.egg-info/dependency_links.txt
/home/chondosha/ros2_ws/install/my_package/lib/python3.12/site-packages/my_package-0.0.0-py3.12.egg-info/entry_points.txt
/home/chondosha/ros2_ws/install/my_package/lib/my_package/drone_publisher
/home/chondosha/ros2_ws/install/my_package/lib/my_package/mavsdk_node
/home/chondosha/ros2_ws/install/my_package/lib/my_package/my_node
