[9.760s] Invoking command in '/home/chondosha/ros2_ws/src/my_package': DEBUGINFOD_URLS=https://debuginfod.ubuntu.com PYTHONPATH=/home/chondosha/ros2_ws/build/my_package/prefix_override:/usr/lib/python3/dist-packages/colcon_core/task/python/colcon_distutils_commands:/home/chondosha/ros2_ws/install/my_package/lib/python3.12/site-packages:${PYTHONPATH} /usr/bin/python3 -W ignore:setup.py install is deprecated setup.py egg_info --egg-base ../../build/my_package build --build-base /home/chondosha/ros2_ws/build/my_package/build install --record /home/chondosha/ros2_ws/build/my_package/install.log --single-version-externally-managed install_data
[12.289s] running egg_info
[12.504s] writing ../../build/my_package/my_package.egg-info/PKG-INFO
[12.506s] writing dependency_links to ../../build/my_package/my_package.egg-info/dependency_links.txt
[12.508s] writing entry points to ../../build/my_package/my_package.egg-info/entry_points.txt
[12.509s] writing requirements to ../../build/my_package/my_package.egg-info/requires.txt
[12.510s] writing top-level names to ../../build/my_package/my_package.egg-info/top_level.txt
[12.961s] reading manifest file '../../build/my_package/my_package.egg-info/SOURCES.txt'
[12.964s] adding license file 'LICENSE'
[12.966s] writing manifest file '../../build/my_package/my_package.egg-info/SOURCES.txt'
[12.970s] running build
[12.971s] running build_py
[12.973s] running install
[13.018s] running install_lib
[13.251s] running install_data
[13.252s] running install_egg_info
[13.483s] removing '/home/chondosha/ros2_ws/install/my_package/lib/python3.12/site-packages/my_package-0.0.0-py3.12.egg-info' (and everything under it)
[13.491s] Copying ../../build/my_package/my_package.egg-info to /home/chondosha/ros2_ws/install/my_package/lib/python3.12/site-packages/my_package-0.0.0-py3.12.egg-info
[13.510s] running install_scripts
[15.069s] Installing drone_publisher script to /home/chondosha/ros2_ws/install/my_package/lib/my_package
[15.070s] Installing mavsdk_node script to /home/chondosha/ros2_ws/install/my_package/lib/my_package
[15.071s] Installing my_node script to /home/chondosha/ros2_ws/install/my_package/lib/my_package
[15.074s] writing list of installed files to '/home/chondosha/ros2_ws/build/my_package/install.log'
[15.356s] Invoked command in '/home/chondosha/ros2_ws/src/my_package' returned '0': DEBUGINFOD_URLS=https://debuginfod.ubuntu.com PYTHONPATH=/home/chondosha/ros2_ws/build/my_package/prefix_override:/usr/lib/python3/dist-packages/colcon_core/task/python/colcon_distutils_commands:/home/chondosha/ros2_ws/install/my_package/lib/python3.12/site-packages:${PYTHONPATH} /usr/bin/python3 -W ignore:setup.py install is deprecated setup.py egg_info --egg-base ../../build/my_package build --build-base /home/chondosha/ros2_ws/build/my_package/build install --record /home/chondosha/ros2_ws/build/my_package/install.log --single-version-externally-managed install_data
