[7.971s] Invoking command in '/home/chondosha/ros2_ws/src/my_package': DEBUGINFOD_URLS=https://debuginfod.ubuntu.com PYTHONPATH=/home/chondosha/ros2_ws/build/my_package/prefix_override:/usr/lib/python3/dist-packages/colcon_core/task/python/colcon_distutils_commands:/home/chondosha/ros2_ws/install/my_package/lib/python3.12/site-packages:${PYTHONPATH} /usr/bin/python3 -W ignore:setup.py install is deprecated setup.py egg_info --egg-base ../../build/my_package build --build-base /home/chondosha/ros2_ws/build/my_package/build install --record /home/chondosha/ros2_ws/build/my_package/install.log --single-version-externally-managed install_data
[10.116s] running egg_info
[10.287s] writing ../../build/my_package/my_package.egg-info/PKG-INFO
[10.291s] writing dependency_links to ../../build/my_package/my_package.egg-info/dependency_links.txt
[10.291s] writing entry points to ../../build/my_package/my_package.egg-info/entry_points.txt
[10.298s] writing requirements to ../../build/my_package/my_package.egg-info/requires.txt
[10.299s] writing top-level names to ../../build/my_package/my_package.egg-info/top_level.txt
[10.746s] reading manifest file '../../build/my_package/my_package.egg-info/SOURCES.txt'
[10.749s] adding license file 'LICENSE'
[10.755s] writing manifest file '../../build/my_package/my_package.egg-info/SOURCES.txt'
[10.756s] running build
[10.757s] running build_py
[10.758s] running install
[10.795s] running install_lib
[11.031s] running install_data
[11.032s] running install_egg_info
[11.258s] removing '/home/chondosha/ros2_ws/install/my_package/lib/python3.12/site-packages/my_package-0.0.0-py3.12.egg-info' (and everything under it)
[11.265s] Copying ../../build/my_package/my_package.egg-info to /home/chondosha/ros2_ws/install/my_package/lib/python3.12/site-packages/my_package-0.0.0-py3.12.egg-info
[11.277s] running install_scripts
[12.858s] Installing drone_publisher script to /home/chondosha/ros2_ws/install/my_package/lib/my_package
[12.859s] Installing mavsdk_node script to /home/chondosha/ros2_ws/install/my_package/lib/my_package
[12.863s] Installing my_node script to /home/chondosha/ros2_ws/install/my_package/lib/my_package
[12.867s] writing list of installed files to '/home/chondosha/ros2_ws/build/my_package/install.log'
[13.097s] Invoked command in '/home/chondosha/ros2_ws/src/my_package' returned '0': DEBUGINFOD_URLS=https://debuginfod.ubuntu.com PYTHONPATH=/home/chondosha/ros2_ws/build/my_package/prefix_override:/usr/lib/python3/dist-packages/colcon_core/task/python/colcon_distutils_commands:/home/chondosha/ros2_ws/install/my_package/lib/python3.12/site-packages:${PYTHONPATH} /usr/bin/python3 -W ignore:setup.py install is deprecated setup.py egg_info --egg-base ../../build/my_package build --build-base /home/chondosha/ros2_ws/build/my_package/build install --record /home/chondosha/ros2_ws/build/my_package/install.log --single-version-externally-managed install_data
