[0.695s] DEBUG:colcon:Command line arguments: ['/usr/bin/colcon', 'build']
[0.696s] DEBUG:colcon:Parsed command line arguments: Namespace(log_base=None, log_level=None, verb_name='build', build_base='build', install_base='install', merge_install=False, symlink_install=False, test_result_base=None, continue_on_error=False, executor='parallel', parallel_workers=4, event_handlers=None, ignore_user_meta=False, metas=['./colcon.meta'], base_paths=['.'], packages_ignore=None, packages_ignore_regex=None, paths=None, packages_up_to=None, packages_up_to_regex=None, packages_above=None, packages_above_and_dependencies=None, packages_above_depth=None, packages_select_by_dep=None, packages_skip_by_dep=None, packages_skip_up_to=None, packages_select_build_failed=False, packages_skip_build_finished=False, packages_select_test_failures=False, packages_skip_test_passed=False, packages_select=None, packages_skip=None, packages_select_regex=None, packages_skip_regex=None, packages_start=None, packages_end=None, allow_overriding=[], cmake_args=None, cmake_target=None, cmake_target_skip_unavailable=False, cmake_clean_cache=False, cmake_clean_first=False, cmake_force_configure=False, ament_cmake_args=None, catkin_cmake_args=None, catkin_skip_building_tests=False, mixin_files=None, mixin=None, verb_parser=<colcon_mixin.mixin.mixin_argument.MixinArgumentDecorator object at 0xffff8e83b050>, verb_extension=<colcon_core.verb.build.BuildVerb object at 0xffff8e99d5b0>, main=<bound method BuildVerb.main of <colcon_core.verb.build.BuildVerb object at 0xffff8e99d5b0>>, mixin_verb=('build',))
[0.944s] Level 1:colcon.colcon_core.package_discovery:discover_packages(colcon_meta) check parameters
[0.945s] Level 1:colcon.colcon_core.package_discovery:discover_packages(recursive) check parameters
[0.945s] Level 1:colcon.colcon_core.package_discovery:discover_packages(ignore) check parameters
[0.945s] Level 1:colcon.colcon_core.package_discovery:discover_packages(path) check parameters
[0.945s] Level 1:colcon.colcon_core.package_discovery:discover_packages(colcon_meta) discover
[0.946s] Level 1:colcon.colcon_core.package_discovery:discover_packages(recursive) discover
[0.946s] INFO:colcon.colcon_core.package_discovery:Crawling recursively for packages in '/home/chondosha/ros2_ws'
[0.947s] Level 1:colcon.colcon_core.package_identification:_identify(.) by extensions ['ignore', 'ignore_ament_install']
[0.947s] Level 1:colcon.colcon_core.package_identification:_identify(.) by extension 'ignore'
[0.948s] Level 1:colcon.colcon_core.package_identification:_identify(.) by extension 'ignore_ament_install'
[0.948s] Level 1:colcon.colcon_core.package_identification:_identify(.) by extensions ['colcon_pkg']
[0.949s] Level 1:colcon.colcon_core.package_identification:_identify(.) by extension 'colcon_pkg'
[0.949s] Level 1:colcon.colcon_core.package_identification:_identify(.) by extensions ['colcon_meta']
[0.949s] Level 1:colcon.colcon_core.package_identification:_identify(.) by extension 'colcon_meta'
[0.950s] Level 1:colcon.colcon_core.package_identification:_identify(.) by extensions ['ros']
[0.950s] Level 1:colcon.colcon_core.package_identification:_identify(.) by extension 'ros'
[1.094s] Level 1:colcon.colcon_core.package_identification:_identify(.) by extensions ['cmake', 'python']
[1.095s] Level 1:colcon.colcon_core.package_identification:_identify(.) by extension 'cmake'
[1.095s] Level 1:colcon.colcon_core.package_identification:_identify(.) by extension 'python'
[1.095s] Level 1:colcon.colcon_core.package_identification:_identify(.) by extensions ['python_setup_py']
[1.096s] Level 1:colcon.colcon_core.package_identification:_identify(.) by extension 'python_setup_py'
[1.096s] Level 1:colcon.colcon_core.package_identification:_identify(build) by extensions ['ignore', 'ignore_ament_install']
[1.097s] Level 1:colcon.colcon_core.package_identification:_identify(build) by extension 'ignore'
[1.097s] Level 1:colcon.colcon_core.package_identification:_identify(build) ignored
[1.098s] Level 1:colcon.colcon_core.package_identification:_identify(install) by extensions ['ignore', 'ignore_ament_install']
[1.099s] Level 1:colcon.colcon_core.package_identification:_identify(install) by extension 'ignore'
[1.099s] Level 1:colcon.colcon_core.package_identification:_identify(install) ignored
[1.101s] Level 1:colcon.colcon_core.package_identification:_identify(log) by extensions ['ignore', 'ignore_ament_install']
[1.101s] Level 1:colcon.colcon_core.package_identification:_identify(log) by extension 'ignore'
[1.102s] Level 1:colcon.colcon_core.package_identification:_identify(log) ignored
[1.102s] Level 1:colcon.colcon_core.package_identification:_identify(src) by extensions ['ignore', 'ignore_ament_install']
[1.103s] Level 1:colcon.colcon_core.package_identification:_identify(src) by extension 'ignore'
[1.103s] Level 1:colcon.colcon_core.package_identification:_identify(src) by extension 'ignore_ament_install'
[1.104s] Level 1:colcon.colcon_core.package_identification:_identify(src) by extensions ['colcon_pkg']
[1.104s] Level 1:colcon.colcon_core.package_identification:_identify(src) by extension 'colcon_pkg'
[1.104s] Level 1:colcon.colcon_core.package_identification:_identify(src) by extensions ['colcon_meta']
[1.104s] Level 1:colcon.colcon_core.package_identification:_identify(src) by extension 'colcon_meta'
[1.105s] Level 1:colcon.colcon_core.package_identification:_identify(src) by extensions ['ros']
[1.105s] Level 1:colcon.colcon_core.package_identification:_identify(src) by extension 'ros'
[1.105s] Level 1:colcon.colcon_core.package_identification:_identify(src) by extensions ['cmake', 'python']
[1.106s] Level 1:colcon.colcon_core.package_identification:_identify(src) by extension 'cmake'
[1.106s] Level 1:colcon.colcon_core.package_identification:_identify(src) by extension 'python'
[1.106s] Level 1:colcon.colcon_core.package_identification:_identify(src) by extensions ['python_setup_py']
[1.106s] Level 1:colcon.colcon_core.package_identification:_identify(src) by extension 'python_setup_py'
[1.107s] Level 1:colcon.colcon_core.package_identification:_identify(src/cs1651_drone) by extensions ['ignore', 'ignore_ament_install']
[1.108s] Level 1:colcon.colcon_core.package_identification:_identify(src/cs1651_drone) by extension 'ignore'
[1.108s] Level 1:colcon.colcon_core.package_identification:_identify(src/cs1651_drone) by extension 'ignore_ament_install'
[1.109s] Level 1:colcon.colcon_core.package_identification:_identify(src/cs1651_drone) by extensions ['colcon_pkg']
[1.109s] Level 1:colcon.colcon_core.package_identification:_identify(src/cs1651_drone) by extension 'colcon_pkg'
[1.109s] Level 1:colcon.colcon_core.package_identification:_identify(src/cs1651_drone) by extensions ['colcon_meta']
[1.109s] Level 1:colcon.colcon_core.package_identification:_identify(src/cs1651_drone) by extension 'colcon_meta'
[1.110s] Level 1:colcon.colcon_core.package_identification:_identify(src/cs1651_drone) by extensions ['ros']
[1.110s] Level 1:colcon.colcon_core.package_identification:_identify(src/cs1651_drone) by extension 'ros'
[1.120s] DEBUG:colcon.colcon_core.package_identification:Package 'src/cs1651_drone' with type 'ros.ament_python' and name 'cs1651_drone'
[1.121s] Level 1:colcon.colcon_core.package_identification:_identify(src/my_package) by extensions ['ignore', 'ignore_ament_install']
[1.122s] Level 1:colcon.colcon_core.package_identification:_identify(src/my_package) by extension 'ignore'
[1.122s] Level 1:colcon.colcon_core.package_identification:_identify(src/my_package) by extension 'ignore_ament_install'
[1.123s] Level 1:colcon.colcon_core.package_identification:_identify(src/my_package) by extensions ['colcon_pkg']
[1.123s] Level 1:colcon.colcon_core.package_identification:_identify(src/my_package) by extension 'colcon_pkg'
[1.123s] Level 1:colcon.colcon_core.package_identification:_identify(src/my_package) by extensions ['colcon_meta']
[1.123s] Level 1:colcon.colcon_core.package_identification:_identify(src/my_package) by extension 'colcon_meta'
[1.124s] Level 1:colcon.colcon_core.package_identification:_identify(src/my_package) by extensions ['ros']
[1.124s] Level 1:colcon.colcon_core.package_identification:_identify(src/my_package) by extension 'ros'
[1.127s] DEBUG:colcon.colcon_core.package_identification:Package 'src/my_package' with type 'ros.ament_python' and name 'my_package'
[1.128s] Level 1:colcon.colcon_core.package_identification:_identify(venv) by extensions ['ignore', 'ignore_ament_install']
[1.128s] Level 1:colcon.colcon_core.package_identification:_identify(venv) by extension 'ignore'
[1.128s] Level 1:colcon.colcon_core.package_identification:_identify(venv) ignored
[1.129s] Level 1:colcon.colcon_core.package_discovery:discover_packages(recursive) using defaults
[1.129s] Level 1:colcon.colcon_core.package_discovery:discover_packages(ignore) discover
[1.129s] Level 1:colcon.colcon_core.package_discovery:discover_packages(ignore) using defaults
[1.129s] Level 1:colcon.colcon_core.package_discovery:discover_packages(path) discover
[1.129s] Level 1:colcon.colcon_core.package_discovery:discover_packages(path) using defaults
[1.223s] Level 1:colcon.colcon_core.package_discovery:discover_packages(prefix_path) check parameters
[1.224s] Level 1:colcon.colcon_core.package_discovery:discover_packages(prefix_path) discover
[1.236s] DEBUG:colcon.colcon_installed_package_information.package_discovery:Found 3 installed packages in /home/chondosha/ros2_ws/install
[1.248s] DEBUG:colcon.colcon_installed_package_information.package_discovery:Found 296 installed packages in /opt/ros/jazzy
[1.253s] Level 1:colcon.colcon_core.package_discovery:discover_packages(prefix_path) using defaults
[1.553s] Level 5:colcon.colcon_core.verb:set package 'cs1651_drone' build argument 'cmake_args' from command line to 'None'
[1.553s] Level 5:colcon.colcon_core.verb:set package 'cs1651_drone' build argument 'cmake_target' from command line to 'None'
[1.554s] Level 5:colcon.colcon_core.verb:set package 'cs1651_drone' build argument 'cmake_target_skip_unavailable' from command line to 'False'
[1.554s] Level 5:colcon.colcon_core.verb:set package 'cs1651_drone' build argument 'cmake_clean_cache' from command line to 'False'
[1.554s] Level 5:colcon.colcon_core.verb:set package 'cs1651_drone' build argument 'cmake_clean_first' from command line to 'False'
[1.554s] Level 5:colcon.colcon_core.verb:set package 'cs1651_drone' build argument 'cmake_force_configure' from command line to 'False'
[1.554s] Level 5:colcon.colcon_core.verb:set package 'cs1651_drone' build argument 'ament_cmake_args' from command line to 'None'
[1.554s] Level 5:colcon.colcon_core.verb:set package 'cs1651_drone' build argument 'catkin_cmake_args' from command line to 'None'
[1.554s] Level 5:colcon.colcon_core.verb:set package 'cs1651_drone' build argument 'catkin_skip_building_tests' from command line to 'False'
[1.555s] DEBUG:colcon.colcon_core.verb:Building package 'cs1651_drone' with the following arguments: {'ament_cmake_args': None, 'build_base': '/home/chondosha/ros2_ws/build/cs1651_drone', 'catkin_cmake_args': None, 'catkin_skip_building_tests': False, 'cmake_args': None, 'cmake_clean_cache': False, 'cmake_clean_first': False, 'cmake_force_configure': False, 'cmake_target': None, 'cmake_target_skip_unavailable': False, 'install_base': '/home/chondosha/ros2_ws/install/cs1651_drone', 'merge_install': False, 'path': '/home/chondosha/ros2_ws/src/cs1651_drone', 'symlink_install': False, 'test_result_base': None}
[1.556s] Level 5:colcon.colcon_core.verb:set package 'my_package' build argument 'cmake_args' from command line to 'None'
[1.557s] Level 5:colcon.colcon_core.verb:set package 'my_package' build argument 'cmake_target' from command line to 'None'
[1.557s] Level 5:colcon.colcon_core.verb:set package 'my_package' build argument 'cmake_target_skip_unavailable' from command line to 'False'
[1.557s] Level 5:colcon.colcon_core.verb:set package 'my_package' build argument 'cmake_clean_cache' from command line to 'False'
[1.557s] Level 5:colcon.colcon_core.verb:set package 'my_package' build argument 'cmake_clean_first' from command line to 'False'
[1.557s] Level 5:colcon.colcon_core.verb:set package 'my_package' build argument 'cmake_force_configure' from command line to 'False'
[1.557s] Level 5:colcon.colcon_core.verb:set package 'my_package' build argument 'ament_cmake_args' from command line to 'None'
[1.558s] Level 5:colcon.colcon_core.verb:set package 'my_package' build argument 'catkin_cmake_args' from command line to 'None'
[1.558s] Level 5:colcon.colcon_core.verb:set package 'my_package' build argument 'catkin_skip_building_tests' from command line to 'False'
[1.558s] DEBUG:colcon.colcon_core.verb:Building package 'my_package' with the following arguments: {'ament_cmake_args': None, 'build_base': '/home/chondosha/ros2_ws/build/my_package', 'catkin_cmake_args': None, 'catkin_skip_building_tests': False, 'cmake_args': None, 'cmake_clean_cache': False, 'cmake_clean_first': False, 'cmake_force_configure': False, 'cmake_target': None, 'cmake_target_skip_unavailable': False, 'install_base': '/home/chondosha/ros2_ws/install/my_package', 'merge_install': False, 'path': '/home/chondosha/ros2_ws/src/my_package', 'symlink_install': False, 'test_result_base': None}
[1.559s] INFO:colcon.colcon_core.executor:Executing jobs using 'parallel' executor
[1.562s] DEBUG:colcon.colcon_parallel_executor.executor.parallel:run_until_complete
[1.564s] INFO:colcon.colcon_ros.task.ament_python.build:Building ROS package in '/home/chondosha/ros2_ws/src/cs1651_drone' with build type 'ament_python'
[1.565s] Level 1:colcon.colcon_core.shell:create_environment_hook('cs1651_drone', 'ament_prefix_path')
[1.580s] INFO:colcon.colcon_core.plugin_system:Skipping extension 'colcon_core.shell.bat': Not used on non-Windows systems
[1.581s] INFO:colcon.colcon_core.shell:Creating environment hook '/home/chondosha/ros2_ws/install/cs1651_drone/share/cs1651_drone/hook/ament_prefix_path.ps1'
[1.590s] INFO:colcon.colcon_core.shell:Creating environment descriptor '/home/chondosha/ros2_ws/install/cs1651_drone/share/cs1651_drone/hook/ament_prefix_path.dsv'
[1.602s] INFO:colcon.colcon_core.shell:Creating environment hook '/home/chondosha/ros2_ws/install/cs1651_drone/share/cs1651_drone/hook/ament_prefix_path.sh'
[1.611s] INFO:colcon.colcon_core.shell:Skip shell extension 'powershell' for command environment: Not usable outside of PowerShell
[1.611s] DEBUG:colcon.colcon_core.shell:Skip shell extension 'dsv' for command environment
[1.653s] INFO:colcon.colcon_ros.task.ament_python.build:Building ROS package in '/home/chondosha/ros2_ws/src/my_package' with build type 'ament_python'
[1.655s] Level 1:colcon.colcon_core.shell:create_environment_hook('my_package', 'ament_prefix_path')
[1.657s] INFO:colcon.colcon_core.shell:Creating environment hook '/home/chondosha/ros2_ws/install/my_package/share/my_package/hook/ament_prefix_path.ps1'
[1.664s] INFO:colcon.colcon_core.shell:Creating environment descriptor '/home/chondosha/ros2_ws/install/my_package/share/my_package/hook/ament_prefix_path.dsv'
[1.669s] INFO:colcon.colcon_core.shell:Creating environment hook '/home/chondosha/ros2_ws/install/my_package/share/my_package/hook/ament_prefix_path.sh'
[1.673s] INFO:colcon.colcon_core.shell:Skip shell extension 'powershell' for command environment: Not usable outside of PowerShell
[1.674s] DEBUG:colcon.colcon_core.shell:Skip shell extension 'dsv' for command environment
[3.504s] INFO:colcon.colcon_core.task.python.build:Building Python package in '/home/chondosha/ros2_ws/src/cs1651_drone'
[3.505s] INFO:colcon.colcon_core.shell:Skip shell extension 'powershell' for command environment: Not usable outside of PowerShell
[3.505s] DEBUG:colcon.colcon_core.shell:Skip shell extension 'dsv' for command environment
[5.296s] INFO:colcon.colcon_core.task.python.build:Building Python package in '/home/chondosha/ros2_ws/src/my_package'
[5.297s] INFO:colcon.colcon_core.shell:Skip shell extension 'powershell' for command environment: Not usable outside of PowerShell
[5.297s] DEBUG:colcon.colcon_core.shell:Skip shell extension 'dsv' for command environment
[11.451s] DEBUG:colcon.colcon_core.event_handler.log_command:Invoking command in '/home/chondosha/ros2_ws/src/cs1651_drone': DEBUGINFOD_URLS=https://debuginfod.ubuntu.com PYTHONPATH=/home/chondosha/ros2_ws/build/cs1651_drone/prefix_override:/usr/lib/python3/dist-packages/colcon_core/task/python/colcon_distutils_commands:/home/chondosha/ros2_ws/install/cs1651_drone/lib/python3.12/site-packages:${PYTHONPATH} /usr/bin/python3 -W ignore:setup.py install is deprecated setup.py egg_info --egg-base ../../build/cs1651_drone build --build-base /home/chondosha/ros2_ws/build/cs1651_drone/build install --record /home/chondosha/ros2_ws/build/cs1651_drone/install.log --single-version-externally-managed install_data
[11.962s] DEBUG:colcon.colcon_core.event_handler.log_command:Invoking command in '/home/chondosha/ros2_ws/src/my_package': DEBUGINFOD_URLS=https://debuginfod.ubuntu.com PYTHONPATH=/home/chondosha/ros2_ws/build/my_package/prefix_override:/usr/lib/python3/dist-packages/colcon_core/task/python/colcon_distutils_commands:/home/chondosha/ros2_ws/install/my_package/lib/python3.12/site-packages:${PYTHONPATH} /usr/bin/python3 -W ignore:setup.py install is deprecated setup.py egg_info --egg-base ../../build/my_package build --build-base /home/chondosha/ros2_ws/build/my_package/build install --record /home/chondosha/ros2_ws/build/my_package/install.log --single-version-externally-managed install_data
[17.278s] DEBUG:colcon.colcon_core.event_handler.log_command:Invoked command in '/home/chondosha/ros2_ws/src/cs1651_drone' returned '0': DEBUGINFOD_URLS=https://debuginfod.ubuntu.com PYTHONPATH=/home/chondosha/ros2_ws/build/cs1651_drone/prefix_override:/usr/lib/python3/dist-packages/colcon_core/task/python/colcon_distutils_commands:/home/chondosha/ros2_ws/install/cs1651_drone/lib/python3.12/site-packages:${PYTHONPATH} /usr/bin/python3 -W ignore:setup.py install is deprecated setup.py egg_info --egg-base ../../build/cs1651_drone build --build-base /home/chondosha/ros2_ws/build/cs1651_drone/build install --record /home/chondosha/ros2_ws/build/cs1651_drone/install.log --single-version-externally-managed install_data
[17.295s] Level 1:colcon.colcon_core.environment:checking '/home/chondosha/ros2_ws/install/cs1651_drone' for CMake module files
[17.299s] Level 1:colcon.colcon_core.environment:checking '/home/chondosha/ros2_ws/install/cs1651_drone' for CMake config files
[17.304s] Level 1:colcon.colcon_core.environment:checking '/home/chondosha/ros2_ws/install/cs1651_drone/lib'
[17.305s] Level 1:colcon.colcon_core.environment:checking '/home/chondosha/ros2_ws/install/cs1651_drone/bin'
[17.306s] Level 1:colcon.colcon_core.environment:checking '/home/chondosha/ros2_ws/install/cs1651_drone/lib/pkgconfig/cs1651_drone.pc'
[17.307s] Level 1:colcon.colcon_core.environment:checking '/home/chondosha/ros2_ws/install/cs1651_drone/lib/python3.12/site-packages'
[17.311s] Level 1:colcon.colcon_core.shell:create_environment_hook('cs1651_drone', 'pythonpath')
[17.315s] INFO:colcon.colcon_core.shell:Creating environment hook '/home/chondosha/ros2_ws/install/cs1651_drone/share/cs1651_drone/hook/pythonpath.ps1'
[17.323s] INFO:colcon.colcon_core.shell:Creating environment descriptor '/home/chondosha/ros2_ws/install/cs1651_drone/share/cs1651_drone/hook/pythonpath.dsv'
[17.330s] INFO:colcon.colcon_core.shell:Creating environment hook '/home/chondosha/ros2_ws/install/cs1651_drone/share/cs1651_drone/hook/pythonpath.sh'
[17.337s] Level 1:colcon.colcon_core.environment:checking '/home/chondosha/ros2_ws/install/cs1651_drone/bin'
[17.338s] Level 1:colcon.colcon_core.environment:create_environment_scripts_only(cs1651_drone)
[17.340s] INFO:colcon.colcon_core.shell:Creating package script '/home/chondosha/ros2_ws/install/cs1651_drone/share/cs1651_drone/package.ps1'
[17.345s] INFO:colcon.colcon_core.shell:Creating package descriptor '/home/chondosha/ros2_ws/install/cs1651_drone/share/cs1651_drone/package.dsv'
[17.349s] INFO:colcon.colcon_core.shell:Creating package script '/home/chondosha/ros2_ws/install/cs1651_drone/share/cs1651_drone/package.sh'
[17.353s] INFO:colcon.colcon_core.shell:Creating package script '/home/chondosha/ros2_ws/install/cs1651_drone/share/cs1651_drone/package.bash'
[17.357s] INFO:colcon.colcon_core.shell:Creating package script '/home/chondosha/ros2_ws/install/cs1651_drone/share/cs1651_drone/package.zsh'
[17.360s] Level 1:colcon.colcon_core.environment:create_file_with_runtime_dependencies(/home/chondosha/ros2_ws/install/cs1651_drone/share/colcon-core/packages/cs1651_drone)
[18.067s] Level 1:colcon.colcon_core.environment:checking '/home/chondosha/ros2_ws/install/my_package' for CMake module files
[18.069s] DEBUG:colcon.colcon_core.event_handler.log_command:Invoked command in '/home/chondosha/ros2_ws/src/my_package' returned '0': DEBUGINFOD_URLS=https://debuginfod.ubuntu.com PYTHONPATH=/home/chondosha/ros2_ws/build/my_package/prefix_override:/usr/lib/python3/dist-packages/colcon_core/task/python/colcon_distutils_commands:/home/chondosha/ros2_ws/install/my_package/lib/python3.12/site-packages:${PYTHONPATH} /usr/bin/python3 -W ignore:setup.py install is deprecated setup.py egg_info --egg-base ../../build/my_package build --build-base /home/chondosha/ros2_ws/build/my_package/build install --record /home/chondosha/ros2_ws/build/my_package/install.log --single-version-externally-managed install_data
[18.071s] Level 1:colcon.colcon_core.environment:checking '/home/chondosha/ros2_ws/install/my_package' for CMake config files
[18.075s] Level 1:colcon.colcon_core.environment:checking '/home/chondosha/ros2_ws/install/my_package/lib'
[18.076s] Level 1:colcon.colcon_core.environment:checking '/home/chondosha/ros2_ws/install/my_package/bin'
[18.076s] Level 1:colcon.colcon_core.environment:checking '/home/chondosha/ros2_ws/install/my_package/lib/pkgconfig/my_package.pc'
[18.077s] Level 1:colcon.colcon_core.environment:checking '/home/chondosha/ros2_ws/install/my_package/lib/python3.12/site-packages'
[18.078s] Level 1:colcon.colcon_core.shell:create_environment_hook('my_package', 'pythonpath')
[18.079s] INFO:colcon.colcon_core.shell:Creating environment hook '/home/chondosha/ros2_ws/install/my_package/share/my_package/hook/pythonpath.ps1'
[18.081s] INFO:colcon.colcon_core.shell:Creating environment descriptor '/home/chondosha/ros2_ws/install/my_package/share/my_package/hook/pythonpath.dsv'
[18.084s] INFO:colcon.colcon_core.shell:Creating environment hook '/home/chondosha/ros2_ws/install/my_package/share/my_package/hook/pythonpath.sh'
[18.087s] Level 1:colcon.colcon_core.environment:checking '/home/chondosha/ros2_ws/install/my_package/bin'
[18.087s] Level 1:colcon.colcon_core.environment:create_environment_scripts_only(my_package)
[18.088s] INFO:colcon.colcon_core.shell:Creating package script '/home/chondosha/ros2_ws/install/my_package/share/my_package/package.ps1'
[18.091s] INFO:colcon.colcon_core.shell:Creating package descriptor '/home/chondosha/ros2_ws/install/my_package/share/my_package/package.dsv'
[18.093s] INFO:colcon.colcon_core.shell:Creating package script '/home/chondosha/ros2_ws/install/my_package/share/my_package/package.sh'
[18.097s] INFO:colcon.colcon_core.shell:Creating package script '/home/chondosha/ros2_ws/install/my_package/share/my_package/package.bash'
[18.100s] INFO:colcon.colcon_core.shell:Creating package script '/home/chondosha/ros2_ws/install/my_package/share/my_package/package.zsh'
[18.103s] Level 1:colcon.colcon_core.environment:create_file_with_runtime_dependencies(/home/chondosha/ros2_ws/install/my_package/share/colcon-core/packages/my_package)
[18.105s] DEBUG:colcon.colcon_parallel_executor.executor.parallel:closing loop
[18.109s] DEBUG:colcon.colcon_parallel_executor.executor.parallel:loop closed
[18.109s] DEBUG:colcon.colcon_parallel_executor.executor.parallel:run_until_complete finished with '0'
[18.110s] DEBUG:colcon.colcon_core.event_reactor:joining thread
[18.162s] INFO:colcon.colcon_core.plugin_system:Skipping extension 'colcon_notification.desktop_notification.terminal_notifier': Not used on non-Darwin systems
[18.163s] INFO:colcon.colcon_core.plugin_system:Skipping extension 'colcon_notification.desktop_notification.win32': Not used on non-Windows systems
[18.170s] INFO:colcon.colcon_notification.desktop_notification:Sending desktop notification using 'notify2'
[18.290s] DEBUG:colcon.colcon_core.event_reactor:joined thread
[18.291s] INFO:colcon.colcon_core.shell:Creating prefix script '/home/chondosha/ros2_ws/install/local_setup.ps1'
[18.297s] INFO:colcon.colcon_core.shell:Creating prefix util module '/home/chondosha/ros2_ws/install/_local_setup_util_ps1.py'
[18.306s] INFO:colcon.colcon_core.shell:Creating prefix chain script '/home/chondosha/ros2_ws/install/setup.ps1'
[18.311s] INFO:colcon.colcon_core.shell:Creating prefix script '/home/chondosha/ros2_ws/install/local_setup.sh'
[18.315s] INFO:colcon.colcon_core.shell:Creating prefix util module '/home/chondosha/ros2_ws/install/_local_setup_util_sh.py'
[18.319s] INFO:colcon.colcon_core.shell:Creating prefix chain script '/home/chondosha/ros2_ws/install/setup.sh'
[18.326s] INFO:colcon.colcon_core.shell:Creating prefix script '/home/chondosha/ros2_ws/install/local_setup.bash'
[18.335s] INFO:colcon.colcon_core.shell:Creating prefix chain script '/home/chondosha/ros2_ws/install/setup.bash'
[18.344s] INFO:colcon.colcon_core.shell:Creating prefix script '/home/chondosha/ros2_ws/install/local_setup.zsh'
[18.347s] INFO:colcon.colcon_core.shell:Creating prefix chain script '/home/chondosha/ros2_ws/install/setup.zsh'
