[6.443s] Invoking command in '/home/chondosha/ros2_ws/src/my_package': DEBUGINFOD_URLS=https://debuginfod.ubuntu.com PYTHONPATH=/home/chondosha/ros2_ws/build/my_package/prefix_override:/usr/lib/python3/dist-packages/colcon_core/task/python/colcon_distutils_commands:/home/chondosha/ros2_ws/install/my_package/lib/python3.12/site-packages:${PYTHONPATH} /usr/bin/python3 -W ignore:setup.py install is deprecated setup.py egg_info --egg-base ../../build/my_package build --build-base /home/chondosha/ros2_ws/build/my_package/build install --record /home/chondosha/ros2_ws/build/my_package/install.log --single-version-externally-managed install_data
[8.155s] running egg_info
[8.290s] writing ../../build/my_package/my_package.egg-info/PKG-INFO
[8.292s] writing dependency_links to ../../build/my_package/my_package.egg-info/dependency_links.txt
[8.295s] writing entry points to ../../build/my_package/my_package.egg-info/entry_points.txt
[8.296s] writing requirements to ../../build/my_package/my_package.egg-info/requires.txt
[8.297s] writing top-level names to ../../build/my_package/my_package.egg-info/top_level.txt
[8.580s] reading manifest file '../../build/my_package/my_package.egg-info/SOURCES.txt'
[8.582s] adding license file 'LICENSE'
[8.585s] writing manifest file '../../build/my_package/my_package.egg-info/SOURCES.txt'
[8.586s] running build
[8.586s] running build_py
[8.588s] running install
[8.618s] running install_lib
[8.770s] running install_data
[8.772s] running install_egg_info
[8.909s] removing '/home/chondosha/ros2_ws/install/my_package/lib/python3.12/site-packages/my_package-0.0.0-py3.12.egg-info' (and everything under it)
[8.913s] Copying ../../build/my_package/my_package.egg-info to /home/chondosha/ros2_ws/install/my_package/lib/python3.12/site-packages/my_package-0.0.0-py3.12.egg-info
[8.918s] running install_scripts
[9.952s] Installing drone_publisher script to /home/chondosha/ros2_ws/install/my_package/lib/my_package
[9.957s] Installing mavsdk_node script to /home/chondosha/ros2_ws/install/my_package/lib/my_package
[9.962s] Installing my_node script to /home/chondosha/ros2_ws/install/my_package/lib/my_package
[9.966s] writing list of installed files to '/home/chondosha/ros2_ws/build/my_package/install.log'
[10.223s] Invoked command in '/home/chondosha/ros2_ws/src/my_package' returned '0': DEBUGINFOD_URLS=https://debuginfod.ubuntu.com PYTHONPATH=/home/chondosha/ros2_ws/build/my_package/prefix_override:/usr/lib/python3/dist-packages/colcon_core/task/python/colcon_distutils_commands:/home/chondosha/ros2_ws/install/my_package/lib/python3.12/site-packages:${PYTHONPATH} /usr/bin/python3 -W ignore:setup.py install is deprecated setup.py egg_info --egg-base ../../build/my_package build --build-base /home/chondosha/ros2_ws/build/my_package/build install --record /home/chondosha/ros2_ws/build/my_package/install.log --single-version-externally-managed install_data
