[12.450s] Invoking command in '/home/chondosha/ros2_ws/src/my_package': DEBUGINFOD_URLS=https://debuginfod.ubuntu.com PYTHONPATH=/home/chondosha/ros2_ws/build/my_package/prefix_override:/usr/lib/python3/dist-packages/colcon_core/task/python/colcon_distutils_commands:/home/chondosha/ros2_ws/install/my_package/lib/python3.12/site-packages:${PYTHONPATH} /usr/bin/python3 -W ignore:setup.py install is deprecated setup.py egg_info --egg-base ../../build/my_package build --build-base /home/chondosha/ros2_ws/build/my_package/build install --record /home/chondosha/ros2_ws/build/my_package/install.log --single-version-externally-managed install_data
[16.595s] running egg_info
[16.977s] writing ../../build/my_package/my_package.egg-info/PKG-INFO
[16.983s] writing dependency_links to ../../build/my_package/my_package.egg-info/dependency_links.txt
[16.985s] writing entry points to ../../build/my_package/my_package.egg-info/entry_points.txt
[16.986s] writing requirements to ../../build/my_package/my_package.egg-info/requires.txt
[16.988s] writing top-level names to ../../build/my_package/my_package.egg-info/top_level.txt
[17.731s] reading manifest file '../../build/my_package/my_package.egg-info/SOURCES.txt'
[17.735s] adding license file 'LICENSE'
[17.746s] writing manifest file '../../build/my_package/my_package.egg-info/SOURCES.txt'
[17.749s] running build
[17.750s] running build_py
[17.765s] running install
[17.832s] running install_lib
[18.251s] running install_data
[18.257s] running install_egg_info
[18.651s] removing '/home/chondosha/ros2_ws/install/my_package/lib/python3.12/site-packages/my_package-0.0.0-py3.12.egg-info' (and everything under it)
[18.655s] Copying ../../build/my_package/my_package.egg-info to /home/chondosha/ros2_ws/install/my_package/lib/python3.12/site-packages/my_package-0.0.0-py3.12.egg-info
[18.677s] running install_scripts
[21.221s] Installing drone_publisher script to /home/chondosha/ros2_ws/install/my_package/lib/my_package
[21.224s] Installing mavsdk_node script to /home/chondosha/ros2_ws/install/my_package/lib/my_package
[21.226s] Installing my_node script to /home/chondosha/ros2_ws/install/my_package/lib/my_package
[21.233s] writing list of installed files to '/home/chondosha/ros2_ws/build/my_package/install.log'
[21.583s] Invoked command in '/home/chondosha/ros2_ws/src/my_package' returned '0': DEBUGINFOD_URLS=https://debuginfod.ubuntu.com PYTHONPATH=/home/chondosha/ros2_ws/build/my_package/prefix_override:/usr/lib/python3/dist-packages/colcon_core/task/python/colcon_distutils_commands:/home/chondosha/ros2_ws/install/my_package/lib/python3.12/site-packages:${PYTHONPATH} /usr/bin/python3 -W ignore:setup.py install is deprecated setup.py egg_info --egg-base ../../build/my_package build --build-base /home/chondosha/ros2_ws/build/my_package/build install --record /home/chondosha/ros2_ws/build/my_package/install.log --single-version-externally-managed install_data
