[5.831s] Invoking command in '/home/chondosha/ros2_ws/src/my_package': DEBUGINFOD_URLS=https://debuginfod.ubuntu.com PYTHONPATH=/home/chondosha/ros2_ws/build/my_package/prefix_override:/usr/lib/python3/dist-packages/colcon_core/task/python/colcon_distutils_commands:/home/chondosha/ros2_ws/install/my_package/lib/python3.12/site-packages: /usr/bin/python3 -W ignore:setup.py install is deprecated setup.py egg_info --egg-base ../../build/my_package build --build-base /home/chondosha/ros2_ws/build/my_package/build install --record /home/chondosha/ros2_ws/build/my_package/install.log --single-version-externally-managed install_data
[7.577s] running egg_info
[7.670s] writing ../../build/my_package/my_package.egg-info/PKG-INFO
[7.672s] writing dependency_links to ../../build/my_package/my_package.egg-info/dependency_links.txt
[7.674s] writing entry points to ../../build/my_package/my_package.egg-info/entry_points.txt
[7.677s] writing requirements to ../../build/my_package/my_package.egg-info/requires.txt
[7.678s] writing top-level names to ../../build/my_package/my_package.egg-info/top_level.txt
[7.935s] reading manifest file '../../build/my_package/my_package.egg-info/SOURCES.txt'
[7.940s] adding license file 'LICENSE'
[7.949s] writing manifest file '../../build/my_package/my_package.egg-info/SOURCES.txt'
[7.954s] running build
[7.957s] running build_py
[7.962s] copying my_package/drone_test.py -> /home/chondosha/ros2_ws/build/my_package/build/lib/my_package
[7.964s] running install
[7.994s] running install_lib
[8.087s] copying /home/chondosha/ros2_ws/build/my_package/build/lib/my_package/drone_test.py -> /home/chondosha/ros2_ws/install/my_package/lib/python3.12/site-packages/my_package
[8.090s] byte-compiling /home/chondosha/ros2_ws/install/my_package/lib/python3.12/site-packages/my_package/drone_test.py to drone_test.cpython-312.pyc
[8.093s] running install_data
[8.095s] running install_egg_info
[8.198s] removing '/home/chondosha/ros2_ws/install/my_package/lib/python3.12/site-packages/my_package-0.0.0-py3.12.egg-info' (and everything under it)
[8.202s] Copying ../../build/my_package/my_package.egg-info to /home/chondosha/ros2_ws/install/my_package/lib/python3.12/site-packages/my_package-0.0.0-py3.12.egg-info
[8.215s] running install_scripts
[9.260s] Installing drone_publisher script to /home/chondosha/ros2_ws/install/my_package/lib/my_package
[9.264s] Installing mavsdk_node script to /home/chondosha/ros2_ws/install/my_package/lib/my_package
[9.293s] Installing my_node script to /home/chondosha/ros2_ws/install/my_package/lib/my_package
[9.297s] writing list of installed files to '/home/chondosha/ros2_ws/build/my_package/install.log'
[9.486s] Invoked command in '/home/chondosha/ros2_ws/src/my_package' returned '0': DEBUGINFOD_URLS=https://debuginfod.ubuntu.com PYTHONPATH=/home/chondosha/ros2_ws/build/my_package/prefix_override:/usr/lib/python3/dist-packages/colcon_core/task/python/colcon_distutils_commands:/home/chondosha/ros2_ws/install/my_package/lib/python3.12/site-packages: /usr/bin/python3 -W ignore:setup.py install is deprecated setup.py egg_info --egg-base ../../build/my_package build --build-base /home/chondosha/ros2_ws/build/my_package/build install --record /home/chondosha/ros2_ws/build/my_package/install.log --single-version-externally-managed install_data
